[2023-08-03 10:57:51,921][ApicWS10][INFO] starting Render Vault...
[2023-08-03 10:57:51,963][ApicWS10][ERROR] settings path \\apicnas\Produktion\Pipeline\Apic_Maya_Pipeline\Python\render_vault\settings\config.json does not exist
[2023-08-03 10:58:05,168][ApicWS10][ERROR] path C:/Users/TheApic/Desktop\MaterialPool already exists
[2023-08-03 10:58:05,172][ApicWS10][ERROR] path C:/Users/TheApic/Desktop\MaterialPool\Materials already exists
[2023-08-03 10:58:05,173][ApicWS10][ERROR] path C:/Users/TheApic/Desktop\MaterialPool\Textures already exists
[2023-08-03 10:58:05,174][ApicWS10][ERROR] path C:/Users/TheApic/Desktop\MaterialPool\Thumbnails already exists
[2023-08-03 10:58:05,175][ApicWS10][INFO] created new material pool in C:/Users/TheApic/Desktop
[2023-08-03 10:58:42,139][ApicWS10][INFO] imported material C:\Users\TheApic\Desktop\MaterialPool\Materials\Abschatter_innen.mb
[2023-08-03 10:58:48,249][ApicWS10][INFO] material Abschatter_innen already exists in scene, skipping import.
[2023-08-03 10:58:58,492][ApicWS10][INFO] material Abschatter_innen already exists in scene, skipping reference.
[2023-08-03 10:59:07,375][ApicWS10][INFO] saving settings to \\apicnas\Produktion\Pipeline\Apic_Maya_Pipeline\Python\render_vault\settings\config.json
[2023-08-03 10:59:07,379][ApicWS10][ERROR] settings path \\apicnas\Produktion\Pipeline\Apic_Maya_Pipeline\Python\render_vault\settings\config.json does not exist
[2023-08-03 11:03:55,622][ApicWS10][INFO] starting Render Vault...
[2023-08-03 11:03:55,658][ApicWS10][ERROR] settings path \\apicnas\Produktion\Pipeline\Apic_Maya_Pipeline\Python\render_vault\settings\config.json does not exist
[2023-08-03 11:04:25,387][ApicWS10][INFO] saving settings to \\apicnas\Produktion\Pipeline\Apic_Maya_Pipeline\Python\render_vault\settings\config.json
[2023-08-03 11:04:25,392][ApicWS10][ERROR] settings path \\apicnas\Produktion\Pipeline\Apic_Maya_Pipeline\Python\render_vault\settings\config.json does not exist
[2023-08-03 11:05:59,551][ApicWS10][INFO] starting Render Vault...
[2023-08-03 11:06:43,842][ApicWS10][INFO] starting Render Vault...
[2023-08-03 11:06:43,877][ApicWS10][ERROR] settings path \\apicnas\Produktion\Pipeline\Apic_Maya_Pipeline\Python\render_vault\settings\config.json does not exist
[2023-08-03 11:06:56,430][ApicWS10][ERROR] path C:/Users/TheApic/Desktop\MaterialPool already exists
[2023-08-03 11:06:56,432][ApicWS10][ERROR] path C:/Users/TheApic/Desktop\MaterialPool\Materials already exists
[2023-08-03 11:06:56,433][ApicWS10][ERROR] path C:/Users/TheApic/Desktop\MaterialPool\Textures already exists
[2023-08-03 11:06:56,434][ApicWS10][ERROR] path C:/Users/TheApic/Desktop\MaterialPool\Thumbnails already exists
[2023-08-03 11:06:56,434][ApicWS10][INFO] created new material pool in C:/Users/TheApic/Desktop
[2023-08-03 11:06:58,822][ApicWS10][INFO] saving settings to \\apicnas\Produktion\Pipeline\Apic_Maya_Pipeline\Python\render_vault\settings\config.json
[2023-08-03 11:07:05,721][ApicWS10][INFO] starting Render Vault...
[2023-08-03 11:07:18,223][ApicWS10][INFO] saving settings to \\apicnas\Produktion\Pipeline\Apic_Maya_Pipeline\Python\render_vault\settings\config.json
