[2023-08-04 15:57:10,699][ApicWS10][INFO] starting Render Vault...
[2023-08-04 15:57:29,705][ApicWS10][INFO] created new model pool in C:/Users/TheApic/Desktop
[2023-08-04 15:57:39,240][ApicWS10][INFO] saving settings to \\apicnas\Produktion\Pipeline\Apic_Maya_Pipeline\Python\render_vault\settings\config.json
[2023-08-04 16:24:08,162][ApicWS10][INFO] starting Render Vault...
[2023-08-04 16:24:13,714][ApicWS10][INFO] saving settings to \\apicnas\Produktion\Pipeline\Apic_Maya_Pipeline\Python\render_vault\settings\config.json
[2023-08-04 16:25:07,139][ApicWS10][INFO] starting Render Vault...
[2023-08-04 16:25:19,751][ApicWS10][ERROR] path: C:/Users/TheApic/Desktop\ModelPool already exists
[2023-08-04 16:25:19,754][ApicWS10][ERROR] path: C:/Users/TheApic/Desktop\ModelPool\Models already exists
[2023-08-04 16:25:19,755][ApicWS10][ERROR] path: C:/Users/TheApic/Desktop\ModelPool\Textures already exists
[2023-08-04 16:25:19,756][ApicWS10][ERROR] path: C:/Users/TheApic/Desktop\ModelPool\Thumbnails already exists
[2023-08-04 16:25:19,758][ApicWS10][INFO] created new model pool in C:/Users/TheApic/Desktop
[2023-08-04 16:25:30,595][ApicWS10][INFO] saving settings to \\apicnas\Produktion\Pipeline\Apic_Maya_Pipeline\Python\render_vault\settings\config.json
[2023-08-04 16:26:07,360][ApicWS10][INFO] starting Render Vault...
[2023-08-04 16:27:19,945][ApicWS10][INFO] saving settings to \\apicnas\Produktion\Pipeline\Apic_Maya_Pipeline\Python\render_vault\settings\config.json
[2023-08-04 16:27:21,200][ApicWS10][INFO] starting Render Vault...
[2023-08-04 16:27:34,277][ApicWS10][ERROR] path: C:/Users/TheApic/Desktop\ModelPool already exists
[2023-08-04 16:27:34,281][ApicWS10][ERROR] path: C:/Users/TheApic/Desktop\ModelPool\Models already exists
[2023-08-04 16:27:34,282][ApicWS10][ERROR] path: C:/Users/TheApic/Desktop\ModelPool\Textures already exists
[2023-08-04 16:27:34,282][ApicWS10][ERROR] path: C:/Users/TheApic/Desktop\ModelPool\Thumbnails already exists
[2023-08-04 16:27:34,283][ApicWS10][INFO] created new model pool in C:/Users/TheApic/Desktop
[2023-08-04 16:27:37,312][ApicWS10][INFO] saving settings to \\apicnas\Produktion\Pipeline\Apic_Maya_Pipeline\Python\render_vault\settings\config.json
[2023-08-04 16:27:38,977][ApicWS10][INFO] starting Render Vault...
[2023-08-04 16:28:04,052][ApicWS10][INFO] saving settings to \\apicnas\Produktion\Pipeline\Apic_Maya_Pipeline\Python\render_vault\settings\config.json
[2023-08-04 16:28:53,080][ApicWS10][INFO] starting Render Vault...
[2023-08-04 16:29:53,045][ApicWS10][INFO] saving settings to \\apicnas\Produktion\Pipeline\Apic_Maya_Pipeline\Python\render_vault\settings\config.json
[2023-08-04 16:29:54,670][ApicWS10][INFO] starting Render Vault...
[2023-08-04 16:30:05,584][ApicWS10][INFO] saving settings to \\apicnas\Produktion\Pipeline\Apic_Maya_Pipeline\Python\render_vault\settings\config.json
[2023-08-04 16:30:20,171][ApicWS10][INFO] starting Render Vault...
[2023-08-04 16:30:27,368][ApicWS10][INFO] saving settings to \\apicnas\Produktion\Pipeline\Apic_Maya_Pipeline\Python\render_vault\settings\config.json
[2023-08-04 16:31:11,864][ApicWS10][INFO] starting Render Vault...
[2023-08-04 16:31:39,614][ApicWS10][INFO] saving settings to \\apicnas\Produktion\Pipeline\Apic_Maya_Pipeline\Python\render_vault\settings\config.json
[2023-08-04 16:31:40,958][ApicWS10][INFO] starting Render Vault...
[2023-08-04 16:32:26,507][ApicWS10][INFO] starting Render Vault...
[2023-08-04 16:33:35,286][ApicWS10][INFO] saving settings to \\apicnas\Produktion\Pipeline\Apic_Maya_Pipeline\Python\render_vault\settings\config.json
[2023-08-04 16:33:37,317][ApicWS10][INFO] starting Render Vault...
[2023-08-04 16:34:35,948][ApicWS10][INFO] saving settings to \\apicnas\Produktion\Pipeline\Apic_Maya_Pipeline\Python\render_vault\settings\config.json
[2023-08-04 16:41:40,426][ApicWS10][INFO] starting Render Vault...
[2023-08-04 16:41:54,165][ApicWS10][INFO] saving settings to \\apicnas\Produktion\Pipeline\Apic_Maya_Pipeline\Python\render_vault\settings\config.json
[2023-08-04 16:43:04,005][ApicWS10][INFO] starting Render Vault...
[2023-08-04 16:43:14,654][ApicWS10][INFO] saving settings to \\apicnas\Produktion\Pipeline\Apic_Maya_Pipeline\Python\render_vault\settings\config.json
[2023-08-04 16:43:50,848][ApicWS10][INFO] starting Render Vault...
[2023-08-04 16:44:19,701][ApicWS10][INFO] saving settings to \\apicnas\Produktion\Pipeline\Apic_Maya_Pipeline\Python\render_vault\settings\config.json
[2023-08-04 16:44:53,300][ApicWS10][INFO] starting Render Vault...
[2023-08-04 16:45:33,833][ApicWS10][INFO] starting Render Vault...
[2023-08-04 16:48:50,054][ApicWS10][INFO] saving settings to \\apicnas\Produktion\Pipeline\Apic_Maya_Pipeline\Python\render_vault\settings\config.json
[2023-08-04 16:48:51,203][ApicWS10][INFO] starting Render Vault...
[2023-08-04 16:49:08,950][ApicWS10][INFO] saving settings to \\apicnas\Produktion\Pipeline\Apic_Maya_Pipeline\Python\render_vault\settings\config.json
[2023-08-04 16:54:28,991][ApicWS10][INFO] starting Render Vault...
[2023-08-04 16:54:31,232][ApicWS10][INFO] saving settings to \\apicnas\Produktion\Pipeline\Apic_Maya_Pipeline\Python\render_vault\settings\config.json
[2023-08-04 16:56:48,525][ApicWS10][INFO] starting Render Vault...
[2023-08-04 16:57:09,567][ApicWS10][INFO] starting Render Vault...
[2023-08-04 17:00:09,605][ApicWS10][INFO] starting Render Vault...
[2023-08-04 17:00:46,407][ApicWS10][INFO] starting Render Vault...
[2023-08-04 17:01:33,224][ApicWS10][INFO] starting Render Vault...
[2023-08-04 17:01:45,696][ApicWS10][ERROR] path: C:/Users/TheApic/Desktop\MaterialPool already exists
[2023-08-04 17:01:45,700][ApicWS10][ERROR] path: C:/Users/TheApic/Desktop\MaterialPool\Materials already exists
[2023-08-04 17:01:45,701][ApicWS10][ERROR] path: C:/Users/TheApic/Desktop\MaterialPool\Textures already exists
[2023-08-04 17:01:45,703][ApicWS10][ERROR] path: C:/Users/TheApic/Desktop\MaterialPool\Thumbnails already exists
[2023-08-04 17:01:45,704][ApicWS10][INFO] created new material pool in C:/Users/TheApic/Desktop
[2023-08-04 17:01:56,668][ApicWS10][ERROR] path: C:/Users/TheApic/Desktop\ModelPool already exists
[2023-08-04 17:01:56,673][ApicWS10][ERROR] path: C:/Users/TheApic/Desktop\ModelPool\Models already exists
[2023-08-04 17:01:56,673][ApicWS10][ERROR] path: C:/Users/TheApic/Desktop\ModelPool\Textures already exists
[2023-08-04 17:01:56,675][ApicWS10][ERROR] path: C:/Users/TheApic/Desktop\ModelPool\Thumbnails already exists
[2023-08-04 17:01:56,676][ApicWS10][INFO] created new model pool in C:/Users/TheApic/Desktop
[2023-08-04 17:02:00,748][ApicWS10][INFO] saving settings to \\apicnas\Produktion\Pipeline\Apic_Maya_Pipeline\Python\render_vault\settings\config.json
[2023-08-04 17:02:02,197][ApicWS10][INFO] starting Render Vault...
[2023-08-04 17:02:08,014][ApicWS10][INFO] saving settings to \\apicnas\Produktion\Pipeline\Apic_Maya_Pipeline\Python\render_vault\settings\config.json
[2023-08-04 17:02:57,480][ApicWS10][INFO] starting Render Vault...
[2023-08-04 17:03:39,604][ApicWS10][INFO] exported 0 materials to C:/Users/TheApic/Desktop\MaterialPool\Materials
[2023-08-04 17:05:51,663][ApicWS10][INFO] saving settings to \\apicnas\Produktion\Pipeline\Apic_Maya_Pipeline\Python\render_vault\settings\config.json
[2023-08-04 17:05:53,695][ApicWS10][INFO] starting Render Vault...
[2023-08-04 17:06:57,888][ApicWS10][INFO] saving settings to \\apicnas\Produktion\Pipeline\Apic_Maya_Pipeline\Python\render_vault\settings\config.json
[2023-08-04 17:07:01,008][ApicWS10][INFO] starting Render Vault...
[2023-08-04 17:07:21,439][ApicWS10][INFO] saving settings to \\apicnas\Produktion\Pipeline\Apic_Maya_Pipeline\Python\render_vault\settings\config.json
[2023-08-04 17:07:22,851][ApicWS10][INFO] starting Render Vault...
[2023-08-04 17:07:24,237][ApicWS10][INFO] saving settings to \\apicnas\Produktion\Pipeline\Apic_Maya_Pipeline\Python\render_vault\settings\config.json
[2023-08-04 17:08:36,805][ApicWS10][INFO] starting Render Vault...
