[2023-10-11 09:54:15,555][ApicWS10][INFO] starting Render Vault...
[2023-10-11 09:54:15,659][ApicWS10][INFO] loading settings from \\apicnas\Produktion\Pipeline\Apic_Maya_Pipeline\Python\render_vault\settings\config-ApicWS10.json
[2023-10-11 09:54:51,131][ApicWS10][INFO] imported material MetalBrushed004_COL_VAR1_3K_1
[2023-10-11 10:59:10,580][ApicWS10][INFO] starting Render Vault...
[2023-10-11 10:59:10,673][ApicWS10][INFO] loading settings from \\apicnas\Produktion\Pipeline\Apic_Maya_Pipeline\Python\render_vault\settings\config-ApicWS10.json
[2023-10-11 10:59:28,411][ApicWS10][INFO] updated settings manager values.
[2023-10-11 10:59:28,413][ApicWS10][INFO] saving settings to \\apicnas\Produktion\Pipeline\Apic_Maya_Pipeline\Python\render_vault\settings\config-ApicWS10.json
[2023-10-11 10:59:34,347][ApicWS10][INFO] starting Render Vault...
[2023-10-11 10:59:34,432][ApicWS10][INFO] loading settings from \\apicnas\Produktion\Pipeline\Apic_Maya_Pipeline\Python\render_vault\settings\config-ApicWS10.json
[2023-10-11 11:00:42,289][ApicWS10][INFO] updated settings manager values.
[2023-10-11 11:00:42,294][ApicWS10][INFO] saving settings to \\apicnas\Produktion\Pipeline\Apic_Maya_Pipeline\Python\render_vault\settings\config-ApicWS10.json
[2023-10-11 11:00:43,658][ApicWS10][INFO] starting Render Vault...
[2023-10-11 11:00:43,748][ApicWS10][INFO] loading settings from \\apicnas\Produktion\Pipeline\Apic_Maya_Pipeline\Python\render_vault\settings\config-ApicWS10.json
[2023-10-11 11:02:55,351][ApicWS10][INFO] updated settings manager values.
[2023-10-11 11:02:55,356][ApicWS10][INFO] saving settings to \\apicnas\Produktion\Pipeline\Apic_Maya_Pipeline\Python\render_vault\settings\config-ApicWS10.json
[2023-10-11 11:02:56,895][ApicWS10][INFO] starting Render Vault...
[2023-10-11 11:02:56,968][ApicWS10][INFO] loading settings from \\apicnas\Produktion\Pipeline\Apic_Maya_Pipeline\Python\render_vault\settings\config-ApicWS10.json
[2023-10-11 11:02:59,453][ApicWS10][INFO] <class 'pathlib.WindowsPath'>
[2023-10-11 11:03:15,966][ApicWS10][INFO] updated settings manager values.
[2023-10-11 11:03:15,971][ApicWS10][INFO] saving settings to \\apicnas\Produktion\Pipeline\Apic_Maya_Pipeline\Python\render_vault\settings\config-ApicWS10.json
[2023-10-11 11:03:18,563][ApicWS10][INFO] starting Render Vault...
[2023-10-11 11:03:18,642][ApicWS10][INFO] loading settings from \\apicnas\Produktion\Pipeline\Apic_Maya_Pipeline\Python\render_vault\settings\config-ApicWS10.json
[2023-10-11 11:37:19,876][ApicWS10][INFO] updated settings manager values.
[2023-10-11 11:37:19,882][ApicWS10][INFO] saving settings to \\apicnas\Produktion\Pipeline\Apic_Maya_Pipeline\Python\render_vault\settings\config-ApicWS10.json
[2023-10-11 11:37:21,641][ApicWS10][INFO] starting Render Vault...
[2023-10-11 11:37:21,721][ApicWS10][INFO] loading settings from \\apicnas\Produktion\Pipeline\Apic_Maya_Pipeline\Python\render_vault\settings\config-ApicWS10.json
[2023-10-11 11:54:34,989][ApicWS10][INFO] updated settings manager values.
[2023-10-11 11:54:34,994][ApicWS10][INFO] saving settings to \\apicnas\Produktion\Pipeline\Apic_Maya_Pipeline\Python\render_vault\settings\config-ApicWS10.json
[2023-10-11 11:59:18,477][ApicWS10][INFO] starting Render Vault...
[2023-10-11 11:59:18,582][ApicWS10][INFO] loading settings from \\apicnas\Produktion\Pipeline\Apic_Maya_Pipeline\Python\render_vault\settings\config-ApicWS10.json
[2023-10-11 11:59:24,991][ApicWS10][INFO] updated settings manager values.
[2023-10-11 11:59:24,998][ApicWS10][INFO] saving settings to \\apicnas\Produktion\Pipeline\Apic_Maya_Pipeline\Python\render_vault\settings\config-ApicWS10.json
[2023-10-11 12:11:45,816][ApicWS10][INFO] starting Render Vault...
[2023-10-11 12:11:45,906][ApicWS10][INFO] loading settings from \\apicnas\Produktion\Pipeline\Apic_Maya_Pipeline\Python\render_vault\settings\config-ApicWS10.json
[2023-10-11 12:14:00,901][ApicWS10][INFO] updated settings manager values.
[2023-10-11 12:14:00,906][ApicWS10][INFO] saving settings to \\apicnas\Produktion\Pipeline\Apic_Maya_Pipeline\Python\render_vault\settings\config-ApicWS10.json
[2023-10-11 12:14:02,629][ApicWS10][INFO] starting Render Vault...
[2023-10-11 12:14:02,715][ApicWS10][INFO] loading settings from \\apicnas\Produktion\Pipeline\Apic_Maya_Pipeline\Python\render_vault\settings\config-ApicWS10.json
[2023-10-11 12:15:00,734][ApicWS10][INFO] updated settings manager values.
[2023-10-11 12:15:00,740][ApicWS10][INFO] saving settings to \\apicnas\Produktion\Pipeline\Apic_Maya_Pipeline\Python\render_vault\settings\config-ApicWS10.json
[2023-10-11 12:15:03,396][ApicWS10][INFO] starting Render Vault...
[2023-10-11 12:15:03,480][ApicWS10][INFO] loading settings from \\apicnas\Produktion\Pipeline\Apic_Maya_Pipeline\Python\render_vault\settings\config-ApicWS10.json
[2023-10-11 12:19:19,945][ApicWS10][INFO] updated settings manager values.
[2023-10-11 12:19:19,950][ApicWS10][INFO] saving settings to \\apicnas\Produktion\Pipeline\Apic_Maya_Pipeline\Python\render_vault\settings\config-ApicWS10.json
[2023-10-11 12:19:21,654][ApicWS10][INFO] starting Render Vault...
[2023-10-11 12:19:21,744][ApicWS10][INFO] loading settings from \\apicnas\Produktion\Pipeline\Apic_Maya_Pipeline\Python\render_vault\settings\config-ApicWS10.json
[2023-10-11 12:20:44,986][ApicWS10][INFO] starting Render Vault...
[2023-10-11 12:20:45,071][ApicWS10][INFO] loading settings from \\apicnas\Produktion\Pipeline\Apic_Maya_Pipeline\Python\render_vault\settings\config-ApicWS10.json
[2023-10-11 12:20:52,930][ApicWS10][INFO] updated settings manager values.
[2023-10-11 12:20:52,936][ApicWS10][INFO] saving settings to \\apicnas\Produktion\Pipeline\Apic_Maya_Pipeline\Python\render_vault\settings\config-ApicWS10.json
[2023-10-11 12:21:42,129][ApicWS10][INFO] updated settings manager values.
[2023-10-11 12:21:42,138][ApicWS10][INFO] saving settings to \\apicnas\Produktion\Pipeline\Apic_Maya_Pipeline\Python\render_vault\settings\config-ApicWS10.json
[2023-10-11 12:21:43,806][ApicWS10][INFO] starting Render Vault...
[2023-10-11 12:21:43,887][ApicWS10][INFO] loading settings from \\apicnas\Produktion\Pipeline\Apic_Maya_Pipeline\Python\render_vault\settings\config-ApicWS10.json
[2023-10-11 12:22:46,302][ApicWS10][INFO] running!!
[2023-10-11 12:22:46,302][ApicWS10][INFO] initializing maya standalone...
[2023-10-11 12:23:15,390][ApicWS10][INFO] loaded render scene: \\APICNAS\Produktion\Ressources\Library\3D_Modelle\_ShaderBall_Maya\_DEV\MaterialDev_REF_ACES.mb
[2023-10-11 12:23:15,391][ApicWS10][INFO] <render_vault.controller.renderer.VRay object at 0x0000018565E3ED70>
[2023-10-11 12:23:16,675][ApicWS10][INFO] imported \\apicnas\Produktion\Projekte\_CLIENT_Lib\KAERCHER\400_3D\440_shader\MaterialPool\Materials\Abschatter_innen.mb
[2023-10-11 12:23:16,675][ApicWS10][INFO] set v-ray as active renderer
[2023-10-11 12:23:16,676][ApicWS10][INFO] set v-ray render settings
[2023-10-11 12:23:16,677][ApicWS10][INFO] set image output path: \\apicnas\Produktion\Projekte\_CLIENT_Lib\KAERCHER\400_3D\440_shader\MaterialPool\Thumbnails
[2023-10-11 12:23:16,678][ApicWS10][INFO] assigned Abschatter_innen to ShaderBall
[2023-10-11 12:23:25,659][ApicWS10][INFO] finished rendering Abschatter_innen
[2023-10-11 12:23:25,659][ApicWS10][INFO] uninitializing maya standalone...
[2023-10-11 12:36:43,305][ApicWS10][INFO] updated settings manager values.
[2023-10-11 12:36:43,312][ApicWS10][INFO] saving settings to \\apicnas\Produktion\Pipeline\Apic_Maya_Pipeline\Python\render_vault\settings\config-ApicWS10.json
[2023-10-11 12:36:45,425][ApicWS10][INFO] starting Render Vault...
[2023-10-11 12:36:45,593][ApicWS10][INFO] loading settings from \\apicnas\Produktion\Pipeline\Apic_Maya_Pipeline\Python\render_vault\settings\config-ApicWS10.json
[2023-10-11 12:36:48,358][ApicWS10][INFO] updated settings manager values.
[2023-10-11 12:36:48,365][ApicWS10][INFO] saving settings to \\apicnas\Produktion\Pipeline\Apic_Maya_Pipeline\Python\render_vault\settings\config-ApicWS10.json
[2023-10-11 12:44:08,427][ApicWS10][INFO] starting Render Vault...
[2023-10-11 12:44:08,512][ApicWS10][INFO] loading settings from \\apicnas\Produktion\Pipeline\Apic_Maya_Pipeline\Python\render_vault\settings\config-ApicWS10.json
[2023-10-11 12:44:41,745][ApicWS10][INFO] updated settings manager values.
[2023-10-11 12:44:41,750][ApicWS10][INFO] saving settings to \\apicnas\Produktion\Pipeline\Apic_Maya_Pipeline\Python\render_vault\settings\config-ApicWS10.json
[2023-10-11 12:44:43,020][ApicWS10][INFO] starting Render Vault...
[2023-10-11 12:45:51,504][ApicWS10][INFO] starting Render Vault...
[2023-10-11 12:45:51,621][ApicWS10][INFO] loading settings from \\apicnas\Produktion\Pipeline\Apic_Maya_Pipeline\Python\render_vault\settings\config-ApicWS10.json
[2023-10-11 12:48:42,617][ApicWS10][INFO] updated settings manager values.
[2023-10-11 12:48:42,624][ApicWS10][INFO] saving settings to \\apicnas\Produktion\Pipeline\Apic_Maya_Pipeline\Python\render_vault\settings\config-ApicWS10.json
[2023-10-11 12:48:44,089][ApicWS10][INFO] starting Render Vault...
[2023-10-11 12:48:44,168][ApicWS10][INFO] loading settings from \\apicnas\Produktion\Pipeline\Apic_Maya_Pipeline\Python\render_vault\settings\config-ApicWS10.json
[2023-10-11 12:48:47,252][ApicWS10][ERROR] 'MayaThreadWorker' object has no attribute 'command'
Traceback (most recent call last):
  File "\\APICNAS\Produktion\Pipeline\Apic_Maya_Pipeline\Python\render_vault\controller\thread_worker.py", line 42, in run
    with Popen(self.command) as process:
AttributeError: 'MayaThreadWorker' object has no attribute 'command'
[2023-10-11 12:49:21,823][ApicWS10][INFO] updated settings manager values.
[2023-10-11 12:49:21,830][ApicWS10][INFO] saving settings to \\apicnas\Produktion\Pipeline\Apic_Maya_Pipeline\Python\render_vault\settings\config-ApicWS10.json
[2023-10-11 12:49:24,265][ApicWS10][INFO] starting Render Vault...
[2023-10-11 12:49:24,339][ApicWS10][INFO] loading settings from \\apicnas\Produktion\Pipeline\Apic_Maya_Pipeline\Python\render_vault\settings\config-ApicWS10.json
[2023-10-11 12:49:30,481][ApicWS10][INFO] running!!
[2023-10-11 12:49:30,482][ApicWS10][INFO] initializing maya standalone...
[2023-10-11 12:49:47,569][ApicWS10][INFO] loaded render scene: \\APICNAS\Produktion\Ressources\Library\3D_Modelle\_ShaderBall_Maya\_DEV\MaterialDev_REF_ACES.mb
[2023-10-11 12:49:47,570][ApicWS10][INFO] <render_vault.controller.renderer.VRay object at 0x00000120657841F0>
[2023-10-11 12:49:48,701][ApicWS10][INFO] imported \\apicnas\Produktion\Projekte\_CLIENT_Lib\KAERCHER\400_3D\440_shader\MaterialPool\Materials\Abschatter_innen.mb
[2023-10-11 12:49:48,701][ApicWS10][INFO] set v-ray as active renderer
[2023-10-11 12:49:48,703][ApicWS10][INFO] set v-ray render settings
[2023-10-11 12:49:48,703][ApicWS10][INFO] set image output path: \\apicnas\Produktion\Projekte\_CLIENT_Lib\KAERCHER\400_3D\440_shader\MaterialPool\Thumbnails
[2023-10-11 12:49:48,704][ApicWS10][INFO] assigned Abschatter_innen to ShaderBall
[2023-10-11 12:49:56,455][ApicWS10][INFO] finished rendering Abschatter_innen
[2023-10-11 12:49:56,455][ApicWS10][INFO] uninitializing maya standalone...
[2023-10-11 12:50:35,016][ApicWS10][ERROR] 'NoneType' object has no attribute 'decode'
Traceback (most recent call last):
  File "\\APICNAS\Produktion\Pipeline\Apic_Maya_Pipeline\Python\render_vault\controller\thread_worker.py", line 44, in run
    Logger.info(out.decode())
AttributeError: 'NoneType' object has no attribute 'decode'
[2023-10-11 12:50:45,591][ApicWS10][INFO] running!!
[2023-10-11 12:50:45,592][ApicWS10][INFO] initializing maya standalone...
[2023-10-11 12:51:02,385][ApicWS10][INFO] loaded render scene: \\APICNAS\Produktion\Ressources\Library\3D_Modelle\_ShaderBall_Maya\_DEV\MaterialDev_REF_ACES.mb
[2023-10-11 12:51:02,386][ApicWS10][INFO] <render_vault.controller.renderer.VRay object at 0x000002150EB6C3A0>
[2023-10-11 12:51:02,809][ApicWS10][INFO] imported \\apicnas\Produktion\Projekte\_CLIENT_Lib\KAERCHER\400_3D\440_shader\MaterialPool\Materials\Abschatter_innen.mb
[2023-10-11 12:51:02,810][ApicWS10][INFO] set v-ray as active renderer
[2023-10-11 12:51:02,811][ApicWS10][INFO] set v-ray render settings
[2023-10-11 12:51:02,811][ApicWS10][INFO] set image output path: \\apicnas\Produktion\Projekte\_CLIENT_Lib\KAERCHER\400_3D\440_shader\MaterialPool\Thumbnails
[2023-10-11 12:51:02,813][ApicWS10][INFO] assigned Abschatter_innen to ShaderBall
[2023-10-11 12:51:10,505][ApicWS10][INFO] finished rendering Abschatter_innen
[2023-10-11 12:51:10,505][ApicWS10][INFO] uninitializing maya standalone...
[2023-10-11 12:51:19,910][ApicWS10][ERROR] 'NoneType' object has no attribute 'decode'
Traceback (most recent call last):
  File "\\APICNAS\Produktion\Pipeline\Apic_Maya_Pipeline\Python\render_vault\controller\thread_worker.py", line 44, in run
    Logger.info(out.decode())
AttributeError: 'NoneType' object has no attribute 'decode'
[2023-10-11 12:51:29,845][ApicWS10][INFO] updated settings manager values.
[2023-10-11 12:51:29,851][ApicWS10][INFO] saving settings to \\apicnas\Produktion\Pipeline\Apic_Maya_Pipeline\Python\render_vault\settings\config-ApicWS10.json
[2023-10-11 12:51:31,980][ApicWS10][INFO] starting Render Vault...
[2023-10-11 12:51:32,066][ApicWS10][INFO] loading settings from \\apicnas\Produktion\Pipeline\Apic_Maya_Pipeline\Python\render_vault\settings\config-ApicWS10.json
[2023-10-11 12:51:37,565][ApicWS10][INFO] running!!
[2023-10-11 12:51:37,566][ApicWS10][INFO] initializing maya standalone...
[2023-10-11 12:51:54,653][ApicWS10][INFO] loaded render scene: \\APICNAS\Produktion\Ressources\Library\3D_Modelle\_ShaderBall_Maya\_DEV\MaterialDev_REF_ACES.mb
[2023-10-11 12:51:54,654][ApicWS10][INFO] <render_vault.controller.renderer.VRay object at 0x0000012234DC83A0>
[2023-10-11 12:51:55,049][ApicWS10][INFO] imported \\apicnas\Produktion\Projekte\_CLIENT_Lib\KAERCHER\400_3D\440_shader\MaterialPool\Materials\Abschatter_innen.mb
[2023-10-11 12:51:55,050][ApicWS10][INFO] set v-ray as active renderer
[2023-10-11 12:51:55,051][ApicWS10][INFO] set v-ray render settings
[2023-10-11 12:51:55,051][ApicWS10][INFO] set image output path: \\apicnas\Produktion\Projekte\_CLIENT_Lib\KAERCHER\400_3D\440_shader\MaterialPool\Thumbnails
[2023-10-11 12:51:55,052][ApicWS10][INFO] assigned Abschatter_innen to ShaderBall
[2023-10-11 12:52:02,807][ApicWS10][INFO] finished rendering Abschatter_innen
[2023-10-11 12:52:02,808][ApicWS10][INFO] uninitializing maya standalone...
[2023-10-11 12:52:12,055][ApicWS10][ERROR] 'NoneType' object has no attribute 'decode'
Traceback (most recent call last):
  File "\\APICNAS\Produktion\Pipeline\Apic_Maya_Pipeline\Python\render_vault\controller\thread_worker.py", line 44, in run
    Logger.info(out.decode())
AttributeError: 'NoneType' object has no attribute 'decode'
[2023-10-11 12:52:24,295][ApicWS10][INFO] updated settings manager values.
[2023-10-11 12:52:24,302][ApicWS10][INFO] saving settings to \\apicnas\Produktion\Pipeline\Apic_Maya_Pipeline\Python\render_vault\settings\config-ApicWS10.json
[2023-10-11 12:52:25,774][ApicWS10][INFO] starting Render Vault...
[2023-10-11 12:52:25,859][ApicWS10][INFO] loading settings from \\apicnas\Produktion\Pipeline\Apic_Maya_Pipeline\Python\render_vault\settings\config-ApicWS10.json
[2023-10-11 12:52:34,862][ApicWS10][INFO] running!!
[2023-10-11 12:52:34,862][ApicWS10][INFO] initializing maya standalone...
[2023-10-11 12:52:51,922][ApicWS10][INFO] loaded render scene: \\APICNAS\Produktion\Ressources\Library\3D_Modelle\_ShaderBall_Maya\_DEV\MaterialDev_REF_ACES.mb
[2023-10-11 12:52:51,922][ApicWS10][INFO] <render_vault.controller.renderer.VRay object at 0x000001BFA6CE9000>
[2023-10-11 12:52:52,322][ApicWS10][INFO] imported \\apicnas\Produktion\Projekte\_CLIENT_Lib\KAERCHER\400_3D\440_shader\MaterialPool\Materials\Abschatter_innen.mb
[2023-10-11 12:52:52,323][ApicWS10][INFO] set v-ray as active renderer
[2023-10-11 12:52:52,324][ApicWS10][INFO] set v-ray render settings
[2023-10-11 12:52:52,324][ApicWS10][INFO] set image output path: \\apicnas\Produktion\Projekte\_CLIENT_Lib\KAERCHER\400_3D\440_shader\MaterialPool\Thumbnails
[2023-10-11 12:52:52,326][ApicWS10][INFO] assigned Abschatter_innen to ShaderBall
[2023-10-11 12:53:00,052][ApicWS10][INFO] finished rendering Abschatter_innen
[2023-10-11 12:53:00,054][ApicWS10][INFO] uninitializing maya standalone...
[2023-10-11 12:53:09,411][ApicWS10][ERROR] 'NoneType' object has no attribute 'decode'
Traceback (most recent call last):
  File "\\APICNAS\Produktion\Pipeline\Apic_Maya_Pipeline\Python\render_vault\controller\thread_worker.py", line 44, in run
    Logger.info(out.decode())
AttributeError: 'NoneType' object has no attribute 'decode'
[2023-10-11 12:53:40,269][ApicWS10][INFO] updated settings manager values.
[2023-10-11 12:53:40,275][ApicWS10][INFO] saving settings to \\apicnas\Produktion\Pipeline\Apic_Maya_Pipeline\Python\render_vault\settings\config-ApicWS10.json
[2023-10-11 12:54:22,268][ApicWS10][INFO] starting Render Vault...
[2023-10-11 12:54:22,360][ApicWS10][INFO] loading settings from \\apicnas\Produktion\Pipeline\Apic_Maya_Pipeline\Python\render_vault\settings\config-ApicWS10.json
[2023-10-11 12:55:00,564][ApicWS10][INFO] updated settings manager values.
[2023-10-11 12:55:00,569][ApicWS10][INFO] saving settings to \\apicnas\Produktion\Pipeline\Apic_Maya_Pipeline\Python\render_vault\settings\config-ApicWS10.json
[2023-10-11 12:55:01,687][ApicWS10][INFO] starting Render Vault...
[2023-10-11 12:55:01,771][ApicWS10][INFO] loading settings from \\apicnas\Produktion\Pipeline\Apic_Maya_Pipeline\Python\render_vault\settings\config-ApicWS10.json
[2023-10-11 12:55:07,009][ApicWS10][INFO] initializing maya standalone...
[2023-10-11 12:55:23,910][ApicWS10][INFO] loaded render scene: \\APICNAS\Produktion\Ressources\Library\3D_Modelle\_ShaderBall_Maya\_DEV\MaterialDev_REF_ACES.mb
[2023-10-11 12:55:24,294][ApicWS10][INFO] imported \\apicnas\Produktion\Projekte\_CLIENT_Lib\KAERCHER\400_3D\440_shader\MaterialPool\Materials\Abschatter_innen.mb
[2023-10-11 12:55:24,295][ApicWS10][INFO] set v-ray as active renderer
[2023-10-11 12:55:24,296][ApicWS10][INFO] set v-ray render settings
[2023-10-11 12:55:24,297][ApicWS10][INFO] set image output path: \\apicnas\Produktion\Projekte\_CLIENT_Lib\KAERCHER\400_3D\440_shader\MaterialPool\Thumbnails
[2023-10-11 12:55:24,298][ApicWS10][INFO] assigned Abschatter_innen to ShaderBall
[2023-10-11 12:55:31,996][ApicWS10][INFO] finished rendering Abschatter_innen
[2023-10-11 12:55:31,997][ApicWS10][INFO] uninitializing maya standalone...
[2023-10-11 12:55:49,538][ApicWS10][INFO] updated settings manager values.
[2023-10-11 12:55:49,543][ApicWS10][INFO] saving settings to \\apicnas\Produktion\Pipeline\Apic_Maya_Pipeline\Python\render_vault\settings\config-ApicWS10.json
[2023-10-11 13:08:12,026][ApicWS08][INFO] starting Render Vault...
[2023-10-11 13:08:12,178][ApicWS08][INFO] loading settings from \\APICNAS\Produktion\Pipeline\Apic_Maya_Pipeline\Python\render_vault\settings\config-ApicWS08.json
[2023-10-11 13:08:48,620][ApicWS08][INFO] imported model \\apicnas\Produktion\Projekte\_CLIENT_Lib\BOSCH\400_3D\420_assets_references_data\ModelPool\Models\smooth_grains.mb
[2023-10-11 14:21:54,246][ApicWS08][INFO] imported model \\apicnas\Produktion\Projekte\_CLIENT_Lib\BOSCH\400_3D\420_assets_references_data\ModelPool\Models\smooth_grains.mb
[2023-10-11 14:21:57,052][ApicWS08][INFO] updated settings manager values.
[2023-10-11 14:21:57,055][ApicWS08][INFO] saving settings to \\APICNAS\Produktion\Pipeline\Apic_Maya_Pipeline\Python\render_vault\settings\config-ApicWS08.json
[2023-10-11 15:23:29,012][Apic-WS09][INFO] starting Render Vault...
[2023-10-11 15:23:29,168][Apic-WS09][INFO] loading settings from \\APICNAS\Produktion\Pipeline\Apic_Maya_Pipeline\Python\render_vault\settings\config-Apic-WS09.json
[2023-10-11 15:25:43,032][Apic-WS09][INFO] created new material pool in //apicnas/Produktion/Projekte/_CLIENT_Lib/TEKON/400_3D/440_shader
[2023-10-11 15:29:52,189][Apic-WS09][ERROR] can't delete folder, path: \\apicnas\Produktion\Projekte\_CLIENT_Lib\TEKON\400_3D\440_shader\MaterialPool does not exist
[2023-10-11 15:29:52,227][Apic-WS09][INFO] deleted current material pool in //apicnas/Produktion/Projekte/_CLIENT_Lib/TEKON/400_3D/440_shader
[2023-10-11 15:29:52,228][Apic-WS09][INFO] deleting current pool Tekon
[2023-10-11 15:30:12,538][Apic-WS09][ERROR] can't create folder, path: \\apicnas\Produktion\Projekte\TEKON\400_3D\440_shader\MaterialPool already exists
[2023-10-11 15:30:12,539][Apic-WS09][ERROR] can't create folder, path: \\apicnas\Produktion\Projekte\TEKON\400_3D\440_shader\MaterialPool\Materials already exists
[2023-10-11 15:30:12,540][Apic-WS09][ERROR] can't create folder, path: \\apicnas\Produktion\Projekte\TEKON\400_3D\440_shader\MaterialPool\Textures already exists
[2023-10-11 15:30:12,542][Apic-WS09][ERROR] can't create folder, path: \\apicnas\Produktion\Projekte\TEKON\400_3D\440_shader\MaterialPool\Thumbnails already exists
[2023-10-11 15:30:12,576][Apic-WS09][INFO] created new material pool in //apicnas/Produktion/Projekte/TEKON/400_3D/440_shader
[2023-10-11 15:30:45,253][Apic-WS09][INFO] exported solid_ffffff to \\apicnas\Produktion\Projekte\TEKON\400_3D\440_shader\MaterialPool\Materials
[2023-10-11 15:31:39,606][Apic-WS09][INFO] deleted \\apicnas\Produktion\Projekte\TEKON\400_3D\440_shader\MaterialPool\Materials\solid_ffffff.mb
[2023-10-11 15:44:28,327][Apic-WS09][ERROR] can't delete folder, path: \\apicnas\Produktion\Projekte\TEKON\400_3D\440_shader\MaterialPool does not exist
[2023-10-11 15:44:28,368][Apic-WS09][INFO] deleted current material pool in //apicnas/Produktion/Projekte/TEKON/400_3D/440_shader
[2023-10-11 15:44:28,368][Apic-WS09][INFO] deleting current pool Tekon
[2023-10-11 15:45:30,316][Apic-WS09][INFO] created new material pool in //apicnas/Produktion/Projekte/TEKON/_3D_Pool/Materials
[2023-10-11 15:46:23,205][Apic-WS09][INFO] created new model pool in //apicnas/Produktion/Projekte/TEKON/_3D_Pool/Models
[2023-10-11 15:47:53,397][Apic-WS09][INFO] starting Render Vault...
[2023-10-11 15:47:53,525][Apic-WS09][INFO] loading settings from \\APICNAS\Produktion\Pipeline\Apic_Maya_Pipeline\Python\render_vault\settings\config-Apic-WS09.json
[2023-10-11 15:48:12,278][Apic-WS09][INFO] referenced model \\apicnas\Produktion\Projekte\TEKON\_3D_Pool\Models\ModelPool\Models\test.mb
[2023-10-11 15:49:40,965][Apic-WS09][INFO] updated settings manager values.
[2023-10-11 15:49:40,968][Apic-WS09][INFO] saving settings to \\APICNAS\Produktion\Pipeline\Apic_Maya_Pipeline\Python\render_vault\settings\config-Apic-WS09.json
[2023-10-11 15:49:59,463][Apic-WS09][INFO] Saved Scrrenshot in \\apicnas\Produktion\Projekte\TEKON\_3D_Pool\Models\ModelPool\Thumbnails\test.png
[2023-10-11 15:50:57,506][Apic-WS09][INFO] starting Render Vault...
[2023-10-11 15:50:57,633][Apic-WS09][INFO] loading settings from \\APICNAS\Produktion\Pipeline\Apic_Maya_Pipeline\Python\render_vault\settings\config-Apic-WS09.json
[2023-10-11 15:51:05,834][Apic-WS09][INFO] starting Render Vault...
[2023-10-11 15:51:05,922][Apic-WS09][INFO] loading settings from \\APICNAS\Produktion\Pipeline\Apic_Maya_Pipeline\Python\render_vault\settings\config-Apic-WS09.json
[2023-10-11 15:51:08,194][Apic-WS09][INFO] starting Render Vault...
[2023-10-11 15:51:08,282][Apic-WS09][INFO] loading settings from \\APICNAS\Produktion\Pipeline\Apic_Maya_Pipeline\Python\render_vault\settings\config-Apic-WS09.json
[2023-10-11 15:53:08,776][Apic-WS09][INFO] starting Render Vault...
[2023-10-11 15:53:08,900][Apic-WS09][INFO] loading settings from \\APICNAS\Produktion\Pipeline\Apic_Maya_Pipeline\Python\render_vault\settings\config-Apic-WS09.json
[2023-10-11 15:54:50,822][ApicWS10][INFO] starting Render Vault...
[2023-10-11 15:54:50,927][ApicWS10][INFO] loading settings from \\apicnas\Produktion\Pipeline\Apic_Maya_Pipeline\Python\render_vault\settings\config-ApicWS10.json
[2023-10-11 15:54:54,282][ApicWS10][INFO] updated settings manager values.
[2023-10-11 15:54:54,286][ApicWS10][INFO] saving settings to \\apicnas\Produktion\Pipeline\Apic_Maya_Pipeline\Python\render_vault\settings\config-ApicWS10.json
[2023-10-11 15:55:01,080][ApicWS10][INFO] starting Render Vault...
[2023-10-11 15:55:01,166][ApicWS10][INFO] loading settings from \\apicnas\Produktion\Pipeline\Apic_Maya_Pipeline\Python\render_vault\settings\config-ApicWS10.json
[2023-10-11 15:55:11,898][ApicWS10][INFO] updated settings manager values.
[2023-10-11 15:55:11,904][ApicWS10][INFO] saving settings to \\apicnas\Produktion\Pipeline\Apic_Maya_Pipeline\Python\render_vault\settings\config-ApicWS10.json
[2023-10-11 15:55:14,095][ApicWS10][INFO] starting Render Vault...
[2023-10-11 15:55:14,171][ApicWS10][INFO] loading settings from \\apicnas\Produktion\Pipeline\Apic_Maya_Pipeline\Python\render_vault\settings\config-ApicWS10.json
[2023-10-11 15:57:31,214][ApicWS10][INFO] starting Render Vault...
[2023-10-11 15:57:31,302][ApicWS10][INFO] loading settings from \\apicnas\Produktion\Pipeline\Apic_Maya_Pipeline\Python\render_vault\settings\config-ApicWS10.json
[2023-10-11 15:57:41,249][ApicWS10][INFO] starting Render Vault...
[2023-10-11 15:57:41,327][ApicWS10][INFO] loading settings from \\apicnas\Produktion\Pipeline\Apic_Maya_Pipeline\Python\render_vault\settings\config-ApicWS10.json
[2023-10-11 15:58:01,631][ApicWS10][INFO] starting Render Vault...
[2023-10-11 15:58:01,715][ApicWS10][INFO] loading settings from \\apicnas\Produktion\Pipeline\Apic_Maya_Pipeline\Python\render_vault\settings\config-ApicWS10.json
[2023-10-11 16:01:01,278][ApicWS10][INFO] starting Render Vault...
[2023-10-11 16:01:01,369][ApicWS10][INFO] loading settings from \\apicnas\Produktion\Pipeline\Apic_Maya_Pipeline\Python\render_vault\settings\config-ApicWS10.json
[2023-10-11 16:01:20,823][ApicWS10][INFO] updated settings manager values.
[2023-10-11 16:01:20,829][ApicWS10][INFO] saving settings to \\apicnas\Produktion\Pipeline\Apic_Maya_Pipeline\Python\render_vault\settings\config-ApicWS10.json
[2023-10-11 16:01:24,250][ApicWS10][INFO] starting Render Vault...
[2023-10-11 16:01:24,336][ApicWS10][INFO] loading settings from \\apicnas\Produktion\Pipeline\Apic_Maya_Pipeline\Python\render_vault\settings\config-ApicWS10.json
[2023-10-11 16:01:26,109][ApicWS10][INFO] updated settings manager values.
[2023-10-11 16:01:26,114][ApicWS10][INFO] saving settings to \\apicnas\Produktion\Pipeline\Apic_Maya_Pipeline\Python\render_vault\settings\config-ApicWS10.json
[2023-10-11 16:02:52,903][ApicWS10][INFO] starting Render Vault...
[2023-10-11 16:02:52,976][ApicWS10][INFO] loading settings from \\apicnas\Produktion\Pipeline\Apic_Maya_Pipeline\Python\render_vault\settings\config-ApicWS10.json
[2023-10-11 16:04:54,525][ApicWS10][INFO] starting Render Vault...
[2023-10-11 16:09:13,120][ApicWS10][INFO] starting Render Vault...
[2023-10-11 16:09:13,214][ApicWS10][INFO] loading settings from \\apicnas\Produktion\Pipeline\Apic_Maya_Pipeline\Python\render_vault\settings\config-ApicWS10.json
[2023-10-11 16:09:28,896][ApicWS10][INFO] updated settings manager values.
[2023-10-11 16:09:28,904][ApicWS10][INFO] saving settings to \\apicnas\Produktion\Pipeline\Apic_Maya_Pipeline\Python\render_vault\settings\config-ApicWS10.json
[2023-10-11 16:11:30,199][Apic-WS09][INFO] starting Render Vault...
[2023-10-11 16:11:30,314][Apic-WS09][INFO] loading settings from \\APICNAS\Produktion\Pipeline\Apic_Maya_Pipeline\Python\render_vault\settings\config-Apic-WS09.json
[2023-10-11 16:11:42,031][Apic-WS09][INFO] updated settings manager values.
[2023-10-11 16:11:42,034][Apic-WS09][INFO] saving settings to \\APICNAS\Produktion\Pipeline\Apic_Maya_Pipeline\Python\render_vault\settings\config-Apic-WS09.json
[2023-10-11 16:12:14,637][Apic-WS09][INFO] updated settings manager values.
[2023-10-11 16:12:14,640][Apic-WS09][INFO] saving settings to \\APICNAS\Produktion\Pipeline\Apic_Maya_Pipeline\Python\render_vault\settings\config-Apic-WS09.json
[2023-10-11 16:12:45,997][ApicWS10][INFO] Saved Scrrenshot in \\apicnas\Produktion\Projekte\_CLIENT_Lib\BOSCH\400_3D\420_assets_references_data\ModelPool\Thumbnails\Test.png
[2023-10-11 16:12:50,728][ApicWS10][INFO] deleted \\apicnas\Produktion\Projekte\_CLIENT_Lib\BOSCH\400_3D\420_assets_references_data\ModelPool\Thumbnails\Test.png
[2023-10-11 16:12:50,734][ApicWS10][INFO] deleted \\apicnas\Produktion\Projekte\_CLIENT_Lib\BOSCH\400_3D\420_assets_references_data\ModelPool\Models\Test.mb
[2023-10-11 16:12:52,629][ApicWS10][INFO] updated settings manager values.
[2023-10-11 16:12:52,636][ApicWS10][INFO] saving settings to \\apicnas\Produktion\Pipeline\Apic_Maya_Pipeline\Python\render_vault\settings\config-ApicWS10.json
[2023-10-11 16:20:44,436][ApicWS10][INFO] starting Render Vault...
[2023-10-11 16:21:34,145][ApicWS10][INFO] starting Render Vault...
[2023-10-11 16:21:34,241][ApicWS10][INFO] loading settings from \\apicnas\Produktion\Pipeline\Apic_Maya_Pipeline\Python\render_vault\settings\config-ApicWS10.json
[2023-10-11 16:22:26,242][ApicWS10][INFO] updated settings manager values.
[2023-10-11 16:22:26,249][ApicWS10][INFO] saving settings to \\apicnas\Produktion\Pipeline\Apic_Maya_Pipeline\Python\render_vault\settings\config-ApicWS10.json
[2023-10-11 16:22:29,518][ApicWS10][INFO] starting Render Vault...
[2023-10-11 16:22:29,600][ApicWS10][INFO] loading settings from \\apicnas\Produktion\Pipeline\Apic_Maya_Pipeline\Python\render_vault\settings\config-ApicWS10.json
[2023-10-11 16:22:36,632][ApicWS10][INFO] Saved Scrrenshot in \\apicnas\Produktion\Projekte\_CLIENT_Lib\BOSCH\400_3D\420_assets_references_data\ModelPool\Thumbnails\Test.png
[2023-10-11 16:23:15,128][ApicWS10][INFO] updated settings manager values.
[2023-10-11 16:23:15,132][ApicWS10][INFO] saving settings to \\apicnas\Produktion\Pipeline\Apic_Maya_Pipeline\Python\render_vault\settings\config-ApicWS10.json
[2023-10-11 16:23:17,327][ApicWS10][INFO] starting Render Vault...
[2023-10-11 16:23:17,414][ApicWS10][INFO] loading settings from \\apicnas\Produktion\Pipeline\Apic_Maya_Pipeline\Python\render_vault\settings\config-ApicWS10.json
[2023-10-11 16:23:28,378][ApicWS10][INFO] Saved Scrrenshot in \\apicnas\Produktion\Projekte\_CLIENT_Lib\BOSCH\400_3D\420_assets_references_data\ModelPool\Thumbnails\Test.png
[2023-10-11 16:25:05,389][ApicWS10][INFO] updated settings manager values.
[2023-10-11 16:25:05,394][ApicWS10][INFO] saving settings to \\apicnas\Produktion\Pipeline\Apic_Maya_Pipeline\Python\render_vault\settings\config-ApicWS10.json
[2023-10-11 16:25:08,207][ApicWS10][INFO] starting Render Vault...
[2023-10-11 16:25:08,292][ApicWS10][INFO] loading settings from \\apicnas\Produktion\Pipeline\Apic_Maya_Pipeline\Python\render_vault\settings\config-ApicWS10.json
[2023-10-11 16:25:14,612][ApicWS10][INFO] Saved Scrrenshot in \\apicnas\Produktion\Projekte\_CLIENT_Lib\BOSCH\400_3D\420_assets_references_data\ModelPool\Thumbnails\Test.png
[2023-10-11 16:26:57,920][ApicWS10][INFO] updated settings manager values.
[2023-10-11 16:26:57,926][ApicWS10][INFO] saving settings to \\apicnas\Produktion\Pipeline\Apic_Maya_Pipeline\Python\render_vault\settings\config-ApicWS10.json
[2023-10-11 16:27:01,089][ApicWS10][INFO] starting Render Vault...
[2023-10-11 16:27:01,172][ApicWS10][INFO] loading settings from \\apicnas\Produktion\Pipeline\Apic_Maya_Pipeline\Python\render_vault\settings\config-ApicWS10.json
[2023-10-11 16:27:12,574][ApicWS10][INFO] Saved Scrrenshot in \\apicnas\Produktion\Projekte\_CLIENT_Lib\BOSCH\400_3D\420_assets_references_data\ModelPool\Thumbnails\Test.png
[2023-10-11 16:28:38,374][ApicWS10][INFO] updated settings manager values.
[2023-10-11 16:28:38,379][ApicWS10][INFO] saving settings to \\apicnas\Produktion\Pipeline\Apic_Maya_Pipeline\Python\render_vault\settings\config-ApicWS10.json
[2023-10-11 16:28:40,502][ApicWS10][INFO] starting Render Vault...
[2023-10-11 16:28:40,589][ApicWS10][INFO] loading settings from \\apicnas\Produktion\Pipeline\Apic_Maya_Pipeline\Python\render_vault\settings\config-ApicWS10.json
[2023-10-11 16:28:47,769][ApicWS10][INFO] Saved Scrrenshot in \\apicnas\Produktion\Projekte\_CLIENT_Lib\BOSCH\400_3D\420_assets_references_data\ModelPool\Thumbnails\Test.png
[2023-10-11 16:30:44,042][ApicWS10][INFO] updated settings manager values.
[2023-10-11 16:30:44,047][ApicWS10][INFO] saving settings to \\apicnas\Produktion\Pipeline\Apic_Maya_Pipeline\Python\render_vault\settings\config-ApicWS10.json
[2023-10-11 16:30:46,991][ApicWS10][INFO] starting Render Vault...
[2023-10-11 16:30:47,075][ApicWS10][INFO] loading settings from \\apicnas\Produktion\Pipeline\Apic_Maya_Pipeline\Python\render_vault\settings\config-ApicWS10.json
[2023-10-11 16:30:52,800][ApicWS10][INFO] Saved Scrrenshot in \\apicnas\Produktion\Projekte\_CLIENT_Lib\BOSCH\400_3D\420_assets_references_data\ModelPool\Thumbnails\Test.png
[2023-10-11 16:31:28,519][ApicWS10][INFO] updated settings manager values.
[2023-10-11 16:31:28,524][ApicWS10][INFO] saving settings to \\apicnas\Produktion\Pipeline\Apic_Maya_Pipeline\Python\render_vault\settings\config-ApicWS10.json
[2023-10-11 16:31:30,648][ApicWS10][INFO] starting Render Vault...
[2023-10-11 16:31:30,729][ApicWS10][INFO] loading settings from \\apicnas\Produktion\Pipeline\Apic_Maya_Pipeline\Python\render_vault\settings\config-ApicWS10.json
[2023-10-11 16:31:42,084][ApicWS10][INFO] Saved Scrrenshot in \\apicnas\Produktion\Projekte\_CLIENT_Lib\BOSCH\400_3D\420_assets_references_data\ModelPool\Thumbnails\Test.png
[2023-10-11 16:31:55,666][ApicWS10][INFO] Saved Scrrenshot in \\apicnas\Produktion\Projekte\_CLIENT_Lib\BOSCH\400_3D\420_assets_references_data\ModelPool\Thumbnails\Test.png
[2023-10-11 16:33:02,186][ApicWS10][INFO] updated settings manager values.
[2023-10-11 16:33:02,191][ApicWS10][INFO] saving settings to \\apicnas\Produktion\Pipeline\Apic_Maya_Pipeline\Python\render_vault\settings\config-ApicWS10.json
[2023-10-11 16:33:04,586][ApicWS10][INFO] starting Render Vault...
[2023-10-11 16:33:04,676][ApicWS10][INFO] loading settings from \\apicnas\Produktion\Pipeline\Apic_Maya_Pipeline\Python\render_vault\settings\config-ApicWS10.json
[2023-10-11 16:33:10,628][ApicWS10][INFO] 
[2023-10-11 16:33:10,851][ApicWS10][INFO] Saved Scrrenshot in \\apicnas\Produktion\Projekte\_CLIENT_Lib\BOSCH\400_3D\420_assets_references_data\ModelPool\Thumbnails\Test.png
[2023-10-11 16:34:07,233][ApicWS10][INFO] updated settings manager values.
[2023-10-11 16:34:07,238][ApicWS10][INFO] saving settings to \\apicnas\Produktion\Pipeline\Apic_Maya_Pipeline\Python\render_vault\settings\config-ApicWS10.json
[2023-10-11 16:34:09,053][ApicWS10][INFO] starting Render Vault...
[2023-10-11 16:34:09,141][ApicWS10][INFO] loading settings from \\apicnas\Produktion\Pipeline\Apic_Maya_Pipeline\Python\render_vault\settings\config-ApicWS10.json
[2023-10-11 16:34:17,827][ApicWS10][INFO] Saved Scrrenshot in \\apicnas\Produktion\Projekte\_CLIENT_Lib\BOSCH\400_3D\420_assets_references_data\ModelPool\Thumbnails\Test.png
[2023-10-11 16:35:51,437][ApicWS10][INFO] updated settings manager values.
[2023-10-11 16:35:51,441][ApicWS10][INFO] saving settings to \\apicnas\Produktion\Pipeline\Apic_Maya_Pipeline\Python\render_vault\settings\config-ApicWS10.json
[2023-10-11 16:35:53,543][ApicWS10][INFO] starting Render Vault...
[2023-10-11 16:35:53,637][ApicWS10][INFO] loading settings from \\apicnas\Produktion\Pipeline\Apic_Maya_Pipeline\Python\render_vault\settings\config-ApicWS10.json
[2023-10-11 16:36:00,907][ApicWS10][INFO] Saved Scrrenshot in \\apicnas\Produktion\Projekte\_CLIENT_Lib\BOSCH\400_3D\420_assets_references_data\ModelPool\Thumbnails\Test.png
[2023-10-11 16:38:27,868][ApicWS10][INFO] updated settings manager values.
[2023-10-11 16:38:27,873][ApicWS10][INFO] saving settings to \\apicnas\Produktion\Pipeline\Apic_Maya_Pipeline\Python\render_vault\settings\config-ApicWS10.json
[2023-10-11 16:38:30,015][ApicWS10][INFO] starting Render Vault...
[2023-10-11 16:38:30,093][ApicWS10][INFO] loading settings from \\apicnas\Produktion\Pipeline\Apic_Maya_Pipeline\Python\render_vault\settings\config-ApicWS10.json
[2023-10-11 16:38:35,106][ApicWS10][INFO] Saved Scrrenshot in \\apicnas\Produktion\Projekte\_CLIENT_Lib\BOSCH\400_3D\420_assets_references_data\ModelPool\Thumbnails\Test.png
[2023-10-11 16:39:09,817][ApicWS10][INFO] Saved Scrrenshot in \\apicnas\Produktion\Projekte\_CLIENT_Lib\BOSCH\400_3D\420_assets_references_data\ModelPool\Thumbnails\Test.png
[2023-10-11 16:39:46,445][ApicWS10][INFO] updated settings manager values.
[2023-10-11 16:39:46,452][ApicWS10][INFO] saving settings to \\apicnas\Produktion\Pipeline\Apic_Maya_Pipeline\Python\render_vault\settings\config-ApicWS10.json
[2023-10-11 16:39:48,978][ApicWS10][INFO] starting Render Vault...
[2023-10-11 16:39:49,058][ApicWS10][INFO] loading settings from \\apicnas\Produktion\Pipeline\Apic_Maya_Pipeline\Python\render_vault\settings\config-ApicWS10.json
[2023-10-11 16:39:55,828][ApicWS10][INFO] updated settings manager values.
[2023-10-11 16:39:55,835][ApicWS10][INFO] saving settings to \\apicnas\Produktion\Pipeline\Apic_Maya_Pipeline\Python\render_vault\settings\config-ApicWS10.json
[2023-10-11 16:40:39,784][ApicWS10][INFO] starting Render Vault...
[2023-10-11 16:40:39,884][ApicWS10][INFO] loading settings from \\apicnas\Produktion\Pipeline\Apic_Maya_Pipeline\Python\render_vault\settings\config-ApicWS10.json
[2023-10-11 16:40:51,004][ApicWS10][INFO] Saved Scrrenshot in \\apicnas\Produktion\Projekte\_CLIENT_Lib\BOSCH\400_3D\420_assets_references_data\ModelPool\Thumbnails\Test.png
[2023-10-11 16:42:53,908][ApicWS10][INFO] updated settings manager values.
[2023-10-11 16:42:53,913][ApicWS10][INFO] saving settings to \\apicnas\Produktion\Pipeline\Apic_Maya_Pipeline\Python\render_vault\settings\config-ApicWS10.json
[2023-10-11 16:42:57,543][ApicWS10][INFO] starting Render Vault...
[2023-10-11 16:42:57,657][ApicWS10][INFO] loading settings from \\apicnas\Produktion\Pipeline\Apic_Maya_Pipeline\Python\render_vault\settings\config-ApicWS10.json
[2023-10-11 16:43:28,995][ApicWS10][INFO] Saved Scrrenshot in \\apicnas\Produktion\Projekte\_CLIENT_Lib\BOSCH\400_3D\420_assets_references_data\ModelPool\Thumbnails\Test.png
[2023-10-11 16:45:36,372][ApicWS10][INFO] updated settings manager values.
[2023-10-11 16:45:36,378][ApicWS10][INFO] saving settings to \\apicnas\Produktion\Pipeline\Apic_Maya_Pipeline\Python\render_vault\settings\config-ApicWS10.json
[2023-10-11 16:45:38,696][ApicWS10][INFO] starting Render Vault...
[2023-10-11 16:45:38,787][ApicWS10][INFO] loading settings from \\apicnas\Produktion\Pipeline\Apic_Maya_Pipeline\Python\render_vault\settings\config-ApicWS10.json
[2023-10-11 16:45:47,991][ApicWS10][INFO] Saved Scrrenshot in \\apicnas\Produktion\Projekte\_CLIENT_Lib\BOSCH\400_3D\420_assets_references_data\ModelPool\Thumbnails\Test.png
[2023-10-11 16:46:21,072][ApicWS10][INFO] updated settings manager values.
[2023-10-11 16:46:21,077][ApicWS10][INFO] saving settings to \\apicnas\Produktion\Pipeline\Apic_Maya_Pipeline\Python\render_vault\settings\config-ApicWS10.json
[2023-10-11 16:46:22,864][ApicWS10][INFO] starting Render Vault...
[2023-10-11 16:46:22,945][ApicWS10][INFO] loading settings from \\apicnas\Produktion\Pipeline\Apic_Maya_Pipeline\Python\render_vault\settings\config-ApicWS10.json
[2023-10-11 16:46:28,579][ApicWS10][INFO] Saved Scrrenshot in \\apicnas\Produktion\Projekte\_CLIENT_Lib\BOSCH\400_3D\420_assets_references_data\ModelPool\Thumbnails\Test.png
[2023-10-11 16:47:28,338][ApicWS10][INFO] updated settings manager values.
[2023-10-11 16:47:28,343][ApicWS10][INFO] saving settings to \\apicnas\Produktion\Pipeline\Apic_Maya_Pipeline\Python\render_vault\settings\config-ApicWS10.json
[2023-10-11 16:47:30,411][ApicWS10][INFO] starting Render Vault...
[2023-10-11 16:47:30,503][ApicWS10][INFO] loading settings from \\apicnas\Produktion\Pipeline\Apic_Maya_Pipeline\Python\render_vault\settings\config-ApicWS10.json
[2023-10-11 16:47:36,160][ApicWS10][INFO] Saved Scrrenshot in \\apicnas\Produktion\Projekte\_CLIENT_Lib\BOSCH\400_3D\420_assets_references_data\ModelPool\Thumbnails\Test.png
[2023-10-11 16:49:57,751][ApicWS10][INFO] updated settings manager values.
[2023-10-11 16:49:57,756][ApicWS10][INFO] saving settings to \\apicnas\Produktion\Pipeline\Apic_Maya_Pipeline\Python\render_vault\settings\config-ApicWS10.json
[2023-10-11 16:49:59,243][ApicWS10][INFO] starting Render Vault...
[2023-10-11 16:49:59,337][ApicWS10][INFO] loading settings from \\apicnas\Produktion\Pipeline\Apic_Maya_Pipeline\Python\render_vault\settings\config-ApicWS10.json
[2023-10-11 16:50:12,709][ApicWS10][INFO] updated settings manager values.
[2023-10-11 16:50:12,715][ApicWS10][INFO] saving settings to \\apicnas\Produktion\Pipeline\Apic_Maya_Pipeline\Python\render_vault\settings\config-ApicWS10.json
[2023-10-11 16:50:14,029][ApicWS10][INFO] starting Render Vault...
[2023-10-11 16:50:14,114][ApicWS10][INFO] loading settings from \\apicnas\Produktion\Pipeline\Apic_Maya_Pipeline\Python\render_vault\settings\config-ApicWS10.json
[2023-10-11 16:50:43,485][Apic-WS09][INFO] referenced model \\apicnas\Produktion\Projekte\_CLIENT_Lib\BOSCH\400_3D\420_assets_references_data\LightsetPool\LightsetPool\Lightsets\LS_s063.mb
[2023-10-11 16:50:57,572][ApicWS10][INFO] updated settings manager values.
[2023-10-11 16:50:57,578][ApicWS10][INFO] saving settings to \\apicnas\Produktion\Pipeline\Apic_Maya_Pipeline\Python\render_vault\settings\config-ApicWS10.json
[2023-10-11 16:50:59,671][ApicWS10][INFO] starting Render Vault...
[2023-10-11 16:50:59,757][ApicWS10][INFO] loading settings from \\apicnas\Produktion\Pipeline\Apic_Maya_Pipeline\Python\render_vault\settings\config-ApicWS10.json
[2023-10-11 16:52:26,797][ApicWS10][INFO] updated settings manager values.
[2023-10-11 16:52:26,803][ApicWS10][INFO] saving settings to \\apicnas\Produktion\Pipeline\Apic_Maya_Pipeline\Python\render_vault\settings\config-ApicWS10.json
[2023-10-11 16:52:33,013][ApicWS10][INFO] starting Render Vault...
[2023-10-11 16:52:33,104][ApicWS10][INFO] loading settings from \\apicnas\Produktion\Pipeline\Apic_Maya_Pipeline\Python\render_vault\settings\config-ApicWS10.json
[2023-10-11 16:52:37,082][ApicWS10][INFO] Saved Scrrenshot in \\apicnas\Produktion\Projekte\_CLIENT_Lib\BOSCH\400_3D\420_assets_references_data\LightsetPool\LightsetPool\Thumbnails\dfg.png
[2023-10-11 16:52:41,364][ApicWS10][INFO] Saved Scrrenshot in \\apicnas\Produktion\Projekte\_CLIENT_Lib\BOSCH\400_3D\420_assets_references_data\LightsetPool\LightsetPool\Thumbnails\dfg.png
[2023-10-11 16:52:46,413][ApicWS10][INFO] Saved Scrrenshot in \\apicnas\Produktion\Projekte\_CLIENT_Lib\BOSCH\400_3D\420_assets_references_data\LightsetPool\LightsetPool\Thumbnails\dfg.png
[2023-10-11 16:52:56,980][ApicWS10][INFO] Saved Scrrenshot in \\apicnas\Produktion\Projekte\_CLIENT_Lib\BOSCH\400_3D\420_assets_references_data\LightsetPool\LightsetPool\Thumbnails\dfg.png
[2023-10-11 16:53:14,261][ApicWS10][INFO] updated settings manager values.
[2023-10-11 16:53:14,266][ApicWS10][INFO] saving settings to \\apicnas\Produktion\Pipeline\Apic_Maya_Pipeline\Python\render_vault\settings\config-ApicWS10.json
[2023-10-11 16:53:16,843][ApicWS10][INFO] starting Render Vault...
[2023-10-11 16:53:16,927][ApicWS10][INFO] loading settings from \\apicnas\Produktion\Pipeline\Apic_Maya_Pipeline\Python\render_vault\settings\config-ApicWS10.json
[2023-10-11 16:54:51,615][ApicWS10][INFO] updated settings manager values.
[2023-10-11 16:54:51,620][ApicWS10][INFO] saving settings to \\apicnas\Produktion\Pipeline\Apic_Maya_Pipeline\Python\render_vault\settings\config-ApicWS10.json
[2023-10-11 16:54:52,971][ApicWS10][INFO] starting Render Vault...
[2023-10-11 16:54:53,129][ApicWS10][INFO] loading settings from \\apicnas\Produktion\Pipeline\Apic_Maya_Pipeline\Python\render_vault\settings\config-ApicWS10.json
[2023-10-11 16:54:56,194][ApicWS10][INFO] Saved Scrrenshot in \\apicnas\Produktion\Projekte\_CLIENT_Lib\BOSCH\400_3D\420_assets_references_data\LightsetPool\LightsetPool\Thumbnails\dfg.png
[2023-10-11 16:55:00,926][ApicWS10][INFO] Saved Scrrenshot in \\apicnas\Produktion\Projekte\_CLIENT_Lib\BOSCH\400_3D\420_assets_references_data\LightsetPool\LightsetPool\Thumbnails\dfg.png
[2023-10-11 16:55:03,814][ApicWS10][INFO] deleted \\apicnas\Produktion\Projekte\_CLIENT_Lib\BOSCH\400_3D\420_assets_references_data\LightsetPool\LightsetPool\Thumbnails\dfg.png
[2023-10-11 16:55:03,819][ApicWS10][INFO] deleted \\apicnas\Produktion\Projekte\_CLIENT_Lib\BOSCH\400_3D\420_assets_references_data\LightsetPool\LightsetPool\Lightsets\dfg.mb
[2023-10-11 16:55:10,279][ApicWS10][INFO] deleted \\apicnas\Produktion\Projekte\_CLIENT_Lib\BOSCH\400_3D\420_assets_references_data\ModelPool\Thumbnails\Test.png
[2023-10-11 16:55:10,284][ApicWS10][INFO] deleted \\apicnas\Produktion\Projekte\_CLIENT_Lib\BOSCH\400_3D\420_assets_references_data\ModelPool\Models\Test.mb
[2023-10-11 16:57:35,649][ApicWS10][INFO] updated settings manager values.
[2023-10-11 16:57:35,656][ApicWS10][INFO] saving settings to \\apicnas\Produktion\Pipeline\Apic_Maya_Pipeline\Python\render_vault\settings\config-ApicWS10.json
[2023-10-11 17:22:00,976][ApicWS08][INFO] starting Render Vault...
[2023-10-11 17:22:01,099][ApicWS08][INFO] loading settings from \\APICNAS\Produktion\Pipeline\Apic_Maya_Pipeline\Python\render_vault\settings\config-ApicWS08.json
[2023-10-11 17:22:04,884][ApicWS08][INFO] updated settings manager values.
[2023-10-11 17:22:04,887][ApicWS08][INFO] saving settings to \\APICNAS\Produktion\Pipeline\Apic_Maya_Pipeline\Python\render_vault\settings\config-ApicWS08.json
[2023-10-11 17:26:13,276][ApicWS08][INFO] updated settings manager values.
[2023-10-11 17:26:13,278][ApicWS08][INFO] saving settings to \\APICNAS\Produktion\Pipeline\Apic_Maya_Pipeline\Python\render_vault\settings\config-ApicWS08.json
