[2023-10-31 10:07:07,175][Apic-WS09][INFO] starting Render Vault...
[2023-10-31 10:07:07,327][Apic-WS09][INFO] loading settings from \\APICNAS\Produktion\Pipeline\Apic_Maya_Pipeline\Python\render_vault\settings\config-Apic-WS09.json
[2023-10-31 10:23:32,583][ApicWS10][INFO] starting Render Vault...
[2023-10-31 10:23:32,704][ApicWS10][INFO] loading settings from \\APICNAS\Produktion\Pipeline\Apic_Maya_Pipeline\Python\render_vault\settings\config-ApicWS10.json
[2023-10-31 10:24:44,791][ApicWS10][INFO] initializing maya standalone...
[2023-10-31 10:25:01,417][ApicWS10][INFO] loaded scene: \\apicnas\Produktion\Projekte\_CLIENT_Lib\LEITZ\400_3D\420_assets_references_data\ModelPool\Models\Optima_Pro_90EC.mb
[2023-10-31 10:25:01,428][ApicWS10][INFO] copied //apicnas/Produktion/Projekte/22428LEI_Optima/100_Client/101_vom_Kunden/231030_neue_Beschriftung/Metallic Dashes_1k.png to \\apicnas\Produktion\Projekte\_CLIENT_Lib\LEITZ\400_3D\420_assets_references_data\ModelPool\Textures\Optima_Pro_90EC
[2023-10-31 10:25:01,428][ApicWS10][INFO] set path of file node: Metallic_Dashes_1k_1 to \\apicnas\Produktion\Projekte\_CLIENT_Lib\LEITZ\400_3D\420_assets_references_data\ModelPool\Textures\Optima_Pro_90EC\Metallic Dashes_1k.png
[2023-10-31 10:25:01,546][ApicWS10][INFO] saved scene \\apicnas\Produktion\Projekte\_CLIENT_Lib\LEITZ\400_3D\420_assets_references_data\ModelPool\Models\Optima_Pro_90EC.mb
[2023-10-31 10:25:01,547][ApicWS10][ERROR] can't create folder, path: \\apicnas\Produktion\Projekte\_CLIENT_Lib\LEITZ\400_3D\420_assets_references_data\ModelPool\Textures\Optima_Pro_90EC already exists
[2023-10-31 10:25:01,553][ApicWS10][INFO] copied W:/Projekte/_CLIENT_Lib/LEITZ/400_3D/430_textures/Stapler_textures/rapid_pro_90_ec/CBT40032_logo_rapid_pro_90EC_print_vec.png to \\apicnas\Produktion\Projekte\_CLIENT_Lib\LEITZ\400_3D\420_assets_references_data\ModelPool\Textures\Optima_Pro_90EC
[2023-10-31 10:25:01,553][ApicWS10][INFO] set path of file node: file1 to \\apicnas\Produktion\Projekte\_CLIENT_Lib\LEITZ\400_3D\420_assets_references_data\ModelPool\Textures\Optima_Pro_90EC\CBT40032_logo_rapid_pro_90EC_print_vec.png
[2023-10-31 10:25:01,658][ApicWS10][INFO] saved scene \\apicnas\Produktion\Projekte\_CLIENT_Lib\LEITZ\400_3D\420_assets_references_data\ModelPool\Models\Optima_Pro_90EC.mb
[2023-10-31 10:25:01,659][ApicWS10][INFO] uninitializing maya standalone...
[2023-10-31 10:27:43,431][ApicWS10][INFO] imported model \\apicnas\Produktion\Projekte\_CLIENT_Lib\LEITZ\400_3D\420_assets_references_data\ModelPool\Models\dashes_decal.mb
[2023-10-31 10:57:07,141][Apic-WS09][INFO] starting Render Vault...
[2023-10-31 10:57:07,256][Apic-WS09][INFO] loading settings from \\APICNAS\Produktion\Pipeline\Apic_Maya_Pipeline\Python\render_vault\settings\config-Apic-WS09.json
[2023-10-31 11:10:22,743][ApicWS10][INFO] initializing maya standalone...
[2023-10-31 11:10:54,497][ApicWS10][INFO] loaded scene: \\apicnas\Produktion\Projekte\_CLIENT_Lib\LEITZ\400_3D\420_assets_references_data\ModelPool\Models\Optima_60.mb
[2023-10-31 11:10:54,528][ApicWS10][INFO] copied //apicnas/Produktion/Projekte/22428LEI_Optima/100_Client/101_vom_Kunden/231030_neue_Beschriftung/Metallic Dashes_1k.png to \\apicnas\Produktion\Projekte\_CLIENT_Lib\LEITZ\400_3D\420_assets_references_data\ModelPool\Textures\Optima_60
[2023-10-31 11:10:54,529][ApicWS10][INFO] set path of file node: Metallic_Dashes_1k_1 to \\apicnas\Produktion\Projekte\_CLIENT_Lib\LEITZ\400_3D\420_assets_references_data\ModelPool\Textures\Optima_60\Metallic Dashes_1k.png
[2023-10-31 11:10:54,634][ApicWS10][INFO] saved scene \\apicnas\Produktion\Projekte\_CLIENT_Lib\LEITZ\400_3D\420_assets_references_data\ModelPool\Models\Optima_60.mb
[2023-10-31 11:10:54,636][ApicWS10][ERROR] can't create folder, path: \\apicnas\Produktion\Projekte\_CLIENT_Lib\LEITZ\400_3D\420_assets_references_data\ModelPool\Textures\Optima_60 already exists
[2023-10-31 11:10:54,652][ApicWS10][INFO] copied W:/Projekte/_CLIENT_Lib/LEITZ/400_3D/430_textures/Stapler_textures/rapid_optima_60e/CBT40032_logo_rapid_optima_60E_print_vec.png to \\apicnas\Produktion\Projekte\_CLIENT_Lib\LEITZ\400_3D\420_assets_references_data\ModelPool\Textures\Optima_60
[2023-10-31 11:10:54,653][ApicWS10][INFO] set path of file node: file1 to \\apicnas\Produktion\Projekte\_CLIENT_Lib\LEITZ\400_3D\420_assets_references_data\ModelPool\Textures\Optima_60\CBT40032_logo_rapid_optima_60E_print_vec.png
[2023-10-31 11:10:54,747][ApicWS10][INFO] saved scene \\apicnas\Produktion\Projekte\_CLIENT_Lib\LEITZ\400_3D\420_assets_references_data\ModelPool\Models\Optima_60.mb
[2023-10-31 11:10:54,747][ApicWS10][INFO] uninitializing maya standalone...
[2023-10-31 11:13:50,246][Apic-WS09][INFO] archived Plastic_glossy_black_mtl to \\apicnas\Produktion\Projekte\_CLIENT_Lib\TEKON\3D_Pool\MaterialPool\Archive\Plastic_glossy_black_mtl\Plastic_glossy_black_mtl_005.mb
[2023-10-31 11:13:57,184][Apic-WS09][INFO] initializing maya standalone...
[2023-10-31 11:14:10,845][Apic-WS09][INFO] loaded render scene: \\APICNAS\Produktion\Ressources\Library\3D_Modelle\_ShaderBall_Maya\_DEV\MaterialDev_REF_ACES.mb
[2023-10-31 11:14:11,012][Apic-WS09][INFO] imported \\apicnas\Produktion\Projekte\_CLIENT_Lib\TEKON\3D_Pool\MaterialPool\Materials\Plastic_glossy_black_mtl.mb
[2023-10-31 11:14:11,014][Apic-WS09][INFO] set v-ray as active renderer
[2023-10-31 11:14:11,015][Apic-WS09][INFO] set v-ray render settings
[2023-10-31 11:14:11,017][Apic-WS09][INFO] set image output path: \\apicnas\Produktion\Projekte\_CLIENT_Lib\TEKON\3D_Pool\MaterialPool\Thumbnails
[2023-10-31 11:14:11,019][Apic-WS09][INFO] assigned Plastic_glossy_black_mtl to ShaderBall
[2023-10-31 11:14:28,702][Apic-WS09][INFO] finished rendering Plastic_glossy_black_mtl
[2023-10-31 11:14:28,703][Apic-WS09][INFO] uninitializing maya standalone...
[2023-10-31 11:16:35,521][Apic-WS09][INFO] material Plastic_glossy_black_mtl already exists in scene, skipping reference.
[2023-10-31 11:16:43,778][Apic-WS09][INFO] saving settings to \\APICNAS\Produktion\Pipeline\Apic_Maya_Pipeline\Python\render_vault\settings\config-Apic-WS09.json
[2023-10-31 11:16:48,547][Apic-WS09][INFO] loading settings from \\APICNAS\Produktion\Pipeline\Apic_Maya_Pipeline\Python\render_vault\settings\config-Apic-WS09.json
[2023-10-31 11:16:58,279][Apic-WS09][INFO] material Plastic_glossy_black_mtl already exists in scene, skipping reference.
[2023-10-31 11:22:50,667][ApicWS10][INFO] starting Render Vault...
[2023-10-31 11:22:50,782][ApicWS10][INFO] loading settings from \\APICNAS\Produktion\Pipeline\Apic_Maya_Pipeline\Python\render_vault\settings\config-ApicWS10.json
[2023-10-31 11:22:54,688][ApicWS10][INFO] imported material akku_sticker_BlendMtl
[2023-10-31 11:24:03,943][Apic-WS09][INFO] starting Render Vault...
[2023-10-31 11:24:04,093][Apic-WS09][INFO] loading settings from \\APICNAS\Produktion\Pipeline\Apic_Maya_Pipeline\Python\render_vault\settings\config-Apic-WS09.json
[2023-10-31 11:24:34,180][Apic-WS09][INFO] saving settings to \\APICNAS\Produktion\Pipeline\Apic_Maya_Pipeline\Python\render_vault\settings\config-Apic-WS09.json
[2023-10-31 11:24:42,474][Apic-WS09][INFO] loading settings from \\APICNAS\Produktion\Pipeline\Apic_Maya_Pipeline\Python\render_vault\settings\config-Apic-WS09.json
[2023-10-31 11:24:48,121][Apic-WS09][INFO] imported model \\apicnas\Produktion\Projekte\_CLIENT_Lib\TEKON\3D_Pool\ModelPool\Models\Goldteile.mb
[2023-10-31 11:27:05,447][ApicWS10][INFO] material akku_sticker_BlendMtl already exists in scene, skipping reference.
[2023-10-31 11:27:25,567][ApicWS10][INFO] imported material Abschatter_innen
[2023-10-31 11:27:32,407][ApicWS10][INFO] referenced material \\apicnas\Produktion\Projekte\_CLIENT_Lib\KAERCHER\400_3D\440_shader\MaterialPool\Materials\Abschatter_innen.mb
[2023-10-31 11:28:05,068][ApicWS10][INFO] imported material Plastic_glossy_black_mtl
[2023-10-31 11:28:18,013][ApicWS10][INFO] referenced material \\apicnas\Produktion\Projekte\_CLIENT_Lib\TEKON\3D_Pool\MaterialPool\Materials\Plastic_glossy_black_mtl.mb
[2023-10-31 11:32:20,850][Apic-WS09][INFO] referenced material \\apicnas\Produktion\Projekte\_CLIENT_Lib\TEKON\3D_Pool\MaterialPool\Materials\Plastic_glossy_black_mtl.mb
[2023-10-31 11:35:36,479][Apic-WS09][INFO] archived TK_AKS_02_5_1 to \\apicnas\Produktion\Projekte\_CLIENT_Lib\TEKON\3D_Pool\ModelPool\Archive\TK_AKS_02_5_1\TK_AKS_02_5_1_008.mb
[2023-10-31 11:36:28,439][Apic-WS09][INFO] saving settings to \\APICNAS\Produktion\Pipeline\Apic_Maya_Pipeline\Python\render_vault\settings\config-Apic-WS09.json
[2023-10-31 11:36:33,193][Apic-WS09][INFO] saving settings to \\APICNAS\Produktion\Pipeline\Apic_Maya_Pipeline\Python\render_vault\settings\config-Apic-WS09.json
[2023-10-31 11:36:59,107][Apic-WS09][INFO] loading settings from \\APICNAS\Produktion\Pipeline\Apic_Maya_Pipeline\Python\render_vault\settings\config-Apic-WS09.json
[2023-10-31 11:38:07,822][Apic-WS09][INFO] referenced material \\apicnas\Produktion\Projekte\_CLIENT_Lib\TEKON\3D_Pool\MaterialPool\Materials\Plastic_glossy_black_mtl.mb
[2023-10-31 11:38:11,161][Apic-WS09][INFO] saving settings to \\APICNAS\Produktion\Pipeline\Apic_Maya_Pipeline\Python\render_vault\settings\config-Apic-WS09.json
[2023-10-31 11:39:17,467][Apic-WS09][INFO] loading settings from \\APICNAS\Produktion\Pipeline\Apic_Maya_Pipeline\Python\render_vault\settings\config-Apic-WS09.json
[2023-10-31 11:39:24,069][ApicWS10][INFO] saving settings to \\APICNAS\Produktion\Pipeline\Apic_Maya_Pipeline\Python\render_vault\settings\config-ApicWS10.json
[2023-10-31 11:39:27,758][Apic-WS09][INFO] archived TK_AKS_08_16_6 to \\apicnas\Produktion\Projekte\_CLIENT_Lib\TEKON\3D_Pool\ModelPool\Archive\TK_AKS_08_16_6\TK_AKS_08_16_6_008.mb
[2023-10-31 11:40:25,655][Apic-WS09][INFO] referenced material \\apicnas\Produktion\Projekte\_CLIENT_Lib\TEKON\3D_Pool\MaterialPool\Materials\Plastic_glossy_black_mtl.mb
[2023-10-31 11:40:52,065][Apic-WS09][INFO] saving settings to \\APICNAS\Produktion\Pipeline\Apic_Maya_Pipeline\Python\render_vault\settings\config-Apic-WS09.json
[2023-10-31 11:41:48,982][Apic-WS09][INFO] loading settings from \\APICNAS\Produktion\Pipeline\Apic_Maya_Pipeline\Python\render_vault\settings\config-Apic-WS09.json
[2023-10-31 11:41:58,681][Apic-WS09][INFO] archived TK_AKS_08_28_2 to \\apicnas\Produktion\Projekte\_CLIENT_Lib\TEKON\3D_Pool\ModelPool\Archive\TK_AKS_08_28_2\TK_AKS_08_28_2_010.mb
[2023-10-31 11:42:01,799][Apic-WS09][INFO] saving settings to \\APICNAS\Produktion\Pipeline\Apic_Maya_Pipeline\Python\render_vault\settings\config-Apic-WS09.json
[2023-10-31 11:42:03,612][ApicWS10][INFO] Saved Screenshot in \\apicnas\Produktion\Projekte\_CLIENT_Lib\LEITZ\400_3D\420_assets_references_data\ModelPool\Thumbnails\Optima_Pro_90EC.jpg
[2023-10-31 11:53:54,326][ApicWS10][INFO] Saved Screenshot in \\apicnas\Produktion\Projekte\_CLIENT_Lib\LEITZ\400_3D\420_assets_references_data\ModelPool\Thumbnails\Optima_60.jpg
[2023-10-31 11:53:58,930][ApicWS10][INFO] deleted \\apicnas\Produktion\Projekte\_CLIENT_Lib\LEITZ\400_3D\420_assets_references_data\ModelPool\Models\dashes_decal.mb
[2023-10-31 12:14:47,739][Apic-WS09][INFO] loading settings from \\APICNAS\Produktion\Pipeline\Apic_Maya_Pipeline\Python\render_vault\settings\config-Apic-WS09.json
[2023-10-31 12:14:53,461][Apic-WS09][INFO] imported model \\apicnas\Produktion\Projekte\_CLIENT_Lib\TEKON\3D_Pool\ModelPool\Models\Goldteile.mb
[2023-10-31 12:14:55,397][Apic-WS09][INFO] saving settings to \\APICNAS\Produktion\Pipeline\Apic_Maya_Pipeline\Python\render_vault\settings\config-Apic-WS09.json
[2023-10-31 12:17:56,196][ApicWS10][INFO] saving settings to \\APICNAS\Produktion\Pipeline\Apic_Maya_Pipeline\Python\render_vault\settings\config-ApicWS10.json
[2023-10-31 12:19:19,009][Apic-WS09][INFO] saving settings to \\APICNAS\Produktion\Pipeline\Apic_Maya_Pipeline\Python\render_vault\settings\config-Apic-WS09.json
[2023-10-31 15:06:39,694][ApicWS10][INFO] starting Render Vault...
[2023-10-31 15:06:39,819][ApicWS10][INFO] loading settings from \\APICNAS\Produktion\Pipeline\Apic_Maya_Pipeline\Python\render_vault\settings\config-ApicWS10.json
[2023-10-31 15:10:23,706][ApicWS10][INFO] saving settings to \\APICNAS\Produktion\Pipeline\Apic_Maya_Pipeline\Python\render_vault\settings\config-ApicWS10.json
[2023-10-31 15:10:27,501][ApicWS10][INFO] starting Render Vault...
[2023-10-31 15:10:27,607][ApicWS10][INFO] loading settings from \\APICNAS\Produktion\Pipeline\Apic_Maya_Pipeline\Python\render_vault\settings\config-ApicWS10.json
[2023-10-31 15:22:45,736][ApicWS10][INFO] saving settings to \\APICNAS\Produktion\Pipeline\Apic_Maya_Pipeline\Python\render_vault\settings\config-ApicWS10.json
[2023-10-31 15:27:25,775][ApicWS10][INFO] starting Render Vault...
[2023-10-31 15:27:25,874][ApicWS10][INFO] loading settings from \\APICNAS\Produktion\Pipeline\Apic_Maya_Pipeline\Python\render_vault\settings\config-ApicWS10.json
[2023-10-31 15:27:56,665][ApicWS10][INFO] saving settings to \\APICNAS\Produktion\Pipeline\Apic_Maya_Pipeline\Python\render_vault\settings\config-ApicWS10.json
[2023-10-31 15:29:16,579][ApicWS10][INFO] starting Render Vault...
[2023-10-31 15:29:16,682][ApicWS10][INFO] loading settings from \\APICNAS\Produktion\Pipeline\Apic_Maya_Pipeline\Python\render_vault\settings\config-ApicWS10.json
[2023-10-31 15:31:43,245][ApicWS10][INFO] saving settings to \\APICNAS\Produktion\Pipeline\Apic_Maya_Pipeline\Python\render_vault\settings\config-ApicWS10.json
[2023-10-31 15:31:45,357][ApicWS10][INFO] starting Render Vault...
[2023-10-31 15:31:45,433][ApicWS10][INFO] loading settings from \\APICNAS\Produktion\Pipeline\Apic_Maya_Pipeline\Python\render_vault\settings\config-ApicWS10.json
[2023-10-31 15:33:59,911][ApicWS10][INFO] saving settings to \\APICNAS\Produktion\Pipeline\Apic_Maya_Pipeline\Python\render_vault\settings\config-ApicWS10.json
[2023-10-31 15:34:18,353][ApicWS10][INFO] loading settings from \\APICNAS\Produktion\Pipeline\Apic_Maya_Pipeline\Python\render_vault\settings\config-ApicWS10.json
[2023-10-31 15:38:25,893][ApicWS10][INFO] saving settings to \\APICNAS\Produktion\Pipeline\Apic_Maya_Pipeline\Python\render_vault\settings\config-ApicWS10.json
[2023-10-31 15:43:52,117][ApicWS10][INFO] loading settings from \\APICNAS\Produktion\Pipeline\Apic_Maya_Pipeline\Python\render_vault\settings\config-ApicWS10.json
[2023-10-31 17:00:39,357][ApicWS10][INFO] saving settings to \\APICNAS\Produktion\Pipeline\Apic_Maya_Pipeline\Python\render_vault\settings\config-ApicWS10.json
[2023-10-31 17:01:14,252][ApicWS10][INFO] starting Render Vault...
[2023-10-31 17:01:14,381][ApicWS10][INFO] loading settings from \\APICNAS\Produktion\Pipeline\Apic_Maya_Pipeline\Python\render_vault\settings\config-ApicWS10.json
[2023-10-31 17:07:10,503][Apic-WS09][INFO] starting Render Vault...
[2023-10-31 17:07:10,637][Apic-WS09][INFO] loading settings from \\APICNAS\Produktion\Pipeline\Apic_Maya_Pipeline\Python\render_vault\settings\config-Apic-WS09.json
[2023-10-31 17:13:52,283][Apic-WS09][INFO] archived Plastic_glossy_black_mtl to \\apicnas\Produktion\Projekte\_CLIENT_Lib\TEKON\3D_Pool\MaterialPool\Archive\Plastic_glossy_black_mtl\Plastic_glossy_black_mtl_006.mb
[2023-10-31 17:14:01,176][Apic-WS09][INFO] saving settings to \\APICNAS\Produktion\Pipeline\Apic_Maya_Pipeline\Python\render_vault\settings\config-Apic-WS09.json
[2023-10-31 19:13:57,475][ApicWS06][INFO] starting Render Vault...
[2023-10-31 19:13:57,603][ApicWS06][INFO] loading settings from \\APICNAS\Produktion\Pipeline\Apic_Maya_Pipeline\Python\render_vault\settings\config-ApicWS06.json
