[2023-08-24 09:33:06,815][ApicWS10][INFO] starting Render Vault...
[2023-08-24 09:33:06,868][ApicWS10][INFO] loading settings from \\apicnas\Produktion\Pipeline\Apic_Maya_Pipeline\Python\render_vault\settings\config.json
[2023-08-24 09:33:38,648][ApicWS10][INFO] updated settings manager values.
[2023-08-24 09:33:38,654][ApicWS10][INFO] saving settings to \\apicnas\Produktion\Pipeline\Apic_Maya_Pipeline\Python\render_vault\settings\config.json
[2023-08-24 09:33:42,092][ApicWS10][INFO] starting Render Vault...
[2023-08-24 09:33:42,137][ApicWS10][INFO] loading settings from \\apicnas\Produktion\Pipeline\Apic_Maya_Pipeline\Python\render_vault\settings\config.json
[2023-08-24 09:36:07,032][ApicWS10][INFO] updated settings manager values.
[2023-08-24 09:36:07,038][ApicWS10][INFO] saving settings to \\apicnas\Produktion\Pipeline\Apic_Maya_Pipeline\Python\render_vault\settings\config.json
[2023-08-24 09:36:14,891][ApicWS10][INFO] starting Render Vault...
[2023-08-24 09:36:14,935][ApicWS10][INFO] loading settings from \\apicnas\Produktion\Pipeline\Apic_Maya_Pipeline\Python\render_vault\settings\config.json
[2023-08-24 09:38:06,341][ApicWS10][INFO] starting Render Vault...
[2023-08-24 09:38:06,391][ApicWS10][INFO] loading settings from \\apicnas\Produktion\Pipeline\Apic_Maya_Pipeline\Python\render_vault\settings\config.json
[2023-08-24 09:39:37,894][ApicWS10][INFO] updated settings manager values.
[2023-08-24 09:39:37,900][ApicWS10][INFO] saving settings to \\apicnas\Produktion\Pipeline\Apic_Maya_Pipeline\Python\render_vault\settings\config.json
[2023-08-24 09:39:43,715][ApicWS10][INFO] starting Render Vault...
[2023-08-24 09:39:43,761][ApicWS10][INFO] loading settings from \\apicnas\Produktion\Pipeline\Apic_Maya_Pipeline\Python\render_vault\settings\config.json
[2023-08-24 09:41:47,976][ApicWS10][INFO] updated settings manager values.
[2023-08-24 09:41:47,985][ApicWS10][INFO] saving settings to \\apicnas\Produktion\Pipeline\Apic_Maya_Pipeline\Python\render_vault\settings\config.json
[2023-08-24 09:41:48,500][ApicWS10][INFO] updated settings manager values.
[2023-08-24 09:41:48,509][ApicWS10][INFO] saving settings to \\apicnas\Produktion\Pipeline\Apic_Maya_Pipeline\Python\render_vault\settings\config.json
[2023-08-24 09:41:50,463][ApicWS10][INFO] starting Render Vault...
[2023-08-24 09:42:37,501][ApicWS10][INFO] starting Render Vault...
[2023-08-24 09:42:37,545][ApicWS10][INFO] loading settings from \\apicnas\Produktion\Pipeline\Apic_Maya_Pipeline\Python\render_vault\settings\config.json
[2023-08-24 09:42:57,257][ApicWS10][INFO] updated settings manager values.
[2023-08-24 09:42:57,263][ApicWS10][INFO] saving settings to \\apicnas\Produktion\Pipeline\Apic_Maya_Pipeline\Python\render_vault\settings\config.json
[2023-08-24 09:43:11,511][ApicWS10][INFO] starting Render Vault...
[2023-08-24 09:43:11,552][ApicWS10][INFO] loading settings from \\apicnas\Produktion\Pipeline\Apic_Maya_Pipeline\Python\render_vault\settings\config.json
[2023-08-24 09:44:05,442][ApicWS10][INFO] updated settings manager values.
[2023-08-24 09:44:05,448][ApicWS10][INFO] saving settings to \\apicnas\Produktion\Pipeline\Apic_Maya_Pipeline\Python\render_vault\settings\config.json
[2023-08-24 09:44:06,887][ApicWS10][INFO] starting Render Vault...
[2023-08-24 09:44:06,931][ApicWS10][INFO] loading settings from \\apicnas\Produktion\Pipeline\Apic_Maya_Pipeline\Python\render_vault\settings\config.json
[2023-08-24 09:48:19,027][ApicWS10][INFO] updated settings manager values.
[2023-08-24 09:48:19,033][ApicWS10][INFO] saving settings to \\apicnas\Produktion\Pipeline\Apic_Maya_Pipeline\Python\render_vault\settings\config.json
[2023-08-24 09:48:21,327][ApicWS10][INFO] starting Render Vault...
[2023-08-24 09:48:21,369][ApicWS10][INFO] loading settings from \\apicnas\Produktion\Pipeline\Apic_Maya_Pipeline\Python\render_vault\settings\config.json
[2023-08-24 09:49:43,866][ApicWS10][INFO] updated settings manager values.
[2023-08-24 09:49:43,872][ApicWS10][INFO] saving settings to \\apicnas\Produktion\Pipeline\Apic_Maya_Pipeline\Python\render_vault\settings\config.json
[2023-08-24 09:49:46,050][ApicWS10][INFO] starting Render Vault...
[2023-08-24 09:49:46,091][ApicWS10][INFO] loading settings from \\apicnas\Produktion\Pipeline\Apic_Maya_Pipeline\Python\render_vault\settings\config.json
[2023-08-24 09:50:36,944][ApicWS10][INFO] updated settings manager values.
[2023-08-24 09:50:36,951][ApicWS10][INFO] saving settings to \\apicnas\Produktion\Pipeline\Apic_Maya_Pipeline\Python\render_vault\settings\config.json
[2023-08-24 09:50:39,089][ApicWS10][INFO] starting Render Vault...
[2023-08-24 09:51:15,564][ApicWS10][INFO] starting Render Vault...
[2023-08-24 09:51:15,613][ApicWS10][INFO] loading settings from \\apicnas\Produktion\Pipeline\Apic_Maya_Pipeline\Python\render_vault\settings\config.json
[2023-08-24 09:52:28,434][ApicWS10][INFO] updated settings manager values.
[2023-08-24 09:52:28,440][ApicWS10][INFO] saving settings to \\apicnas\Produktion\Pipeline\Apic_Maya_Pipeline\Python\render_vault\settings\config.json
[2023-08-24 09:52:31,082][ApicWS10][INFO] starting Render Vault...
[2023-08-24 09:52:31,128][ApicWS10][INFO] loading settings from \\apicnas\Produktion\Pipeline\Apic_Maya_Pipeline\Python\render_vault\settings\config.json
[2023-08-24 09:53:00,924][ApicWS10][INFO] updated settings manager values.
[2023-08-24 09:53:00,930][ApicWS10][INFO] saving settings to \\apicnas\Produktion\Pipeline\Apic_Maya_Pipeline\Python\render_vault\settings\config.json
[2023-08-24 09:53:03,151][ApicWS10][INFO] starting Render Vault...
[2023-08-24 09:53:03,195][ApicWS10][INFO] loading settings from \\apicnas\Produktion\Pipeline\Apic_Maya_Pipeline\Python\render_vault\settings\config.json
[2023-08-24 09:53:16,386][ApicWS10][INFO] updated settings manager values.
[2023-08-24 09:53:16,392][ApicWS10][INFO] saving settings to \\apicnas\Produktion\Pipeline\Apic_Maya_Pipeline\Python\render_vault\settings\config.json
[2023-08-24 09:53:50,205][ApicWS10][INFO] starting Render Vault...
[2023-08-24 09:53:50,250][ApicWS10][INFO] loading settings from \\apicnas\Produktion\Pipeline\Apic_Maya_Pipeline\Python\render_vault\settings\config.json
[2023-08-24 09:58:50,611][ApicWS10][INFO] updated settings manager values.
[2023-08-24 09:58:50,617][ApicWS10][INFO] saving settings to \\apicnas\Produktion\Pipeline\Apic_Maya_Pipeline\Python\render_vault\settings\config.json
[2023-08-24 10:04:10,932][ApicWS10][INFO] starting Render Vault...
[2023-08-24 10:04:10,980][ApicWS10][INFO] loading settings from \\apicnas\Produktion\Pipeline\Apic_Maya_Pipeline\Python\render_vault\settings\config.json
[2023-08-24 10:04:27,783][ApicWS10][INFO] updated settings manager values.
[2023-08-24 10:04:27,789][ApicWS10][INFO] saving settings to \\apicnas\Produktion\Pipeline\Apic_Maya_Pipeline\Python\render_vault\settings\config.json
[2023-08-24 10:05:09,012][ApicWS10][INFO] starting Render Vault...
[2023-08-24 10:05:09,055][ApicWS10][INFO] loading settings from \\apicnas\Produktion\Pipeline\Apic_Maya_Pipeline\Python\render_vault\settings\config.json
[2023-08-24 10:06:17,429][ApicWS10][INFO] updated settings manager values.
[2023-08-24 10:06:17,435][ApicWS10][INFO] saving settings to \\apicnas\Produktion\Pipeline\Apic_Maya_Pipeline\Python\render_vault\settings\config.json
[2023-08-24 10:51:00,927][ApicWS10][INFO] starting Render Vault...
[2023-08-24 10:51:00,988][ApicWS10][INFO] loading settings from \\apicnas\Produktion\Pipeline\Apic_Maya_Pipeline\Python\render_vault\settings\config.json
[2023-08-24 10:52:47,434][ApicWS10][INFO] updated settings manager values.
[2023-08-24 10:52:47,441][ApicWS10][INFO] saving settings to \\apicnas\Produktion\Pipeline\Apic_Maya_Pipeline\Python\render_vault\settings\config.json
[2023-08-24 10:52:49,995][ApicWS10][INFO] starting Render Vault...
[2023-08-24 10:52:50,065][ApicWS10][INFO] loading settings from \\apicnas\Produktion\Pipeline\Apic_Maya_Pipeline\Python\render_vault\settings\config.json
[2023-08-24 10:54:20,834][ApicWS10][INFO] updated settings manager values.
[2023-08-24 10:54:20,843][ApicWS10][INFO] saving settings to \\apicnas\Produktion\Pipeline\Apic_Maya_Pipeline\Python\render_vault\settings\config.json
[2023-08-24 10:54:22,878][ApicWS10][INFO] starting Render Vault...
[2023-08-24 10:54:22,926][ApicWS10][INFO] loading settings from \\apicnas\Produktion\Pipeline\Apic_Maya_Pipeline\Python\render_vault\settings\config.json
[2023-08-24 10:55:18,155][ApicWS10][INFO] updated settings manager values.
[2023-08-24 10:55:18,161][ApicWS10][INFO] saving settings to \\apicnas\Produktion\Pipeline\Apic_Maya_Pipeline\Python\render_vault\settings\config.json
[2023-08-24 10:55:22,993][ApicWS10][INFO] starting Render Vault...
[2023-08-24 10:55:23,072][ApicWS10][INFO] loading settings from \\apicnas\Produktion\Pipeline\Apic_Maya_Pipeline\Python\render_vault\settings\config.json
[2023-08-24 10:55:31,524][ApicWS10][INFO] updated settings manager values.
[2023-08-24 10:55:31,529][ApicWS10][INFO] saving settings to \\apicnas\Produktion\Pipeline\Apic_Maya_Pipeline\Python\render_vault\settings\config.json
[2023-08-24 10:55:42,212][ApicWS10][INFO] starting Render Vault...
[2023-08-24 10:55:42,256][ApicWS10][INFO] loading settings from \\apicnas\Produktion\Pipeline\Apic_Maya_Pipeline\Python\render_vault\settings\config.json
[2023-08-24 10:55:55,424][ApicWS10][INFO] updated settings manager values.
[2023-08-24 10:55:55,428][ApicWS10][INFO] saving settings to \\apicnas\Produktion\Pipeline\Apic_Maya_Pipeline\Python\render_vault\settings\config.json
[2023-08-24 10:55:59,579][ApicWS10][INFO] starting Render Vault...
[2023-08-24 10:55:59,632][ApicWS10][INFO] loading settings from \\apicnas\Produktion\Pipeline\Apic_Maya_Pipeline\Python\render_vault\settings\config.json
[2023-08-24 10:58:47,128][ApicWS10][INFO] updated settings manager values.
[2023-08-24 10:58:47,135][ApicWS10][INFO] saving settings to \\apicnas\Produktion\Pipeline\Apic_Maya_Pipeline\Python\render_vault\settings\config.json
[2023-08-24 10:58:49,471][ApicWS10][INFO] starting Render Vault...
[2023-08-24 10:58:49,517][ApicWS10][INFO] loading settings from \\apicnas\Produktion\Pipeline\Apic_Maya_Pipeline\Python\render_vault\settings\config.json
[2023-08-24 10:59:37,207][ApicWS10][INFO] updated settings manager values.
[2023-08-24 10:59:37,214][ApicWS10][INFO] saving settings to \\apicnas\Produktion\Pipeline\Apic_Maya_Pipeline\Python\render_vault\settings\config.json
[2023-08-24 11:01:02,055][ApicWS10][INFO] starting Render Vault...
[2023-08-24 11:01:02,101][ApicWS10][INFO] loading settings from \\apicnas\Produktion\Pipeline\Apic_Maya_Pipeline\Python\render_vault\settings\config.json
[2023-08-24 11:01:18,696][ApicWS10][INFO] updated settings manager values.
[2023-08-24 11:01:18,704][ApicWS10][INFO] saving settings to \\apicnas\Produktion\Pipeline\Apic_Maya_Pipeline\Python\render_vault\settings\config.json
[2023-08-24 11:01:20,982][ApicWS10][INFO] starting Render Vault...
[2023-08-24 11:01:21,026][ApicWS10][INFO] loading settings from \\apicnas\Produktion\Pipeline\Apic_Maya_Pipeline\Python\render_vault\settings\config.json
[2023-08-24 11:05:49,133][ApicWS10][INFO] updated settings manager values.
[2023-08-24 11:05:49,139][ApicWS10][INFO] saving settings to \\apicnas\Produktion\Pipeline\Apic_Maya_Pipeline\Python\render_vault\settings\config.json
[2023-08-24 11:32:34,584][ApicWS10][INFO] starting Render Vault...
[2023-08-24 11:32:34,631][ApicWS10][INFO] loading settings from \\apicnas\Produktion\Pipeline\Apic_Maya_Pipeline\Python\render_vault\settings\config.json
[2023-08-24 11:32:39,991][ApicWS10][INFO] updated settings manager values.
[2023-08-24 11:32:39,999][ApicWS10][INFO] saving settings to \\apicnas\Produktion\Pipeline\Apic_Maya_Pipeline\Python\render_vault\settings\config.json
[2023-08-24 11:33:19,883][ApicWS10][INFO] starting Render Vault...
[2023-08-24 11:33:19,998][ApicWS10][INFO] loading settings from \\apicnas\Produktion\Pipeline\Apic_Maya_Pipeline\Python\render_vault\settings\config.json
[2023-08-24 11:34:28,868][ApicWS10][INFO] starting Render Vault...
[2023-08-24 11:34:28,931][ApicWS10][INFO] loading settings from \\apicnas\Produktion\Pipeline\Apic_Maya_Pipeline\Python\render_vault\settings\config.json
[2023-08-24 11:34:46,711][ApicWS10][INFO] updated settings manager values.
[2023-08-24 11:34:46,719][ApicWS10][INFO] saving settings to \\apicnas\Produktion\Pipeline\Apic_Maya_Pipeline\Python\render_vault\settings\config.json
[2023-08-24 11:34:49,393][ApicWS10][INFO] starting Render Vault...
[2023-08-24 11:34:49,449][ApicWS10][INFO] loading settings from \\apicnas\Produktion\Pipeline\Apic_Maya_Pipeline\Python\render_vault\settings\config.json
[2023-08-24 11:34:55,772][ApicWS10][INFO] updated settings manager values.
[2023-08-24 11:34:55,779][ApicWS10][INFO] saving settings to \\apicnas\Produktion\Pipeline\Apic_Maya_Pipeline\Python\render_vault\settings\config.json
[2023-08-24 11:34:58,175][ApicWS10][INFO] starting Render Vault...
[2023-08-24 11:34:58,230][ApicWS10][INFO] loading settings from \\apicnas\Produktion\Pipeline\Apic_Maya_Pipeline\Python\render_vault\settings\config.json
[2023-08-24 11:35:47,361][ApicWS10][INFO] updated settings manager values.
[2023-08-24 11:35:47,370][ApicWS10][INFO] saving settings to \\apicnas\Produktion\Pipeline\Apic_Maya_Pipeline\Python\render_vault\settings\config.json
[2023-08-24 11:44:16,240][ApicWS10][INFO] starting Render Vault...
[2023-08-24 11:44:16,297][ApicWS10][INFO] loading settings from \\apicnas\Produktion\Pipeline\Apic_Maya_Pipeline\Python\render_vault\settings\config.json
[2023-08-24 11:45:20,255][ApicWS10][INFO] updated settings manager values.
[2023-08-24 11:45:20,261][ApicWS10][INFO] saving settings to \\apicnas\Produktion\Pipeline\Apic_Maya_Pipeline\Python\render_vault\settings\config.json
[2023-08-24 11:45:22,449][ApicWS10][INFO] starting Render Vault...
[2023-08-24 11:45:22,501][ApicWS10][INFO] loading settings from \\apicnas\Produktion\Pipeline\Apic_Maya_Pipeline\Python\render_vault\settings\config.json
[2023-08-24 11:45:29,446][ApicWS10][INFO] updated settings manager values.
[2023-08-24 11:45:29,453][ApicWS10][INFO] saving settings to \\apicnas\Produktion\Pipeline\Apic_Maya_Pipeline\Python\render_vault\settings\config.json
[2023-08-24 11:47:45,551][ApicWS10][INFO] starting Render Vault...
[2023-08-24 11:47:45,609][ApicWS10][INFO] loading settings from \\apicnas\Produktion\Pipeline\Apic_Maya_Pipeline\Python\render_vault\settings\config.json
[2023-08-24 11:47:50,960][ApicWS10][INFO] updated settings manager values.
[2023-08-24 11:47:50,963][ApicWS10][INFO] saving settings to \\apicnas\Produktion\Pipeline\Apic_Maya_Pipeline\Python\render_vault\settings\config.json
[2023-08-24 11:47:56,260][ApicWS10][INFO] starting Render Vault...
[2023-08-24 11:47:56,308][ApicWS10][INFO] loading settings from \\apicnas\Produktion\Pipeline\Apic_Maya_Pipeline\Python\render_vault\settings\config.json
[2023-08-24 11:47:59,648][ApicWS10][INFO] updated settings manager values.
[2023-08-24 11:47:59,654][ApicWS10][INFO] saving settings to \\apicnas\Produktion\Pipeline\Apic_Maya_Pipeline\Python\render_vault\settings\config.json
[2023-08-24 11:48:29,478][ApicWS10][INFO] starting Render Vault...
[2023-08-24 11:48:29,527][ApicWS10][INFO] loading settings from \\apicnas\Produktion\Pipeline\Apic_Maya_Pipeline\Python\render_vault\settings\config.json
[2023-08-24 11:49:16,502][ApicWS10][INFO] updated settings manager values.
[2023-08-24 11:49:16,509][ApicWS10][INFO] saving settings to \\apicnas\Produktion\Pipeline\Apic_Maya_Pipeline\Python\render_vault\settings\config.json
[2023-08-24 11:49:18,927][ApicWS10][INFO] starting Render Vault...
[2023-08-24 11:49:18,985][ApicWS10][INFO] loading settings from \\apicnas\Produktion\Pipeline\Apic_Maya_Pipeline\Python\render_vault\settings\config.json
[2023-08-24 11:49:28,836][ApicWS10][INFO] updated settings manager values.
[2023-08-24 11:49:28,843][ApicWS10][INFO] saving settings to \\apicnas\Produktion\Pipeline\Apic_Maya_Pipeline\Python\render_vault\settings\config.json
[2023-08-24 11:49:57,968][ApicWS10][INFO] starting Render Vault...
[2023-08-24 11:49:58,015][ApicWS10][INFO] loading settings from \\apicnas\Produktion\Pipeline\Apic_Maya_Pipeline\Python\render_vault\settings\config.json
[2023-08-24 11:50:03,872][ApicWS10][INFO] updated settings manager values.
[2023-08-24 11:50:03,879][ApicWS10][INFO] saving settings to \\apicnas\Produktion\Pipeline\Apic_Maya_Pipeline\Python\render_vault\settings\config.json
[2023-08-24 11:50:05,503][ApicWS10][INFO] starting Render Vault...
[2023-08-24 11:51:48,899][ApicWS10][INFO] starting Render Vault...
[2023-08-24 11:51:48,963][ApicWS10][INFO] loading settings from \\apicnas\Produktion\Pipeline\Apic_Maya_Pipeline\Python\render_vault\settings\config.json
[2023-08-24 11:52:57,766][ApicWS10][INFO] updated settings manager values.
[2023-08-24 11:52:57,773][ApicWS10][INFO] saving settings to \\apicnas\Produktion\Pipeline\Apic_Maya_Pipeline\Python\render_vault\settings\config.json
[2023-08-24 11:53:00,160][ApicWS10][INFO] starting Render Vault...
[2023-08-24 11:53:00,215][ApicWS10][INFO] loading settings from \\apicnas\Produktion\Pipeline\Apic_Maya_Pipeline\Python\render_vault\settings\config.json
[2023-08-24 11:53:07,156][ApicWS10][INFO] updated settings manager values.
[2023-08-24 11:53:07,162][ApicWS10][INFO] saving settings to \\apicnas\Produktion\Pipeline\Apic_Maya_Pipeline\Python\render_vault\settings\config.json
[2023-08-24 11:54:59,273][ApicWS10][INFO] starting Render Vault...
[2023-08-24 11:54:59,318][ApicWS10][INFO] loading settings from \\apicnas\Produktion\Pipeline\Apic_Maya_Pipeline\Python\render_vault\settings\config.json
[2023-08-24 11:55:49,383][ApicWS10][INFO] updated settings manager values.
[2023-08-24 11:55:49,391][ApicWS10][INFO] saving settings to \\apicnas\Produktion\Pipeline\Apic_Maya_Pipeline\Python\render_vault\settings\config.json
[2023-08-24 11:55:51,286][ApicWS10][INFO] starting Render Vault...
[2023-08-24 11:55:51,332][ApicWS10][INFO] loading settings from \\apicnas\Produktion\Pipeline\Apic_Maya_Pipeline\Python\render_vault\settings\config.json
[2023-08-24 11:55:56,741][ApicWS10][INFO] updated settings manager values.
[2023-08-24 11:55:56,748][ApicWS10][INFO] saving settings to \\apicnas\Produktion\Pipeline\Apic_Maya_Pipeline\Python\render_vault\settings\config.json
[2023-08-24 11:56:39,606][ApicWS10][INFO] starting Render Vault...
[2023-08-24 11:56:39,652][ApicWS10][INFO] loading settings from \\apicnas\Produktion\Pipeline\Apic_Maya_Pipeline\Python\render_vault\settings\config.json
[2023-08-24 12:00:32,310][ApicWS10][INFO] updated settings manager values.
[2023-08-24 12:00:32,318][ApicWS10][INFO] saving settings to \\apicnas\Produktion\Pipeline\Apic_Maya_Pipeline\Python\render_vault\settings\config.json
[2023-08-24 12:00:37,762][ApicWS10][INFO] starting Render Vault...
[2023-08-24 12:00:37,806][ApicWS10][INFO] loading settings from \\apicnas\Produktion\Pipeline\Apic_Maya_Pipeline\Python\render_vault\settings\config.json
[2023-08-24 12:01:01,347][ApicWS10][INFO] updated settings manager values.
[2023-08-24 12:01:01,354][ApicWS10][INFO] saving settings to \\apicnas\Produktion\Pipeline\Apic_Maya_Pipeline\Python\render_vault\settings\config.json
[2023-08-24 12:01:02,952][ApicWS10][INFO] starting Render Vault...
[2023-08-24 12:01:02,997][ApicWS10][INFO] loading settings from \\apicnas\Produktion\Pipeline\Apic_Maya_Pipeline\Python\render_vault\settings\config.json
[2023-08-24 12:03:02,267][ApicWS10][INFO] updated settings manager values.
[2023-08-24 12:03:02,274][ApicWS10][INFO] saving settings to \\apicnas\Produktion\Pipeline\Apic_Maya_Pipeline\Python\render_vault\settings\config.json
[2023-08-24 12:03:04,309][ApicWS10][INFO] starting Render Vault...
[2023-08-24 12:03:04,352][ApicWS10][INFO] loading settings from \\apicnas\Produktion\Pipeline\Apic_Maya_Pipeline\Python\render_vault\settings\config.json
[2023-08-24 12:11:20,930][ApicWS10][INFO] updated settings manager values.
[2023-08-24 12:11:20,938][ApicWS10][INFO] saving settings to \\apicnas\Produktion\Pipeline\Apic_Maya_Pipeline\Python\render_vault\settings\config.json
[2023-08-24 12:11:24,162][ApicWS10][INFO] starting Render Vault...
[2023-08-24 12:11:24,204][ApicWS10][INFO] loading settings from \\apicnas\Produktion\Pipeline\Apic_Maya_Pipeline\Python\render_vault\settings\config.json
[2023-08-24 12:12:23,003][ApicWS10][INFO] starting Render Vault...
[2023-08-24 12:12:23,042][ApicWS10][INFO] loading settings from \\apicnas\Produktion\Pipeline\Apic_Maya_Pipeline\Python\render_vault\settings\config.json
[2023-08-24 12:12:46,124][ApicWS10][INFO] updated settings manager values.
[2023-08-24 12:12:46,128][ApicWS10][INFO] saving settings to \\apicnas\Produktion\Pipeline\Apic_Maya_Pipeline\Python\render_vault\settings\config.json
[2023-08-24 12:12:48,014][ApicWS10][INFO] starting Render Vault...
[2023-08-24 12:12:48,057][ApicWS10][INFO] loading settings from \\apicnas\Produktion\Pipeline\Apic_Maya_Pipeline\Python\render_vault\settings\config.json
[2023-08-24 12:12:53,159][ApicWS10][INFO] updated settings manager values.
[2023-08-24 12:12:53,164][ApicWS10][INFO] saving settings to \\apicnas\Produktion\Pipeline\Apic_Maya_Pipeline\Python\render_vault\settings\config.json
[2023-08-24 12:19:50,598][ApicWS10][INFO] starting Render Vault...
[2023-08-24 12:20:39,532][ApicWS10][INFO] starting Render Vault...
[2023-08-24 12:20:39,582][ApicWS10][INFO] loading settings from \\apicnas\Produktion\Pipeline\Apic_Maya_Pipeline\Python\render_vault\settings\config.json
[2023-08-24 12:21:10,661][ApicWS10][INFO] starting Render Vault...
[2023-08-24 12:21:10,698][ApicWS10][INFO] loading settings from \\apicnas\Produktion\Pipeline\Apic_Maya_Pipeline\Python\render_vault\settings\config.json
[2023-08-24 12:22:27,100][ApicWS10][INFO] starting Render Vault...
[2023-08-24 12:22:27,135][ApicWS10][INFO] loading settings from \\apicnas\Produktion\Pipeline\Apic_Maya_Pipeline\Python\render_vault\settings\config.json
[2023-08-24 12:23:53,319][ApicWS10][INFO] starting Render Vault...
[2023-08-24 12:23:53,354][ApicWS10][INFO] loading settings from \\apicnas\Produktion\Pipeline\Apic_Maya_Pipeline\Python\render_vault\settings\config.json
[2023-08-24 12:28:13,418][ApicWS10][INFO] starting Render Vault...
[2023-08-24 12:28:13,459][ApicWS10][INFO] loading settings from \\apicnas\Produktion\Pipeline\Apic_Maya_Pipeline\Python\render_vault\settings\config.json
[2023-08-24 12:29:29,691][ApicWS10][INFO] updated settings manager values.
[2023-08-24 12:29:29,698][ApicWS10][INFO] saving settings to \\apicnas\Produktion\Pipeline\Apic_Maya_Pipeline\Python\render_vault\settings\config.json
[2023-08-24 12:29:33,074][ApicWS10][INFO] starting Render Vault...
[2023-08-24 12:29:33,120][ApicWS10][INFO] loading settings from \\apicnas\Produktion\Pipeline\Apic_Maya_Pipeline\Python\render_vault\settings\config.json
[2023-08-24 12:30:44,549][ApicWS10][INFO] updated settings manager values.
[2023-08-24 12:30:44,553][ApicWS10][INFO] saving settings to \\apicnas\Produktion\Pipeline\Apic_Maya_Pipeline\Python\render_vault\settings\config.json
[2023-08-24 12:32:03,361][ApicWS10][INFO] starting Render Vault...
[2023-08-24 12:32:03,404][ApicWS10][INFO] loading settings from \\apicnas\Produktion\Pipeline\Apic_Maya_Pipeline\Python\render_vault\settings\config.json
[2023-08-24 12:32:24,293][ApicWS10][INFO] updated settings manager values.
[2023-08-24 12:32:24,301][ApicWS10][INFO] saving settings to \\apicnas\Produktion\Pipeline\Apic_Maya_Pipeline\Python\render_vault\settings\config.json
[2023-08-24 12:32:29,454][ApicWS10][INFO] updated settings manager values.
[2023-08-24 12:32:29,461][ApicWS10][INFO] saving settings to \\apicnas\Produktion\Pipeline\Apic_Maya_Pipeline\Python\render_vault\settings\config.json
[2023-08-24 12:32:31,420][ApicWS10][INFO] starting Render Vault...
[2023-08-24 12:32:31,460][ApicWS10][INFO] loading settings from \\apicnas\Produktion\Pipeline\Apic_Maya_Pipeline\Python\render_vault\settings\config.json
[2023-08-24 12:39:50,957][ApicWS10][INFO] starting Render Vault...
[2023-08-24 12:39:51,003][ApicWS10][INFO] loading settings from \\apicnas\Produktion\Pipeline\Apic_Maya_Pipeline\Python\render_vault\settings\config.json
[2023-08-24 12:42:14,036][ApicWS10][INFO] starting Render Vault...
[2023-08-24 12:42:14,074][ApicWS10][INFO] loading settings from \\apicnas\Produktion\Pipeline\Apic_Maya_Pipeline\Python\render_vault\settings\config.json
[2023-08-24 12:44:58,655][ApicWS10][INFO] updated settings manager values.
[2023-08-24 12:44:58,661][ApicWS10][INFO] saving settings to \\apicnas\Produktion\Pipeline\Apic_Maya_Pipeline\Python\render_vault\settings\config.json
[2023-08-24 12:45:04,332][ApicWS10][INFO] starting Render Vault...
[2023-08-24 12:45:04,377][ApicWS10][INFO] loading settings from \\apicnas\Produktion\Pipeline\Apic_Maya_Pipeline\Python\render_vault\settings\config.json
[2023-08-24 12:48:10,307][ApicWS10][INFO] updated settings manager values.
[2023-08-24 12:48:10,315][ApicWS10][INFO] saving settings to \\apicnas\Produktion\Pipeline\Apic_Maya_Pipeline\Python\render_vault\settings\config.json
[2023-08-24 12:48:12,524][ApicWS10][INFO] starting Render Vault...
[2023-08-24 12:48:12,568][ApicWS10][INFO] loading settings from \\apicnas\Produktion\Pipeline\Apic_Maya_Pipeline\Python\render_vault\settings\config.json
[2023-08-24 12:48:48,206][ApicWS10][INFO] updated settings manager values.
[2023-08-24 12:48:48,214][ApicWS10][INFO] saving settings to \\apicnas\Produktion\Pipeline\Apic_Maya_Pipeline\Python\render_vault\settings\config.json
[2023-08-24 12:48:56,360][ApicWS10][INFO] starting Render Vault...
[2023-08-24 12:48:56,407][ApicWS10][INFO] loading settings from \\apicnas\Produktion\Pipeline\Apic_Maya_Pipeline\Python\render_vault\settings\config.json
[2023-08-24 12:58:10,690][ApicWS10][INFO] updated settings manager values.
[2023-08-24 12:58:10,698][ApicWS10][INFO] saving settings to \\apicnas\Produktion\Pipeline\Apic_Maya_Pipeline\Python\render_vault\settings\config.json
[2023-08-24 12:58:13,030][ApicWS10][INFO] starting Render Vault...
[2023-08-24 12:58:13,080][ApicWS10][INFO] loading settings from \\apicnas\Produktion\Pipeline\Apic_Maya_Pipeline\Python\render_vault\settings\config.json
[2023-08-24 12:58:57,853][ApicWS10][INFO] updated settings manager values.
[2023-08-24 12:58:57,861][ApicWS10][INFO] saving settings to \\apicnas\Produktion\Pipeline\Apic_Maya_Pipeline\Python\render_vault\settings\config.json
[2023-08-24 16:14:48,726][ApicWS10][INFO] starting Render Vault...
[2023-08-24 16:14:48,802][ApicWS10][INFO] loading settings from \\apicnas\Produktion\Pipeline\Apic_Maya_Pipeline\Python\render_vault\settings\config.json
[2023-08-24 16:16:16,994][ApicWS10][INFO] updated settings manager values.
[2023-08-24 16:16:17,003][ApicWS10][INFO] saving settings to \\apicnas\Produktion\Pipeline\Apic_Maya_Pipeline\Python\render_vault\settings\config.json
[2023-08-24 16:16:17,013][ApicWS10][INFO] loading settings from \\apicnas\Produktion\Pipeline\Apic_Maya_Pipeline\Python\render_vault\settings\config.json
[2023-08-24 16:18:06,525][ApicWS10][INFO] updated settings manager values.
[2023-08-24 16:18:06,533][ApicWS10][INFO] saving settings to \\apicnas\Produktion\Pipeline\Apic_Maya_Pipeline\Python\render_vault\settings\config.json
[2023-08-24 16:18:10,213][ApicWS10][INFO] starting Render Vault...
[2023-08-24 16:18:10,260][ApicWS10][INFO] loading settings from \\apicnas\Produktion\Pipeline\Apic_Maya_Pipeline\Python\render_vault\settings\config.json
[2023-08-24 16:25:15,752][ApicWS10][INFO] updated settings manager values.
[2023-08-24 16:25:15,760][ApicWS10][INFO] saving settings to \\apicnas\Produktion\Pipeline\Apic_Maya_Pipeline\Python\render_vault\settings\config.json
[2023-08-24 16:25:17,996][ApicWS10][INFO] starting Render Vault...
[2023-08-24 16:26:00,015][ApicWS10][INFO] starting Render Vault...
[2023-08-24 16:26:54,919][ApicWS10][INFO] starting Render Vault...
[2023-08-24 16:27:44,018][ApicWS10][INFO] starting Render Vault...
[2023-08-24 16:28:21,106][ApicWS10][INFO] starting Render Vault...
[2023-08-24 16:29:07,536][ApicWS10][INFO] starting Render Vault...
[2023-08-24 16:29:28,903][ApicWS10][INFO] starting Render Vault...
[2023-08-24 16:30:10,496][ApicWS10][INFO] starting Render Vault...
[2023-08-24 16:31:36,063][ApicWS10][INFO] starting Render Vault...
[2023-08-24 16:32:28,600][ApicWS10][INFO] starting Render Vault...
[2023-08-24 16:33:08,648][ApicWS10][INFO] starting Render Vault...
[2023-08-24 16:33:27,925][ApicWS10][INFO] starting Render Vault...
[2023-08-24 16:34:00,261][ApicWS10][INFO] starting Render Vault...
[2023-08-24 16:34:29,939][ApicWS10][INFO] starting Render Vault...
[2023-08-24 16:34:29,985][ApicWS10][INFO] loading settings from \\apicnas\Produktion\Pipeline\Apic_Maya_Pipeline\Python\render_vault\settings\config.json
[2023-08-24 16:37:37,896][ApicWS10][INFO] updated settings manager values.
[2023-08-24 16:37:37,904][ApicWS10][INFO] saving settings to \\apicnas\Produktion\Pipeline\Apic_Maya_Pipeline\Python\render_vault\settings\config.json
[2023-08-24 16:37:37,915][ApicWS10][INFO] loading settings from \\apicnas\Produktion\Pipeline\Apic_Maya_Pipeline\Python\render_vault\settings\config.json
[2023-08-24 16:37:50,471][ApicWS10][INFO] updated settings manager values.
[2023-08-24 16:37:50,479][ApicWS10][INFO] saving settings to \\apicnas\Produktion\Pipeline\Apic_Maya_Pipeline\Python\render_vault\settings\config.json
[2023-08-24 16:37:50,489][ApicWS10][INFO] loading settings from \\apicnas\Produktion\Pipeline\Apic_Maya_Pipeline\Python\render_vault\settings\config.json
[2023-08-24 16:37:59,802][ApicWS10][INFO] updated settings manager values.
[2023-08-24 16:37:59,809][ApicWS10][INFO] saving settings to \\apicnas\Produktion\Pipeline\Apic_Maya_Pipeline\Python\render_vault\settings\config.json
[2023-08-24 16:37:59,819][ApicWS10][INFO] loading settings from \\apicnas\Produktion\Pipeline\Apic_Maya_Pipeline\Python\render_vault\settings\config.json
[2023-08-24 16:38:23,188][ApicWS10][INFO] deleted C:\Users\TheApic\Desktop\HDRIPool\Thumbnails\SkyOnlyHDRI001_16K-HDR.jpg
[2023-08-24 16:38:23,201][ApicWS10][INFO] deleted C:\Users\TheApic\Desktop\HDRIPool\HDRIs\SkyOnlyHDRI001_16K-HDR.exr
[2023-08-24 16:39:38,206][ApicWS10][INFO] starting Render Vault...
[2023-08-24 16:39:38,253][ApicWS10][INFO] loading settings from \\apicnas\Produktion\Pipeline\Apic_Maya_Pipeline\Python\render_vault\settings\config.json
[2023-08-24 16:41:56,959][ApicWS10][INFO] updated settings manager values.
[2023-08-24 16:41:56,964][ApicWS10][INFO] saving settings to \\apicnas\Produktion\Pipeline\Apic_Maya_Pipeline\Python\render_vault\settings\config.json
[2023-08-24 16:41:58,155][ApicWS10][INFO] starting Render Vault...
[2023-08-24 16:41:58,200][ApicWS10][INFO] loading settings from \\apicnas\Produktion\Pipeline\Apic_Maya_Pipeline\Python\render_vault\settings\config.json
[2023-08-24 16:42:43,025][ApicWS10][INFO] updated settings manager values.
[2023-08-24 16:42:43,034][ApicWS10][INFO] saving settings to \\apicnas\Produktion\Pipeline\Apic_Maya_Pipeline\Python\render_vault\settings\config.json
[2023-08-24 16:42:44,489][ApicWS10][INFO] starting Render Vault...
[2023-08-24 16:42:44,535][ApicWS10][INFO] loading settings from \\apicnas\Produktion\Pipeline\Apic_Maya_Pipeline\Python\render_vault\settings\config.json
[2023-08-24 16:43:36,749][ApicWS10][INFO] updated settings manager values.
[2023-08-24 16:43:36,758][ApicWS10][INFO] saving settings to \\apicnas\Produktion\Pipeline\Apic_Maya_Pipeline\Python\render_vault\settings\config.json
[2023-08-24 16:43:38,088][ApicWS10][INFO] starting Render Vault...
[2023-08-24 16:43:38,133][ApicWS10][INFO] loading settings from \\apicnas\Produktion\Pipeline\Apic_Maya_Pipeline\Python\render_vault\settings\config.json
[2023-08-24 16:51:34,652][ApicWS10][INFO] updated settings manager values.
[2023-08-24 16:51:34,661][ApicWS10][INFO] saving settings to \\apicnas\Produktion\Pipeline\Apic_Maya_Pipeline\Python\render_vault\settings\config.json
[2023-08-24 16:51:36,079][ApicWS10][INFO] starting Render Vault...
[2023-08-24 16:51:36,129][ApicWS10][INFO] loading settings from \\apicnas\Produktion\Pipeline\Apic_Maya_Pipeline\Python\render_vault\settings\config.json
[2023-08-24 16:51:46,020][ApicWS10][INFO] updated settings manager values.
[2023-08-24 16:51:46,028][ApicWS10][INFO] saving settings to \\apicnas\Produktion\Pipeline\Apic_Maya_Pipeline\Python\render_vault\settings\config.json
[2023-08-24 16:51:47,186][ApicWS10][INFO] starting Render Vault...
[2023-08-24 16:51:47,229][ApicWS10][INFO] loading settings from \\apicnas\Produktion\Pipeline\Apic_Maya_Pipeline\Python\render_vault\settings\config.json
[2023-08-24 16:59:09,446][ApicWS10][INFO] updated settings manager values.
[2023-08-24 16:59:09,454][ApicWS10][INFO] saving settings to \\apicnas\Produktion\Pipeline\Apic_Maya_Pipeline\Python\render_vault\settings\config.json
[2023-08-24 17:03:00,375][ApicWS10][INFO] starting Render Vault...
[2023-08-24 17:03:00,422][ApicWS10][INFO] loading settings from \\apicnas\Produktion\Pipeline\Apic_Maya_Pipeline\Python\render_vault\settings\config.json
[2023-08-24 17:03:05,110][ApicWS10][INFO] updated settings manager values.
[2023-08-24 17:03:05,118][ApicWS10][INFO] saving settings to \\apicnas\Produktion\Pipeline\Apic_Maya_Pipeline\Python\render_vault\settings\config.json
[2023-08-24 17:14:47,984][ApicWS10][INFO] starting Render Vault...
[2023-08-24 17:14:48,039][ApicWS10][INFO] loading settings from \\apicnas\Produktion\Pipeline\Apic_Maya_Pipeline\Python\render_vault\settings\config.json
[2023-08-24 17:15:08,585][ApicWS10][INFO] imported material Abschatter_innen
[2023-08-24 17:15:46,437][ApicWS10][INFO] updated settings manager values.
[2023-08-24 17:15:46,443][ApicWS10][INFO] saving settings to \\apicnas\Produktion\Pipeline\Apic_Maya_Pipeline\Python\render_vault\settings\config.json
[2023-08-24 17:16:37,501][ApicWS10][INFO] starting Render Vault...
[2023-08-24 17:16:37,551][ApicWS10][INFO] loading settings from \\apicnas\Produktion\Pipeline\Apic_Maya_Pipeline\Python\render_vault\settings\config.json
[2023-08-24 17:17:49,153][ApicWS10][INFO] imported model C:\Users\TheApic\Desktop\ModelPool\Models\Gehäuse.mb
[2023-08-24 17:17:57,674][ApicWS10][INFO] referenced model C:\Users\TheApic\Desktop\ModelPool\Models\Gehäuse.mb
[2023-08-24 17:18:48,521][ApicWS10][INFO] Saved Scrrenshot in C:\Users\TheApic\Desktop\ModelPool\Thumbnails\with_textures.png
[2023-08-24 17:19:07,750][ApicWS10][INFO] deleted C:\Users\TheApic\Desktop\ModelPool\Thumbnails\with_textures.png
[2023-08-24 17:19:07,752][ApicWS10][INFO] deleted C:\Users\TheApic\Desktop\ModelPool\Models\with_textures.mb
[2023-08-24 17:22:02,494][ApicWS10][INFO] updated settings manager values.
[2023-08-24 17:22:02,500][ApicWS10][INFO] saving settings to \\apicnas\Produktion\Pipeline\Apic_Maya_Pipeline\Python\render_vault\settings\config.json
[2023-08-24 17:22:02,512][ApicWS10][INFO] loading settings from \\apicnas\Produktion\Pipeline\Apic_Maya_Pipeline\Python\render_vault\settings\config.json
[2023-08-24 17:23:06,890][ApicWS10][INFO] initializing maya standalone...
[2023-08-24 17:23:20,851][ApicWS10][INFO] loaded render scene: \\APICNAS\Produktion\Ressources\Library\3D_Modelle\_ShaderBall_Maya\_DEV\MaterialDev_REF_ACES.mb
[2023-08-24 17:23:22,164][ApicWS10][INFO] imported C:\Users\TheApic\Desktop\MaterialPool\Materials\Abschatter_innen.mb
[2023-08-24 17:23:22,165][ApicWS10][INFO] set v-ray as active renderer
[2023-08-24 17:23:22,167][ApicWS10][INFO] set v-ray render settings
[2023-08-24 17:23:22,167][ApicWS10][INFO] set image output path: C:\Users\TheApic\Desktop\MaterialPool\Thumbnails
[2023-08-24 17:23:22,169][ApicWS10][INFO] assigned Abschatter_innen to ShaderBall
[2023-08-24 17:23:31,376][ApicWS10][INFO] finished rendering Abschatter_innen
[2023-08-24 17:23:31,377][ApicWS10][INFO] uninitializing maya standalone...
[2023-08-24 17:24:20,661][ApicWS10][INFO] updated settings manager values.
[2023-08-24 17:24:20,668][ApicWS10][INFO] saving settings to \\apicnas\Produktion\Pipeline\Apic_Maya_Pipeline\Python\render_vault\settings\config.json
[2023-08-24 17:24:34,616][ApicWS10][INFO] updated settings manager values.
[2023-08-24 17:24:34,623][ApicWS10][INFO] saving settings to \\apicnas\Produktion\Pipeline\Apic_Maya_Pipeline\Python\render_vault\settings\config.json
[2023-08-24 17:25:19,747][ApicWS10][INFO] updated settings manager values.
[2023-08-24 17:25:19,753][ApicWS10][INFO] saving settings to \\apicnas\Produktion\Pipeline\Apic_Maya_Pipeline\Python\render_vault\settings\config.json
[2023-08-24 17:25:19,763][ApicWS10][INFO] loading settings from \\apicnas\Produktion\Pipeline\Apic_Maya_Pipeline\Python\render_vault\settings\config.json
[2023-08-24 17:25:33,372][ApicWS10][INFO] updated settings manager values.
[2023-08-24 17:25:33,379][ApicWS10][INFO] saving settings to \\apicnas\Produktion\Pipeline\Apic_Maya_Pipeline\Python\render_vault\settings\config.json
[2023-08-24 17:25:33,390][ApicWS10][INFO] loading settings from \\apicnas\Produktion\Pipeline\Apic_Maya_Pipeline\Python\render_vault\settings\config.json
[2023-08-24 17:25:45,175][ApicWS10][INFO] updated settings manager values.
[2023-08-24 17:25:45,181][ApicWS10][INFO] saving settings to \\apicnas\Produktion\Pipeline\Apic_Maya_Pipeline\Python\render_vault\settings\config.json
[2023-08-24 17:25:45,191][ApicWS10][INFO] loading settings from \\apicnas\Produktion\Pipeline\Apic_Maya_Pipeline\Python\render_vault\settings\config.json
[2023-08-24 17:25:59,164][ApicWS10][INFO] imported model C:\Users\TheApic\Desktop\ModelPool\Models\motor_Clipper.mb
[2023-08-24 17:27:30,241][ApicWS10][INFO] imported model C:\Users\TheApic\Desktop\ModelPool\Models\sfsf.mb
[2023-08-24 17:36:45,649][ApicWS10][INFO] deleted C:\Users\TheApic\Desktop\MaterialPool\Thumbnails\Blech_gelb_lackiert.png
[2023-08-24 17:36:45,650][ApicWS10][INFO] deleted C:\Users\TheApic\Desktop\MaterialPool\Materials\Blech_gelb_lackiert.mb
[2023-08-24 17:40:44,261][ApicWS10][INFO] updated settings manager values.
[2023-08-24 17:40:44,267][ApicWS10][INFO] saving settings to \\apicnas\Produktion\Pipeline\Apic_Maya_Pipeline\Python\render_vault\settings\config.json
[2023-08-24 17:41:08,087][ApicWS10][INFO] updated settings manager values.
[2023-08-24 17:41:08,094][ApicWS10][INFO] saving settings to \\apicnas\Produktion\Pipeline\Apic_Maya_Pipeline\Python\render_vault\settings\config.json
[2023-08-24 17:41:37,330][ApicWS10][INFO] updated settings manager values.
[2023-08-24 17:41:37,337][ApicWS10][INFO] saving settings to \\apicnas\Produktion\Pipeline\Apic_Maya_Pipeline\Python\render_vault\settings\config.json
[2023-08-24 17:43:00,715][ApicWS10][INFO] updated settings manager values.
[2023-08-24 17:43:00,721][ApicWS10][INFO] saving settings to \\apicnas\Produktion\Pipeline\Apic_Maya_Pipeline\Python\render_vault\settings\config.json
[2023-08-24 17:43:20,880][ApicWS10][INFO] starting Render Vault...
[2023-08-24 17:43:20,922][ApicWS10][INFO] loading settings from \\apicnas\Produktion\Pipeline\Apic_Maya_Pipeline\Python\render_vault\settings\config.json
[2023-08-24 17:50:26,044][ApicWS10][INFO] updated settings manager values.
[2023-08-24 17:50:26,050][ApicWS10][INFO] saving settings to \\apicnas\Produktion\Pipeline\Apic_Maya_Pipeline\Python\render_vault\settings\config.json
[2023-08-24 17:50:27,689][ApicWS10][INFO] starting Render Vault...
[2023-08-24 17:50:27,721][ApicWS10][INFO] loading settings from \\apicnas\Produktion\Pipeline\Apic_Maya_Pipeline\Python\render_vault\settings\config.json
