[2023-09-15 09:28:44,070][ApicWS08][INFO] starting Render Vault...
[2023-09-15 09:28:44,140][ApicWS08][INFO] loading settings from \\APICNAS\Produktion\Pipeline\Apic_Maya_Pipeline\Python\render_vault\settings\config.json
[2023-09-15 09:29:50,727][ApicWS08][WARNING] can't create folder, path: //apicnas/Produktion/Projekte/_CLIENT_Lib/ERIMA/410_work_scenes/412_models\ModelPool already exists
[2023-09-15 09:29:50,729][ApicWS08][WARNING] can't create folder, path: //apicnas/Produktion/Projekte/_CLIENT_Lib/ERIMA/410_work_scenes/412_models\ModelPool\Models already exists
[2023-09-15 09:29:50,730][ApicWS08][WARNING] can't create folder, path: //apicnas/Produktion/Projekte/_CLIENT_Lib/ERIMA/410_work_scenes/412_models\ModelPool\Textures already exists
[2023-09-15 09:29:50,731][ApicWS08][WARNING] can't create folder, path: //apicnas/Produktion/Projekte/_CLIENT_Lib/ERIMA/410_work_scenes/412_models\ModelPool\Thumbnails already exists
[2023-09-15 09:29:50,732][ApicWS08][INFO] created new model pool in //apicnas/Produktion/Projekte/_CLIENT_Lib/ERIMA/410_work_scenes/412_models
[2023-09-15 09:30:36,872][ApicWS10][INFO] starting Render Vault...
[2023-09-15 09:30:36,924][ApicWS10][INFO] loading settings from \\apicnas\Produktion\Pipeline\Apic_Maya_Pipeline\Python\render_vault\settings\config.json
[2023-09-15 09:32:38,729][ApicWS10][INFO] updated settings manager values.
[2023-09-15 09:32:38,731][ApicWS10][INFO] saving settings to \\apicnas\Produktion\Pipeline\Apic_Maya_Pipeline\Python\render_vault\settings\config.json
[2023-09-15 09:32:45,353][ApicWS10][INFO] updated settings manager values.
[2023-09-15 09:32:45,355][ApicWS10][INFO] saving settings to \\apicnas\Produktion\Pipeline\Apic_Maya_Pipeline\Python\render_vault\settings\config.json
[2023-09-15 09:33:04,118][ApicWS08][INFO] imported model \\apicnas\Produktion\Projekte\_CLIENT_Lib\ERIMA\410_work_scenes\412_models\ModelPool\Models\Fussball_Hybrid.mb
[2023-09-15 09:40:58,724][ApicWS08][INFO] deleted \\APICNAS\Produktion\Projekte\_CLIENT_Lib\ERIMA\440_shader\MaterialPool\Thumbnails\schwamm_patch_white.png
[2023-09-15 09:40:58,726][ApicWS08][INFO] deleted \\apicnas\Produktion\Projekte\_CLIENT_Lib\ERIMA\440_shader\MaterialPool\Materials\schwamm_patch_white.mb
[2023-09-15 09:41:09,340][ApicWS08][INFO] exported schwamm_patch_white to //apicnas/Produktion/Projekte/_CLIENT_Lib/ERIMA/440_shader\MaterialPool\Materials
[2023-09-15 09:41:17,256][ApicWS08][INFO] initializing maya standalone...
[2023-09-15 09:41:40,595][ApicWS08][INFO] loaded scene: \\apicnas\Produktion\Projekte\_CLIENT_Lib\ERIMA\440_shader\MaterialPool\Materials\ballon_fiberglass_mtl.mb
[2023-09-15 09:41:40,598][ApicWS08][WARNING] can't create folder, path: \\apicnas\Produktion\Projekte\_CLIENT_Lib\ERIMA\440_shader\MaterialPool\Textures\ballon_fiberglass_mtl already exists
[2023-09-15 09:41:40,685][ApicWS08][INFO] copied //apicnas/Produktion/Projekte/_CLIENT_Lib/ERIMA/430_textures/Baelle_innen/ballon_diff.jpg to \\apicnas\Produktion\Projekte\_CLIENT_Lib\ERIMA\440_shader\MaterialPool\Textures\ballon_fiberglass_mtl
[2023-09-15 09:41:40,695][ApicWS08][INFO] set path of file node: file5 to \\apicnas\Produktion\Projekte\_CLIENT_Lib\ERIMA\440_shader\MaterialPool\Textures\ballon_fiberglass_mtl\ballon_diff.jpg
[2023-09-15 09:41:40,745][ApicWS08][INFO] saved scene \\apicnas\Produktion\Projekte\_CLIENT_Lib\ERIMA\440_shader\MaterialPool\Materials\ballon_fiberglass_mtl.mb
[2023-09-15 09:41:40,885][ApicWS08][INFO] loaded scene: \\apicnas\Produktion\Projekte\_CLIENT_Lib\ERIMA\440_shader\MaterialPool\Materials\ball_innen_mtl.mb
[2023-09-15 09:41:40,888][ApicWS08][WARNING] can't create folder, path: \\apicnas\Produktion\Projekte\_CLIENT_Lib\ERIMA\440_shader\MaterialPool\Textures\ball_innen_mtl already exists
[2023-09-15 09:41:41,002][ApicWS08][INFO] copied //apicnas/Produktion/Ressources/Library/_Textures/Surface_Imperfections/DGruwierSurfaceImperfections_4k_jpeg_8bit/02_deposits.jpg to \\apicnas\Produktion\Projekte\_CLIENT_Lib\ERIMA\440_shader\MaterialPool\Textures\ball_innen_mtl
[2023-09-15 09:41:41,005][ApicWS08][INFO] set path of file node: file_02_deposits_1 to \\apicnas\Produktion\Projekte\_CLIENT_Lib\ERIMA\440_shader\MaterialPool\Textures\ball_innen_mtl\02_deposits.jpg
[2023-09-15 09:41:41,043][ApicWS08][INFO] saved scene \\apicnas\Produktion\Projekte\_CLIENT_Lib\ERIMA\440_shader\MaterialPool\Materials\ball_innen_mtl.mb
[2023-09-15 09:41:41,173][ApicWS08][INFO] loaded scene: \\apicnas\Produktion\Projekte\_CLIENT_Lib\ERIMA\440_shader\MaterialPool\Materials\erima_senzor_star_match_mtl.mb
[2023-09-15 09:41:41,176][ApicWS08][WARNING] can't create folder, path: \\apicnas\Produktion\Projekte\_CLIENT_Lib\ERIMA\440_shader\MaterialPool\Textures\erima_senzor_star_match_mtl already exists
[2023-09-15 09:41:41,301][ApicWS08][INFO] copied //apicnas/Produktion/Projekte/_CLIENT_Lib/ERIMA/430_textures/SenzorStarMatch/SSenzor_StarMatch_297mm_8x.png to \\apicnas\Produktion\Projekte\_CLIENT_Lib\ERIMA\440_shader\MaterialPool\Textures\erima_senzor_star_match_mtl
[2023-09-15 09:41:41,303][ApicWS08][INFO] set path of file node: SSenzor_StarMatch_297mm_8x_1 to \\apicnas\Produktion\Projekte\_CLIENT_Lib\ERIMA\440_shader\MaterialPool\Textures\erima_senzor_star_match_mtl\SSenzor_StarMatch_297mm_8x.png
[2023-09-15 09:41:41,343][ApicWS08][INFO] saved scene \\apicnas\Produktion\Projekte\_CLIENT_Lib\ERIMA\440_shader\MaterialPool\Materials\erima_senzor_star_match_mtl.mb
[2023-09-15 09:41:41,475][ApicWS08][INFO] loaded scene: \\apicnas\Produktion\Projekte\_CLIENT_Lib\ERIMA\440_shader\MaterialPool\Materials\faden_mtl.mb
[2023-09-15 09:41:41,672][ApicWS08][INFO] loaded scene: \\apicnas\Produktion\Projekte\_CLIENT_Lib\ERIMA\440_shader\MaterialPool\Materials\Fussball_Ball_innen_Textillayer_mtl.mb
[2023-09-15 09:41:41,701][ApicWS08][INFO] copied //apicnas/Produktion/Projekte/_CLIENT_Lib/ERIMA/430_textures/Fussball/Hybrid_no5/Stoff_diff.jpg to \\apicnas\Produktion\Projekte\_CLIENT_Lib\ERIMA\440_shader\MaterialPool\Textures\Fussball_Ball_innen_Textillayer_mtl
[2023-09-15 09:41:41,704][ApicWS08][INFO] set path of file node: file13 to \\apicnas\Produktion\Projekte\_CLIENT_Lib\ERIMA\440_shader\MaterialPool\Textures\Fussball_Ball_innen_Textillayer_mtl\Stoff_diff.jpg
[2023-09-15 09:41:41,753][ApicWS08][INFO] saved scene \\apicnas\Produktion\Projekte\_CLIENT_Lib\ERIMA\440_shader\MaterialPool\Materials\Fussball_Ball_innen_Textillayer_mtl.mb
[2023-09-15 09:41:41,755][ApicWS08][WARNING] can't create folder, path: \\apicnas\Produktion\Projekte\_CLIENT_Lib\ERIMA\440_shader\MaterialPool\Textures\Fussball_Ball_innen_Textillayer_mtl already exists
[2023-09-15 09:41:41,780][ApicWS08][INFO] copied //apicnas/Produktion/Projekte/_CLIENT_Lib/ERIMA/430_textures/Fussball/Hybrid_no5/Stoff_refl.jpg to \\apicnas\Produktion\Projekte\_CLIENT_Lib\ERIMA\440_shader\MaterialPool\Textures\Fussball_Ball_innen_Textillayer_mtl
[2023-09-15 09:41:41,782][ApicWS08][INFO] set path of file node: file14 to \\apicnas\Produktion\Projekte\_CLIENT_Lib\ERIMA\440_shader\MaterialPool\Textures\Fussball_Ball_innen_Textillayer_mtl\Stoff_refl.jpg
[2023-09-15 09:41:41,821][ApicWS08][INFO] saved scene \\apicnas\Produktion\Projekte\_CLIENT_Lib\ERIMA\440_shader\MaterialPool\Materials\Fussball_Ball_innen_Textillayer_mtl.mb
[2023-09-15 09:41:41,823][ApicWS08][WARNING] can't create folder, path: \\apicnas\Produktion\Projekte\_CLIENT_Lib\ERIMA\440_shader\MaterialPool\Textures\Fussball_Ball_innen_Textillayer_mtl already exists
[2023-09-15 09:41:41,847][ApicWS08][INFO] copied //apicnas/Produktion/Projekte/_CLIENT_Lib/ERIMA/430_textures/Fussball/Hybrid_no5/Stoff_normal.jpg to \\apicnas\Produktion\Projekte\_CLIENT_Lib\ERIMA\440_shader\MaterialPool\Textures\Fussball_Ball_innen_Textillayer_mtl
[2023-09-15 09:41:41,849][ApicWS08][INFO] set path of file node: file15 to \\apicnas\Produktion\Projekte\_CLIENT_Lib\ERIMA\440_shader\MaterialPool\Textures\Fussball_Ball_innen_Textillayer_mtl\Stoff_normal.jpg
[2023-09-15 09:41:41,899][ApicWS08][INFO] saved scene \\apicnas\Produktion\Projekte\_CLIENT_Lib\ERIMA\440_shader\MaterialPool\Materials\Fussball_Ball_innen_Textillayer_mtl.mb
[2023-09-15 09:41:42,035][ApicWS08][INFO] loaded scene: \\apicnas\Produktion\Projekte\_CLIENT_Lib\ERIMA\440_shader\MaterialPool\Materials\Fussball_Hybride_mtl.mb
[2023-09-15 09:41:42,037][ApicWS08][WARNING] can't create folder, path: \\apicnas\Produktion\Projekte\_CLIENT_Lib\ERIMA\440_shader\MaterialPool\Textures\Fussball_Hybride_mtl already exists
[2023-09-15 09:41:42,039][ApicWS08][ERROR] '//apicnas/Produktion/Projekte/_CLIENT_Lib/ERIMA/440_shader/MaterialPool/Textures/Fussball_Hybride_mtl/Fussball_Hybrid_Diffuse.tga' and '\\\\apicnas\\Produktion\\Projekte\\_CLIENT_Lib\\ERIMA\\440_shader\\MaterialPool\\Textures\\Fussball_Hybride_mtl\\Fussball_Hybrid_Diffuse.tga' are the same file
Traceback (most recent call last):
  File "\\APICNAS\Produktion\Pipeline\Apic_Maya_Pipeline\Python\render_vault\controller\repath_manager.py", line 53, in copy_texture
    shutil.copy2(texture_path, destination)
  File "C:\Program Files\Autodesk\Maya2024\Python\lib\shutil.py", line 434, in copy2
    copyfile(src, dst, follow_symlinks=follow_symlinks)
  File "C:\Program Files\Autodesk\Maya2024\Python\lib\shutil.py", line 234, in copyfile
    raise SameFileError("{!r} and {!r} are the same file".format(src, dst))
shutil.SameFileError: '//apicnas/Produktion/Projekte/_CLIENT_Lib/ERIMA/440_shader/MaterialPool/Textures/Fussball_Hybride_mtl/Fussball_Hybrid_Diffuse.tga' and '\\\\apicnas\\Produktion\\Projekte\\_CLIENT_Lib\\ERIMA\\440_shader\\MaterialPool\\Textures\\Fussball_Hybride_mtl\\Fussball_Hybrid_Diffuse.tga' are the same file
[2023-09-15 09:41:42,194][ApicWS08][INFO] loaded scene: \\apicnas\Produktion\Projekte\_CLIENT_Lib\ERIMA\440_shader\MaterialPool\Materials\Fussball_Hybride_ORIGINAL_mtl.mb
[2023-09-15 09:41:42,196][ApicWS08][WARNING] can't create folder, path: \\apicnas\Produktion\Projekte\_CLIENT_Lib\ERIMA\440_shader\MaterialPool\Textures\Fussball_Hybride_ORIGINAL_mtl already exists
[2023-09-15 09:41:42,199][ApicWS08][ERROR] '//apicnas/Produktion/Projekte/_CLIENT_Lib/ERIMA/440_shader/MaterialPool/Textures/Fussball_Hybride_ORIGINAL_mtl/Fussball_HybridOriginal.png' and '\\\\apicnas\\Produktion\\Projekte\\_CLIENT_Lib\\ERIMA\\440_shader\\MaterialPool\\Textures\\Fussball_Hybride_ORIGINAL_mtl\\Fussball_HybridOriginal.png' are the same file
Traceback (most recent call last):
  File "\\APICNAS\Produktion\Pipeline\Apic_Maya_Pipeline\Python\render_vault\controller\repath_manager.py", line 53, in copy_texture
    shutil.copy2(texture_path, destination)
  File "C:\Program Files\Autodesk\Maya2024\Python\lib\shutil.py", line 434, in copy2
    copyfile(src, dst, follow_symlinks=follow_symlinks)
  File "C:\Program Files\Autodesk\Maya2024\Python\lib\shutil.py", line 234, in copyfile
    raise SameFileError("{!r} and {!r} are the same file".format(src, dst))
shutil.SameFileError: '//apicnas/Produktion/Projekte/_CLIENT_Lib/ERIMA/440_shader/MaterialPool/Textures/Fussball_Hybride_ORIGINAL_mtl/Fussball_HybridOriginal.png' and '\\\\apicnas\\Produktion\\Projekte\\_CLIENT_Lib\\ERIMA\\440_shader\\MaterialPool\\Textures\\Fussball_Hybride_ORIGINAL_mtl\\Fussball_HybridOriginal.png' are the same file
[2023-09-15 09:41:42,329][ApicWS08][INFO] loaded scene: \\apicnas\Produktion\Projekte\_CLIENT_Lib\ERIMA\440_shader\MaterialPool\Materials\fussball_hybride_training_2_mtl.mb
[2023-09-15 09:41:42,359][ApicWS08][INFO] copied //apicnas/Produktion/Projekte/_CLIENT_Lib/ERIMA/430_textures/Fussball/Hybrid_Training_2/Fussball_Hybrid_Training_2_Glossy.png to \\apicnas\Produktion\Projekte\_CLIENT_Lib\ERIMA\440_shader\MaterialPool\Textures\fussball_hybride_training_2_mtl
[2023-09-15 09:41:42,361][ApicWS08][INFO] set path of file node: file1 to \\apicnas\Produktion\Projekte\_CLIENT_Lib\ERIMA\440_shader\MaterialPool\Textures\fussball_hybride_training_2_mtl\Fussball_Hybrid_Training_2_Glossy.png
[2023-09-15 09:41:42,400][ApicWS08][INFO] saved scene \\apicnas\Produktion\Projekte\_CLIENT_Lib\ERIMA\440_shader\MaterialPool\Materials\fussball_hybride_training_2_mtl.mb
[2023-09-15 09:41:42,402][ApicWS08][WARNING] can't create folder, path: \\apicnas\Produktion\Projekte\_CLIENT_Lib\ERIMA\440_shader\MaterialPool\Textures\fussball_hybride_training_2_mtl already exists
[2023-09-15 09:41:42,487][ApicWS08][INFO] copied //apicnas/Produktion/Projekte/_CLIENT_Lib/ERIMA/430_textures/Fussball/Hybrid_Training_2/Fussball_Hybrid_Training_2_Diffuse.png to \\apicnas\Produktion\Projekte\_CLIENT_Lib\ERIMA\440_shader\MaterialPool\Textures\fussball_hybride_training_2_mtl
[2023-09-15 09:41:42,489][ApicWS08][INFO] set path of file node: fussball_hybride_training_mtl_Sketch_HybridTraining_2 to \\apicnas\Produktion\Projekte\_CLIENT_Lib\ERIMA\440_shader\MaterialPool\Textures\fussball_hybride_training_2_mtl\Fussball_Hybrid_Training_2_Diffuse.png
[2023-09-15 09:41:42,530][ApicWS08][INFO] saved scene \\apicnas\Produktion\Projekte\_CLIENT_Lib\ERIMA\440_shader\MaterialPool\Materials\fussball_hybride_training_2_mtl.mb
[2023-09-15 09:41:42,671][ApicWS08][INFO] loaded scene: \\apicnas\Produktion\Projekte\_CLIENT_Lib\ERIMA\440_shader\MaterialPool\Materials\fussball_hybride_training_ECO_mtl.mb
[2023-09-15 09:41:42,703][ApicWS08][INFO] copied //apicnas/Produktion/Projekte/_CLIENT_Lib/ERIMA/430_textures/Fussball/Hybrid_Training_Eco/Fussball_Hybrid_Training_Eco_Glossy.png to \\apicnas\Produktion\Projekte\_CLIENT_Lib\ERIMA\440_shader\MaterialPool\Textures\fussball_hybride_training_ECO_mtl
[2023-09-15 09:41:42,706][ApicWS08][INFO] set path of file node: file1 to \\apicnas\Produktion\Projekte\_CLIENT_Lib\ERIMA\440_shader\MaterialPool\Textures\fussball_hybride_training_ECO_mtl\Fussball_Hybrid_Training_Eco_Glossy.png
[2023-09-15 09:41:42,745][ApicWS08][INFO] saved scene \\apicnas\Produktion\Projekte\_CLIENT_Lib\ERIMA\440_shader\MaterialPool\Materials\fussball_hybride_training_ECO_mtl.mb
[2023-09-15 09:41:42,746][ApicWS08][WARNING] can't create folder, path: \\apicnas\Produktion\Projekte\_CLIENT_Lib\ERIMA\440_shader\MaterialPool\Textures\fussball_hybride_training_ECO_mtl already exists
[2023-09-15 09:41:42,809][ApicWS08][INFO] copied //apicnas/Produktion/Projekte/_CLIENT_Lib/ERIMA/430_textures/Fussball/Hybrid_Training_Eco/Fussball_Hybrid_Training_Eco_Diffuse.png to \\apicnas\Produktion\Projekte\_CLIENT_Lib\ERIMA\440_shader\MaterialPool\Textures\fussball_hybride_training_ECO_mtl
[2023-09-15 09:41:42,811][ApicWS08][INFO] set path of file node: fussball_hybride_training_mtl_Sketch_HybridTraining_2 to \\apicnas\Produktion\Projekte\_CLIENT_Lib\ERIMA\440_shader\MaterialPool\Textures\fussball_hybride_training_ECO_mtl\Fussball_Hybrid_Training_Eco_Diffuse.png
[2023-09-15 09:41:42,851][ApicWS08][INFO] saved scene \\apicnas\Produktion\Projekte\_CLIENT_Lib\ERIMA\440_shader\MaterialPool\Materials\fussball_hybride_training_ECO_mtl.mb
[2023-09-15 09:41:43,004][ApicWS08][INFO] loaded scene: \\apicnas\Produktion\Projekte\_CLIENT_Lib\ERIMA\440_shader\MaterialPool\Materials\Fussball_Hybride_Training_mtl.mb
[2023-09-15 09:41:43,086][ApicWS08][INFO] copied //apicnas/Produktion/Projekte/_CLIENT_Lib/ERIMA/430_textures/Fussball/Hybrid_Training/Sketch-HybridTraining.png to \\apicnas\Produktion\Projekte\_CLIENT_Lib\ERIMA\440_shader\MaterialPool\Textures\Fussball_Hybride_Training_mtl
[2023-09-15 09:41:43,088][ApicWS08][INFO] set path of file node: Sketch_HybridTraining_1 to \\apicnas\Produktion\Projekte\_CLIENT_Lib\ERIMA\440_shader\MaterialPool\Textures\Fussball_Hybride_Training_mtl\Sketch-HybridTraining.png
[2023-09-15 09:41:43,127][ApicWS08][INFO] saved scene \\apicnas\Produktion\Projekte\_CLIENT_Lib\ERIMA\440_shader\MaterialPool\Materials\Fussball_Hybride_Training_mtl.mb
[2023-09-15 09:41:43,285][ApicWS08][INFO] loaded scene: \\apicnas\Produktion\Projekte\_CLIENT_Lib\ERIMA\440_shader\MaterialPool\Materials\handball_SuperGrip_mtl.mb
[2023-09-15 09:41:43,288][ApicWS08][WARNING] can't create folder, path: \\apicnas\Produktion\Projekte\_CLIENT_Lib\ERIMA\440_shader\MaterialPool\Textures\handball_SuperGrip_mtl already exists
[2023-09-15 09:41:43,425][ApicWS08][INFO] copied //apicnas/Produktion/Projekte/_CLIENT_Lib/ERIMA/430_textures/Handball/Pure_Grip/Pure Grip_3_bumpmap.png to \\apicnas\Produktion\Projekte\_CLIENT_Lib\ERIMA\440_shader\MaterialPool\Textures\handball_SuperGrip_mtl
[2023-09-15 09:41:43,428][ApicWS08][INFO] set path of file node: Pure_Grip_3_bumpmap_2 to \\apicnas\Produktion\Projekte\_CLIENT_Lib\ERIMA\440_shader\MaterialPool\Textures\handball_SuperGrip_mtl\Pure Grip_3_bumpmap.png
[2023-09-15 09:41:43,468][ApicWS08][INFO] saved scene \\apicnas\Produktion\Projekte\_CLIENT_Lib\ERIMA\440_shader\MaterialPool\Materials\handball_SuperGrip_mtl.mb
[2023-09-15 09:41:43,469][ApicWS08][WARNING] can't create folder, path: \\apicnas\Produktion\Projekte\_CLIENT_Lib\ERIMA\440_shader\MaterialPool\Textures\handball_SuperGrip_mtl already exists
[2023-09-15 09:41:43,653][ApicWS08][INFO] copied //apicnas/Produktion/Projekte/_CLIENT_Lib/ERIMA/430_textures/Handball/SuperGrip/SuperGrip_Handball_Diffuse.png to \\apicnas\Produktion\Projekte\_CLIENT_Lib\ERIMA\440_shader\MaterialPool\Textures\handball_SuperGrip_mtl
[2023-09-15 09:41:43,654][ApicWS08][INFO] set path of file node: Pure_Grip_no6 to \\apicnas\Produktion\Projekte\_CLIENT_Lib\ERIMA\440_shader\MaterialPool\Textures\handball_SuperGrip_mtl\SuperGrip_Handball_Diffuse.png
[2023-09-15 09:41:43,695][ApicWS08][INFO] saved scene \\apicnas\Produktion\Projekte\_CLIENT_Lib\ERIMA\440_shader\MaterialPool\Materials\handball_SuperGrip_mtl.mb
[2023-09-15 09:41:43,696][ApicWS08][WARNING] can't create folder, path: \\apicnas\Produktion\Projekte\_CLIENT_Lib\ERIMA\440_shader\MaterialPool\Textures\handball_SuperGrip_mtl already exists
[2023-09-15 09:41:43,837][ApicWS08][INFO] copied //apicnas/Produktion/Ressources/Library/poliigon/surface_imperfections/SmudgesLarge001/6K/SmudgesLarge001_OVERLAY_VAR2_6K.jpg to \\apicnas\Produktion\Projekte\_CLIENT_Lib\ERIMA\440_shader\MaterialPool\Textures\handball_SuperGrip_mtl
[2023-09-15 09:41:43,839][ApicWS08][INFO] set path of file node: SmudgesLarge001_OVERLAY_VAR2_6K_4 to \\apicnas\Produktion\Projekte\_CLIENT_Lib\ERIMA\440_shader\MaterialPool\Textures\handball_SuperGrip_mtl\SmudgesLarge001_OVERLAY_VAR2_6K.jpg
[2023-09-15 09:41:43,879][ApicWS08][INFO] saved scene \\apicnas\Produktion\Projekte\_CLIENT_Lib\ERIMA\440_shader\MaterialPool\Materials\handball_SuperGrip_mtl.mb
[2023-09-15 09:41:43,880][ApicWS08][WARNING] can't create folder, path: \\apicnas\Produktion\Projekte\_CLIENT_Lib\ERIMA\440_shader\MaterialPool\Textures\handball_SuperGrip_mtl already exists
[2023-09-15 09:41:44,043][ApicWS08][INFO] copied //apicnas/Produktion/Projekte/_CLIENT_Lib/ERIMA/430_textures/Handball/SuperGrip/SuperGrip_Handball_Glossy.png to \\apicnas\Produktion\Projekte\_CLIENT_Lib\ERIMA\440_shader\MaterialPool\Textures\handball_SuperGrip_mtl
[2023-09-15 09:41:44,045][ApicWS08][INFO] set path of file node: file1 to \\apicnas\Produktion\Projekte\_CLIENT_Lib\ERIMA\440_shader\MaterialPool\Textures\handball_SuperGrip_mtl\SuperGrip_Handball_Glossy.png
[2023-09-15 09:41:44,086][ApicWS08][INFO] saved scene \\apicnas\Produktion\Projekte\_CLIENT_Lib\ERIMA\440_shader\MaterialPool\Materials\handball_SuperGrip_mtl.mb
[2023-09-15 09:41:44,236][ApicWS08][INFO] loaded scene: \\apicnas\Produktion\Projekte\_CLIENT_Lib\ERIMA\440_shader\MaterialPool\Materials\pureGrip_3_stoff_patch_brown_mtl.mb
[2023-09-15 09:41:44,239][ApicWS08][WARNING] can't create folder, path: \\apicnas\Produktion\Projekte\_CLIENT_Lib\ERIMA\440_shader\MaterialPool\Textures\pureGrip_3_stoff_patch_brown_mtl already exists
[2023-09-15 09:41:44,595][ApicWS08][INFO] copied //APICNAS/Produktion/Projekte/_CLIENT_Lib/ERIMA/430_textures/Handball/Pure_Grip/pureGrip_3_patches_diffuse.png to \\apicnas\Produktion\Projekte\_CLIENT_Lib\ERIMA\440_shader\MaterialPool\Textures\pureGrip_3_stoff_patch_brown_mtl
[2023-09-15 09:41:44,598][ApicWS08][INFO] set path of file node: Griptonyte_ballon_diff_v2_3 to \\apicnas\Produktion\Projekte\_CLIENT_Lib\ERIMA\440_shader\MaterialPool\Textures\pureGrip_3_stoff_patch_brown_mtl\pureGrip_3_patches_diffuse.png
[2023-09-15 09:41:44,638][ApicWS08][INFO] saved scene \\apicnas\Produktion\Projekte\_CLIENT_Lib\ERIMA\440_shader\MaterialPool\Materials\pureGrip_3_stoff_patch_brown_mtl.mb
[2023-09-15 09:41:44,639][ApicWS08][WARNING] can't create folder, path: \\apicnas\Produktion\Projekte\_CLIENT_Lib\ERIMA\440_shader\MaterialPool\Textures\pureGrip_3_stoff_patch_brown_mtl already exists
[2023-09-15 09:41:44,837][ApicWS08][INFO] copied //APICNAS/Produktion/Projekte/_CLIENT_Lib/ERIMA/430_textures/Handball/Pure_Grip/pureGrip_3_patches_bump.png to \\apicnas\Produktion\Projekte\_CLIENT_Lib\ERIMA\440_shader\MaterialPool\Textures\pureGrip_3_stoff_patch_brown_mtl
[2023-09-15 09:41:44,839][ApicWS08][INFO] set path of file node: pureGrip_patches_bump_3 to \\apicnas\Produktion\Projekte\_CLIENT_Lib\ERIMA\440_shader\MaterialPool\Textures\pureGrip_3_stoff_patch_brown_mtl\pureGrip_3_patches_bump.png
[2023-09-15 09:41:44,877][ApicWS08][INFO] saved scene \\apicnas\Produktion\Projekte\_CLIENT_Lib\ERIMA\440_shader\MaterialPool\Materials\pureGrip_3_stoff_patch_brown_mtl.mb
[2023-09-15 09:41:44,990][ApicWS08][INFO] loaded scene: \\apicnas\Produktion\Projekte\_CLIENT_Lib\ERIMA\440_shader\MaterialPool\Materials\schaum_weiss_mtl.mb
[2023-09-15 09:41:45,128][ApicWS08][INFO] loaded scene: \\apicnas\Produktion\Projekte\_CLIENT_Lib\ERIMA\440_shader\MaterialPool\Materials\schwamm_patch_beige.mb
[2023-09-15 09:41:45,264][ApicWS08][INFO] loaded scene: \\apicnas\Produktion\Projekte\_CLIENT_Lib\ERIMA\440_shader\MaterialPool\Materials\schwamm_patch_black.mb
[2023-09-15 09:41:45,417][ApicWS08][INFO] loaded scene: \\apicnas\Produktion\Projekte\_CLIENT_Lib\ERIMA\440_shader\MaterialPool\Materials\schwamm_patch_white.mb
[2023-09-15 09:41:45,636][ApicWS08][INFO] copied //apicnas/Produktion/Ressources/Library/GSG_lib/materials/gsg_mc025_polystyrenefoam_maps/GSG_MC025_A005_PolystyreneFoam/GSG_MC025_A005_PolystyreneFoam_normal.tif to \\apicnas\Produktion\Projekte\_CLIENT_Lib\ERIMA\440_shader\MaterialPool\Textures\schwamm_patch_white
[2023-09-15 09:41:45,638][ApicWS08][INFO] set path of file node: file2 to \\apicnas\Produktion\Projekte\_CLIENT_Lib\ERIMA\440_shader\MaterialPool\Textures\schwamm_patch_white\GSG_MC025_A005_PolystyreneFoam_normal.tif
[2023-09-15 09:41:45,688][ApicWS08][INFO] saved scene \\apicnas\Produktion\Projekte\_CLIENT_Lib\ERIMA\440_shader\MaterialPool\Materials\schwamm_patch_white.mb
[2023-09-15 09:41:45,690][ApicWS08][WARNING] can't create folder, path: \\apicnas\Produktion\Projekte\_CLIENT_Lib\ERIMA\440_shader\MaterialPool\Textures\schwamm_patch_white already exists
[2023-09-15 09:41:45,789][ApicWS08][INFO] copied //apicnas/Produktion/Ressources/Library/GSG_lib/materials/gsg_mc025_polystyrenefoam_maps/GSG_MC025_A005_PolystyreneFoam/GSG_MC025_A005_PolystyreneFoam_roughness.tif to \\apicnas\Produktion\Projekte\_CLIENT_Lib\ERIMA\440_shader\MaterialPool\Textures\schwamm_patch_white
[2023-09-15 09:41:45,791][ApicWS08][INFO] set path of file node: file3 to \\apicnas\Produktion\Projekte\_CLIENT_Lib\ERIMA\440_shader\MaterialPool\Textures\schwamm_patch_white\GSG_MC025_A005_PolystyreneFoam_roughness.tif
[2023-09-15 09:41:45,830][ApicWS08][INFO] saved scene \\apicnas\Produktion\Projekte\_CLIENT_Lib\ERIMA\440_shader\MaterialPool\Materials\schwamm_patch_white.mb
[2023-09-15 09:41:46,010][ApicWS08][INFO] loaded scene: \\apicnas\Produktion\Projekte\_CLIENT_Lib\ERIMA\440_shader\MaterialPool\Materials\Textillayer_mtl.mb
[2023-09-15 09:41:46,013][ApicWS08][WARNING] can't create folder, path: \\apicnas\Produktion\Projekte\_CLIENT_Lib\ERIMA\440_shader\MaterialPool\Textures\Textillayer_mtl already exists
[2023-09-15 09:41:46,049][ApicWS08][ERROR] [Errno 2] No such file or directory: '//apicnas/Archiv_2019/Projekte/19329ERI_Katalog_2020/400_3D/430_textures/Hanball/G13/Stoff_diff.jpg'
Traceback (most recent call last):
  File "\\APICNAS\Produktion\Pipeline\Apic_Maya_Pipeline\Python\render_vault\controller\repath_manager.py", line 53, in copy_texture
    shutil.copy2(texture_path, destination)
  File "C:\Program Files\Autodesk\Maya2024\Python\lib\shutil.py", line 434, in copy2
    copyfile(src, dst, follow_symlinks=follow_symlinks)
  File "C:\Program Files\Autodesk\Maya2024\Python\lib\shutil.py", line 254, in copyfile
    with open(src, 'rb') as fsrc:
FileNotFoundError: [Errno 2] No such file or directory: '//apicnas/Archiv_2019/Projekte/19329ERI_Katalog_2020/400_3D/430_textures/Hanball/G13/Stoff_diff.jpg'
[2023-09-15 09:41:46,051][ApicWS08][INFO] uninitializing maya standalone...
[2023-09-15 09:42:01,637][ApicWS08][INFO] initializing maya standalone...
[2023-09-15 09:42:18,858][ApicWS08][INFO] loaded render scene: \\APICNAS\Produktion\Ressources\Library\3D_Modelle\_ShaderBall_Maya\_DEV\MaterialDev_REF_ACES.mb
[2023-09-15 09:42:24,762][ApicWS08][INFO] imported \\apicnas\Produktion\Projekte\_CLIENT_Lib\ERIMA\440_shader\MaterialPool\Materials\schwamm_patch_white.mb
[2023-09-15 09:42:24,764][ApicWS08][INFO] set v-ray as active renderer
[2023-09-15 09:42:24,766][ApicWS08][INFO] set v-ray render settings
[2023-09-15 09:42:24,768][ApicWS08][INFO] set image output path: \\apicnas\Produktion\Projekte\_CLIENT_Lib\ERIMA\440_shader\MaterialPool\Thumbnails
[2023-09-15 09:42:24,770][ApicWS08][INFO] assigned schwamm_patch_white to ShaderBall
[2023-09-15 09:42:41,573][ApicWS08][INFO] finished rendering schwamm_patch_white
[2023-09-15 09:42:41,575][ApicWS08][INFO] uninitializing maya standalone...
[2023-09-15 09:55:20,378][ApicWS08][INFO] starting Render Vault...
[2023-09-15 09:55:20,431][ApicWS08][INFO] loading settings from \\APICNAS\Produktion\Pipeline\Apic_Maya_Pipeline\Python\render_vault\settings\config.json
[2023-09-15 09:55:45,012][ApicWS08][WARNING] can't create folder, path: //apicnas/Produktion/Projekte/_CLIENT_Lib/ERIMA/410_work_scenes/412_models\ModelPool already exists
[2023-09-15 09:55:45,014][ApicWS08][WARNING] can't create folder, path: //apicnas/Produktion/Projekte/_CLIENT_Lib/ERIMA/410_work_scenes/412_models\ModelPool\Models already exists
[2023-09-15 09:55:45,015][ApicWS08][WARNING] can't create folder, path: //apicnas/Produktion/Projekte/_CLIENT_Lib/ERIMA/410_work_scenes/412_models\ModelPool\Textures already exists
[2023-09-15 09:55:45,016][ApicWS08][WARNING] can't create folder, path: //apicnas/Produktion/Projekte/_CLIENT_Lib/ERIMA/410_work_scenes/412_models\ModelPool\Thumbnails already exists
[2023-09-15 09:55:45,016][ApicWS08][INFO] created new model pool in //apicnas/Produktion/Projekte/_CLIENT_Lib/ERIMA/410_work_scenes/412_models
[2023-09-15 09:55:50,181][ApicWS08][INFO] imported model \\apicnas\Produktion\Projekte\_CLIENT_Lib\ERIMA\410_work_scenes\412_models\ModelPool\Models\Fussball_Hybrid.mb
[2023-09-15 09:55:51,291][ApicWS08][INFO] updated settings manager values.
[2023-09-15 09:55:51,294][ApicWS08][INFO] saving settings to \\APICNAS\Produktion\Pipeline\Apic_Maya_Pipeline\Python\render_vault\settings\config.json
[2023-09-15 10:05:04,616][ApicWS08][INFO] imported material file2
[2023-09-15 10:05:54,197][ApicWS08][INFO] imported material Fussball_Hybride_ORIGINAL_mtl
[2023-09-15 10:07:10,366][ApicWS08][INFO] imported material Fussball_Ball_innen_Textillayer_mtl
[2023-09-15 12:28:28,224][ApicWS08][INFO] starting Render Vault...
[2023-09-15 12:28:28,287][ApicWS08][INFO] loading settings from \\APICNAS\Produktion\Pipeline\Apic_Maya_Pipeline\Python\render_vault\settings\config.json
[2023-09-15 12:30:42,928][ApicWS08][INFO] Saved Scrrenshot in \\apicnas\Produktion\Projekte\_CLIENT_Lib\BOSCH\400_3D\420_assets_references_data\ModelPool\Thumbnails\SamplePart_Pipe.png
[2023-09-15 12:32:56,458][ApicWS08][INFO] Saved Scrrenshot in \\apicnas\Produktion\Projekte\_CLIENT_Lib\BOSCH\400_3D\420_assets_references_data\ModelPool\Thumbnails\SamplePart_small_Application.png
[2023-09-15 12:35:32,522][ApicWS08][INFO] Saved Scrrenshot in \\apicnas\Produktion\Projekte\_CLIENT_Lib\BOSCH\400_3D\420_assets_references_data\ModelPool\Thumbnails\SampleParts_Back_Up_Bauteil.png
[2023-09-15 12:40:24,689][ApicWS08][INFO] updated settings manager values.
[2023-09-15 12:40:24,692][ApicWS08][INFO] saving settings to \\APICNAS\Produktion\Pipeline\Apic_Maya_Pipeline\Python\render_vault\settings\config.json
[2023-09-15 23:41:06,205][ApicWS06][INFO] starting Render Vault...
[2023-09-15 23:41:06,247][ApicWS06][INFO] loading settings from \\APICNAS\Produktion\Pipeline\Apic_Maya_Pipeline\Python\render_vault\settings\config.json
[2023-09-15 23:41:23,656][ApicWS06][INFO] imported model \\apicnas\Produktion\Projekte\_CLIENT_Lib\BOSCH\400_3D\420_assets_references_data\ModelPool\Models\Granulat_Aufbereitung.mb
[2023-09-15 23:41:33,905][ApicWS06][INFO] updated settings manager values.
[2023-09-15 23:41:33,908][ApicWS06][INFO] saving settings to \\APICNAS\Produktion\Pipeline\Apic_Maya_Pipeline\Python\render_vault\settings\config.json
