[2023-10-10 10:06:05,378][ApicWS10][INFO] starting Render Vault...
[2023-10-10 10:06:05,494][ApicWS10][INFO] loading settings from \\apicnas\Produktion\Pipeline\Apic_Maya_Pipeline\Python\render_vault\settings\config-ApicWS10.json
[2023-10-10 10:11:43,091][ApicWS10][INFO] updated settings manager values.
[2023-10-10 10:11:43,093][ApicWS10][INFO] saving settings to \\apicnas\Produktion\Pipeline\Apic_Maya_Pipeline\Python\render_vault\settings\config-ApicWS10.json
[2023-10-10 10:24:22,504][ApicWS08][INFO] starting Render Vault...
[2023-10-10 10:24:22,670][ApicWS08][INFO] loading settings from \\APICNAS\Produktion\Pipeline\Apic_Maya_Pipeline\Python\render_vault\settings\config-ApicWS08.json
[2023-10-10 10:24:57,017][ApicWS08][INFO] updated settings manager values.
[2023-10-10 10:24:57,020][ApicWS08][INFO] saving settings to \\APICNAS\Produktion\Pipeline\Apic_Maya_Pipeline\Python\render_vault\settings\config-ApicWS08.json
[2023-10-10 11:05:12,496][ApicWS08][INFO] imported material Rainbow_Glass_mtl
[2023-10-10 11:05:18,045][ApicWS08][INFO] updated settings manager values.
[2023-10-10 11:05:18,048][ApicWS08][INFO] saving settings to \\APICNAS\Produktion\Pipeline\Apic_Maya_Pipeline\Python\render_vault\settings\config-ApicWS08.json
[2023-10-10 12:31:11,397][ApicWS10][INFO] starting Render Vault...
[2023-10-10 12:31:11,526][ApicWS10][INFO] loading settings from \\apicnas\Produktion\Pipeline\Apic_Maya_Pipeline\Python\render_vault\settings\config-ApicWS10.json
[2023-10-10 12:33:02,811][ApicWS10][INFO] starting Render Vault...
[2023-10-10 12:33:02,902][ApicWS10][INFO] loading settings from \\apicnas\Produktion\Pipeline\Apic_Maya_Pipeline\Python\render_vault\settings\config-ApicWS10.json
[2023-10-10 12:33:05,779][ApicWS10][INFO] updated settings manager values.
[2023-10-10 12:33:05,786][ApicWS10][INFO] saving settings to \\apicnas\Produktion\Pipeline\Apic_Maya_Pipeline\Python\render_vault\settings\config-ApicWS10.json
[2023-10-10 12:33:11,612][ApicWS10][INFO] updated settings manager values.
[2023-10-10 12:33:11,620][ApicWS10][INFO] saving settings to \\apicnas\Produktion\Pipeline\Apic_Maya_Pipeline\Python\render_vault\settings\config-ApicWS10.json
[2023-10-10 12:33:13,896][ApicWS10][INFO] starting Render Vault...
[2023-10-10 12:33:13,993][ApicWS10][INFO] loading settings from \\apicnas\Produktion\Pipeline\Apic_Maya_Pipeline\Python\render_vault\settings\config-ApicWS10.json
[2023-10-10 12:33:52,133][ApicWS10][INFO] updated settings manager values.
[2023-10-10 12:33:52,141][ApicWS10][INFO] saving settings to \\apicnas\Produktion\Pipeline\Apic_Maya_Pipeline\Python\render_vault\settings\config-ApicWS10.json
[2023-10-10 12:33:57,309][ApicWS10][INFO] updated settings manager values.
[2023-10-10 12:33:57,317][ApicWS10][INFO] saving settings to \\apicnas\Produktion\Pipeline\Apic_Maya_Pipeline\Python\render_vault\settings\config-ApicWS10.json
[2023-10-10 12:33:59,956][ApicWS10][INFO] starting Render Vault...
[2023-10-10 12:34:00,050][ApicWS10][INFO] loading settings from \\apicnas\Produktion\Pipeline\Apic_Maya_Pipeline\Python\render_vault\settings\config-ApicWS10.json
[2023-10-10 12:34:05,098][ApicWS10][INFO] updated settings manager values.
[2023-10-10 12:34:05,105][ApicWS10][INFO] saving settings to \\apicnas\Produktion\Pipeline\Apic_Maya_Pipeline\Python\render_vault\settings\config-ApicWS10.json
[2023-10-10 12:34:06,689][ApicWS10][INFO] starting Render Vault...
[2023-10-10 12:34:06,785][ApicWS10][INFO] loading settings from \\apicnas\Produktion\Pipeline\Apic_Maya_Pipeline\Python\render_vault\settings\config-ApicWS10.json
[2023-10-10 12:35:02,352][ApicWS10][INFO] updated settings manager values.
[2023-10-10 12:35:02,355][ApicWS10][INFO] saving settings to \\apicnas\Produktion\Pipeline\Apic_Maya_Pipeline\Python\render_vault\settings\config-ApicWS10.json
