[2023-08-02 09:29:26,890][ApicWS10][INFO] starting Render Vault...
[2023-08-02 09:29:34,574][ApicWS10][INFO] saving settings to \\apicnas\Produktion\Pipeline\Apic_Maya_Pipeline\Python\render_vault\settings\config.json
[2023-08-02 09:29:35,743][ApicWS10][INFO] starting Render Vault...
[2023-08-02 09:30:20,922][ApicWS10][ERROR] path /Users/alex/Desktop does not exist
[2023-08-02 09:30:31,495][ApicWS10][INFO] saving settings to \\apicnas\Produktion\Pipeline\Apic_Maya_Pipeline\Python\render_vault\settings\config.json
[2023-08-02 09:34:26,972][ApicWS10][INFO] starting Render Vault...
[2023-08-02 09:34:41,612][ApicWS10][ERROR] path C:/Users/TheApic/Desktop\MaterialPool already exists
[2023-08-02 09:34:41,617][ApicWS10][ERROR] path C:/Users/TheApic/Desktop\MaterialPool\Materials already exists
[2023-08-02 09:34:41,618][ApicWS10][ERROR] path C:/Users/TheApic/Desktop\MaterialPool\Textures already exists
[2023-08-02 09:34:41,618][ApicWS10][ERROR] path C:/Users/TheApic/Desktop\MaterialPool\Thumbnails already exists
[2023-08-02 09:34:41,619][ApicWS10][INFO] created new material pool in C:/Users/TheApic/Desktop
[2023-08-02 09:35:21,189][ApicWS10][INFO] saving settings to \\apicnas\Produktion\Pipeline\Apic_Maya_Pipeline\Python\render_vault\settings\config.json
[2023-08-02 09:35:22,849][ApicWS10][INFO] starting Render Vault...
[2023-08-02 09:35:29,488][ApicWS10][INFO] saving settings to \\apicnas\Produktion\Pipeline\Apic_Maya_Pipeline\Python\render_vault\settings\config.json
[2023-08-02 09:35:31,000][ApicWS10][INFO] starting Render Vault...
[2023-08-02 09:35:35,715][ApicWS10][INFO] saving settings to \\apicnas\Produktion\Pipeline\Apic_Maya_Pipeline\Python\render_vault\settings\config.json
[2023-08-02 09:35:37,250][ApicWS10][INFO] starting Render Vault...
[2023-08-02 09:36:20,718][ApicWS10][INFO] saving settings to \\apicnas\Produktion\Pipeline\Apic_Maya_Pipeline\Python\render_vault\settings\config.json
[2023-08-02 09:36:24,118][ApicWS10][INFO] starting Render Vault...
[2023-08-02 09:36:25,956][ApicWS10][INFO] saving settings to \\apicnas\Produktion\Pipeline\Apic_Maya_Pipeline\Python\render_vault\settings\config.json
[2023-08-02 09:36:32,200][ApicWS10][INFO] saving settings to \\apicnas\Produktion\Pipeline\Apic_Maya_Pipeline\Python\render_vault\settings\config.json
[2023-08-02 09:36:57,125][ApicWS10][INFO] saving settings to \\apicnas\Produktion\Pipeline\Apic_Maya_Pipeline\Python\render_vault\settings\config.json
[2023-08-02 09:37:44,803][ApicWS10][INFO] starting Render Vault...
[2023-08-02 09:38:11,285][ApicWS10][INFO] saving settings to \\apicnas\Produktion\Pipeline\Apic_Maya_Pipeline\Python\render_vault\settings\config.json
