[2023-09-28 11:08:11,091][ApicWS10][INFO] starting Render Vault...
[2023-09-28 11:08:11,319][ApicWS10][INFO] loading settings from \\apicnas\Produktion\Pipeline\Apic_Maya_Pipeline\Python\render_vault\settings\config-ApicWS10.json
[2023-09-28 11:11:19,954][ApicWS10][INFO] created new hdri pool in //apicnas/Produktion/Ressources/Library/HDR_lib/gsg/ProStudiosMetal
[2023-09-28 11:12:59,571][ApicWS10][INFO] created new hdri pool in //apicnas/Produktion/Ressources/Library/HDR_lib/gsg/ProStudiosMetal2
[2023-09-28 11:15:06,513][ApicWS10][INFO] created new hdri pool in //apicnas/Produktion/Ressources/Library/HDR_lib/gsg/ModernIndustrial
[2023-09-28 11:17:45,666][ApicWS10][ERROR] path: //apicnas/Produktion/Ressources/Library/HDR_lib/gsg\HDRIPool does not exist
[2023-09-28 11:17:45,667][ApicWS10][INFO] deleted current hdri pool in //apicnas/Produktion/Ressources/Library/HDR_lib/gsg\HDRIPool
[2023-09-28 11:17:45,667][ApicWS10][INFO] deleting current pool GSG
[2023-09-28 11:18:01,456][ApicWS10][WARNING] can't create folder, path: //apicnas/Produktion/Ressources/Library/HDR_lib/gsg/ProStudios\HDRIPool already exists
[2023-09-28 11:18:01,460][ApicWS10][WARNING] can't create folder, path: //apicnas/Produktion/Ressources/Library/HDR_lib/gsg/ProStudios\HDRIPool\HDRIs already exists
[2023-09-28 11:18:01,462][ApicWS10][WARNING] can't create folder, path: //apicnas/Produktion/Ressources/Library/HDR_lib/gsg/ProStudios\HDRIPool\Thumbnails already exists
[2023-09-28 11:18:01,462][ApicWS10][INFO] created new hdri pool in //apicnas/Produktion/Ressources/Library/HDR_lib/gsg/ProStudios
[2023-09-28 11:22:47,927][ApicWS10][INFO] created new hdri pool in //apicnas/Produktion/Ressources/Library/HDR_lib/gsg/AreaLightMaps
[2023-09-28 11:24:15,324][ApicWS10][INFO] created new hdri pool in //apicnas/Produktion/Ressources/Library/HDR_lib/gsg/AreaLightMaps2
[2023-09-28 11:25:44,273][ApicWS10][INFO] created new hdri pool in //apicnas/Produktion/Ressources/Library/HDR_lib/gsg/CommercialLocations
[2023-09-28 11:26:45,294][ApicWS10][INFO] created new hdri pool in //apicnas/Produktion/Ressources/Library/HDR_lib/gsg/CreativeSpaces
[2023-09-28 11:28:05,875][ApicWS10][INFO] starting Render Vault...
[2023-09-28 11:28:05,972][ApicWS10][INFO] loading settings from \\apicnas\Produktion\Pipeline\Apic_Maya_Pipeline\Python\render_vault\settings\config-ApicWS10.json
[2023-09-28 11:28:09,548][ApicWS10][INFO] updated settings manager values.
[2023-09-28 11:28:09,554][ApicWS10][INFO] saving settings to \\apicnas\Produktion\Pipeline\Apic_Maya_Pipeline\Python\render_vault\settings\config-ApicWS10.json
[2023-09-28 11:34:26,872][ApicWS10][INFO] created new hdri pool in \\apicnas\Produktion\Ressources\Library\HDR_lib\gsg\EuropeanHoliday
[2023-09-28 11:35:32,527][ApicWS10][INFO] created new hdri pool in \\apicnas\Produktion\Ressources\Library\HDR_lib\gsg\NightSkies
[2023-09-28 11:37:12,090][ApicWS10][INFO] created new hdri pool in \\apicnas\Produktion\Ressources\Library\HDR_lib\gsg\Paradise
[2023-09-28 11:39:46,367][ApicWS10][INFO] created new hdri pool in \\apicnas\Produktion\Ressources\Library\HDR_lib\gsg\RoadTrip
[2023-09-28 11:42:04,758][ApicWS10][INFO] created new hdri pool in \\apicnas\Produktion\Ressources\Library\HDR_lib\gsg\Space
[2023-09-28 11:42:51,704][ApicWS10][INFO] created new hdri pool in \\apicnas\Produktion\Ressources\Library\HDR_lib\gsg\StudioBasics
[2023-09-28 11:43:51,565][ApicWS10][INFO] created new hdri pool in \\apicnas\Produktion\Ressources\Library\HDR_lib\gsg\UltimateSkies
[2023-09-28 14:50:46,649][ApicWS06][INFO] starting Render Vault...
[2023-09-28 14:50:46,741][ApicWS06][INFO] loading settings from \\APICNAS\Produktion\Pipeline\Apic_Maya_Pipeline\Python\render_vault\settings\config-ApicWS06.json
[2023-09-28 14:50:55,766][ApicWS06][INFO] updated settings manager values.
[2023-09-28 14:50:55,769][ApicWS06][INFO] saving settings to \\APICNAS\Produktion\Pipeline\Apic_Maya_Pipeline\Python\render_vault\settings\config-ApicWS06.json
