[2023-08-14 11:06:39,979][ApicWS10][INFO] starting Render Vault...
[2023-08-14 11:07:34,067][ApicWS10][INFO] exported test to C:/Users/TheApic/Desktop\MaterialPool\Materials
[2023-08-14 11:07:36,937][ApicWS10][INFO] HELOOOOOOO
[2023-08-14 11:15:55,939][ApicWS10][INFO] deleted C:\Users\TheApic\Desktop\MaterialPool\Materials\test.mb
[2023-08-14 11:16:21,681][ApicWS10][INFO] exported test to C:/Users/TheApic/Desktop\MaterialPool\Materials
[2023-08-14 11:16:24,432][ApicWS10][INFO] initializing maya standalone...
[2023-08-14 11:17:31,895][ApicWS10][INFO] saving settings to \\apicnas\Produktion\Pipeline\Apic_Maya_Pipeline\Python\render_vault\settings\config.json
[2023-08-14 11:18:26,033][ApicWS10][INFO] deleted C:\Users\TheApic\Desktop\MaterialPool\Materials\test.mb
[2023-08-14 11:18:33,439][ApicWS10][INFO] exported test to C:/Users/TheApic/Desktop\MaterialPool\Materials
[2023-08-14 11:19:21,146][ApicWS10][INFO] deleted C:\Users\TheApic\Desktop\MaterialPool\Materials\test.mb
[2023-08-14 11:19:25,639][ApicWS10][INFO] exported test to C:/Users/TheApic/Desktop\MaterialPool\Materials
[2023-08-14 11:19:28,412][ApicWS10][INFO] ['test']
[2023-08-14 11:20:43,286][ApicWS10][INFO] uninitializing maya standalone...
[2023-08-14 11:21:15,890][ApicWS10][INFO] deleted C:\Users\TheApic\Desktop\MaterialPool\Materials\test.mb
[2023-08-14 11:21:20,244][ApicWS10][INFO] exported test to C:/Users/TheApic/Desktop\MaterialPool\Materials
[2023-08-14 11:21:22,961][ApicWS10][INFO] ['test']
[2023-08-14 11:21:22,962][ApicWS10][INFO] initializing maya standalone...
[2023-08-14 11:22:26,048][ApicWS10][INFO] deleted C:\Users\TheApic\Desktop\MaterialPool\Materials\test.mb
[2023-08-14 11:23:27,177][ApicWS10][INFO] exported test to C:/Users/TheApic/Desktop\MaterialPool\Materials
[2023-08-14 11:23:29,756][ApicWS10][INFO] ['test']
[2023-08-14 11:23:29,757][ApicWS10][INFO] initializing maya standalone...
[2023-08-14 11:28:33,333][ApicWS10][INFO] deleted C:\Users\TheApic\Desktop\MaterialPool\Materials\test.mb
[2023-08-14 11:28:47,020][ApicWS10][INFO] exported test to C:/Users/TheApic/Desktop\MaterialPool\Materials
[2023-08-14 11:28:49,852][ApicWS10][INFO] ['test']
[2023-08-14 11:28:49,853][ApicWS10][INFO] initializing maya standalone...
[2023-08-14 11:30:16,846][ApicWS10][INFO] exported test to C:/Users/TheApic/Desktop\MaterialPool\Materials
[2023-08-14 11:30:19,416][ApicWS10][INFO] ['test']
[2023-08-14 11:30:19,417][ApicWS10][INFO] initializing maya standalone...
[2023-08-14 11:30:31,157][ApicWS10][ERROR] path: C:\Users\TheApic\Desktop\MaterialPool\Textures\test already exists
[2023-08-14 11:37:43,251][ApicWS10][INFO] exported test to C:/Users/TheApic/Desktop\MaterialPool\Materials
[2023-08-14 11:37:46,081][ApicWS10][INFO] initializing maya standalone...
[2023-08-14 11:37:57,752][ApicWS10][ERROR] path: C:\Users\TheApic\Desktop\MaterialPool\Textures\test already exists
[2023-08-14 11:37:57,755][ApicWS10][ERROR] File not found: "C:/Users/TheApic/Desktop/MaterialPool/Materials/test"
Traceback (most recent call last):
  File "\\APICNAS\Produktion\Pipeline\Apic_Maya_Pipeline\Python\render_vault\controller\repath_manager.py", line 42, in load_material_scene
    cmds.file(path, open=True, force=True)
RuntimeError: File not found: "C:/Users/TheApic/Desktop/MaterialPool/Materials/test"

[2023-08-14 11:39:15,963][ApicWS10][INFO] exported test to C:/Users/TheApic/Desktop\MaterialPool\Materials
[2023-08-14 11:39:18,784][ApicWS10][INFO] initializing maya standalone...
[2023-08-14 11:39:30,146][ApicWS10][ERROR] path: C:\Users\TheApic\Desktop\MaterialPool\Textures\test already exists
[2023-08-14 11:39:30,179][ApicWS10][INFO] loaded material scene: C:\Users\TheApic\Desktop\MaterialPool\Materials\test.mb
[2023-08-14 11:39:30,180][ApicWS10][INFO] found texture paths: C:\Users\TheApic\Desktop\MaterialPool\Textures\test
[2023-08-14 11:39:30,226][ApicWS10][INFO] copied W:/Ressources/Library/_Textures/walls/sci-fi_padded_wall/TexturesCom_Plastic_Padded4_4K_albedo.tif to C:\Users\TheApic\Desktop\MaterialPool\Textures\test
[2023-08-14 12:05:20,003][ApicWS10][INFO] deleted C:\Users\TheApic\Desktop\MaterialPool\Materials\test.mb
[2023-08-14 12:05:50,145][ApicWS10][INFO] exported test to C:/Users/TheApic/Desktop\MaterialPool\Materials
[2023-08-14 12:05:52,746][ApicWS10][INFO] initializing maya standalone...
[2023-08-14 12:06:03,785][ApicWS10][INFO] loaded material scene: C:\Users\TheApic\Desktop\MaterialPool\Materials\test.mb
[2023-08-14 12:06:03,827][ApicWS10][INFO] copied W:/Ressources/Library/_Textures/walls/sci-fi_padded_wall/TexturesCom_Plastic_Padded4_4K_albedo.tif to C:\Users\TheApic\Desktop\MaterialPool\Textures\test
[2023-08-14 12:06:41,327][ApicWS10][INFO] exported test to C:/Users/TheApic/Desktop\MaterialPool\Materials
[2023-08-14 12:06:43,775][ApicWS10][INFO] initializing maya standalone...
[2023-08-14 12:06:54,696][ApicWS10][INFO] loaded material scene: C:\Users\TheApic\Desktop\MaterialPool\Materials\test.mb
[2023-08-14 12:06:54,697][ApicWS10][ERROR] path: C:\Users\TheApic\Desktop\MaterialPool\Textures\test already exists
[2023-08-14 12:06:54,738][ApicWS10][INFO] copied W:/Ressources/Library/_Textures/walls/sci-fi_padded_wall/TexturesCom_Plastic_Padded4_4K_albedo.tif to C:\Users\TheApic\Desktop\MaterialPool\Textures\test
[2023-08-14 12:06:54,740][ApicWS10][INFO] set path of file node: file1 to C:\Users\TheApic\Desktop\MaterialPool\Textures\test\TexturesCom_Plastic_Padded4_4K_albedo.tif
[2023-08-14 12:07:04,156][ApicWS10][INFO] uninitializing maya standalone...
[2023-08-14 12:07:24,600][ApicWS10][INFO] imported material sceneConfigurationScriptNode
[2023-08-14 12:10:38,392][ApicWS10][INFO] saving settings to \\apicnas\Produktion\Pipeline\Apic_Maya_Pipeline\Python\render_vault\settings\config.json
[2023-08-14 12:11:09,917][ApicWS10][INFO] uninitializing maya standalone...
[2023-08-14 12:44:10,843][ApicWS10][INFO] starting Render Vault...
[2023-08-14 12:44:40,255][ApicWS10][INFO] exported ulu to C:/Users/TheApic/Desktop\MaterialPool\Materials
[2023-08-14 12:44:42,750][ApicWS10][INFO] initializing maya standalone...
[2023-08-14 12:44:56,071][ApicWS10][INFO] loaded material scene: C:\Users\TheApic\Desktop\MaterialPool\Materials\ulu.mb
[2023-08-14 12:45:17,350][ApicWS10][INFO] exported ulu to C:/Users/TheApic/Desktop\MaterialPool\Materials
[2023-08-14 12:45:19,532][ApicWS10][INFO] initializing maya standalone...
[2023-08-14 12:45:31,658][ApicWS10][INFO] loaded material scene: C:\Users\TheApic\Desktop\MaterialPool\Materials\ulu.mb
[2023-08-14 12:45:31,682][ApicWS10][INFO] copied W:/Ressources/Library/_Textures/Surface_Imperfections/DGruwierSurfaceImperfections_4k_jpeg_8bit/02_deposits.jpg to C:\Users\TheApic\Desktop\MaterialPool\Textures\ulu
[2023-08-14 12:45:31,683][ApicWS10][INFO] set path of file node: test_file1 to C:\Users\TheApic\Desktop\MaterialPool\Textures\ulu\02_deposits.jpg
[2023-08-14 12:45:31,703][ApicWS10][INFO] uninitializing maya standalone...
[2023-08-14 12:45:56,040][ApicWS10][INFO] imported material ulu
[2023-08-14 12:46:02,955][ApicWS10][INFO] saving settings to \\apicnas\Produktion\Pipeline\Apic_Maya_Pipeline\Python\render_vault\settings\config.json
[2023-08-14 13:43:28,134][ApicWS10][INFO] starting Render Vault...
[2023-08-14 13:44:02,739][ApicWS10][INFO] saving settings to \\apicnas\Produktion\Pipeline\Apic_Maya_Pipeline\Python\render_vault\settings\config.json
[2023-08-14 13:45:02,599][ApicWS10][INFO] starting Render Vault...
[2023-08-14 13:46:28,848][ApicWS10][INFO] saving settings to \\apicnas\Produktion\Pipeline\Apic_Maya_Pipeline\Python\render_vault\settings\config.json
[2023-08-14 14:18:27,749][ApicWS10][INFO] saving settings to \\apicnas\Produktion\Pipeline\Apic_Maya_Pipeline\Python\render_vault\settings\config.json
[2023-08-14 14:28:28,401][ApicWS10][INFO] starting Render Vault...
[2023-08-14 14:29:48,262][ApicWS10][INFO] starting Render Vault...
[2023-08-14 14:30:14,699][ApicWS10][INFO] saving settings to \\apicnas\Produktion\Pipeline\Apic_Maya_Pipeline\Python\render_vault\settings\config.json
[2023-08-14 14:30:29,683][ApicWS10][INFO] starting Render Vault...
[2023-08-14 14:30:32,769][ApicWS10][INFO] deleted C:\Users\TheApic\Desktop\ModelPool\Models\with_texture.mb
[2023-08-14 14:35:32,111][ApicWS10][INFO] saving settings to \\apicnas\Produktion\Pipeline\Apic_Maya_Pipeline\Python\render_vault\settings\config.json
[2023-08-14 14:35:34,430][ApicWS10][INFO] starting Render Vault...
[2023-08-14 14:35:41,394][ApicWS10][INFO] starting Render Vault...
[2023-08-14 14:36:14,521][ApicWS10][INFO] starting Render Vault...
[2023-08-14 14:37:09,057][ApicWS10][INFO] starting Render Vault...
[2023-08-14 14:37:53,826][ApicWS10][INFO] starting Render Vault...
[2023-08-14 14:40:43,653][ApicWS10][INFO] saving settings to \\apicnas\Produktion\Pipeline\Apic_Maya_Pipeline\Python\render_vault\settings\config.json
[2023-08-14 14:40:46,913][ApicWS10][INFO] starting Render Vault...
[2023-08-14 14:40:53,392][ApicWS10][INFO] C:/Program Files/Autodesk/Maya2024/bin/mayapy.exe \\APICNAS\Produktion\Pipeline\Apic_Maya_Pipeline\Python\render_vault\controller\repath_manager.py \\APICNAS\Produktion\Pipeline\Apic_Maya_Pipeline\Python\render_vault\logs\2023-08-14.log C:/Users/TheApic/Desktop  C:\Users\TheApic\Desktop\ModelPool\Models\sfsf.mb 1
[2023-08-14 14:47:39,172][ApicWS10][INFO] saving settings to \\apicnas\Produktion\Pipeline\Apic_Maya_Pipeline\Python\render_vault\settings\config.json
[2023-08-14 14:47:41,396][ApicWS10][INFO] starting Render Vault...
[2023-08-14 14:49:05,084][ApicWS10][INFO] starting Render Vault...
[2023-08-14 14:49:12,799][ApicWS10][INFO] C:/Program Files/Autodesk/Maya2024/bin/mayapy.exe \\APICNAS\Produktion\Pipeline\Apic_Maya_Pipeline\Python\render_vault\controller\repath_manager.py \\APICNAS\Produktion\Pipeline\Apic_Maya_Pipeline\Python\render_vault\logs\2023-08-14.log C:/Users/TheApic/Desktop  C:\Users\TheApic\Desktop\ModelPool\Models\sfsf.mb 1
[2023-08-14 14:50:45,972][ApicWS10][INFO] saving settings to \\apicnas\Produktion\Pipeline\Apic_Maya_Pipeline\Python\render_vault\settings\config.json
[2023-08-14 14:50:47,768][ApicWS10][INFO] starting Render Vault...
[2023-08-14 14:50:54,442][ApicWS10][INFO] C:/Program Files/Autodesk/Maya2024/bin/mayapy.exe \\APICNAS\Produktion\Pipeline\Apic_Maya_Pipeline\Python\render_vault\controller\repath_manager.py \\APICNAS\Produktion\Pipeline\Apic_Maya_Pipeline\Python\render_vault\logs\2023-08-14.log C:/Users/TheApic/Desktop  C:\Users\TheApic\Desktop\ModelPool\Models\sfsf.mb 1
[2023-08-14 14:51:34,890][ApicWS10][INFO] saving settings to \\apicnas\Produktion\Pipeline\Apic_Maya_Pipeline\Python\render_vault\settings\config.json
[2023-08-14 14:53:35,843][ApicWS10][INFO] starting Render Vault...
[2023-08-14 14:54:27,679][ApicWS10][INFO] starting Render Vault...
[2023-08-14 14:54:31,332][ApicWS10][INFO] imported model C:\Users\TheApic\Desktop\ModelPool\Models\sfsf.mb
[2023-08-14 14:54:44,928][ApicWS10][INFO] 
[2023-08-14 14:55:30,450][ApicWS10][INFO] 
[2023-08-14 14:55:42,015][ApicWS10][INFO] 
[2023-08-14 14:55:55,679][ApicWS10][INFO] 
[2023-08-14 14:56:34,524][ApicWS10][INFO] saving settings to \\apicnas\Produktion\Pipeline\Apic_Maya_Pipeline\Python\render_vault\settings\config.json
[2023-08-14 14:56:52,184][ApicWS10][INFO] starting Render Vault...
[2023-08-14 14:56:59,009][ApicWS10][INFO] 
[2023-08-14 15:00:03,074][ApicWS10][INFO] saving settings to \\apicnas\Produktion\Pipeline\Apic_Maya_Pipeline\Python\render_vault\settings\config.json
[2023-08-14 15:00:05,070][ApicWS10][INFO] starting Render Vault...
[2023-08-14 15:00:52,057][ApicWS10][INFO] starting Render Vault...
[2023-08-14 15:00:55,005][ApicWS10][INFO] imported model C:\Users\TheApic\Desktop\ModelPool\Models\sfsf.mb
[2023-08-14 15:01:03,626][ApicWS10][INFO] C:/Program Files/Autodesk/Maya2024/bin/mayapy.exe \\APICNAS\Produktion\Pipeline\Apic_Maya_Pipeline\Python\render_vault\controller\repath_manager.py \\APICNAS\Produktion\Pipeline\Apic_Maya_Pipeline\Python\render_vault\logs\2023-08-14.log C:/Users/TheApic/Desktop  C:\Users\TheApic\Desktop\ModelPool\Models\sfsf.mb 1
[2023-08-14 15:02:46,570][ApicWS10][INFO] saving settings to \\apicnas\Produktion\Pipeline\Apic_Maya_Pipeline\Python\render_vault\settings\config.json
[2023-08-14 15:02:48,432][ApicWS10][INFO] starting Render Vault...
[2023-08-14 15:02:53,762][ApicWS10][INFO] C:/Program Files/Autodesk/Maya2024/bin/mayapy.exe \\APICNAS\Produktion\Pipeline\Apic_Maya_Pipeline\Python\render_vault\controller\repath_manager.py \\APICNAS\Produktion\Pipeline\Apic_Maya_Pipeline\Python\render_vault\logs\2023-08-14.log C:/Users/TheApic/Desktop  C:\Users\TheApic\Desktop\ModelPool\Models\sfsf.mb 1
[2023-08-14 15:03:22,705][ApicWS10][INFO] saving settings to \\apicnas\Produktion\Pipeline\Apic_Maya_Pipeline\Python\render_vault\settings\config.json
[2023-08-14 15:03:24,385][ApicWS10][INFO] starting Render Vault...
[2023-08-14 15:03:29,344][ApicWS10][INFO] C:/Program Files/Autodesk/Maya2024/bin/mayapy.exe \\APICNAS\Produktion\Pipeline\Apic_Maya_Pipeline\Python\render_vault\controller\repath_manager.py \\APICNAS\Produktion\Pipeline\Apic_Maya_Pipeline\Python\render_vault\logs\2023-08-14.log C:/Users/TheApic/Desktop None C:\Users\TheApic\Desktop\ModelPool\Models\sfsf.mb 1
[2023-08-14 15:03:30,997][ApicWS10][INFO] initializing maya standalone...
[2023-08-14 15:03:42,540][ApicWS10][INFO] loaded material scene: C:\Users\TheApic\Desktop\ModelPool\Models\sfsf.mb
[2023-08-14 15:03:55,614][ApicWS10][INFO] saving settings to \\apicnas\Produktion\Pipeline\Apic_Maya_Pipeline\Python\render_vault\settings\config.json
[2023-08-14 15:04:20,071][ApicWS10][INFO] starting Render Vault...
[2023-08-14 15:04:25,164][ApicWS10][INFO] C:/Program Files/Autodesk/Maya2024/bin/mayapy.exe \\APICNAS\Produktion\Pipeline\Apic_Maya_Pipeline\Python\render_vault\controller\repath_manager.py \\APICNAS\Produktion\Pipeline\Apic_Maya_Pipeline\Python\render_vault\logs\2023-08-14.log C:/Users/TheApic/Desktop None C:\Users\TheApic\Desktop\ModelPool\Models\sfsf.mb 1
[2023-08-14 15:04:26,849][ApicWS10][INFO] initializing maya standalone...
[2023-08-14 15:04:38,129][ApicWS10][INFO] loaded material scene: C:\Users\TheApic\Desktop\ModelPool\Models\sfsf.mb
[2023-08-14 15:04:38,149][ApicWS10][INFO] copied W:/Ressources/Library/_Textures/Landscape_BGs/TexturesCom_LandscapesGreen0044_XXL.jpg to C:\Users\TheApic\Desktop\ModelPool\Textures\sfsf.mb
[2023-08-14 15:04:38,150][ApicWS10][INFO] set path of file node: file1 to C:\Users\TheApic\Desktop\ModelPool\Textures\sfsf.mb\TexturesCom_LandscapesGreen0044_XXL.jpg
[2023-08-14 15:04:38,169][ApicWS10][INFO] saved scene C:\Users\TheApic\Desktop\ModelPool\Models\sfsf.mb
[2023-08-14 15:04:38,170][ApicWS10][INFO] uninitializing maya standalone...
[2023-08-14 15:05:11,057][ApicWS10][INFO] imported model C:\Users\TheApic\Desktop\ModelPool\Models\sfsf.mb
[2023-08-14 15:05:22,478][ApicWS10][INFO] saving settings to \\apicnas\Produktion\Pipeline\Apic_Maya_Pipeline\Python\render_vault\settings\config.json
[2023-08-14 15:06:33,722][ApicWS10][INFO] C:/Program Files/Autodesk/Maya2024/bin/mayapy.exe \\APICNAS\Produktion\Pipeline\Apic_Maya_Pipeline\Python\render_vault\controller\repath_manager.py \\APICNAS\Produktion\Pipeline\Apic_Maya_Pipeline\Python\render_vault\logs\2023-08-14.log C:/Users/TheApic/Desktop None C:\Users\TheApic\Desktop\ModelPool\Models\sfsf.mb 1
[2023-08-14 15:06:35,488][ApicWS10][INFO] initializing maya standalone...
[2023-08-14 15:06:46,986][ApicWS10][INFO] loaded material scene: C:\Users\TheApic\Desktop\ModelPool\Models\sfsf.mb
[2023-08-14 15:06:46,992][ApicWS10][INFO] copied C:/Users/TheApic/Desktop/ModelPool/Textures/sfsf.mb/TexturesCom_LandscapesGreen0044_XXL.jpg to C:\Users\TheApic\Desktop\ModelPool\Textures\sfsf
[2023-08-14 15:06:46,993][ApicWS10][INFO] set path of file node: file1 to C:\Users\TheApic\Desktop\ModelPool\Textures\sfsf\TexturesCom_LandscapesGreen0044_XXL.jpg
[2023-08-14 15:06:47,012][ApicWS10][INFO] saved scene C:\Users\TheApic\Desktop\ModelPool\Models\sfsf.mb
[2023-08-14 15:06:47,013][ApicWS10][INFO] uninitializing maya standalone...
[2023-08-14 15:07:32,362][ApicWS10][INFO] imported model C:\Users\TheApic\Desktop\ModelPool\Models\sfsf.mb
[2023-08-14 15:08:33,388][ApicWS10][INFO] saving settings to \\apicnas\Produktion\Pipeline\Apic_Maya_Pipeline\Python\render_vault\settings\config.json
[2023-08-14 15:11:59,129][ApicWS10][INFO] starting Render Vault...
[2023-08-14 15:12:10,267][ApicWS10][INFO] saving settings to \\apicnas\Produktion\Pipeline\Apic_Maya_Pipeline\Python\render_vault\settings\config.json
