[2023-10-09 09:14:26,480][ApicWS10][INFO] starting Render Vault...
[2023-10-09 09:14:26,603][ApicWS10][INFO] loading settings from \\apicnas\Produktion\Pipeline\Apic_Maya_Pipeline\Python\render_vault\settings\config-ApicWS10.json
[2023-10-09 09:16:12,291][ApicWS10][INFO] updated settings manager values.
[2023-10-09 09:16:12,298][ApicWS10][INFO] saving settings to \\apicnas\Produktion\Pipeline\Apic_Maya_Pipeline\Python\render_vault\settings\config-ApicWS10.json
[2023-10-09 09:16:20,515][ApicWS10][INFO] starting Render Vault...
[2023-10-09 09:16:20,610][ApicWS10][INFO] loading settings from \\apicnas\Produktion\Pipeline\Apic_Maya_Pipeline\Python\render_vault\settings\config-ApicWS10.json
[2023-10-09 09:19:14,968][ApicWS10][INFO] updated settings manager values.
[2023-10-09 09:19:14,975][ApicWS10][INFO] saving settings to \\apicnas\Produktion\Pipeline\Apic_Maya_Pipeline\Python\render_vault\settings\config-ApicWS10.json
[2023-10-09 09:19:44,182][ApicWS10][INFO] updated settings manager values.
[2023-10-09 09:19:44,188][ApicWS10][INFO] saving settings to \\apicnas\Produktion\Pipeline\Apic_Maya_Pipeline\Python\render_vault\settings\config-ApicWS10.json
[2023-10-09 10:00:20,822][ApicWS10][INFO] imported material layered_print_offwhite_mtl
[2023-10-09 11:17:08,411][ApicWS10][INFO] starting Render Vault...
[2023-10-09 11:17:15,215][ApicWS10][INFO] updated settings manager values.
[2023-10-09 11:17:15,221][ApicWS10][INFO] saving settings to \\apicnas\Produktion\Pipeline\Apic_Maya_Pipeline\Python\render_vault\settings\config-ApicWS10.json
[2023-10-09 11:17:21,203][ApicWS10][INFO] starting Render Vault...
[2023-10-09 11:17:24,333][ApicWS10][INFO] updated settings manager values.
[2023-10-09 11:17:24,339][ApicWS10][INFO] saving settings to \\apicnas\Produktion\Pipeline\Apic_Maya_Pipeline\Python\render_vault\settings\config-ApicWS10.json
[2023-10-09 11:18:11,245][ApicWS10][INFO] starting Render Vault...
[2023-10-09 11:18:11,314][ApicWS10][INFO] loading settings from \\apicnas\Produktion\Pipeline\Apic_Maya_Pipeline\Python\render_vault\settings\config-ApicWS10.json
[2023-10-09 11:18:18,103][ApicWS10][INFO] updated settings manager values.
[2023-10-09 11:18:18,109][ApicWS10][INFO] saving settings to \\apicnas\Produktion\Pipeline\Apic_Maya_Pipeline\Python\render_vault\settings\config-ApicWS10.json
[2023-10-09 11:19:06,122][ApicWS10][INFO] starting Render Vault...
[2023-10-09 11:19:06,229][ApicWS10][INFO] loading settings from \\apicnas\Produktion\Pipeline\Apic_Maya_Pipeline\Python\render_vault\settings\config-ApicWS10.json
[2023-10-09 11:19:11,331][ApicWS10][INFO] updated settings manager values.
[2023-10-09 11:19:11,338][ApicWS10][INFO] saving settings to \\apicnas\Produktion\Pipeline\Apic_Maya_Pipeline\Python\render_vault\settings\config-ApicWS10.json
[2023-10-09 11:19:34,253][ApicWS10][INFO] starting Render Vault...
[2023-10-09 11:19:34,361][ApicWS10][INFO] loading settings from \\apicnas\Produktion\Pipeline\Apic_Maya_Pipeline\Python\render_vault\settings\config-ApicWS10.json
[2023-10-09 11:19:44,538][ApicWS10][INFO] updated settings manager values.
[2023-10-09 11:19:44,544][ApicWS10][INFO] saving settings to \\apicnas\Produktion\Pipeline\Apic_Maya_Pipeline\Python\render_vault\settings\config-ApicWS10.json
[2023-10-09 11:20:14,815][ApicWS10][INFO] updated settings manager values.
[2023-10-09 11:20:14,823][ApicWS10][INFO] saving settings to \\apicnas\Produktion\Pipeline\Apic_Maya_Pipeline\Python\render_vault\settings\config-ApicWS10.json
[2023-10-09 11:20:18,278][ApicWS10][INFO] starting Render Vault...
[2023-10-09 11:20:18,384][ApicWS10][INFO] loading settings from \\apicnas\Produktion\Pipeline\Apic_Maya_Pipeline\Python\render_vault\settings\config-ApicWS10.json
[2023-10-09 11:20:47,122][ApicWS10][INFO] starting Render Vault...
[2023-10-09 11:20:47,221][ApicWS10][INFO] loading settings from \\apicnas\Produktion\Pipeline\Apic_Maya_Pipeline\Python\render_vault\settings\config-ApicWS10.json
[2023-10-09 11:21:16,157][ApicWS10][INFO] starting Render Vault...
[2023-10-09 11:21:16,258][ApicWS10][INFO] loading settings from \\apicnas\Produktion\Pipeline\Apic_Maya_Pipeline\Python\render_vault\settings\config-ApicWS10.json
[2023-10-09 11:22:34,353][ApicWS10][INFO] updated settings manager values.
[2023-10-09 11:22:34,360][ApicWS10][INFO] saving settings to \\apicnas\Produktion\Pipeline\Apic_Maya_Pipeline\Python\render_vault\settings\config-ApicWS10.json
[2023-10-09 11:22:36,993][ApicWS10][INFO] starting Render Vault...
[2023-10-09 11:22:37,097][ApicWS10][INFO] loading settings from \\apicnas\Produktion\Pipeline\Apic_Maya_Pipeline\Python\render_vault\settings\config-ApicWS10.json
[2023-10-09 11:24:21,672][ApicWS10][INFO] updated settings manager values.
[2023-10-09 11:24:21,679][ApicWS10][INFO] saving settings to \\apicnas\Produktion\Pipeline\Apic_Maya_Pipeline\Python\render_vault\settings\config-ApicWS10.json
[2023-10-09 11:24:25,464][ApicWS10][INFO] starting Render Vault...
[2023-10-09 11:24:25,569][ApicWS10][INFO] loading settings from \\apicnas\Produktion\Pipeline\Apic_Maya_Pipeline\Python\render_vault\settings\config-ApicWS10.json
[2023-10-09 11:24:34,718][ApicWS10][INFO] updated settings manager values.
[2023-10-09 11:24:34,724][ApicWS10][INFO] saving settings to \\apicnas\Produktion\Pipeline\Apic_Maya_Pipeline\Python\render_vault\settings\config-ApicWS10.json
[2023-10-09 11:25:15,439][ApicWS10][INFO] starting Render Vault...
[2023-10-09 11:25:15,531][ApicWS10][INFO] loading settings from \\apicnas\Produktion\Pipeline\Apic_Maya_Pipeline\Python\render_vault\settings\config-ApicWS10.json
[2023-10-09 11:25:29,998][ApicWS10][INFO] updated settings manager values.
[2023-10-09 11:25:30,004][ApicWS10][INFO] saving settings to \\apicnas\Produktion\Pipeline\Apic_Maya_Pipeline\Python\render_vault\settings\config-ApicWS10.json
[2023-10-09 11:26:23,504][ApicWS10][INFO] starting Render Vault...
[2023-10-09 11:26:23,597][ApicWS10][INFO] loading settings from \\apicnas\Produktion\Pipeline\Apic_Maya_Pipeline\Python\render_vault\settings\config-ApicWS10.json
[2023-10-09 11:26:59,563][ApicWS10][INFO] updated settings manager values.
[2023-10-09 11:26:59,571][ApicWS10][INFO] saving settings to \\apicnas\Produktion\Pipeline\Apic_Maya_Pipeline\Python\render_vault\settings\config-ApicWS10.json
[2023-10-09 11:27:57,071][ApicWS10][INFO] starting Render Vault...
[2023-10-09 11:27:57,165][ApicWS10][INFO] loading settings from \\apicnas\Produktion\Pipeline\Apic_Maya_Pipeline\Python\render_vault\settings\config-ApicWS10.json
[2023-10-09 11:28:15,442][ApicWS10][INFO] updated settings manager values.
[2023-10-09 11:28:15,447][ApicWS10][INFO] saving settings to \\apicnas\Produktion\Pipeline\Apic_Maya_Pipeline\Python\render_vault\settings\config-ApicWS10.json
[2023-10-09 11:28:33,014][ApicWS10][INFO] starting Render Vault...
[2023-10-09 11:28:33,106][ApicWS10][INFO] loading settings from \\apicnas\Produktion\Pipeline\Apic_Maya_Pipeline\Python\render_vault\settings\config-ApicWS10.json
[2023-10-09 11:31:22,826][ApicWS10][INFO] updated settings manager values.
[2023-10-09 11:31:22,832][ApicWS10][INFO] saving settings to \\apicnas\Produktion\Pipeline\Apic_Maya_Pipeline\Python\render_vault\settings\config-ApicWS10.json
[2023-10-09 11:31:25,938][ApicWS10][INFO] starting Render Vault...
[2023-10-09 11:31:26,028][ApicWS10][INFO] loading settings from \\apicnas\Produktion\Pipeline\Apic_Maya_Pipeline\Python\render_vault\settings\config-ApicWS10.json
[2023-10-09 11:32:17,290][ApicWS10][INFO] updated settings manager values.
[2023-10-09 11:32:17,295][ApicWS10][INFO] saving settings to \\apicnas\Produktion\Pipeline\Apic_Maya_Pipeline\Python\render_vault\settings\config-ApicWS10.json
[2023-10-09 11:33:12,140][ApicWS10][INFO] starting Render Vault...
[2023-10-09 11:33:12,247][ApicWS10][INFO] loading settings from \\apicnas\Produktion\Pipeline\Apic_Maya_Pipeline\Python\render_vault\settings\config-ApicWS10.json
[2023-10-09 11:36:18,024][ApicWS10][INFO] updated settings manager values.
[2023-10-09 11:36:18,030][ApicWS10][INFO] saving settings to \\apicnas\Produktion\Pipeline\Apic_Maya_Pipeline\Python\render_vault\settings\config-ApicWS10.json
[2023-10-09 11:37:14,869][ApicWS10][INFO] updated settings manager values.
[2023-10-09 11:37:14,875][ApicWS10][INFO] saving settings to \\apicnas\Produktion\Pipeline\Apic_Maya_Pipeline\Python\render_vault\settings\config-ApicWS10.json
[2023-10-09 11:37:17,628][ApicWS10][INFO] starting Render Vault...
[2023-10-09 11:37:17,714][ApicWS10][INFO] loading settings from \\apicnas\Produktion\Pipeline\Apic_Maya_Pipeline\Python\render_vault\settings\config-ApicWS10.json
[2023-10-09 11:37:19,391][ApicWS10][INFO] updated settings manager values.
[2023-10-09 11:37:19,396][ApicWS10][INFO] saving settings to \\apicnas\Produktion\Pipeline\Apic_Maya_Pipeline\Python\render_vault\settings\config-ApicWS10.json
[2023-10-09 11:39:36,446][ApicWS10][INFO] starting Render Vault...
[2023-10-09 11:39:36,553][ApicWS10][INFO] loading settings from \\apicnas\Produktion\Pipeline\Apic_Maya_Pipeline\Python\render_vault\settings\config-ApicWS10.json
[2023-10-09 11:39:52,880][ApicWS10][INFO] updated settings manager values.
[2023-10-09 11:39:52,888][ApicWS10][INFO] saving settings to \\apicnas\Produktion\Pipeline\Apic_Maya_Pipeline\Python\render_vault\settings\config-ApicWS10.json
[2023-10-09 11:54:42,326][ApicWS10][INFO] starting Render Vault...
[2023-10-09 11:54:42,424][ApicWS10][INFO] loading settings from \\apicnas\Produktion\Pipeline\Apic_Maya_Pipeline\Python\render_vault\settings\config-ApicWS10.json
[2023-10-09 11:56:16,577][ApicWS10][INFO] updated settings manager values.
[2023-10-09 11:56:16,580][ApicWS10][INFO] saving settings to \\apicnas\Produktion\Pipeline\Apic_Maya_Pipeline\Python\render_vault\settings\config-ApicWS10.json
[2023-10-09 11:57:17,087][ApicWS10][INFO] starting Render Vault...
[2023-10-09 11:57:17,181][ApicWS10][INFO] loading settings from \\apicnas\Produktion\Pipeline\Apic_Maya_Pipeline\Python\render_vault\settings\config-ApicWS10.json
[2023-10-09 11:57:37,517][ApicWS10][INFO] updated settings manager values.
[2023-10-09 11:57:37,523][ApicWS10][INFO] saving settings to \\apicnas\Produktion\Pipeline\Apic_Maya_Pipeline\Python\render_vault\settings\config-ApicWS10.json
[2023-10-09 11:57:41,241][ApicWS10][INFO] updated settings manager values.
[2023-10-09 11:57:41,244][ApicWS10][INFO] saving settings to \\apicnas\Produktion\Pipeline\Apic_Maya_Pipeline\Python\render_vault\settings\config-ApicWS10.json
[2023-10-09 12:04:16,331][ApicWS10][INFO] starting Render Vault...
[2023-10-09 12:04:16,427][ApicWS10][INFO] loading settings from \\apicnas\Produktion\Pipeline\Apic_Maya_Pipeline\Python\render_vault\settings\config-ApicWS10.json
[2023-10-09 12:07:16,544][ApicWS10][INFO] updated settings manager values.
[2023-10-09 12:07:16,552][ApicWS10][INFO] saving settings to \\apicnas\Produktion\Pipeline\Apic_Maya_Pipeline\Python\render_vault\settings\config-ApicWS10.json
[2023-10-09 12:08:37,568][ApicWS10][INFO] starting Render Vault...
[2023-10-09 12:08:37,655][ApicWS10][INFO] loading settings from \\apicnas\Produktion\Pipeline\Apic_Maya_Pipeline\Python\render_vault\settings\config-ApicWS10.json
[2023-10-09 12:14:46,362][ApicWS10][INFO] updated settings manager values.
[2023-10-09 12:14:46,368][ApicWS10][INFO] saving settings to \\apicnas\Produktion\Pipeline\Apic_Maya_Pipeline\Python\render_vault\settings\config-ApicWS10.json
[2023-10-09 12:14:48,575][ApicWS10][INFO] starting Render Vault...
[2023-10-09 12:14:48,671][ApicWS10][INFO] loading settings from \\apicnas\Produktion\Pipeline\Apic_Maya_Pipeline\Python\render_vault\settings\config-ApicWS10.json
[2023-10-09 12:17:01,092][ApicWS10][INFO] updated settings manager values.
[2023-10-09 12:17:01,104][ApicWS10][INFO] saving settings to \\apicnas\Produktion\Pipeline\Apic_Maya_Pipeline\Python\render_vault\settings\config-ApicWS10.json
[2023-10-09 12:17:03,879][ApicWS10][INFO] starting Render Vault...
[2023-10-09 12:17:03,975][ApicWS10][INFO] loading settings from \\apicnas\Produktion\Pipeline\Apic_Maya_Pipeline\Python\render_vault\settings\config-ApicWS10.json
[2023-10-09 12:17:44,171][ApicWS10][INFO] updated settings manager values.
[2023-10-09 12:17:44,178][ApicWS10][INFO] saving settings to \\apicnas\Produktion\Pipeline\Apic_Maya_Pipeline\Python\render_vault\settings\config-ApicWS10.json
[2023-10-09 12:17:46,810][ApicWS10][INFO] starting Render Vault...
[2023-10-09 12:17:46,900][ApicWS10][INFO] loading settings from \\apicnas\Produktion\Pipeline\Apic_Maya_Pipeline\Python\render_vault\settings\config-ApicWS10.json
[2023-10-09 12:18:40,281][ApicWS10][INFO] updated settings manager values.
[2023-10-09 12:18:40,289][ApicWS10][INFO] saving settings to \\apicnas\Produktion\Pipeline\Apic_Maya_Pipeline\Python\render_vault\settings\config-ApicWS10.json
[2023-10-09 12:18:43,015][ApicWS10][INFO] starting Render Vault...
[2023-10-09 12:18:43,118][ApicWS10][INFO] loading settings from \\apicnas\Produktion\Pipeline\Apic_Maya_Pipeline\Python\render_vault\settings\config-ApicWS10.json
[2023-10-09 12:18:56,172][ApicWS10][INFO] updated settings manager values.
[2023-10-09 12:18:56,178][ApicWS10][INFO] saving settings to \\apicnas\Produktion\Pipeline\Apic_Maya_Pipeline\Python\render_vault\settings\config-ApicWS10.json
[2023-10-09 12:19:25,944][ApicWS10][INFO] starting Render Vault...
[2023-10-09 12:19:26,028][ApicWS10][INFO] loading settings from \\apicnas\Produktion\Pipeline\Apic_Maya_Pipeline\Python\render_vault\settings\config-ApicWS10.json
[2023-10-09 12:20:50,458][ApicWS10][INFO] updated settings manager values.
[2023-10-09 12:20:50,467][ApicWS10][INFO] saving settings to \\apicnas\Produktion\Pipeline\Apic_Maya_Pipeline\Python\render_vault\settings\config-ApicWS10.json
[2023-10-09 12:20:57,198][ApicWS10][INFO] starting Render Vault...
[2023-10-09 12:20:57,282][ApicWS10][INFO] loading settings from \\apicnas\Produktion\Pipeline\Apic_Maya_Pipeline\Python\render_vault\settings\config-ApicWS10.json
[2023-10-09 12:21:04,098][ApicWS10][INFO] updated settings manager values.
[2023-10-09 12:21:04,106][ApicWS10][INFO] saving settings to \\apicnas\Produktion\Pipeline\Apic_Maya_Pipeline\Python\render_vault\settings\config-ApicWS10.json
[2023-10-09 12:22:08,831][ApicWS10][INFO] starting Render Vault...
[2023-10-09 12:22:08,938][ApicWS10][INFO] loading settings from \\apicnas\Produktion\Pipeline\Apic_Maya_Pipeline\Python\render_vault\settings\config-ApicWS10.json
[2023-10-09 12:23:24,744][ApicWS10][INFO] updated settings manager values.
[2023-10-09 12:23:24,753][ApicWS10][INFO] saving settings to \\apicnas\Produktion\Pipeline\Apic_Maya_Pipeline\Python\render_vault\settings\config-ApicWS10.json
[2023-10-09 12:23:45,755][ApicWS10][INFO] starting Render Vault...
[2023-10-09 12:23:45,854][ApicWS10][INFO] loading settings from \\apicnas\Produktion\Pipeline\Apic_Maya_Pipeline\Python\render_vault\settings\config-ApicWS10.json
[2023-10-09 12:24:22,577][ApicWS10][INFO] updated settings manager values.
[2023-10-09 12:24:22,587][ApicWS10][INFO] saving settings to \\apicnas\Produktion\Pipeline\Apic_Maya_Pipeline\Python\render_vault\settings\config-ApicWS10.json
[2023-10-09 12:37:18,909][ApicWS10][INFO] updated settings manager values.
[2023-10-09 12:37:18,918][ApicWS10][INFO] saving settings to \\apicnas\Produktion\Pipeline\Apic_Maya_Pipeline\Python\render_vault\settings\config-ApicWS10.json
[2023-10-09 12:37:21,955][ApicWS10][INFO] starting Render Vault...
[2023-10-09 12:37:22,055][ApicWS10][INFO] loading settings from \\apicnas\Produktion\Pipeline\Apic_Maya_Pipeline\Python\render_vault\settings\config-ApicWS10.json
[2023-10-09 12:37:37,045][ApicWS10][INFO] updated settings manager values.
[2023-10-09 12:37:37,055][ApicWS10][INFO] saving settings to \\apicnas\Produktion\Pipeline\Apic_Maya_Pipeline\Python\render_vault\settings\config-ApicWS10.json
[2023-10-09 12:37:40,150][ApicWS10][INFO] starting Render Vault...
[2023-10-09 12:37:40,237][ApicWS10][INFO] loading settings from \\apicnas\Produktion\Pipeline\Apic_Maya_Pipeline\Python\render_vault\settings\config-ApicWS10.json
[2023-10-09 12:44:49,587][ApicWS10][INFO] updated settings manager values.
[2023-10-09 12:44:49,594][ApicWS10][INFO] saving settings to \\apicnas\Produktion\Pipeline\Apic_Maya_Pipeline\Python\render_vault\settings\config-ApicWS10.json
[2023-10-09 12:48:08,996][ApicWS10][INFO] starting Render Vault...
[2023-10-09 12:48:09,086][ApicWS10][INFO] loading settings from \\apicnas\Produktion\Pipeline\Apic_Maya_Pipeline\Python\render_vault\settings\config-ApicWS10.json
[2023-10-09 12:49:32,822][ApicWS10][INFO] updated settings manager values.
[2023-10-09 12:49:32,829][ApicWS10][INFO] saving settings to \\apicnas\Produktion\Pipeline\Apic_Maya_Pipeline\Python\render_vault\settings\config-ApicWS10.json
[2023-10-09 12:49:34,450][ApicWS10][INFO] starting Render Vault...
[2023-10-09 12:50:20,443][ApicWS10][INFO] starting Render Vault...
[2023-10-09 12:50:20,552][ApicWS10][INFO] loading settings from \\apicnas\Produktion\Pipeline\Apic_Maya_Pipeline\Python\render_vault\settings\config-ApicWS10.json
[2023-10-09 12:51:47,366][ApicWS10][INFO] updated settings manager values.
[2023-10-09 12:51:47,372][ApicWS10][INFO] saving settings to \\apicnas\Produktion\Pipeline\Apic_Maya_Pipeline\Python\render_vault\settings\config-ApicWS10.json
[2023-10-09 12:51:50,712][ApicWS10][INFO] starting Render Vault...
[2023-10-09 12:51:50,811][ApicWS10][INFO] loading settings from \\apicnas\Produktion\Pipeline\Apic_Maya_Pipeline\Python\render_vault\settings\config-ApicWS10.json
[2023-10-09 12:52:59,467][ApicWS10][INFO] updated settings manager values.
[2023-10-09 12:52:59,474][ApicWS10][INFO] saving settings to \\apicnas\Produktion\Pipeline\Apic_Maya_Pipeline\Python\render_vault\settings\config-ApicWS10.json
[2023-10-09 12:53:01,314][ApicWS10][INFO] starting Render Vault...
[2023-10-09 12:53:01,408][ApicWS10][INFO] loading settings from \\apicnas\Produktion\Pipeline\Apic_Maya_Pipeline\Python\render_vault\settings\config-ApicWS10.json
[2023-10-09 12:53:31,330][ApicWS10][INFO] updated settings manager values.
[2023-10-09 12:53:31,336][ApicWS10][INFO] saving settings to \\apicnas\Produktion\Pipeline\Apic_Maya_Pipeline\Python\render_vault\settings\config-ApicWS10.json
[2023-10-09 12:53:34,590][ApicWS10][INFO] starting Render Vault...
[2023-10-09 12:53:34,678][ApicWS10][INFO] loading settings from \\apicnas\Produktion\Pipeline\Apic_Maya_Pipeline\Python\render_vault\settings\config-ApicWS10.json
[2023-10-09 12:54:35,886][ApicWS10][INFO] updated settings manager values.
[2023-10-09 12:54:35,893][ApicWS10][INFO] saving settings to \\apicnas\Produktion\Pipeline\Apic_Maya_Pipeline\Python\render_vault\settings\config-ApicWS10.json
[2023-10-09 12:54:40,461][ApicWS10][INFO] starting Render Vault...
[2023-10-09 12:54:40,553][ApicWS10][INFO] loading settings from \\apicnas\Produktion\Pipeline\Apic_Maya_Pipeline\Python\render_vault\settings\config-ApicWS10.json
[2023-10-09 12:55:10,595][ApicWS10][INFO] updated settings manager values.
[2023-10-09 12:55:10,602][ApicWS10][INFO] saving settings to \\apicnas\Produktion\Pipeline\Apic_Maya_Pipeline\Python\render_vault\settings\config-ApicWS10.json
[2023-10-09 12:55:15,763][ApicWS10][INFO] starting Render Vault...
[2023-10-09 12:55:15,860][ApicWS10][INFO] loading settings from \\apicnas\Produktion\Pipeline\Apic_Maya_Pipeline\Python\render_vault\settings\config-ApicWS10.json
[2023-10-09 12:56:53,766][ApicWS10][INFO] updated settings manager values.
[2023-10-09 12:56:53,779][ApicWS10][INFO] saving settings to \\apicnas\Produktion\Pipeline\Apic_Maya_Pipeline\Python\render_vault\settings\config-ApicWS10.json
[2023-10-09 12:57:33,818][ApicWS10][INFO] starting Render Vault...
[2023-10-09 12:57:33,919][ApicWS10][INFO] loading settings from \\apicnas\Produktion\Pipeline\Apic_Maya_Pipeline\Python\render_vault\settings\config-ApicWS10.json
[2023-10-09 12:58:16,999][ApicWS10][INFO] updated settings manager values.
[2023-10-09 12:58:17,007][ApicWS10][INFO] saving settings to \\apicnas\Produktion\Pipeline\Apic_Maya_Pipeline\Python\render_vault\settings\config-ApicWS10.json
[2023-10-09 12:58:18,952][ApicWS10][INFO] starting Render Vault...
[2023-10-09 12:58:19,038][ApicWS10][INFO] loading settings from \\apicnas\Produktion\Pipeline\Apic_Maya_Pipeline\Python\render_vault\settings\config-ApicWS10.json
[2023-10-09 12:59:28,728][ApicWS10][INFO] updated settings manager values.
[2023-10-09 12:59:28,735][ApicWS10][INFO] saving settings to \\apicnas\Produktion\Pipeline\Apic_Maya_Pipeline\Python\render_vault\settings\config-ApicWS10.json
[2023-10-09 12:59:30,791][ApicWS10][INFO] starting Render Vault...
[2023-10-09 12:59:30,881][ApicWS10][INFO] loading settings from \\apicnas\Produktion\Pipeline\Apic_Maya_Pipeline\Python\render_vault\settings\config-ApicWS10.json
[2023-10-09 13:00:29,424][ApicWS10][INFO] starting Render Vault...
[2023-10-09 13:00:29,519][ApicWS10][INFO] loading settings from \\apicnas\Produktion\Pipeline\Apic_Maya_Pipeline\Python\render_vault\settings\config-ApicWS10.json
[2023-10-09 13:02:12,312][ApicWS10][INFO] updated settings manager values.
[2023-10-09 13:02:12,319][ApicWS10][INFO] saving settings to \\apicnas\Produktion\Pipeline\Apic_Maya_Pipeline\Python\render_vault\settings\config-ApicWS10.json
[2023-10-09 13:02:14,129][ApicWS10][INFO] starting Render Vault...
[2023-10-09 13:02:14,226][ApicWS10][INFO] loading settings from \\apicnas\Produktion\Pipeline\Apic_Maya_Pipeline\Python\render_vault\settings\config-ApicWS10.json
[2023-10-09 13:03:06,419][ApicWS10][INFO] updated settings manager values.
[2023-10-09 13:03:06,426][ApicWS10][INFO] saving settings to \\apicnas\Produktion\Pipeline\Apic_Maya_Pipeline\Python\render_vault\settings\config-ApicWS10.json
[2023-10-09 13:03:08,861][ApicWS10][INFO] starting Render Vault...
[2023-10-09 13:03:08,947][ApicWS10][INFO] loading settings from \\apicnas\Produktion\Pipeline\Apic_Maya_Pipeline\Python\render_vault\settings\config-ApicWS10.json
[2023-10-09 14:30:55,870][ApicWS10][INFO] starting Render Vault...
[2023-10-09 14:30:55,992][ApicWS10][INFO] loading settings from \\apicnas\Produktion\Pipeline\Apic_Maya_Pipeline\Python\render_vault\settings\config-ApicWS10.json
[2023-10-09 14:30:58,047][ApicWS10][INFO] updated settings manager values.
[2023-10-09 14:30:58,050][ApicWS10][INFO] saving settings to \\apicnas\Produktion\Pipeline\Apic_Maya_Pipeline\Python\render_vault\settings\config-ApicWS10.json
[2023-10-09 14:47:23,269][ApicWS10][INFO] starting Render Vault...
[2023-10-09 14:47:23,425][ApicWS10][INFO] loading settings from \\apicnas\Produktion\Pipeline\Apic_Maya_Pipeline\Python\render_vault\settings\config-ApicWS10.json
[2023-10-09 14:55:31,173][ApicWS10][INFO] updated settings manager values.
[2023-10-09 14:55:31,184][ApicWS10][INFO] saving settings to \\apicnas\Produktion\Pipeline\Apic_Maya_Pipeline\Python\render_vault\settings\config-ApicWS10.json
[2023-10-09 14:55:33,363][ApicWS10][INFO] starting Render Vault...
[2023-10-09 14:55:33,511][ApicWS10][INFO] loading settings from \\apicnas\Produktion\Pipeline\Apic_Maya_Pipeline\Python\render_vault\settings\config-ApicWS10.json
[2023-10-09 14:59:29,788][ApicWS10][INFO] starting Render Vault...
[2023-10-09 14:59:29,952][ApicWS10][INFO] loading settings from \\apicnas\Produktion\Pipeline\Apic_Maya_Pipeline\Python\render_vault\settings\config-ApicWS10.json
[2023-10-09 15:01:23,213][ApicWS10][INFO] starting Render Vault...
[2023-10-09 15:01:23,360][ApicWS10][INFO] loading settings from \\apicnas\Produktion\Pipeline\Apic_Maya_Pipeline\Python\render_vault\settings\config-ApicWS10.json
[2023-10-09 15:02:13,374][ApicWS10][INFO] starting Render Vault...
[2023-10-09 15:02:13,486][ApicWS10][INFO] loading settings from \\apicnas\Produktion\Pipeline\Apic_Maya_Pipeline\Python\render_vault\settings\config-ApicWS10.json
[2023-10-09 15:03:15,492][ApicWS10][INFO] updated settings manager values.
[2023-10-09 15:03:15,506][ApicWS10][INFO] saving settings to \\apicnas\Produktion\Pipeline\Apic_Maya_Pipeline\Python\render_vault\settings\config-ApicWS10.json
[2023-10-09 15:03:48,984][ApicWS10][INFO] updated settings manager values.
[2023-10-09 15:03:49,502][ApicWS10][INFO] saving settings to \\apicnas\Produktion\Pipeline\Apic_Maya_Pipeline\Python\render_vault\settings\config-ApicWS10.json
[2023-10-09 15:03:53,683][ApicWS10][INFO] starting Render Vault...
[2023-10-09 15:03:53,821][ApicWS10][INFO] loading settings from \\apicnas\Produktion\Pipeline\Apic_Maya_Pipeline\Python\render_vault\settings\config-ApicWS10.json
[2023-10-09 15:06:35,896][ApicWS10][INFO] updated settings manager values.
[2023-10-09 15:06:35,909][ApicWS10][INFO] saving settings to \\apicnas\Produktion\Pipeline\Apic_Maya_Pipeline\Python\render_vault\settings\config-ApicWS10.json
[2023-10-09 15:06:38,488][ApicWS10][INFO] starting Render Vault...
[2023-10-09 15:06:38,623][ApicWS10][INFO] loading settings from \\apicnas\Produktion\Pipeline\Apic_Maya_Pipeline\Python\render_vault\settings\config-ApicWS10.json
[2023-10-09 15:22:32,883][ApicWS10][INFO] updated settings manager values.
[2023-10-09 15:22:32,897][ApicWS10][INFO] saving settings to \\apicnas\Produktion\Pipeline\Apic_Maya_Pipeline\Python\render_vault\settings\config-ApicWS10.json
[2023-10-09 15:22:37,201][ApicWS10][INFO] starting Render Vault...
[2023-10-09 15:22:37,344][ApicWS10][INFO] loading settings from \\apicnas\Produktion\Pipeline\Apic_Maya_Pipeline\Python\render_vault\settings\config-ApicWS10.json
[2023-10-09 15:25:05,232][ApicWS10][INFO] updated settings manager values.
[2023-10-09 15:25:05,246][ApicWS10][INFO] saving settings to \\apicnas\Produktion\Pipeline\Apic_Maya_Pipeline\Python\render_vault\settings\config-ApicWS10.json
[2023-10-09 15:25:07,785][ApicWS10][INFO] starting Render Vault...
[2023-10-09 15:25:07,927][ApicWS10][INFO] loading settings from \\apicnas\Produktion\Pipeline\Apic_Maya_Pipeline\Python\render_vault\settings\config-ApicWS10.json
[2023-10-09 15:27:12,184][ApicWS10][INFO] updated settings manager values.
[2023-10-09 15:27:12,198][ApicWS10][INFO] saving settings to \\apicnas\Produktion\Pipeline\Apic_Maya_Pipeline\Python\render_vault\settings\config-ApicWS10.json
[2023-10-09 15:27:15,748][ApicWS10][INFO] starting Render Vault...
[2023-10-09 15:27:15,892][ApicWS10][INFO] loading settings from \\apicnas\Produktion\Pipeline\Apic_Maya_Pipeline\Python\render_vault\settings\config-ApicWS10.json
[2023-10-09 15:29:00,313][ApicWS10][INFO] updated settings manager values.
[2023-10-09 15:29:00,326][ApicWS10][INFO] saving settings to \\apicnas\Produktion\Pipeline\Apic_Maya_Pipeline\Python\render_vault\settings\config-ApicWS10.json
[2023-10-09 15:29:02,485][ApicWS10][INFO] starting Render Vault...
[2023-10-09 15:29:02,616][ApicWS10][INFO] loading settings from \\apicnas\Produktion\Pipeline\Apic_Maya_Pipeline\Python\render_vault\settings\config-ApicWS10.json
[2023-10-09 15:30:13,800][ApicWS10][INFO] updated settings manager values.
[2023-10-09 15:30:13,814][ApicWS10][INFO] saving settings to \\apicnas\Produktion\Pipeline\Apic_Maya_Pipeline\Python\render_vault\settings\config-ApicWS10.json
[2023-10-09 15:30:17,958][ApicWS10][INFO] starting Render Vault...
[2023-10-09 15:30:18,102][ApicWS10][INFO] loading settings from \\apicnas\Produktion\Pipeline\Apic_Maya_Pipeline\Python\render_vault\settings\config-ApicWS10.json
[2023-10-09 15:30:29,682][ApicWS10][INFO] updated settings manager values.
[2023-10-09 15:30:29,696][ApicWS10][INFO] saving settings to \\apicnas\Produktion\Pipeline\Apic_Maya_Pipeline\Python\render_vault\settings\config-ApicWS10.json
[2023-10-09 15:30:34,469][ApicWS10][INFO] starting Render Vault...
[2023-10-09 15:30:34,596][ApicWS10][INFO] loading settings from \\apicnas\Produktion\Pipeline\Apic_Maya_Pipeline\Python\render_vault\settings\config-ApicWS10.json
[2023-10-09 15:32:14,553][ApicWS10][INFO] updated settings manager values.
[2023-10-09 15:32:14,565][ApicWS10][INFO] saving settings to \\apicnas\Produktion\Pipeline\Apic_Maya_Pipeline\Python\render_vault\settings\config-ApicWS10.json
[2023-10-09 15:32:16,492][ApicWS10][INFO] starting Render Vault...
[2023-10-09 15:32:16,628][ApicWS10][INFO] loading settings from \\apicnas\Produktion\Pipeline\Apic_Maya_Pipeline\Python\render_vault\settings\config-ApicWS10.json
[2023-10-09 15:32:57,606][ApicWS10][INFO] updated settings manager values.
[2023-10-09 15:32:57,622][ApicWS10][INFO] saving settings to \\apicnas\Produktion\Pipeline\Apic_Maya_Pipeline\Python\render_vault\settings\config-ApicWS10.json
[2023-10-09 15:32:59,492][ApicWS10][INFO] starting Render Vault...
[2023-10-09 15:32:59,616][ApicWS10][INFO] loading settings from \\apicnas\Produktion\Pipeline\Apic_Maya_Pipeline\Python\render_vault\settings\config-ApicWS10.json
[2023-10-09 15:33:49,734][ApicWS10][INFO] updated settings manager values.
[2023-10-09 15:33:49,746][ApicWS10][INFO] saving settings to \\apicnas\Produktion\Pipeline\Apic_Maya_Pipeline\Python\render_vault\settings\config-ApicWS10.json
[2023-10-09 15:33:52,633][ApicWS10][INFO] starting Render Vault...
[2023-10-09 15:33:52,758][ApicWS10][INFO] loading settings from \\apicnas\Produktion\Pipeline\Apic_Maya_Pipeline\Python\render_vault\settings\config-ApicWS10.json
[2023-10-09 15:36:25,825][ApicWS10][INFO] updated settings manager values.
[2023-10-09 15:36:25,839][ApicWS10][INFO] saving settings to \\apicnas\Produktion\Pipeline\Apic_Maya_Pipeline\Python\render_vault\settings\config-ApicWS10.json
[2023-10-09 15:36:28,834][ApicWS10][INFO] starting Render Vault...
[2023-10-09 15:36:28,964][ApicWS10][INFO] loading settings from \\apicnas\Produktion\Pipeline\Apic_Maya_Pipeline\Python\render_vault\settings\config-ApicWS10.json
[2023-10-09 15:36:45,228][ApicWS10][INFO] updated settings manager values.
[2023-10-09 15:36:45,237][ApicWS10][INFO] saving settings to \\apicnas\Produktion\Pipeline\Apic_Maya_Pipeline\Python\render_vault\settings\config-ApicWS10.json
[2023-10-09 15:38:48,512][ApicWS10][INFO] starting Render Vault...
[2023-10-09 15:38:48,673][ApicWS10][INFO] loading settings from \\apicnas\Produktion\Pipeline\Apic_Maya_Pipeline\Python\render_vault\settings\config-ApicWS10.json
[2023-10-09 15:39:25,629][ApicWS10][INFO] updated settings manager values.
[2023-10-09 15:39:25,644][ApicWS10][INFO] saving settings to \\apicnas\Produktion\Pipeline\Apic_Maya_Pipeline\Python\render_vault\settings\config-ApicWS10.json
[2023-10-09 16:37:52,064][ApicWS10][INFO] updated settings manager values.
[2023-10-09 16:37:52,068][ApicWS10][INFO] saving settings to \\apicnas\Produktion\Pipeline\Apic_Maya_Pipeline\Python\render_vault\settings\config-ApicWS10.json
[2023-10-09 16:42:34,801][ApicWS10][INFO] updated settings manager values.
[2023-10-09 16:42:34,805][ApicWS10][INFO] saving settings to \\apicnas\Produktion\Pipeline\Apic_Maya_Pipeline\Python\render_vault\settings\config-ApicWS10.json
[2023-10-09 16:52:11,742][ApicWS10][INFO] starting Render Vault...
[2023-10-09 16:52:11,850][ApicWS10][INFO] loading settings from \\apicnas\Produktion\Pipeline\Apic_Maya_Pipeline\Python\render_vault\settings\config-ApicWS10.json
[2023-10-09 16:52:32,427][ApicWS10][INFO] updated settings manager values.
[2023-10-09 16:52:32,434][ApicWS10][INFO] saving settings to \\apicnas\Produktion\Pipeline\Apic_Maya_Pipeline\Python\render_vault\settings\config-ApicWS10.json
