[2023-09-29 11:33:33,816][ApicWS10][INFO] starting Render Vault...
[2023-09-29 11:33:34,013][ApicWS10][INFO] loading settings from \\apicnas\Produktion\Pipeline\Apic_Maya_Pipeline\Python\render_vault\settings\config-ApicWS10.json
[2023-09-29 14:45:33,203][ApicWS10][INFO] starting Render Vault...
[2023-09-29 14:45:33,317][ApicWS10][INFO] loading settings from \\apicnas\Produktion\Pipeline\Apic_Maya_Pipeline\Python\render_vault\settings\config-ApicWS10.json
[2023-09-29 14:46:59,516][ApicWS10][INFO] updated settings manager values.
[2023-09-29 14:46:59,519][ApicWS10][INFO] saving settings to \\apicnas\Produktion\Pipeline\Apic_Maya_Pipeline\Python\render_vault\settings\config-ApicWS10.json
[2023-09-29 14:47:05,809][ApicWS10][INFO] updated settings manager values.
[2023-09-29 14:47:05,812][ApicWS10][INFO] saving settings to \\apicnas\Produktion\Pipeline\Apic_Maya_Pipeline\Python\render_vault\settings\config-ApicWS10.json
[2023-09-29 14:47:14,849][ApicWS10][INFO] starting Render Vault...
[2023-09-29 14:47:14,991][ApicWS10][INFO] loading settings from \\apicnas\Produktion\Pipeline\Apic_Maya_Pipeline\Python\render_vault\settings\config-ApicWS10.json
[2023-09-29 14:48:23,617][ApicWS10][INFO] exported grain_weiss_mtl to //apicnas/Produktion/Projekte/_CLIENT_Lib/BOSCH/400_3D/440_shader\MaterialPool\Materials
[2023-09-29 14:48:27,305][ApicWS10][INFO] initializing maya standalone...
[2023-09-29 14:48:43,012][ApicWS10][INFO] loaded scene: \\apicnas\Produktion\Projekte\_CLIENT_Lib\BOSCH\400_3D\440_shader\MaterialPool\Materials\grain_weiss_mtl.mb
[2023-09-29 14:48:43,179][ApicWS10][INFO] copied //apicnas/Produktion/Projekte/_CLIENT_Lib/BOSCH/400_3D/420_assets_references_data/ModelPool/Textures/smooth_grains/GSG_SI_Copy_Machine_02.jpg to \\apicnas\Produktion\Projekte\_CLIENT_Lib\BOSCH\400_3D\440_shader\MaterialPool\Textures\grain_weiss_mtl
[2023-09-29 14:48:43,180][ApicWS10][INFO] set path of file node: file4 to \\apicnas\Produktion\Projekte\_CLIENT_Lib\BOSCH\400_3D\440_shader\MaterialPool\Textures\grain_weiss_mtl\GSG_SI_Copy_Machine_02.jpg
[2023-09-29 14:48:43,222][ApicWS10][INFO] saved scene \\apicnas\Produktion\Projekte\_CLIENT_Lib\BOSCH\400_3D\440_shader\MaterialPool\Materials\grain_weiss_mtl.mb
[2023-09-29 14:48:43,223][ApicWS10][WARNING] can't create folder, path: \\apicnas\Produktion\Projekte\_CLIENT_Lib\BOSCH\400_3D\440_shader\MaterialPool\Textures\grain_weiss_mtl already exists
[2023-09-29 14:48:43,245][ApicWS10][INFO] copied //apicnas/Produktion/Projekte/23467ROB_BOSCH_IAM/400_3D/430_textures/3d_print_lines/print_lines_bump.exr to \\apicnas\Produktion\Projekte\_CLIENT_Lib\BOSCH\400_3D\440_shader\MaterialPool\Textures\grain_weiss_mtl
[2023-09-29 14:48:43,246][ApicWS10][INFO] set path of file node: print_lines_bump_1 to \\apicnas\Produktion\Projekte\_CLIENT_Lib\BOSCH\400_3D\440_shader\MaterialPool\Textures\grain_weiss_mtl\print_lines_bump.exr
[2023-09-29 14:48:43,280][ApicWS10][INFO] saved scene \\apicnas\Produktion\Projekte\_CLIENT_Lib\BOSCH\400_3D\440_shader\MaterialPool\Materials\grain_weiss_mtl.mb
[2023-09-29 14:48:43,280][ApicWS10][INFO] uninitializing maya standalone...
[2023-09-29 14:49:00,660][ApicWS10][INFO] initializing maya standalone...
[2023-09-29 14:49:19,278][ApicWS10][INFO] loaded render scene: \\APICNAS\Produktion\Ressources\Library\3D_Modelle\_ShaderBall_Maya\_DEV\MaterialDev_REF_ACES.mb
[2023-09-29 14:49:19,360][ApicWS10][INFO] imported \\apicnas\Produktion\Projekte\_CLIENT_Lib\BOSCH\400_3D\440_shader\MaterialPool\Materials\grain_weiss_mtl.mb
[2023-09-29 14:49:19,361][ApicWS10][INFO] set v-ray as active renderer
[2023-09-29 14:49:19,362][ApicWS10][INFO] set v-ray render settings
[2023-09-29 14:49:19,362][ApicWS10][INFO] set image output path: \\apicnas\Produktion\Projekte\_CLIENT_Lib\BOSCH\400_3D\440_shader\MaterialPool\Thumbnails
[2023-09-29 14:49:19,363][ApicWS10][INFO] assigned grain_weiss_mtl to ShaderBall
[2023-09-29 14:49:34,290][ApicWS10][INFO] finished rendering grain_weiss_mtl
[2023-09-29 14:49:34,290][ApicWS10][INFO] uninitializing maya standalone...
[2023-09-29 14:49:56,267][ApicWS10][INFO] updated settings manager values.
[2023-09-29 14:49:56,269][ApicWS10][INFO] saving settings to \\apicnas\Produktion\Pipeline\Apic_Maya_Pipeline\Python\render_vault\settings\config-ApicWS10.json
[2023-09-29 14:50:56,372][ApicWS10][INFO] imported material file4
[2023-09-29 14:52:58,064][ApicWS10][INFO] updated settings manager values.
[2023-09-29 14:52:58,066][ApicWS10][INFO] saving settings to \\apicnas\Produktion\Pipeline\Apic_Maya_Pipeline\Python\render_vault\settings\config-ApicWS10.json
[2023-09-29 16:19:17,890][ApicWS10][INFO] starting Render Vault...
[2023-09-29 16:19:18,002][ApicWS10][INFO] loading settings from \\apicnas\Produktion\Pipeline\Apic_Maya_Pipeline\Python\render_vault\settings\config-ApicWS10.json
[2023-09-29 16:20:38,061][ApicWS10][INFO] exported Rainbow_Glass_mtl to //apicnas/Produktion/Projekte/_CLIENT_Lib/BOSCH/400_3D/440_shader\MaterialPool\Materials
[2023-09-29 16:20:56,625][ApicWS10][INFO] deleted \\apicnas\Produktion\Projekte\_CLIENT_Lib\BOSCH\400_3D\440_shader\MaterialPool\Materials\Rainbow_Glass_mtl.mb
[2023-09-29 16:21:15,113][ApicWS10][INFO] updated settings manager values.
[2023-09-29 16:21:15,115][ApicWS10][INFO] saving settings to \\apicnas\Produktion\Pipeline\Apic_Maya_Pipeline\Python\render_vault\settings\config-ApicWS10.json
[2023-09-29 16:43:21,255][ApicWS10][INFO] starting Render Vault...
[2023-09-29 16:43:21,350][ApicWS10][INFO] loading settings from \\apicnas\Produktion\Pipeline\Apic_Maya_Pipeline\Python\render_vault\settings\config-ApicWS10.json
[2023-09-29 16:43:31,650][ApicWS10][INFO] exported Rainbow_Glass_mtl to //apicnas/Produktion/Projekte/_CLIENT_Lib/BOSCH/400_3D/440_shader\MaterialPool\Materials
[2023-09-29 16:43:37,776][ApicWS10][INFO] initializing maya standalone...
[2023-09-29 16:43:55,372][ApicWS10][INFO] loaded render scene: \\APICNAS\Produktion\Ressources\Library\3D_Modelle\_ShaderBall_Maya\_DEV\MaterialDev_REF_ACES.mb
[2023-09-29 16:43:55,450][ApicWS10][INFO] imported \\apicnas\Produktion\Projekte\_CLIENT_Lib\BOSCH\400_3D\440_shader\MaterialPool\Materials\Rainbow_Glass_mtl.mb
[2023-09-29 16:43:55,450][ApicWS10][INFO] set v-ray as active renderer
[2023-09-29 16:43:55,452][ApicWS10][INFO] set v-ray render settings
[2023-09-29 16:43:55,452][ApicWS10][INFO] set image output path: \\apicnas\Produktion\Projekte\_CLIENT_Lib\BOSCH\400_3D\440_shader\MaterialPool\Thumbnails
[2023-09-29 16:43:55,454][ApicWS10][INFO] assigned Rainbow_Glass_mtl to ShaderBall
[2023-09-29 16:44:25,592][ApicWS10][INFO] finished rendering Rainbow_Glass_mtl
[2023-09-29 16:44:25,593][ApicWS10][INFO] uninitializing maya standalone...
[2023-09-29 16:46:53,404][ApicWS10][INFO] updated settings manager values.
[2023-09-29 16:46:53,406][ApicWS10][INFO] saving settings to \\apicnas\Produktion\Pipeline\Apic_Maya_Pipeline\Python\render_vault\settings\config-ApicWS10.json
[2023-09-29 17:11:03,543][ApicWS10][INFO] Saved Scrrenshot in \\apicnas\Produktion\Projekte\_CLIENT_Lib\BOSCH\400_3D\420_assets_references_data\ModelPool\Thumbnails\Scale_CAD_ICON.png
[2023-09-29 17:14:30,482][ApicWS10][INFO] updated settings manager values.
[2023-09-29 17:14:30,484][ApicWS10][INFO] saving settings to \\apicnas\Produktion\Pipeline\Apic_Maya_Pipeline\Python\render_vault\settings\config-ApicWS10.json
[2023-09-29 17:14:31,293][ApicWS10][INFO] starting Render Vault...
[2023-09-29 17:14:31,400][ApicWS10][INFO] loading settings from \\apicnas\Produktion\Pipeline\Apic_Maya_Pipeline\Python\render_vault\settings\config-ApicWS10.json
[2023-09-29 17:14:41,291][ApicWS10][INFO] imported model \\apicnas\Produktion\Projekte\_CLIENT_Lib\BOSCH\400_3D\420_assets_references_data\ModelPool\Models\Scale_CAD_ICON.mb
[2023-09-29 17:15:26,602][ApicWS10][INFO] imported model \\apicnas\Produktion\Projekte\_CLIENT_Lib\BOSCH\400_3D\420_assets_references_data\ModelPool\Models\Scale_CAD_ICON.mb
[2023-09-29 17:15:37,369][ApicWS10][INFO] referenced model \\apicnas\Produktion\Projekte\_CLIENT_Lib\BOSCH\400_3D\420_assets_references_data\ModelPool\Models\Scale_CAD_ICON.mb
[2023-09-29 17:17:05,549][ApicWS10][INFO] imported model \\apicnas\Produktion\Projekte\_CLIENT_Lib\BOSCH\400_3D\420_assets_references_data\ModelPool\Models\Scale_CAD_ICON.mb
[2023-09-29 17:19:38,895][ApicWS10][INFO] starting Render Vault...
[2023-09-29 17:19:39,004][ApicWS10][INFO] loading settings from \\apicnas\Produktion\Pipeline\Apic_Maya_Pipeline\Python\render_vault\settings\config-ApicWS10.json
[2023-09-29 17:19:43,591][ApicWS10][INFO] imported model \\apicnas\Produktion\Projekte\_CLIENT_Lib\BOSCH\400_3D\420_assets_references_data\ModelPool\Models\Scale_CAD_ICON.mb
[2023-09-29 17:27:57,868][ApicWS10][INFO] starting Render Vault...
[2023-09-29 17:27:57,975][ApicWS10][INFO] loading settings from \\apicnas\Produktion\Pipeline\Apic_Maya_Pipeline\Python\render_vault\settings\config-ApicWS10.json
[2023-09-29 17:28:44,000][ApicWS10][INFO] imported model \\apicnas\Produktion\Projekte\_CLIENT_Lib\BOSCH\400_3D\420_assets_references_data\ModelPool\Models\Lightset.mb
[2023-09-29 17:29:50,718][ApicWS06][INFO] starting Render Vault...
[2023-09-29 17:29:50,829][ApicWS06][INFO] loading settings from \\APICNAS\Produktion\Pipeline\Apic_Maya_Pipeline\Python\render_vault\settings\config-ApicWS06.json
[2023-09-29 17:38:54,288][ApicWS10][INFO] updated settings manager values.
[2023-09-29 17:38:54,291][ApicWS10][INFO] saving settings to \\apicnas\Produktion\Pipeline\Apic_Maya_Pipeline\Python\render_vault\settings\config-ApicWS10.json
[2023-09-29 18:11:43,722][ApicWS06][INFO] updated settings manager values.
[2023-09-29 18:11:43,725][ApicWS06][INFO] saving settings to \\APICNAS\Produktion\Pipeline\Apic_Maya_Pipeline\Python\render_vault\settings\config-ApicWS06.json
