[2023-10-26 11:44:00,980][Apic-WS09][INFO] starting Render Vault...
[2023-10-26 11:44:01,128][Apic-WS09][INFO] loading settings from \\APICNAS\Produktion\Pipeline\Apic_Maya_Pipeline\Python\render_vault\settings\config-Apic-WS09.json
[2023-10-26 11:44:22,020][Apic-WS09][INFO] saving settings to \\APICNAS\Produktion\Pipeline\Apic_Maya_Pipeline\Python\render_vault\settings\config-Apic-WS09.json
[2023-10-26 11:45:29,161][Apic-WS09][INFO] loading settings from \\APICNAS\Produktion\Pipeline\Apic_Maya_Pipeline\Python\render_vault\settings\config-Apic-WS09.json
[2023-10-26 11:45:47,345][Apic-WS09][INFO] saving settings to \\APICNAS\Produktion\Pipeline\Apic_Maya_Pipeline\Python\render_vault\settings\config-Apic-WS09.json
[2023-10-26 11:46:12,070][Apic-WS09][INFO] loading settings from \\APICNAS\Produktion\Pipeline\Apic_Maya_Pipeline\Python\render_vault\settings\config-Apic-WS09.json
[2023-10-26 11:46:22,403][Apic-WS09][INFO] imported model \\apicnas\Produktion\Projekte\_CLIENT_Lib\TEKON\3D_Pool\ModelPool\Models\backdrop.mb
[2023-10-26 12:28:08,515][Apic-WS09][INFO] starting Render Vault...
[2023-10-26 12:28:08,633][Apic-WS09][INFO] loading settings from \\APICNAS\Produktion\Pipeline\Apic_Maya_Pipeline\Python\render_vault\settings\config-Apic-WS09.json
[2023-10-26 12:29:03,456][Apic-WS09][INFO] initializing maya standalone...
[2023-10-26 12:29:05,063][Apic-WS09][INFO] saving settings to \\APICNAS\Produktion\Pipeline\Apic_Maya_Pipeline\Python\render_vault\settings\config-Apic-WS09.json
[2023-10-26 12:29:12,539][Apic-WS09][INFO] loaded scene: \\apicnas\Produktion\Projekte\_CLIENT_Lib\TEKON\3D_Pool\ModelPool\Models\Kabelzuschnitte.mb
[2023-10-26 12:29:12,540][Apic-WS09][INFO] uninitializing maya standalone...
[2023-10-26 12:51:27,461][Apic-WS09][INFO] loading settings from \\APICNAS\Produktion\Pipeline\Apic_Maya_Pipeline\Python\render_vault\settings\config-Apic-WS09.json
[2023-10-26 12:51:34,594][Apic-WS09][INFO] archived Kabelzuschnitte to \\apicnas\Produktion\Projekte\_CLIENT_Lib\TEKON\3D_Pool\ModelPool\Archive\Kabelzuschnitte\Kabelzuschnitte_001.mb
[2023-10-26 12:51:40,679][Apic-WS09][INFO] archived Kabelzuschnitte to \\apicnas\Produktion\Projekte\_CLIENT_Lib\TEKON\3D_Pool\ModelPool\Archive\Kabelzuschnitte\Kabelzuschnitte_002.mb
[2023-10-26 14:09:41,246][Apic-WS09][ERROR] can't create v-ray hdri, v-ray is not the active renderer
[2023-10-26 14:09:46,688][Apic-WS09][INFO] imported model \\apicnas\Produktion\Projekte\_CLIENT_Lib\TEKON\3D_Pool\ModelPool\Models\backdrop.mb
[2023-10-26 14:10:53,226][Apic-WS09][INFO] saving settings to \\APICNAS\Produktion\Pipeline\Apic_Maya_Pipeline\Python\render_vault\settings\config-Apic-WS09.json
[2023-10-26 14:31:47,378][Apic-WS09][INFO] loading settings from \\APICNAS\Produktion\Pipeline\Apic_Maya_Pipeline\Python\render_vault\settings\config-Apic-WS09.json
[2023-10-26 14:31:55,131][Apic-WS09][INFO] archived Kabelzuschnitte to \\apicnas\Produktion\Projekte\_CLIENT_Lib\TEKON\3D_Pool\ModelPool\Archive\Kabelzuschnitte\Kabelzuschnitte_003.mb
[2023-10-26 14:32:29,124][Apic-WS09][INFO] Saved Screenshot in \\apicnas\Produktion\Projekte\_CLIENT_Lib\TEKON\3D_Pool\ModelPool\Thumbnails\Kabelzuschnitte.jpg
[2023-10-26 15:02:47,243][Apic-WS09][INFO] starting Render Vault...
[2023-10-26 15:02:47,380][Apic-WS09][INFO] loading settings from \\APICNAS\Produktion\Pipeline\Apic_Maya_Pipeline\Python\render_vault\settings\config-Apic-WS09.json
[2023-10-26 15:02:57,727][Apic-WS09][INFO] referenced model \\apicnas\Produktion\Projekte\_CLIENT_Lib\TEKON\3D_Pool\ModelPool\Models\TK_AKS_08_16_6.mb
[2023-10-26 15:03:06,540][Apic-WS09][INFO] saving settings to \\APICNAS\Produktion\Pipeline\Apic_Maya_Pipeline\Python\render_vault\settings\config-Apic-WS09.json
[2023-10-26 15:03:21,040][Apic-WS09][INFO] loading settings from \\APICNAS\Produktion\Pipeline\Apic_Maya_Pipeline\Python\render_vault\settings\config-Apic-WS09.json
[2023-10-26 15:03:26,674][Apic-WS09][INFO] referenced model \\apicnas\Produktion\Projekte\_CLIENT_Lib\TEKON\3D_Pool\ModelPool\Models\TK_AKS_08_16_6.mb
[2023-10-26 15:03:29,314][Apic-WS09][INFO] saving settings to \\APICNAS\Produktion\Pipeline\Apic_Maya_Pipeline\Python\render_vault\settings\config-Apic-WS09.json
[2023-10-26 15:06:11,345][Apic-WS09][INFO] loading settings from \\APICNAS\Produktion\Pipeline\Apic_Maya_Pipeline\Python\render_vault\settings\config-Apic-WS09.json
[2023-10-26 15:06:49,790][Apic-WS09][INFO] starting Render Vault...
[2023-10-26 15:06:49,903][Apic-WS09][INFO] loading settings from \\APICNAS\Produktion\Pipeline\Apic_Maya_Pipeline\Python\render_vault\settings\config-Apic-WS09.json
[2023-10-26 15:07:07,546][Apic-WS09][INFO] saving settings to \\APICNAS\Produktion\Pipeline\Apic_Maya_Pipeline\Python\render_vault\settings\config-Apic-WS09.json
[2023-10-26 15:07:20,280][Apic-WS09][INFO] loading settings from \\APICNAS\Produktion\Pipeline\Apic_Maya_Pipeline\Python\render_vault\settings\config-Apic-WS09.json
[2023-10-26 15:07:24,735][Apic-WS09][INFO] referenced model \\apicnas\Produktion\Projekte\_CLIENT_Lib\TEKON\3D_Pool\ModelPool\Models\TK_AKS_08_16_6.mb
[2023-10-26 15:08:29,231][Apic-WS09][INFO] saving settings to \\APICNAS\Produktion\Pipeline\Apic_Maya_Pipeline\Python\render_vault\settings\config-Apic-WS09.json
[2023-10-26 15:31:30,385][ApicWS10][INFO] starting Render Vault...
[2023-10-26 15:31:30,574][ApicWS10][INFO] loading settings from \\APICNAS\Produktion\Pipeline\Apic_Maya_Pipeline\Python\render_vault\settings\config-ApicWS10.json
[2023-10-26 15:31:42,713][ApicWS10][INFO] referenced model \\apicnas\Produktion\Projekte\_CLIENT_Lib\BOSCH\400_3D\420_assets_references_data\ModelPool\Models\SamplePart_02.mb
[2023-10-26 15:31:54,088][ApicWS10][INFO] referenced model \\apicnas\Produktion\Projekte\_CLIENT_Lib\BOSCH\400_3D\420_assets_references_data\ModelPool\Models\SamplePart_02.mb
[2023-10-26 15:32:09,803][ApicWS10][INFO] referenced model \\apicnas\Produktion\Projekte\_CLIENT_Lib\TEKON\3D_Pool\ModelPool\Models\TK_AKS_08_16_6.mb
[2023-10-26 15:32:14,252][ApicWS10][INFO] referenced model \\apicnas\Produktion\Projekte\_CLIENT_Lib\TEKON\3D_Pool\ModelPool\Models\TK_AKS_08_16_6.mb
[2023-10-26 15:32:17,215][ApicWS10][INFO] referenced model \\apicnas\Produktion\Projekte\_CLIENT_Lib\TEKON\3D_Pool\ModelPool\Models\TK_AKS_08_16_6.mb
[2023-10-26 15:32:19,965][ApicWS10][INFO] referenced model \\apicnas\Produktion\Projekte\_CLIENT_Lib\TEKON\3D_Pool\ModelPool\Models\TK_AKS_08_16_6.mb
[2023-10-26 15:32:22,828][ApicWS10][INFO] referenced model \\apicnas\Produktion\Projekte\_CLIENT_Lib\TEKON\3D_Pool\ModelPool\Models\TK_AKS_08_16_6.mb
[2023-10-26 15:32:30,762][ApicWS10][INFO] referenced model \\apicnas\Produktion\Projekte\_CLIENT_Lib\TEKON\3D_Pool\ModelPool\Models\TK_AKS_02_5_1.mb
[2023-10-26 15:33:39,645][ApicWS10][INFO] saving settings to \\APICNAS\Produktion\Pipeline\Apic_Maya_Pipeline\Python\render_vault\settings\config-ApicWS10.json
[2023-10-26 15:33:49,474][Apic-WS09][INFO] archived Plexiglas_Rohr to \\apicnas\Produktion\Projekte\_CLIENT_Lib\TEKON\3D_Pool\ModelPool\Archive\Plexiglas_Rohr\Plexiglas_Rohr_002.mb
[2023-10-26 15:34:20,990][Apic-WS09][INFO] archived Plexiglas_Rohr to \\apicnas\Produktion\Projekte\_CLIENT_Lib\TEKON\3D_Pool\ModelPool\Archive\Plexiglas_Rohr\Plexiglas_Rohr_003.mb
[2023-10-26 15:35:26,298][ApicWS10][INFO] starting Render Vault...
[2023-10-26 15:35:26,426][ApicWS10][INFO] loading settings from \\APICNAS\Produktion\Pipeline\Apic_Maya_Pipeline\Python\render_vault\settings\config-ApicWS10.json
[2023-10-26 15:35:29,614][ApicWS10][INFO] referenced model \\apicnas\Produktion\Projekte\_CLIENT_Lib\BOSCH\400_3D\420_assets_references_data\ModelPool\Models\Granulat.mb
[2023-10-26 15:35:31,560][ApicWS10][INFO] referenced model \\apicnas\Produktion\Projekte\_CLIENT_Lib\BOSCH\400_3D\420_assets_references_data\ModelPool\Models\Granulat.mb
[2023-10-26 15:35:38,323][ApicWS10][INFO] referenced model \\apicnas\Produktion\Projekte\_CLIENT_Lib\BOSCH\400_3D\420_assets_references_data\ModelPool\Models\Granulat_2.ma
[2023-10-26 15:35:43,245][ApicWS10][INFO] referenced model \\apicnas\Produktion\Projekte\_CLIENT_Lib\BOSCH\400_3D\420_assets_references_data\ModelPool\Models\Granulat_2.ma
[2023-10-26 15:35:45,325][ApicWS10][INFO] referenced model \\apicnas\Produktion\Projekte\_CLIENT_Lib\BOSCH\400_3D\420_assets_references_data\ModelPool\Models\Granulat.mb
[2023-10-26 15:35:54,340][ApicWS10][INFO] referenced model \\apicnas\Produktion\Projekte\_CLIENT_Lib\BOSCH\400_3D\420_assets_references_data\ModelPool\Models\Granulat_Aufbereitung.mb
[2023-10-26 15:35:57,402][ApicWS10][INFO] referenced model \\apicnas\Produktion\Projekte\_CLIENT_Lib\BOSCH\400_3D\420_assets_references_data\ModelPool\Models\Hexagon Gitter.mb
[2023-10-26 15:35:59,665][ApicWS10][INFO] referenced model \\apicnas\Produktion\Projekte\_CLIENT_Lib\BOSCH\400_3D\420_assets_references_data\ModelPool\Models\Motor_FlyPin.mb
[2023-10-26 15:36:02,950][ApicWS10][INFO] referenced model \\apicnas\Produktion\Projekte\_CLIENT_Lib\BOSCH\400_3D\420_assets_references_data\ModelPool\Models\SamplePart_01.mb
[2023-10-26 15:36:04,889][ApicWS10][INFO] referenced model \\apicnas\Produktion\Projekte\_CLIENT_Lib\BOSCH\400_3D\420_assets_references_data\ModelPool\Models\SamplePart_02.mb
[2023-10-26 15:36:06,417][ApicWS10][INFO] referenced model \\apicnas\Produktion\Projekte\_CLIENT_Lib\BOSCH\400_3D\420_assets_references_data\ModelPool\Models\SamplePart_03.mb
[2023-10-26 15:36:07,799][ApicWS10][INFO] referenced model \\apicnas\Produktion\Projekte\_CLIENT_Lib\BOSCH\400_3D\420_assets_references_data\ModelPool\Models\SamplePart_04.mb
[2023-10-26 15:36:09,300][ApicWS10][INFO] referenced model \\apicnas\Produktion\Projekte\_CLIENT_Lib\BOSCH\400_3D\420_assets_references_data\ModelPool\Models\SamplePart_05.mb
[2023-10-26 15:36:19,396][ApicWS10][INFO] referenced model \\apicnas\Produktion\Projekte\_CLIENT_Lib\TEKON\3D_Pool\ModelPool\Models\TK_AKS_02_5_1.mb
[2023-10-26 15:36:21,621][ApicWS10][INFO] referenced model \\apicnas\Produktion\Projekte\_CLIENT_Lib\TEKON\3D_Pool\ModelPool\Models\TK_AKS_08_16_6.mb
[2023-10-26 15:36:23,928][ApicWS10][INFO] referenced model \\apicnas\Produktion\Projekte\_CLIENT_Lib\TEKON\3D_Pool\ModelPool\Models\TK_AKS_08_28_2.mb
[2023-10-26 15:42:14,162][Apic-WS09][INFO] archived Plexiglas_Rohr to \\apicnas\Produktion\Projekte\_CLIENT_Lib\TEKON\3D_Pool\ModelPool\Archive\Plexiglas_Rohr\Plexiglas_Rohr_004.mb
[2023-10-26 15:42:15,938][Apic-WS09][INFO] saving settings to \\APICNAS\Produktion\Pipeline\Apic_Maya_Pipeline\Python\render_vault\settings\config-Apic-WS09.json
[2023-10-26 15:43:53,761][ApicWS10][INFO] saving settings to \\APICNAS\Produktion\Pipeline\Apic_Maya_Pipeline\Python\render_vault\settings\config-ApicWS10.json
[2023-10-26 15:45:19,890][ApicWS10][INFO] loading settings from \\APICNAS\Produktion\Pipeline\Apic_Maya_Pipeline\Python\render_vault\settings\config-ApicWS10.json
[2023-10-26 15:45:21,223][ApicWS10][INFO] saving settings to \\APICNAS\Produktion\Pipeline\Apic_Maya_Pipeline\Python\render_vault\settings\config-ApicWS10.json
[2023-10-26 15:45:23,513][ApicWS10][INFO] starting Render Vault...
[2023-10-26 15:45:23,617][ApicWS10][INFO] loading settings from \\APICNAS\Produktion\Pipeline\Apic_Maya_Pipeline\Python\render_vault\settings\config-ApicWS10.json
[2023-10-26 15:45:25,813][ApicWS10][INFO] imported model \\apicnas\Produktion\Projekte\_CLIENT_Lib\BOSCH\400_3D\420_assets_references_data\ModelPool\Models\Granulat.mb
[2023-10-26 15:45:28,399][ApicWS10][INFO] saving settings to \\APICNAS\Produktion\Pipeline\Apic_Maya_Pipeline\Python\render_vault\settings\config-ApicWS10.json
[2023-10-26 15:47:01,334][ApicWS10][INFO] starting Render Vault...
[2023-10-26 15:47:01,458][ApicWS10][INFO] loading settings from \\APICNAS\Produktion\Pipeline\Apic_Maya_Pipeline\Python\render_vault\settings\config-ApicWS10.json
[2023-10-26 15:47:07,479][ApicWS10][INFO] referenced model \\apicnas\Produktion\Projekte\_CLIENT_Lib\TEKON\3D_Pool\ModelPool\Models\TK_AKS_02_5_1.mb
[2023-10-26 15:47:09,626][ApicWS10][INFO] referenced model \\apicnas\Produktion\Projekte\_CLIENT_Lib\TEKON\3D_Pool\ModelPool\Models\TK_AKS_08_16_6.mb
[2023-10-26 15:47:12,144][ApicWS10][INFO] referenced model \\apicnas\Produktion\Projekte\_CLIENT_Lib\TEKON\3D_Pool\ModelPool\Models\TK_AKS_08_28_2.mb
[2023-10-26 15:50:57,936][ApicWS10][INFO] saving settings to \\APICNAS\Produktion\Pipeline\Apic_Maya_Pipeline\Python\render_vault\settings\config-ApicWS10.json
[2023-10-26 16:21:46,242][Apic-WS09][INFO] starting Render Vault...
[2023-10-26 16:21:46,371][Apic-WS09][INFO] loading settings from \\APICNAS\Produktion\Pipeline\Apic_Maya_Pipeline\Python\render_vault\settings\config-Apic-WS09.json
[2023-10-26 16:23:43,813][Apic-WS09][INFO] saving settings to \\APICNAS\Produktion\Pipeline\Apic_Maya_Pipeline\Python\render_vault\settings\config-Apic-WS09.json
[2023-10-26 16:27:09,064][Apic-WS09][INFO] archived Kabelzuschnitte to \\apicnas\Produktion\Projekte\_CLIENT_Lib\TEKON\3D_Pool\ModelPool\Archive\Kabelzuschnitte\Kabelzuschnitte_004.mb
[2023-10-26 16:27:34,553][Apic-WS09][INFO] Saved Screenshot in \\apicnas\Produktion\Projekte\_CLIENT_Lib\TEKON\3D_Pool\ModelPool\Thumbnails\Kabelzuschnitte.jpg
[2023-10-26 16:32:17,996][ApicWS10][INFO] starting Render Vault...
[2023-10-26 16:32:18,125][ApicWS10][INFO] loading settings from \\APICNAS\Produktion\Pipeline\Apic_Maya_Pipeline\Python\render_vault\settings\config-ApicWS10.json
[2023-10-26 16:32:29,441][ApicWS10][INFO] saving settings to \\APICNAS\Produktion\Pipeline\Apic_Maya_Pipeline\Python\render_vault\settings\config-ApicWS10.json
[2023-10-26 16:33:34,515][ApicWS10][INFO] starting Render Vault...
[2023-10-26 16:33:34,629][ApicWS10][INFO] loading settings from \\APICNAS\Produktion\Pipeline\Apic_Maya_Pipeline\Python\render_vault\settings\config-ApicWS10.json
[2023-10-26 16:33:45,644][ApicWS10][INFO] saving settings to \\APICNAS\Produktion\Pipeline\Apic_Maya_Pipeline\Python\render_vault\settings\config-ApicWS10.json
[2023-10-26 16:33:52,921][ApicWS10][INFO] starting Render Vault...
[2023-10-26 16:33:53,026][ApicWS10][INFO] loading settings from \\APICNAS\Produktion\Pipeline\Apic_Maya_Pipeline\Python\render_vault\settings\config-ApicWS10.json
[2023-10-26 16:34:01,249][ApicWS10][INFO] saving settings to \\APICNAS\Produktion\Pipeline\Apic_Maya_Pipeline\Python\render_vault\settings\config-ApicWS10.json
[2023-10-26 16:35:49,928][ApicWS10][INFO] starting Render Vault...
[2023-10-26 16:35:50,030][ApicWS10][INFO] loading settings from \\APICNAS\Produktion\Pipeline\Apic_Maya_Pipeline\Python\render_vault\settings\config-ApicWS10.json
[2023-10-26 16:36:02,891][ApicWS10][INFO] saving settings to \\APICNAS\Produktion\Pipeline\Apic_Maya_Pipeline\Python\render_vault\settings\config-ApicWS10.json
[2023-10-26 16:36:20,121][ApicWS10][INFO] loading settings from \\APICNAS\Produktion\Pipeline\Apic_Maya_Pipeline\Python\render_vault\settings\config-ApicWS10.json
[2023-10-26 16:38:12,436][ApicWS10][INFO] saving settings to \\APICNAS\Produktion\Pipeline\Apic_Maya_Pipeline\Python\render_vault\settings\config-ApicWS10.json
[2023-10-26 16:38:14,623][ApicWS10][INFO] starting Render Vault...
[2023-10-26 16:38:14,742][ApicWS10][INFO] loading settings from \\APICNAS\Produktion\Pipeline\Apic_Maya_Pipeline\Python\render_vault\settings\config-ApicWS10.json
[2023-10-26 16:38:21,764][ApicWS10][INFO] archived Abschatter_innen to \\apicnas\Produktion\Projekte\_CLIENT_Lib\KAERCHER\400_3D\440_shader\MaterialPool\Archive\Abschatter_innen\Abschatter_innen_001.mb
[2023-10-26 16:43:35,181][ApicWS10][INFO] saving settings to \\APICNAS\Produktion\Pipeline\Apic_Maya_Pipeline\Python\render_vault\settings\config-ApicWS10.json
[2023-10-26 16:43:38,125][ApicWS10][INFO] starting Render Vault...
[2023-10-26 16:43:38,238][ApicWS10][INFO] loading settings from \\APICNAS\Produktion\Pipeline\Apic_Maya_Pipeline\Python\render_vault\settings\config-ApicWS10.json
[2023-10-26 16:43:54,546][ApicWS10][INFO] archived Abschatter_innen to \\apicnas\Produktion\Projekte\_CLIENT_Lib\KAERCHER\400_3D\440_shader\MaterialPool\Archive\Abschatter_innen\Abschatter_innen_002.mb
[2023-10-26 16:45:22,826][ApicWS10][INFO] saving settings to \\APICNAS\Produktion\Pipeline\Apic_Maya_Pipeline\Python\render_vault\settings\config-ApicWS10.json
[2023-10-26 16:45:25,742][ApicWS10][INFO] starting Render Vault...
[2023-10-26 16:45:25,862][ApicWS10][INFO] loading settings from \\APICNAS\Produktion\Pipeline\Apic_Maya_Pipeline\Python\render_vault\settings\config-ApicWS10.json
[2023-10-26 16:45:39,209][ApicWS10][INFO] archived Abschatter_innen to \\apicnas\Produktion\Projekte\_CLIENT_Lib\KAERCHER\400_3D\440_shader\MaterialPool\Archive\Abschatter_innen\Abschatter_innen_003.mb
[2023-10-26 16:46:05,407][ApicWS10][INFO] saving settings to \\APICNAS\Produktion\Pipeline\Apic_Maya_Pipeline\Python\render_vault\settings\config-ApicWS10.json
[2023-10-26 16:46:07,857][ApicWS10][INFO] starting Render Vault...
[2023-10-26 16:46:07,963][ApicWS10][INFO] loading settings from \\APICNAS\Produktion\Pipeline\Apic_Maya_Pipeline\Python\render_vault\settings\config-ApicWS10.json
[2023-10-26 16:46:18,730][ApicWS10][INFO] archived Abschatter_innen to \\apicnas\Produktion\Projekte\_CLIENT_Lib\KAERCHER\400_3D\440_shader\MaterialPool\Archive\Abschatter_innen\Abschatter_innen_004.mb
[2023-10-26 16:46:18,793][ApicWS10][INFO] exported Abschatter_innen to \\apicnas\Produktion\Projekte\_CLIENT_Lib\KAERCHER\400_3D\440_shader\MaterialPool\Materials
[2023-10-26 16:46:44,272][ApicWS10][INFO] saving settings to \\APICNAS\Produktion\Pipeline\Apic_Maya_Pipeline\Python\render_vault\settings\config-ApicWS10.json
[2023-10-26 16:47:57,421][ApicWS10][INFO] loading settings from \\APICNAS\Produktion\Pipeline\Apic_Maya_Pipeline\Python\render_vault\settings\config-ApicWS10.json
[2023-10-26 16:50:48,682][ApicWS10][INFO] saving settings to \\APICNAS\Produktion\Pipeline\Apic_Maya_Pipeline\Python\render_vault\settings\config-ApicWS10.json
[2023-10-26 17:23:43,550][Apic-WS09][INFO] starting Render Vault...
[2023-10-26 17:23:43,680][Apic-WS09][INFO] loading settings from \\APICNAS\Produktion\Pipeline\Apic_Maya_Pipeline\Python\render_vault\settings\config-Apic-WS09.json
[2023-10-26 17:23:46,583][Apic-WS09][INFO] saving settings to \\APICNAS\Produktion\Pipeline\Apic_Maya_Pipeline\Python\render_vault\settings\config-Apic-WS09.json
[2023-10-26 17:30:33,431][Apic-WS09][INFO] loading settings from \\APICNAS\Produktion\Pipeline\Apic_Maya_Pipeline\Python\render_vault\settings\config-Apic-WS09.json
[2023-10-26 17:30:40,528][Apic-WS09][INFO] saving settings to \\APICNAS\Produktion\Pipeline\Apic_Maya_Pipeline\Python\render_vault\settings\config-Apic-WS09.json
[2023-10-26 17:30:50,795][Apic-WS09][INFO] loading settings from \\APICNAS\Produktion\Pipeline\Apic_Maya_Pipeline\Python\render_vault\settings\config-Apic-WS09.json
[2023-10-26 17:30:56,081][Apic-WS09][INFO] saving settings to \\APICNAS\Produktion\Pipeline\Apic_Maya_Pipeline\Python\render_vault\settings\config-Apic-WS09.json
[2023-10-26 17:33:27,816][Apic-WS09][INFO] loading settings from \\APICNAS\Produktion\Pipeline\Apic_Maya_Pipeline\Python\render_vault\settings\config-Apic-WS09.json
[2023-10-26 17:33:39,923][Apic-WS09][INFO] archived Plexiglas_Rohr to \\apicnas\Produktion\Projekte\_CLIENT_Lib\TEKON\3D_Pool\ModelPool\Archive\Plexiglas_Rohr\Plexiglas_Rohr_005.mb
[2023-10-26 17:45:02,447][Apic-WS09][INFO] saving settings to \\APICNAS\Produktion\Pipeline\Apic_Maya_Pipeline\Python\render_vault\settings\config-Apic-WS09.json
[2023-10-26 23:02:27,842][ApicWS10][INFO] starting Render Vault...
[2023-10-26 23:02:28,086][ApicWS10][INFO] loading settings from \\APICNAS\Produktion\Pipeline\Apic_Maya_Pipeline\Python\render_vault\settings\config-ApicWS10.json
[2023-10-26 23:02:32,414][ApicWS10][INFO] saving settings to \\APICNAS\Produktion\Pipeline\Apic_Maya_Pipeline\Python\render_vault\settings\config-ApicWS10.json
