[2023-10-18 09:08:22,763][ApicWS10][INFO] starting Render Vault...
[2023-10-18 09:08:22,874][ApicWS10][INFO] loading settings from \\APICNAS\Produktion\Pipeline\Apic_Maya_Pipeline\Python\render_vault\settings\config-ApicWS10.json
[2023-10-18 09:11:59,850][ApicWS10][INFO] updated settings manager values.
[2023-10-18 09:11:59,855][ApicWS10][INFO] saving settings to \\APICNAS\Produktion\Pipeline\Apic_Maya_Pipeline\Python\render_vault\settings\config-ApicWS10.json
[2023-10-18 09:12:02,734][ApicWS10][INFO] starting Render Vault...
[2023-10-18 09:12:02,828][ApicWS10][INFO] loading settings from \\APICNAS\Produktion\Pipeline\Apic_Maya_Pipeline\Python\render_vault\settings\config-ApicWS10.json
[2023-10-18 09:12:35,215][ApicWS10][INFO] updated settings manager values.
[2023-10-18 09:12:35,221][ApicWS10][INFO] saving settings to \\APICNAS\Produktion\Pipeline\Apic_Maya_Pipeline\Python\render_vault\settings\config-ApicWS10.json
[2023-10-18 09:18:22,535][ApicWS10][INFO] starting Render Vault...
[2023-10-18 09:18:22,629][ApicWS10][INFO] loading settings from \\APICNAS\Produktion\Pipeline\Apic_Maya_Pipeline\Python\render_vault\settings\config-ApicWS10.json
[2023-10-18 09:18:45,182][ApicWS10][INFO] updated settings manager values.
[2023-10-18 09:18:45,189][ApicWS10][INFO] saving settings to \\APICNAS\Produktion\Pipeline\Apic_Maya_Pipeline\Python\render_vault\settings\config-ApicWS10.json
[2023-10-18 09:23:22,033][ApicWS10][INFO] starting Render Vault...
[2023-10-18 09:23:22,129][ApicWS10][INFO] loading settings from \\APICNAS\Produktion\Pipeline\Apic_Maya_Pipeline\Python\render_vault\settings\config-ApicWS10.json
[2023-10-18 09:23:41,020][ApicWS10][INFO] updated settings manager values.
[2023-10-18 09:23:41,027][ApicWS10][INFO] saving settings to \\APICNAS\Produktion\Pipeline\Apic_Maya_Pipeline\Python\render_vault\settings\config-ApicWS10.json
[2023-10-18 09:30:18,675][ApicWS10][INFO] starting Render Vault...
[2023-10-18 09:30:18,774][ApicWS10][INFO] loading settings from \\APICNAS\Produktion\Pipeline\Apic_Maya_Pipeline\Python\render_vault\settings\config-ApicWS10.json
[2023-10-18 09:30:47,300][ApicWS10][INFO] updated settings manager values.
[2023-10-18 09:30:47,305][ApicWS10][INFO] saving settings to \\APICNAS\Produktion\Pipeline\Apic_Maya_Pipeline\Python\render_vault\settings\config-ApicWS10.json
[2023-10-18 09:30:59,320][ApicWS10][INFO] starting Render Vault...
[2023-10-18 09:30:59,412][ApicWS10][INFO] loading settings from \\APICNAS\Produktion\Pipeline\Apic_Maya_Pipeline\Python\render_vault\settings\config-ApicWS10.json
[2023-10-18 09:31:21,120][ApicWS10][INFO] updated settings manager values.
[2023-10-18 09:31:21,127][ApicWS10][INFO] saving settings to \\APICNAS\Produktion\Pipeline\Apic_Maya_Pipeline\Python\render_vault\settings\config-ApicWS10.json
[2023-10-18 09:32:27,033][ApicWS10][INFO] starting Render Vault...
[2023-10-18 09:32:27,146][ApicWS10][INFO] loading settings from \\APICNAS\Produktion\Pipeline\Apic_Maya_Pipeline\Python\render_vault\settings\config-ApicWS10.json
[2023-10-18 09:32:33,435][ApicWS10][INFO] updated settings manager values.
[2023-10-18 09:32:33,443][ApicWS10][INFO] saving settings to \\APICNAS\Produktion\Pipeline\Apic_Maya_Pipeline\Python\render_vault\settings\config-ApicWS10.json
[2023-10-18 09:34:02,447][ApicWS10][INFO] starting Render Vault...
[2023-10-18 09:34:02,546][ApicWS10][INFO] loading settings from \\APICNAS\Produktion\Pipeline\Apic_Maya_Pipeline\Python\render_vault\settings\config-ApicWS10.json
[2023-10-18 09:34:28,446][ApicWS10][INFO] updated settings manager values.
[2023-10-18 09:34:28,453][ApicWS10][INFO] saving settings to \\APICNAS\Produktion\Pipeline\Apic_Maya_Pipeline\Python\render_vault\settings\config-ApicWS10.json
[2023-10-18 09:34:58,133][ApicWS10][INFO] starting Render Vault...
[2023-10-18 09:34:58,227][ApicWS10][INFO] loading settings from \\APICNAS\Produktion\Pipeline\Apic_Maya_Pipeline\Python\render_vault\settings\config-ApicWS10.json
[2023-10-18 09:35:03,212][ApicWS10][INFO] updated settings manager values.
[2023-10-18 09:35:03,219][ApicWS10][INFO] saving settings to \\APICNAS\Produktion\Pipeline\Apic_Maya_Pipeline\Python\render_vault\settings\config-ApicWS10.json
[2023-10-18 09:36:08,872][ApicWS10][INFO] starting Render Vault...
[2023-10-18 09:36:08,987][ApicWS10][INFO] loading settings from \\APICNAS\Produktion\Pipeline\Apic_Maya_Pipeline\Python\render_vault\settings\config-ApicWS10.json
[2023-10-18 09:36:23,280][ApicWS10][INFO] updated settings manager values.
[2023-10-18 09:36:23,290][ApicWS10][INFO] saving settings to \\APICNAS\Produktion\Pipeline\Apic_Maya_Pipeline\Python\render_vault\settings\config-ApicWS10.json
[2023-10-18 09:37:48,235][ApicWS10][INFO] starting Render Vault...
[2023-10-18 09:37:48,333][ApicWS10][INFO] loading settings from \\APICNAS\Produktion\Pipeline\Apic_Maya_Pipeline\Python\render_vault\settings\config-ApicWS10.json
[2023-10-18 09:38:01,766][ApicWS10][INFO] updated settings manager values.
[2023-10-18 09:38:01,778][ApicWS10][INFO] saving settings to \\APICNAS\Produktion\Pipeline\Apic_Maya_Pipeline\Python\render_vault\settings\config-ApicWS10.json
[2023-10-18 09:38:03,136][ApicWS10][INFO] starting Render Vault...
[2023-10-18 09:38:03,222][ApicWS10][INFO] loading settings from \\APICNAS\Produktion\Pipeline\Apic_Maya_Pipeline\Python\render_vault\settings\config-ApicWS10.json
[2023-10-18 09:38:08,625][ApicWS10][INFO] updated settings manager values.
[2023-10-18 09:38:08,633][ApicWS10][INFO] saving settings to \\APICNAS\Produktion\Pipeline\Apic_Maya_Pipeline\Python\render_vault\settings\config-ApicWS10.json
[2023-10-18 09:40:26,907][ApicWS10][INFO] starting Render Vault...
[2023-10-18 09:40:27,018][ApicWS10][INFO] loading settings from \\APICNAS\Produktion\Pipeline\Apic_Maya_Pipeline\Python\render_vault\settings\config-ApicWS10.json
[2023-10-18 09:40:36,768][ApicWS10][INFO] updated settings manager values.
[2023-10-18 09:40:36,777][ApicWS10][INFO] saving settings to \\APICNAS\Produktion\Pipeline\Apic_Maya_Pipeline\Python\render_vault\settings\config-ApicWS10.json
[2023-10-18 09:41:23,264][ApicWS10][INFO] starting Render Vault...
[2023-10-18 09:41:23,345][ApicWS10][INFO] loading settings from \\APICNAS\Produktion\Pipeline\Apic_Maya_Pipeline\Python\render_vault\settings\config-ApicWS10.json
[2023-10-18 09:41:27,926][ApicWS10][INFO] updated settings manager values.
[2023-10-18 09:41:27,933][ApicWS10][INFO] saving settings to \\APICNAS\Produktion\Pipeline\Apic_Maya_Pipeline\Python\render_vault\settings\config-ApicWS10.json
[2023-10-18 09:41:50,207][ApicWS10][INFO] starting Render Vault...
[2023-10-18 09:41:50,306][ApicWS10][INFO] loading settings from \\APICNAS\Produktion\Pipeline\Apic_Maya_Pipeline\Python\render_vault\settings\config-ApicWS10.json
[2023-10-18 09:42:04,168][ApicWS10][INFO] updated settings manager values.
[2023-10-18 09:42:04,175][ApicWS10][INFO] saving settings to \\APICNAS\Produktion\Pipeline\Apic_Maya_Pipeline\Python\render_vault\settings\config-ApicWS10.json
[2023-10-18 09:44:36,700][ApicWS10][INFO] starting Render Vault...
[2023-10-18 09:44:36,817][ApicWS10][INFO] loading settings from \\APICNAS\Produktion\Pipeline\Apic_Maya_Pipeline\Python\render_vault\settings\config-ApicWS10.json
[2023-10-18 09:45:27,987][ApicWS10][INFO] updated settings manager values.
[2023-10-18 09:45:27,996][ApicWS10][INFO] saving settings to \\APICNAS\Produktion\Pipeline\Apic_Maya_Pipeline\Python\render_vault\settings\config-ApicWS10.json
[2023-10-18 09:45:31,007][ApicWS10][INFO] starting Render Vault...
[2023-10-18 09:45:31,088][ApicWS10][INFO] loading settings from \\APICNAS\Produktion\Pipeline\Apic_Maya_Pipeline\Python\render_vault\settings\config-ApicWS10.json
[2023-10-18 09:45:40,709][ApicWS10][INFO] updated settings manager values.
[2023-10-18 09:45:40,717][ApicWS10][INFO] saving settings to \\APICNAS\Produktion\Pipeline\Apic_Maya_Pipeline\Python\render_vault\settings\config-ApicWS10.json
[2023-10-18 09:45:59,764][ApicWS10][INFO] starting Render Vault...
[2023-10-18 09:45:59,867][ApicWS10][INFO] loading settings from \\APICNAS\Produktion\Pipeline\Apic_Maya_Pipeline\Python\render_vault\settings\config-ApicWS10.json
[2023-10-18 09:46:09,002][ApicWS10][INFO] updated settings manager values.
[2023-10-18 09:46:09,009][ApicWS10][INFO] saving settings to \\APICNAS\Produktion\Pipeline\Apic_Maya_Pipeline\Python\render_vault\settings\config-ApicWS10.json
[2023-10-18 10:12:51,820][Apic-WS09][INFO] starting Render Vault...
[2023-10-18 10:12:51,953][Apic-WS09][INFO] loading settings from \\APICNAS\Produktion\Pipeline\Apic_Maya_Pipeline\Python\render_vault\settings\config-Apic-WS09.json
[2023-10-18 10:14:20,279][Apic-WS09][INFO] deleted \\APICNAS\Produktion\Projekte\_CLIENT_Lib\TEKON\3D_Pool\ModelPool\Thumbnails\TK_AKS_02_5_1.jpg
[2023-10-18 10:14:20,290][Apic-WS09][INFO] deleted \\apicnas\Produktion\Projekte\_CLIENT_Lib\TEKON\3D_Pool\ModelPool\Models\TK_AKS_02_5_1.mb
[2023-10-18 10:14:30,483][Apic-WS09][INFO] deleted \\APICNAS\Produktion\Projekte\_CLIENT_Lib\TEKON\3D_Pool\ModelPool\Thumbnails\TK_AKS_08_16_6.jpg
[2023-10-18 10:14:30,679][Apic-WS09][INFO] deleted \\APICNAS\Produktion\Projekte\_CLIENT_Lib\TEKON\3D_Pool\ModelPool\Textures\TK_AKS_08_16_6
[2023-10-18 10:14:30,701][Apic-WS09][INFO] deleted \\apicnas\Produktion\Projekte\_CLIENT_Lib\TEKON\3D_Pool\ModelPool\Models\TK_AKS_08_16_6.mb
[2023-10-18 10:14:32,993][Apic-WS09][INFO] deleted \\APICNAS\Produktion\Projekte\_CLIENT_Lib\TEKON\3D_Pool\ModelPool\Thumbnails\TK_AKS_08_28_2.jpg
[2023-10-18 10:14:33,014][Apic-WS09][INFO] deleted \\apicnas\Produktion\Projekte\_CLIENT_Lib\TEKON\3D_Pool\ModelPool\Models\TK_AKS_08_28_2.mb
[2023-10-18 10:17:04,557][Apic-WS09][INFO] imported model \\apicnas\Produktion\Projekte\_CLIENT_Lib\TEKON\3D_Pool\ModelPool\Models\backdrop.mb
[2023-10-18 10:17:05,656][Apic-WS09][INFO] imported model \\apicnas\Produktion\Projekte\_CLIENT_Lib\TEKON\3D_Pool\ModelPool\Models\TK_AKS_08_28_2.mb
[2023-10-18 10:17:07,684][Apic-WS09][INFO] referenced model \\apicnas\Produktion\Projekte\_CLIENT_Lib\BOSCH\400_3D\420_assets_references_data\LightsetPool\LightsetPool\Lightsets\LS_s063.mb
[2023-10-18 10:17:44,253][Apic-WS09][INFO] updated settings manager values.
[2023-10-18 10:17:44,257][Apic-WS09][INFO] saving settings to \\APICNAS\Produktion\Pipeline\Apic_Maya_Pipeline\Python\render_vault\settings\config-Apic-WS09.json
[2023-10-18 10:19:08,380][Apic-WS09][INFO] loading settings from \\APICNAS\Produktion\Pipeline\Apic_Maya_Pipeline\Python\render_vault\settings\config-Apic-WS09.json
[2023-10-18 10:19:16,875][Apic-WS09][INFO] imported model \\apicnas\Produktion\Projekte\_CLIENT_Lib\TEKON\3D_Pool\ModelPool\Models\backdrop.mb
[2023-10-18 10:23:28,392][Apic-WS09][INFO] updated settings manager values.
[2023-10-18 10:23:28,396][Apic-WS09][INFO] saving settings to \\APICNAS\Produktion\Pipeline\Apic_Maya_Pipeline\Python\render_vault\settings\config-Apic-WS09.json
[2023-10-18 10:23:34,614][Apic-WS09][INFO] starting Render Vault...
[2023-10-18 10:23:34,724][Apic-WS09][INFO] loading settings from \\APICNAS\Produktion\Pipeline\Apic_Maya_Pipeline\Python\render_vault\settings\config-Apic-WS09.json
[2023-10-18 10:29:50,854][Apic-WS09][INFO] updated settings manager values.
[2023-10-18 10:29:50,861][Apic-WS09][INFO] saving settings to \\APICNAS\Produktion\Pipeline\Apic_Maya_Pipeline\Python\render_vault\settings\config-Apic-WS09.json
[2023-10-18 10:51:03,547][Apic-WS09][INFO] loading settings from \\APICNAS\Produktion\Pipeline\Apic_Maya_Pipeline\Python\render_vault\settings\config-Apic-WS09.json
[2023-10-18 10:52:50,423][Apic-WS09][INFO] exported Metal_dark_brushed_mtl_alt to \\apicnas\Produktion\Projekte\_CLIENT_Lib\TEKON\3D_Pool\MaterialPool\Materials
[2023-10-18 10:52:50,526][Apic-WS09][INFO] exported Brass_01_mtl to \\apicnas\Produktion\Projekte\_CLIENT_Lib\TEKON\3D_Pool\MaterialPool\Materials
[2023-10-18 10:52:50,624][Apic-WS09][INFO] exported Logo_background_mtl to \\apicnas\Produktion\Projekte\_CLIENT_Lib\TEKON\3D_Pool\MaterialPool\Materials
[2023-10-18 10:52:50,724][Apic-WS09][INFO] exported Logo_mtl to \\apicnas\Produktion\Projekte\_CLIENT_Lib\TEKON\3D_Pool\MaterialPool\Materials
[2023-10-18 10:52:50,824][Apic-WS09][INFO] exported Metal_red_mtl to \\apicnas\Produktion\Projekte\_CLIENT_Lib\TEKON\3D_Pool\MaterialPool\Materials
[2023-10-18 10:52:50,924][Apic-WS09][INFO] exported Rubber_mtl to \\apicnas\Produktion\Projekte\_CLIENT_Lib\TEKON\3D_Pool\MaterialPool\Materials
[2023-10-18 10:52:51,026][Apic-WS09][INFO] exported Steel_stainless_brushed_01_mtl to \\apicnas\Produktion\Projekte\_CLIENT_Lib\TEKON\3D_Pool\MaterialPool\Materials
[2023-10-18 10:52:51,128][Apic-WS09][INFO] exported Steel_stainless_brushed_dark_02_mtl to \\apicnas\Produktion\Projekte\_CLIENT_Lib\TEKON\3D_Pool\MaterialPool\Materials
[2023-10-18 10:52:51,228][Apic-WS09][INFO] exported Schrauben_Metal_mtl to \\apicnas\Produktion\Projekte\_CLIENT_Lib\TEKON\3D_Pool\MaterialPool\Materials
[2023-10-18 10:52:51,311][Apic-WS09][INFO] exported Plastic_glossy_black_mtl to \\apicnas\Produktion\Projekte\_CLIENT_Lib\TEKON\3D_Pool\MaterialPool\Materials
[2023-10-18 10:52:55,262][Apic-WS09][INFO] initializing maya standalone...
[2023-10-18 10:53:04,507][Apic-WS09][INFO] loaded scene: \\apicnas\Produktion\Projekte\_CLIENT_Lib\TEKON\3D_Pool\MaterialPool\Materials\Metal_dark_brushed_mtl_alt.mb
[2023-10-18 10:53:04,570][Apic-WS09][INFO] copied //apicnas/Produktion/Projekte/_CLIENT_Lib/TEKON/3D_Pool/ModelPool/Textures/TK_AKS_08_28_2_neu/GSG_Metal_Vol1_Steel_Stainless_Brushed_01_basecolor.jpg to \\apicnas\Produktion\Projekte\_CLIENT_Lib\TEKON\3D_Pool\MaterialPool\Textures\Metal_dark_brushed_mtl_alt
[2023-10-18 10:53:04,571][Apic-WS09][INFO] set path of file node: GSG_Metal_Vol1_Steel_Stainless_Brushed_01_basecolor_1 to \\apicnas\Produktion\Projekte\_CLIENT_Lib\TEKON\3D_Pool\MaterialPool\Textures\Metal_dark_brushed_mtl_alt\GSG_Metal_Vol1_Steel_Stainless_Brushed_01_basecolor.jpg
[2023-10-18 10:53:04,619][Apic-WS09][INFO] saved scene \\apicnas\Produktion\Projekte\_CLIENT_Lib\TEKON\3D_Pool\MaterialPool\Materials\Metal_dark_brushed_mtl_alt.mb
[2023-10-18 10:53:04,620][Apic-WS09][ERROR] can't create folder, path: \\apicnas\Produktion\Projekte\_CLIENT_Lib\TEKON\3D_Pool\MaterialPool\Textures\Metal_dark_brushed_mtl_alt already exists
[2023-10-18 10:53:04,672][Apic-WS09][INFO] copied //apicnas/Produktion/Projekte/_CLIENT_Lib/TEKON/3D_Pool/ModelPool/Textures/TK_AKS_02_5_1_neu/GSG_Metal_Vol1_Steel_Stainless_Brushed_01_metallic.jpg to \\apicnas\Produktion\Projekte\_CLIENT_Lib\TEKON\3D_Pool\MaterialPool\Textures\Metal_dark_brushed_mtl_alt
[2023-10-18 10:53:04,674][Apic-WS09][INFO] set path of file node: GSG_Metal_Vol1_Steel_Stainless_Brushed_01_metallic_1 to \\apicnas\Produktion\Projekte\_CLIENT_Lib\TEKON\3D_Pool\MaterialPool\Textures\Metal_dark_brushed_mtl_alt\GSG_Metal_Vol1_Steel_Stainless_Brushed_01_metallic.jpg
[2023-10-18 10:53:04,712][Apic-WS09][INFO] saved scene \\apicnas\Produktion\Projekte\_CLIENT_Lib\TEKON\3D_Pool\MaterialPool\Materials\Metal_dark_brushed_mtl_alt.mb
[2023-10-18 10:53:04,714][Apic-WS09][ERROR] can't create folder, path: \\apicnas\Produktion\Projekte\_CLIENT_Lib\TEKON\3D_Pool\MaterialPool\Textures\Metal_dark_brushed_mtl_alt already exists
[2023-10-18 10:53:04,755][Apic-WS09][INFO] copied //apicnas/Produktion/Projekte/_CLIENT_Lib/TEKON/3D_Pool/ModelPool/Textures/TK_AKS_02_5_1_neu/GSG_Metal_Vol1_Steel_Stainless_Brushed_01_normal.jpg to \\apicnas\Produktion\Projekte\_CLIENT_Lib\TEKON\3D_Pool\MaterialPool\Textures\Metal_dark_brushed_mtl_alt
[2023-10-18 10:53:04,757][Apic-WS09][INFO] set path of file node: GSG_Metal_Vol1_Steel_Stainless_Brushed_01_normal_1 to \\apicnas\Produktion\Projekte\_CLIENT_Lib\TEKON\3D_Pool\MaterialPool\Textures\Metal_dark_brushed_mtl_alt\GSG_Metal_Vol1_Steel_Stainless_Brushed_01_normal.jpg
[2023-10-18 10:53:04,796][Apic-WS09][INFO] saved scene \\apicnas\Produktion\Projekte\_CLIENT_Lib\TEKON\3D_Pool\MaterialPool\Materials\Metal_dark_brushed_mtl_alt.mb
[2023-10-18 10:53:04,797][Apic-WS09][ERROR] can't create folder, path: \\apicnas\Produktion\Projekte\_CLIENT_Lib\TEKON\3D_Pool\MaterialPool\Textures\Metal_dark_brushed_mtl_alt already exists
[2023-10-18 10:53:04,847][Apic-WS09][INFO] copied //apicnas/Produktion/Projekte/_CLIENT_Lib/TEKON/3D_Pool/ModelPool/Textures/TK_AKS_02_5_1_neu/GSG_Metal_Vol1_Steel_Stainless_Brushed_01_roughness.jpg to \\apicnas\Produktion\Projekte\_CLIENT_Lib\TEKON\3D_Pool\MaterialPool\Textures\Metal_dark_brushed_mtl_alt
[2023-10-18 10:53:04,849][Apic-WS09][INFO] set path of file node: GSG_Metal_Vol1_Steel_Stainless_Brushed_01_roughness_1 to \\apicnas\Produktion\Projekte\_CLIENT_Lib\TEKON\3D_Pool\MaterialPool\Textures\Metal_dark_brushed_mtl_alt\GSG_Metal_Vol1_Steel_Stainless_Brushed_01_roughness.jpg
[2023-10-18 10:53:04,887][Apic-WS09][INFO] saved scene \\apicnas\Produktion\Projekte\_CLIENT_Lib\TEKON\3D_Pool\MaterialPool\Materials\Metal_dark_brushed_mtl_alt.mb
[2023-10-18 10:53:05,067][Apic-WS09][INFO] loaded scene: \\apicnas\Produktion\Projekte\_CLIENT_Lib\TEKON\3D_Pool\MaterialPool\Materials\Brass_01_mtl.mb
[2023-10-18 10:53:05,070][Apic-WS09][ERROR] can't create folder, path: \\apicnas\Produktion\Projekte\_CLIENT_Lib\TEKON\3D_Pool\MaterialPool\Textures\Brass_01_mtl already exists
[2023-10-18 10:53:05,113][Apic-WS09][INFO] copied //apicnas/Produktion/Projekte/_CLIENT_Lib/TEKON/3D_Pool/ModelPool/Textures/TK_AKS_02_5_1_neu/GSG_Metal_Vol1_Brass_01_basecolor.jpg to \\apicnas\Produktion\Projekte\_CLIENT_Lib\TEKON\3D_Pool\MaterialPool\Textures\Brass_01_mtl
[2023-10-18 10:53:05,114][Apic-WS09][INFO] set path of file node: Brass_01_mtl_GSG_Metal_Vol1_Brass_01_basecolor_1 to \\apicnas\Produktion\Projekte\_CLIENT_Lib\TEKON\3D_Pool\MaterialPool\Textures\Brass_01_mtl\GSG_Metal_Vol1_Brass_01_basecolor.jpg
[2023-10-18 10:53:05,154][Apic-WS09][INFO] saved scene \\apicnas\Produktion\Projekte\_CLIENT_Lib\TEKON\3D_Pool\MaterialPool\Materials\Brass_01_mtl.mb
[2023-10-18 10:53:05,156][Apic-WS09][ERROR] can't create folder, path: \\apicnas\Produktion\Projekte\_CLIENT_Lib\TEKON\3D_Pool\MaterialPool\Textures\Brass_01_mtl already exists
[2023-10-18 10:53:05,206][Apic-WS09][INFO] copied //apicnas/Produktion/Projekte/_CLIENT_Lib/TEKON/3D_Pool/ModelPool/Textures/TK_AKS_02_5_1_neu/GSG_Metal_Vol1_Brass_01_metallic.jpg to \\apicnas\Produktion\Projekte\_CLIENT_Lib\TEKON\3D_Pool\MaterialPool\Textures\Brass_01_mtl
[2023-10-18 10:53:05,208][Apic-WS09][INFO] set path of file node: Brass_01_mtl_GSG_Metal_Vol1_Brass_01_metallic_1 to \\apicnas\Produktion\Projekte\_CLIENT_Lib\TEKON\3D_Pool\MaterialPool\Textures\Brass_01_mtl\GSG_Metal_Vol1_Brass_01_metallic.jpg
[2023-10-18 10:53:05,247][Apic-WS09][INFO] saved scene \\apicnas\Produktion\Projekte\_CLIENT_Lib\TEKON\3D_Pool\MaterialPool\Materials\Brass_01_mtl.mb
[2023-10-18 10:53:05,248][Apic-WS09][ERROR] can't create folder, path: \\apicnas\Produktion\Projekte\_CLIENT_Lib\TEKON\3D_Pool\MaterialPool\Textures\Brass_01_mtl already exists
[2023-10-18 10:53:05,308][Apic-WS09][INFO] copied //apicnas/Produktion/Projekte/_CLIENT_Lib/TEKON/3D_Pool/ModelPool/Textures/TK_AKS_02_5_1_neu/GSG_Metal_Vol1_Brass_01_normal.jpg to \\apicnas\Produktion\Projekte\_CLIENT_Lib\TEKON\3D_Pool\MaterialPool\Textures\Brass_01_mtl
[2023-10-18 10:53:05,309][Apic-WS09][INFO] set path of file node: Brass_01_mtl_GSG_Metal_Vol1_Brass_01_normal_1 to \\apicnas\Produktion\Projekte\_CLIENT_Lib\TEKON\3D_Pool\MaterialPool\Textures\Brass_01_mtl\GSG_Metal_Vol1_Brass_01_normal.jpg
[2023-10-18 10:53:05,349][Apic-WS09][INFO] saved scene \\apicnas\Produktion\Projekte\_CLIENT_Lib\TEKON\3D_Pool\MaterialPool\Materials\Brass_01_mtl.mb
[2023-10-18 10:53:05,350][Apic-WS09][ERROR] can't create folder, path: \\apicnas\Produktion\Projekte\_CLIENT_Lib\TEKON\3D_Pool\MaterialPool\Textures\Brass_01_mtl already exists
[2023-10-18 10:53:05,426][Apic-WS09][INFO] copied //apicnas/Produktion/Projekte/_CLIENT_Lib/TEKON/3D_Pool/ModelPool/Textures/TK_AKS_02_5_1_neu/GSG_Metal_Vol1_Brass_01_roughness.jpg to \\apicnas\Produktion\Projekte\_CLIENT_Lib\TEKON\3D_Pool\MaterialPool\Textures\Brass_01_mtl
[2023-10-18 10:53:05,428][Apic-WS09][INFO] set path of file node: Brass_01_mtl_GSG_Metal_Vol1_Brass_01_roughness_1 to \\apicnas\Produktion\Projekte\_CLIENT_Lib\TEKON\3D_Pool\MaterialPool\Textures\Brass_01_mtl\GSG_Metal_Vol1_Brass_01_roughness.jpg
[2023-10-18 10:53:05,472][Apic-WS09][INFO] saved scene \\apicnas\Produktion\Projekte\_CLIENT_Lib\TEKON\3D_Pool\MaterialPool\Materials\Brass_01_mtl.mb
[2023-10-18 10:53:05,654][Apic-WS09][INFO] loaded scene: \\apicnas\Produktion\Projekte\_CLIENT_Lib\TEKON\3D_Pool\MaterialPool\Materials\Logo_background_mtl.mb
[2023-10-18 10:53:05,837][Apic-WS09][INFO] loaded scene: \\apicnas\Produktion\Projekte\_CLIENT_Lib\TEKON\3D_Pool\MaterialPool\Materials\Logo_mtl.mb
[2023-10-18 10:53:05,840][Apic-WS09][ERROR] can't create folder, path: \\apicnas\Produktion\Projekte\_CLIENT_Lib\TEKON\3D_Pool\MaterialPool\Textures\Logo_mtl already exists
[2023-10-18 10:53:05,859][Apic-WS09][INFO] copied //apicnas/Produktion/Projekte/23469TEK_Kreislaufanimation/400_3D/430_textures/Logo_TL-AKS-08-28-2.PNG to \\apicnas\Produktion\Projekte\_CLIENT_Lib\TEKON\3D_Pool\MaterialPool\Textures\Logo_mtl
[2023-10-18 10:53:05,860][Apic-WS09][INFO] set path of file node: Logo_mtl_Logo_Screenshot_1 to \\apicnas\Produktion\Projekte\_CLIENT_Lib\TEKON\3D_Pool\MaterialPool\Textures\Logo_mtl\Logo_TL-AKS-08-28-2.PNG
[2023-10-18 10:53:05,897][Apic-WS09][INFO] saved scene \\apicnas\Produktion\Projekte\_CLIENT_Lib\TEKON\3D_Pool\MaterialPool\Materials\Logo_mtl.mb
[2023-10-18 10:53:06,087][Apic-WS09][INFO] loaded scene: \\apicnas\Produktion\Projekte\_CLIENT_Lib\TEKON\3D_Pool\MaterialPool\Materials\Metal_red_mtl.mb
[2023-10-18 10:53:06,090][Apic-WS09][ERROR] can't create folder, path: \\apicnas\Produktion\Projekte\_CLIENT_Lib\TEKON\3D_Pool\MaterialPool\Textures\Metal_red_mtl already exists
[2023-10-18 10:53:06,111][Apic-WS09][INFO] copied //apicnas/Produktion/Projekte/_CLIENT_Lib/TEKON/3D_Pool/ModelPool/Textures/TK_AKS_02_5_1_neu/GSG_Metal_Vol1_Aluminum_Painted_01_metallic.jpg to \\apicnas\Produktion\Projekte\_CLIENT_Lib\TEKON\3D_Pool\MaterialPool\Textures\Metal_red_mtl
[2023-10-18 10:53:06,112][Apic-WS09][INFO] set path of file node: Metal_red_mtl_GSG_Metal_Vol1_Aluminum_Painted_01_metallic_1 to \\apicnas\Produktion\Projekte\_CLIENT_Lib\TEKON\3D_Pool\MaterialPool\Textures\Metal_red_mtl\GSG_Metal_Vol1_Aluminum_Painted_01_metallic.jpg
[2023-10-18 10:53:06,151][Apic-WS09][INFO] saved scene \\apicnas\Produktion\Projekte\_CLIENT_Lib\TEKON\3D_Pool\MaterialPool\Materials\Metal_red_mtl.mb
[2023-10-18 10:53:06,153][Apic-WS09][ERROR] can't create folder, path: \\apicnas\Produktion\Projekte\_CLIENT_Lib\TEKON\3D_Pool\MaterialPool\Textures\Metal_red_mtl already exists
[2023-10-18 10:53:06,215][Apic-WS09][INFO] copied //apicnas/Produktion/Projekte/_CLIENT_Lib/TEKON/3D_Pool/ModelPool/Textures/TK_AKS_02_5_1_neu/GSG_Metal_Vol1_Aluminum_Painted_01_normal.jpg to \\apicnas\Produktion\Projekte\_CLIENT_Lib\TEKON\3D_Pool\MaterialPool\Textures\Metal_red_mtl
[2023-10-18 10:53:06,217][Apic-WS09][INFO] set path of file node: Metal_red_mtl_GSG_Metal_Vol1_Aluminum_Painted_01_normal_1 to \\apicnas\Produktion\Projekte\_CLIENT_Lib\TEKON\3D_Pool\MaterialPool\Textures\Metal_red_mtl\GSG_Metal_Vol1_Aluminum_Painted_01_normal.jpg
[2023-10-18 10:53:06,255][Apic-WS09][INFO] saved scene \\apicnas\Produktion\Projekte\_CLIENT_Lib\TEKON\3D_Pool\MaterialPool\Materials\Metal_red_mtl.mb
[2023-10-18 10:53:06,257][Apic-WS09][ERROR] can't create folder, path: \\apicnas\Produktion\Projekte\_CLIENT_Lib\TEKON\3D_Pool\MaterialPool\Textures\Metal_red_mtl already exists
[2023-10-18 10:53:06,357][Apic-WS09][INFO] copied //apicnas/Produktion/Projekte/_CLIENT_Lib/TEKON/3D_Pool/ModelPool/Textures/TK_AKS_02_5_1_neu/GSG_Metal_Vol1_Aluminum_Painted_01_roughness.jpg to \\apicnas\Produktion\Projekte\_CLIENT_Lib\TEKON\3D_Pool\MaterialPool\Textures\Metal_red_mtl
[2023-10-18 10:53:06,359][Apic-WS09][INFO] set path of file node: Metal_red_mtl_GSG_Metal_Vol1_Aluminum_Painted_01_roughness_1 to \\apicnas\Produktion\Projekte\_CLIENT_Lib\TEKON\3D_Pool\MaterialPool\Textures\Metal_red_mtl\GSG_Metal_Vol1_Aluminum_Painted_01_roughness.jpg
[2023-10-18 10:53:06,396][Apic-WS09][INFO] saved scene \\apicnas\Produktion\Projekte\_CLIENT_Lib\TEKON\3D_Pool\MaterialPool\Materials\Metal_red_mtl.mb
[2023-10-18 10:53:06,566][Apic-WS09][INFO] loaded scene: \\apicnas\Produktion\Projekte\_CLIENT_Lib\TEKON\3D_Pool\MaterialPool\Materials\Rubber_mtl.mb
[2023-10-18 10:53:06,755][Apic-WS09][INFO] loaded scene: \\apicnas\Produktion\Projekte\_CLIENT_Lib\TEKON\3D_Pool\MaterialPool\Materials\Steel_stainless_brushed_01_mtl.mb
[2023-10-18 10:53:06,758][Apic-WS09][ERROR] can't create folder, path: \\apicnas\Produktion\Projekte\_CLIENT_Lib\TEKON\3D_Pool\MaterialPool\Textures\Steel_stainless_brushed_01_mtl already exists
[2023-10-18 10:53:06,829][Apic-WS09][INFO] copied //apicnas/Produktion/Projekte/_CLIENT_Lib/TEKON/3D_Pool/ModelPool/Textures/TK_AKS_02_5_1_neu/GSG_Metal_Vol1_Steel_Stainless_Brushed_01_anisotropy.jpg to \\apicnas\Produktion\Projekte\_CLIENT_Lib\TEKON\3D_Pool\MaterialPool\Textures\Steel_stainless_brushed_01_mtl
[2023-10-18 10:53:06,831][Apic-WS09][INFO] set path of file node: Steel_stainless_brushed_01_mtl_GSG_Metal_Vol1_Steel_Stainless_Brushed_01_anisotropy_1 to \\apicnas\Produktion\Projekte\_CLIENT_Lib\TEKON\3D_Pool\MaterialPool\Textures\Steel_stainless_brushed_01_mtl\GSG_Metal_Vol1_Steel_Stainless_Brushed_01_anisotropy.jpg
[2023-10-18 10:53:06,870][Apic-WS09][INFO] saved scene \\apicnas\Produktion\Projekte\_CLIENT_Lib\TEKON\3D_Pool\MaterialPool\Materials\Steel_stainless_brushed_01_mtl.mb
[2023-10-18 10:53:06,871][Apic-WS09][ERROR] can't create folder, path: \\apicnas\Produktion\Projekte\_CLIENT_Lib\TEKON\3D_Pool\MaterialPool\Textures\Steel_stainless_brushed_01_mtl already exists
[2023-10-18 10:53:06,907][Apic-WS09][INFO] copied //apicnas/Produktion/Projekte/_CLIENT_Lib/TEKON/3D_Pool/ModelPool/Textures/TK_AKS_02_5_1_neu/GSG_Metal_Vol1_Steel_Stainless_Brushed_01_metallic.jpg to \\apicnas\Produktion\Projekte\_CLIENT_Lib\TEKON\3D_Pool\MaterialPool\Textures\Steel_stainless_brushed_01_mtl
[2023-10-18 10:53:06,909][Apic-WS09][INFO] set path of file node: Steel_stainless_brushed_01_mtl_GSG_Metal_Vol1_Steel_Stainless_Brushed_01_metallic_2 to \\apicnas\Produktion\Projekte\_CLIENT_Lib\TEKON\3D_Pool\MaterialPool\Textures\Steel_stainless_brushed_01_mtl\GSG_Metal_Vol1_Steel_Stainless_Brushed_01_metallic.jpg
[2023-10-18 10:53:06,946][Apic-WS09][INFO] saved scene \\apicnas\Produktion\Projekte\_CLIENT_Lib\TEKON\3D_Pool\MaterialPool\Materials\Steel_stainless_brushed_01_mtl.mb
[2023-10-18 10:53:06,948][Apic-WS09][ERROR] can't create folder, path: \\apicnas\Produktion\Projekte\_CLIENT_Lib\TEKON\3D_Pool\MaterialPool\Textures\Steel_stainless_brushed_01_mtl already exists
[2023-10-18 10:53:06,986][Apic-WS09][INFO] copied //apicnas/Produktion/Projekte/_CLIENT_Lib/TEKON/3D_Pool/ModelPool/Textures/TK_AKS_02_5_1_neu/GSG_Metal_Vol1_Steel_Stainless_Brushed_01_normal.jpg to \\apicnas\Produktion\Projekte\_CLIENT_Lib\TEKON\3D_Pool\MaterialPool\Textures\Steel_stainless_brushed_01_mtl
[2023-10-18 10:53:06,987][Apic-WS09][INFO] set path of file node: Steel_stainless_brushed_01_mtl_GSG_Metal_Vol1_Steel_Stainless_Brushed_01_normal_2 to \\apicnas\Produktion\Projekte\_CLIENT_Lib\TEKON\3D_Pool\MaterialPool\Textures\Steel_stainless_brushed_01_mtl\GSG_Metal_Vol1_Steel_Stainless_Brushed_01_normal.jpg
[2023-10-18 10:53:07,025][Apic-WS09][INFO] saved scene \\apicnas\Produktion\Projekte\_CLIENT_Lib\TEKON\3D_Pool\MaterialPool\Materials\Steel_stainless_brushed_01_mtl.mb
[2023-10-18 10:53:07,026][Apic-WS09][ERROR] can't create folder, path: \\apicnas\Produktion\Projekte\_CLIENT_Lib\TEKON\3D_Pool\MaterialPool\Textures\Steel_stainless_brushed_01_mtl already exists
[2023-10-18 10:53:07,050][Apic-WS09][INFO] copied //apicnas/Produktion/Projekte/_CLIENT_Lib/TEKON/3D_Pool/ModelPool/Textures/TK_AKS_02_5_1_neu/GSG_Metal_Vol1_Steel_Stainless_Brushed_01_roughness.jpg to \\apicnas\Produktion\Projekte\_CLIENT_Lib\TEKON\3D_Pool\MaterialPool\Textures\Steel_stainless_brushed_01_mtl
[2023-10-18 10:53:07,051][Apic-WS09][INFO] set path of file node: Steel_stainless_brushed_01_mtl_GSG_Metal_Vol1_Steel_Stainless_Brushed_01_roughness_2 to \\apicnas\Produktion\Projekte\_CLIENT_Lib\TEKON\3D_Pool\MaterialPool\Textures\Steel_stainless_brushed_01_mtl\GSG_Metal_Vol1_Steel_Stainless_Brushed_01_roughness.jpg
[2023-10-18 10:53:07,089][Apic-WS09][INFO] saved scene \\apicnas\Produktion\Projekte\_CLIENT_Lib\TEKON\3D_Pool\MaterialPool\Materials\Steel_stainless_brushed_01_mtl.mb
[2023-10-18 10:53:07,279][Apic-WS09][INFO] loaded scene: \\apicnas\Produktion\Projekte\_CLIENT_Lib\TEKON\3D_Pool\MaterialPool\Materials\Steel_stainless_brushed_dark_02_mtl.mb
[2023-10-18 10:53:07,282][Apic-WS09][ERROR] can't create folder, path: \\apicnas\Produktion\Projekte\_CLIENT_Lib\TEKON\3D_Pool\MaterialPool\Textures\Steel_stainless_brushed_dark_02_mtl already exists
[2023-10-18 10:53:07,331][Apic-WS09][INFO] copied //apicnas/Produktion/Projekte/_CLIENT_Lib/TEKON/3D_Pool/ModelPool/Textures/TK_AKS_02_5_1_neu/GSG_Metal_Vol1_Steel_Stainless_Brushed_01_anisotropy.jpg to \\apicnas\Produktion\Projekte\_CLIENT_Lib\TEKON\3D_Pool\MaterialPool\Textures\Steel_stainless_brushed_dark_02_mtl
[2023-10-18 10:53:07,332][Apic-WS09][INFO] set path of file node: GSG_Metal_Vol1_Steel_Stainless_Brushed_01_anisotropy_2 to \\apicnas\Produktion\Projekte\_CLIENT_Lib\TEKON\3D_Pool\MaterialPool\Textures\Steel_stainless_brushed_dark_02_mtl\GSG_Metal_Vol1_Steel_Stainless_Brushed_01_anisotropy.jpg
[2023-10-18 10:53:07,370][Apic-WS09][INFO] saved scene \\apicnas\Produktion\Projekte\_CLIENT_Lib\TEKON\3D_Pool\MaterialPool\Materials\Steel_stainless_brushed_dark_02_mtl.mb
[2023-10-18 10:53:07,372][Apic-WS09][ERROR] can't create folder, path: \\apicnas\Produktion\Projekte\_CLIENT_Lib\TEKON\3D_Pool\MaterialPool\Textures\Steel_stainless_brushed_dark_02_mtl already exists
[2023-10-18 10:53:07,617][Apic-WS09][INFO] copied //apicnas/Produktion/Projekte/_CLIENT_Lib/TEKON/3D_Pool/ModelPool/Textures/TK_AKS_02_5_1_neu/GSG_Metal_Vol1_Steel_Stainless_Brushed_01_metallic.jpg to \\apicnas\Produktion\Projekte\_CLIENT_Lib\TEKON\3D_Pool\MaterialPool\Textures\Steel_stainless_brushed_dark_02_mtl
[2023-10-18 10:53:07,619][Apic-WS09][INFO] set path of file node: GSG_Metal_Vol1_Steel_Stainless_Brushed_01_metallic_3 to \\apicnas\Produktion\Projekte\_CLIENT_Lib\TEKON\3D_Pool\MaterialPool\Textures\Steel_stainless_brushed_dark_02_mtl\GSG_Metal_Vol1_Steel_Stainless_Brushed_01_metallic.jpg
[2023-10-18 10:53:07,657][Apic-WS09][INFO] saved scene \\apicnas\Produktion\Projekte\_CLIENT_Lib\TEKON\3D_Pool\MaterialPool\Materials\Steel_stainless_brushed_dark_02_mtl.mb
[2023-10-18 10:53:07,659][Apic-WS09][ERROR] can't create folder, path: \\apicnas\Produktion\Projekte\_CLIENT_Lib\TEKON\3D_Pool\MaterialPool\Textures\Steel_stainless_brushed_dark_02_mtl already exists
[2023-10-18 10:53:07,705][Apic-WS09][INFO] copied //apicnas/Produktion/Projekte/_CLIENT_Lib/TEKON/3D_Pool/ModelPool/Textures/TK_AKS_02_5_1_neu/GSG_Metal_Vol1_Steel_Stainless_Brushed_01_normal.jpg to \\apicnas\Produktion\Projekte\_CLIENT_Lib\TEKON\3D_Pool\MaterialPool\Textures\Steel_stainless_brushed_dark_02_mtl
[2023-10-18 10:53:07,707][Apic-WS09][INFO] set path of file node: GSG_Metal_Vol1_Steel_Stainless_Brushed_01_normal_3 to \\apicnas\Produktion\Projekte\_CLIENT_Lib\TEKON\3D_Pool\MaterialPool\Textures\Steel_stainless_brushed_dark_02_mtl\GSG_Metal_Vol1_Steel_Stainless_Brushed_01_normal.jpg
[2023-10-18 10:53:07,744][Apic-WS09][INFO] saved scene \\apicnas\Produktion\Projekte\_CLIENT_Lib\TEKON\3D_Pool\MaterialPool\Materials\Steel_stainless_brushed_dark_02_mtl.mb
[2023-10-18 10:53:07,745][Apic-WS09][ERROR] can't create folder, path: \\apicnas\Produktion\Projekte\_CLIENT_Lib\TEKON\3D_Pool\MaterialPool\Textures\Steel_stainless_brushed_dark_02_mtl already exists
[2023-10-18 10:53:07,779][Apic-WS09][INFO] copied //apicnas/Produktion/Projekte/_CLIENT_Lib/TEKON/3D_Pool/ModelPool/Textures/TK_AKS_02_5_1_neu/GSG_Metal_Vol1_Steel_Stainless_Brushed_01_roughness.jpg to \\apicnas\Produktion\Projekte\_CLIENT_Lib\TEKON\3D_Pool\MaterialPool\Textures\Steel_stainless_brushed_dark_02_mtl
[2023-10-18 10:53:07,780][Apic-WS09][INFO] set path of file node: GSG_Metal_Vol1_Steel_Stainless_Brushed_01_roughness_3 to \\apicnas\Produktion\Projekte\_CLIENT_Lib\TEKON\3D_Pool\MaterialPool\Textures\Steel_stainless_brushed_dark_02_mtl\GSG_Metal_Vol1_Steel_Stainless_Brushed_01_roughness.jpg
[2023-10-18 10:53:07,820][Apic-WS09][INFO] saved scene \\apicnas\Produktion\Projekte\_CLIENT_Lib\TEKON\3D_Pool\MaterialPool\Materials\Steel_stainless_brushed_dark_02_mtl.mb
[2023-10-18 10:53:08,007][Apic-WS09][INFO] loaded scene: \\apicnas\Produktion\Projekte\_CLIENT_Lib\TEKON\3D_Pool\MaterialPool\Materials\Schrauben_Metal_mtl.mb
[2023-10-18 10:53:08,010][Apic-WS09][ERROR] can't create folder, path: \\apicnas\Produktion\Projekte\_CLIENT_Lib\TEKON\3D_Pool\MaterialPool\Textures\Schrauben_Metal_mtl already exists
[2023-10-18 10:53:08,065][Apic-WS09][INFO] copied //apicnas/Produktion/Projekte/_CLIENT_Lib/TEKON/3D_Pool/ModelPool/Textures/TK_AKS_02_5_1_neu/GSG_Metal_Vol1_Steel_Stainless_Clean_01_basecolor.jpg to \\apicnas\Produktion\Projekte\_CLIENT_Lib\TEKON\3D_Pool\MaterialPool\Textures\Schrauben_Metal_mtl
[2023-10-18 10:53:08,066][Apic-WS09][INFO] set path of file node: GSG_Metal_Vol1_Steel_Stainless_Clean_01_basecolor_1 to \\apicnas\Produktion\Projekte\_CLIENT_Lib\TEKON\3D_Pool\MaterialPool\Textures\Schrauben_Metal_mtl\GSG_Metal_Vol1_Steel_Stainless_Clean_01_basecolor.jpg
[2023-10-18 10:53:08,105][Apic-WS09][INFO] saved scene \\apicnas\Produktion\Projekte\_CLIENT_Lib\TEKON\3D_Pool\MaterialPool\Materials\Schrauben_Metal_mtl.mb
[2023-10-18 10:53:08,106][Apic-WS09][ERROR] can't create folder, path: \\apicnas\Produktion\Projekte\_CLIENT_Lib\TEKON\3D_Pool\MaterialPool\Textures\Schrauben_Metal_mtl already exists
[2023-10-18 10:53:08,153][Apic-WS09][INFO] copied //apicnas/Produktion/Projekte/_CLIENT_Lib/TEKON/3D_Pool/ModelPool/Textures/TK_AKS_02_5_1_neu/GSG_Metal_Vol1_Steel_Stainless_Clean_01_metallic.jpg to \\apicnas\Produktion\Projekte\_CLIENT_Lib\TEKON\3D_Pool\MaterialPool\Textures\Schrauben_Metal_mtl
[2023-10-18 10:53:08,154][Apic-WS09][INFO] set path of file node: GSG_Metal_Vol1_Steel_Stainless_Clean_01_metallic_1 to \\apicnas\Produktion\Projekte\_CLIENT_Lib\TEKON\3D_Pool\MaterialPool\Textures\Schrauben_Metal_mtl\GSG_Metal_Vol1_Steel_Stainless_Clean_01_metallic.jpg
[2023-10-18 10:53:08,192][Apic-WS09][INFO] saved scene \\apicnas\Produktion\Projekte\_CLIENT_Lib\TEKON\3D_Pool\MaterialPool\Materials\Schrauben_Metal_mtl.mb
[2023-10-18 10:53:08,193][Apic-WS09][ERROR] can't create folder, path: \\apicnas\Produktion\Projekte\_CLIENT_Lib\TEKON\3D_Pool\MaterialPool\Textures\Schrauben_Metal_mtl already exists
[2023-10-18 10:53:08,255][Apic-WS09][INFO] copied //apicnas/Produktion/Projekte/_CLIENT_Lib/TEKON/3D_Pool/ModelPool/Textures/TK_AKS_02_5_1_neu/GSG_Metal_Vol1_Steel_Stainless_Clean_01_normal.jpg to \\apicnas\Produktion\Projekte\_CLIENT_Lib\TEKON\3D_Pool\MaterialPool\Textures\Schrauben_Metal_mtl
[2023-10-18 10:53:08,256][Apic-WS09][INFO] set path of file node: GSG_Metal_Vol1_Steel_Stainless_Clean_01_normal_1 to \\apicnas\Produktion\Projekte\_CLIENT_Lib\TEKON\3D_Pool\MaterialPool\Textures\Schrauben_Metal_mtl\GSG_Metal_Vol1_Steel_Stainless_Clean_01_normal.jpg
[2023-10-18 10:53:08,294][Apic-WS09][INFO] saved scene \\apicnas\Produktion\Projekte\_CLIENT_Lib\TEKON\3D_Pool\MaterialPool\Materials\Schrauben_Metal_mtl.mb
[2023-10-18 10:53:08,295][Apic-WS09][ERROR] can't create folder, path: \\apicnas\Produktion\Projekte\_CLIENT_Lib\TEKON\3D_Pool\MaterialPool\Textures\Schrauben_Metal_mtl already exists
[2023-10-18 10:53:08,362][Apic-WS09][INFO] copied //apicnas/Produktion/Projekte/_CLIENT_Lib/TEKON/3D_Pool/ModelPool/Textures/TK_AKS_02_5_1_neu/GSG_Metal_Vol1_Steel_Stainless_Clean_01_roughness.jpg to \\apicnas\Produktion\Projekte\_CLIENT_Lib\TEKON\3D_Pool\MaterialPool\Textures\Schrauben_Metal_mtl
[2023-10-18 10:53:08,363][Apic-WS09][INFO] set path of file node: GSG_Metal_Vol1_Steel_Stainless_Clean_01_roughness_1 to \\apicnas\Produktion\Projekte\_CLIENT_Lib\TEKON\3D_Pool\MaterialPool\Textures\Schrauben_Metal_mtl\GSG_Metal_Vol1_Steel_Stainless_Clean_01_roughness.jpg
[2023-10-18 10:53:08,402][Apic-WS09][INFO] saved scene \\apicnas\Produktion\Projekte\_CLIENT_Lib\TEKON\3D_Pool\MaterialPool\Materials\Schrauben_Metal_mtl.mb
[2023-10-18 10:53:08,585][Apic-WS09][INFO] loaded scene: \\apicnas\Produktion\Projekte\_CLIENT_Lib\TEKON\3D_Pool\MaterialPool\Materials\Plastic_glossy_black_mtl.mb
[2023-10-18 10:53:08,587][Apic-WS09][INFO] uninitializing maya standalone...
[2023-10-18 10:53:21,005][Apic-WS09][INFO] initializing maya standalone...
[2023-10-18 10:53:33,473][Apic-WS09][INFO] loaded render scene: \\APICNAS\Produktion\Ressources\Library\3D_Modelle\_ShaderBall_Maya\_DEV\MaterialDev_REF_ACES.mb
[2023-10-18 10:53:33,634][Apic-WS09][INFO] imported \\apicnas\Produktion\Projekte\_CLIENT_Lib\TEKON\3D_Pool\MaterialPool\Materials\Plastic_glossy_black_mtl.mb
[2023-10-18 10:53:33,635][Apic-WS09][INFO] set v-ray as active renderer
[2023-10-18 10:53:33,637][Apic-WS09][INFO] set v-ray render settings
[2023-10-18 10:53:33,638][Apic-WS09][INFO] set image output path: \\apicnas\Produktion\Projekte\_CLIENT_Lib\TEKON\3D_Pool\MaterialPool\Thumbnails
[2023-10-18 10:53:33,639][Apic-WS09][INFO] assigned Plastic_glossy_black_mtl to ShaderBall
[2023-10-18 10:53:46,114][Apic-WS09][INFO] finished rendering Plastic_glossy_black_mtl
[2023-10-18 10:53:46,115][Apic-WS09][INFO] uninitializing maya standalone...
[2023-10-18 10:54:41,299][Apic-WS09][INFO] deleted \\APICNAS\Produktion\Projekte\_CLIENT_Lib\TEKON\3D_Pool\MaterialPool\Textures\Metal_dark_brushed_mtl_alt
[2023-10-18 10:54:41,302][Apic-WS09][INFO] deleted \\apicnas\Produktion\Projekte\_CLIENT_Lib\TEKON\3D_Pool\MaterialPool\Materials\Metal_dark_brushed_mtl_alt.mb
[2023-10-18 10:55:16,819][Apic-WS09][INFO] archived TK_AKS_08_28_2 to \\apicnas\Produktion\Projekte\_CLIENT_Lib\TEKON\3D_Pool\ModelPool\Archive\TK_AKS_08_28_2\TK_AKS_08_28_2_001.mb
[2023-10-18 10:55:46,368][Apic-WS09][INFO] Saved Screenshot in \\apicnas\Produktion\Projekte\_CLIENT_Lib\TEKON\3D_Pool\ModelPool\Thumbnails\TK_AKS_08_28_2.jpg
[2023-10-18 10:56:20,204][Apic-WS09][INFO] The scene has been saved as: //apicnas/Produktion/Projekte/_CLIENT_Lib/TEKON/3D_Pool/ModelPool/Models/TK_AKS_08_28_2.mb
[2023-10-18 10:56:47,655][Apic-WS09][INFO] updated settings manager values.
[2023-10-18 10:56:47,660][Apic-WS09][INFO] saving settings to \\APICNAS\Produktion\Pipeline\Apic_Maya_Pipeline\Python\render_vault\settings\config-Apic-WS09.json
[2023-10-18 10:56:49,019][Apic-WS09][INFO] loading settings from \\APICNAS\Produktion\Pipeline\Apic_Maya_Pipeline\Python\render_vault\settings\config-Apic-WS09.json
[2023-10-18 10:57:33,594][Apic-WS09][INFO] material backdrop_mtl already exists in scene, skipping reference.
[2023-10-18 10:57:33,595][Apic-WS09][INFO] material Brass_01_mtl already exists in scene, skipping reference.
[2023-10-18 10:57:33,597][Apic-WS09][INFO] material Logo_background_mtl already exists in scene, skipping reference.
[2023-10-18 10:57:33,598][Apic-WS09][INFO] material Logo_mtl already exists in scene, skipping reference.
[2023-10-18 10:57:33,599][Apic-WS09][INFO] material Metal_red_mtl already exists in scene, skipping reference.
[2023-10-18 10:57:33,601][Apic-WS09][INFO] material Plastic_light_01_mtl already exists in scene, skipping reference.
[2023-10-18 10:57:33,981][Apic-WS09][INFO] referenced material \\apicnas\Produktion\Projekte\_CLIENT_Lib\TEKON\3D_Pool\MaterialPool\Materials\Rubber_mtl.mb
[2023-10-18 10:57:33,982][Apic-WS09][INFO] material Schrauben_Metal_mtl already exists in scene, skipping reference.
[2023-10-18 10:57:33,983][Apic-WS09][INFO] material Steel_stainless_brushed_01_mtl already exists in scene, skipping reference.
[2023-10-18 10:57:33,984][Apic-WS09][INFO] material Steel_stainless_brushed_dark_02_mtl already exists in scene, skipping reference.
[2023-10-18 10:57:34,112][Apic-WS09][INFO] referenced material \\apicnas\Produktion\Projekte\_CLIENT_Lib\TEKON\3D_Pool\MaterialPool\Materials\Plastic_glossy_black_mtl.mb
[2023-10-18 10:59:14,163][Apic-WS09][INFO] imported material Brass_01_mtl
[2023-10-18 10:59:14,269][Apic-WS09][INFO] imported material Logo_background_mtl
[2023-10-18 10:59:14,369][Apic-WS09][INFO] imported material Logo_mtl
[2023-10-18 10:59:14,474][Apic-WS09][INFO] imported material Metal_red_mtl
[2023-10-18 10:59:14,591][Apic-WS09][INFO] imported material Plastic_light_01_mtl
[2023-10-18 10:59:14,689][Apic-WS09][INFO] imported material Rubber_mtl
[2023-10-18 10:59:14,796][Apic-WS09][INFO] imported material Schrauben_Metal_mtl
[2023-10-18 10:59:14,905][Apic-WS09][INFO] imported material Steel_stainless_brushed_01_mtl
[2023-10-18 10:59:15,014][Apic-WS09][INFO] imported material Steel_stainless_brushed_dark_02_mtl
[2023-10-18 10:59:15,114][Apic-WS09][INFO] imported material Plastic_glossy_black_mtl
[2023-10-18 10:59:25,811][Apic-WS09][INFO] updated settings manager values.
[2023-10-18 10:59:25,816][Apic-WS09][INFO] saving settings to \\APICNAS\Produktion\Pipeline\Apic_Maya_Pipeline\Python\render_vault\settings\config-Apic-WS09.json
[2023-10-18 11:01:50,979][Apic-WS09][INFO] loading settings from \\APICNAS\Produktion\Pipeline\Apic_Maya_Pipeline\Python\render_vault\settings\config-Apic-WS09.json
[2023-10-18 11:01:56,220][Apic-WS09][INFO] imported material Metal_red_mtl
[2023-10-18 11:02:14,249][Apic-WS09][INFO] material Metal_red_mtl already exists in scene, skipping import.
[2023-10-18 11:02:35,255][Apic-WS09][INFO] imported material Metal_red_mtl
[2023-10-18 11:03:43,315][Apic-WS09][INFO] imported material Plastic_glossy_black_mtl
[2023-10-18 11:04:24,549][ApicWS10][INFO] starting Render Vault...
[2023-10-18 11:04:24,650][ApicWS10][INFO] loading settings from \\APICNAS\Produktion\Pipeline\Apic_Maya_Pipeline\Python\render_vault\settings\config-ApicWS10.json
[2023-10-18 11:05:40,242][Apic-WS09][INFO] created new material pool in C:/Users/TheApic/Desktop
[2023-10-18 11:05:52,485][Apic-WS09][INFO] deleted current material pool in C:/Users/TheApic/Desktop
[2023-10-18 11:05:52,486][Apic-WS09][INFO] deleting current pool karl
[2023-10-18 11:06:01,707][ApicWS10][INFO] imported material carbon_huelse_mtl
[2023-10-18 11:06:05,306][Apic-WS09][INFO] imported model \\apicnas\Produktion\Projekte\_CLIENT_Lib\TEKON\3D_Pool\ModelPool\Models\backdrop.mb
[2023-10-18 11:06:07,823][Apic-WS09][INFO] imported model \\apicnas\Produktion\Projekte\_CLIENT_Lib\BOSCH\400_3D\420_assets_references_data\LightsetPool\LightsetPool\Lightsets\LS_s063.mb
[2023-10-18 11:06:29,624][Apic-WS09][INFO] updated settings manager values.
[2023-10-18 11:06:29,628][Apic-WS09][INFO] saving settings to \\APICNAS\Produktion\Pipeline\Apic_Maya_Pipeline\Python\render_vault\settings\config-Apic-WS09.json
[2023-10-18 11:07:40,647][ApicWS10][INFO] starting Render Vault...
[2023-10-18 11:07:40,742][ApicWS10][INFO] loading settings from \\APICNAS\Produktion\Pipeline\Apic_Maya_Pipeline\Python\render_vault\settings\config-ApicWS10.json
[2023-10-18 11:07:42,527][ApicWS10][INFO] updated settings manager values.
[2023-10-18 11:07:42,532][ApicWS10][INFO] saving settings to \\APICNAS\Produktion\Pipeline\Apic_Maya_Pipeline\Python\render_vault\settings\config-ApicWS10.json
[2023-10-18 11:07:49,894][ApicWS10][INFO] imported material Abschatter_innen
[2023-10-18 11:08:19,271][Apic-WS09][INFO] loading settings from \\APICNAS\Produktion\Pipeline\Apic_Maya_Pipeline\Python\render_vault\settings\config-Apic-WS09.json
[2023-10-18 11:09:13,363][Apic-WS09][INFO] archived TK_AKS_02_5_1 to \\apicnas\Produktion\Projekte\_CLIENT_Lib\TEKON\3D_Pool\ModelPool\Archive\TK_AKS_02_5_1\TK_AKS_02_5_1_001.mb
[2023-10-18 11:09:40,347][Apic-WS09][INFO] Saved Screenshot in \\apicnas\Produktion\Projekte\_CLIENT_Lib\TEKON\3D_Pool\ModelPool\Thumbnails\TK_AKS_02_5_1.jpg
[2023-10-18 11:10:09,003][Apic-WS09][INFO] imported model \\apicnas\Produktion\Projekte\_CLIENT_Lib\BOSCH\400_3D\420_assets_references_data\LightsetPool\LightsetPool\Lightsets\LS_s063.mb
[2023-10-18 11:11:53,541][Apic-WS09][INFO] imported material Brass_01_mtl
[2023-10-18 11:11:53,655][Apic-WS09][INFO] imported material Logo_background_mtl
[2023-10-18 11:11:53,753][Apic-WS09][INFO] imported material Logo_mtl
[2023-10-18 11:11:53,858][Apic-WS09][INFO] imported material Metal_red_mtl
[2023-10-18 11:11:53,945][Apic-WS09][INFO] imported material Plastic_light_01_mtl
[2023-10-18 11:11:54,049][Apic-WS09][INFO] imported material Rubber_mtl
[2023-10-18 11:11:54,161][Apic-WS09][INFO] imported material Schrauben_Metal_mtl
[2023-10-18 11:11:54,270][Apic-WS09][INFO] imported material Steel_stainless_brushed_01_mtl
[2023-10-18 11:11:54,378][Apic-WS09][INFO] imported material Steel_stainless_brushed_dark_02_mtl
[2023-10-18 11:11:54,477][Apic-WS09][INFO] imported material Plastic_glossy_black_mtl
[2023-10-18 11:17:23,718][Apic-WS09][INFO] imported model \\apicnas\Produktion\Projekte\_CLIENT_Lib\TEKON\3D_Pool\ModelPool\Models\backdrop.mb
[2023-10-18 11:18:52,583][Apic-WS09][INFO] imported material Logo_background_mtl
[2023-10-18 11:20:21,521][Apic-WS09][INFO] archived TK_AKS_08_16_6 to \\apicnas\Produktion\Projekte\_CLIENT_Lib\TEKON\3D_Pool\ModelPool\Archive\TK_AKS_08_16_6\TK_AKS_08_16_6_001.mb
[2023-10-18 11:20:32,247][Apic-WS09][INFO] archived TK_AKS_08_16_6 to \\apicnas\Produktion\Projekte\_CLIENT_Lib\TEKON\3D_Pool\ModelPool\Archive\TK_AKS_08_16_6\TK_AKS_08_16_6_002.mb
[2023-10-18 11:20:56,564][Apic-WS09][INFO] Saved Screenshot in \\apicnas\Produktion\Projekte\_CLIENT_Lib\TEKON\3D_Pool\ModelPool\Thumbnails\TK_AKS_08_16_6.jpg
[2023-10-18 11:21:38,604][Apic-WS09][INFO] updated settings manager values.
[2023-10-18 11:21:38,608][Apic-WS09][INFO] saving settings to \\APICNAS\Produktion\Pipeline\Apic_Maya_Pipeline\Python\render_vault\settings\config-Apic-WS09.json
[2023-10-18 11:22:30,656][Apic-WS09][INFO] starting Render Vault...
[2023-10-18 11:22:30,775][Apic-WS09][INFO] loading settings from \\APICNAS\Produktion\Pipeline\Apic_Maya_Pipeline\Python\render_vault\settings\config-Apic-WS09.json
[2023-10-18 11:22:36,781][Apic-WS09][INFO] imported model \\apicnas\Produktion\Projekte\_CLIENT_Lib\TEKON\3D_Pool\ModelPool\Models\TK_AKS_02_5_1.mb
[2023-10-18 11:22:50,911][Apic-WS09][INFO] imported model \\apicnas\Produktion\Projekte\_CLIENT_Lib\TEKON\3D_Pool\ModelPool\Models\TK_AKS_08_16_6.mb
[2023-10-18 11:23:06,421][Apic-WS09][INFO] imported model \\apicnas\Produktion\Projekte\_CLIENT_Lib\TEKON\3D_Pool\ModelPool\Models\TK_AKS_08_28_2.mb
[2023-10-18 11:23:17,135][Apic-WS09][INFO] imported model \\apicnas\Produktion\Projekte\_CLIENT_Lib\TEKON\3D_Pool\ModelPool\Models\TK_AKS_02_5_1.mb
[2023-10-18 11:25:49,086][Apic-WS09][INFO] updated settings manager values.
[2023-10-18 11:25:49,091][Apic-WS09][INFO] saving settings to \\APICNAS\Produktion\Pipeline\Apic_Maya_Pipeline\Python\render_vault\settings\config-Apic-WS09.json
[2023-10-18 11:25:51,502][ApicWS10][INFO] starting Render Vault...
[2023-10-18 11:25:51,603][ApicWS10][INFO] loading settings from \\APICNAS\Produktion\Pipeline\Apic_Maya_Pipeline\Python\render_vault\settings\config-ApicWS10.json
[2023-10-18 11:25:51,948][Apic-WS09][INFO] loading settings from \\APICNAS\Produktion\Pipeline\Apic_Maya_Pipeline\Python\render_vault\settings\config-Apic-WS09.json
[2023-10-18 11:25:53,747][ApicWS10][INFO] updated settings manager values.
[2023-10-18 11:25:53,751][ApicWS10][INFO] saving settings to \\APICNAS\Produktion\Pipeline\Apic_Maya_Pipeline\Python\render_vault\settings\config-ApicWS10.json
[2023-10-18 11:26:04,302][Apic-WS09][INFO] imported material Brass_01_mtl
[2023-10-18 11:26:04,405][Apic-WS09][INFO] imported material Logo_background_mtl
[2023-10-18 11:26:04,499][Apic-WS09][INFO] imported material Logo_mtl
[2023-10-18 11:26:04,604][Apic-WS09][INFO] imported material Metal_red_mtl
[2023-10-18 11:26:04,701][Apic-WS09][INFO] imported material Plastic_glossy_black_mtl
[2023-10-18 11:26:04,788][Apic-WS09][INFO] imported material Plastic_light_01_mtl
[2023-10-18 11:26:04,884][Apic-WS09][INFO] imported material Rubber_mtl
[2023-10-18 11:26:05,002][Apic-WS09][INFO] imported material Schrauben_Metal_mtl
[2023-10-18 11:26:05,110][Apic-WS09][INFO] imported material Steel_stainless_brushed_01_mtl
[2023-10-18 11:26:05,218][Apic-WS09][INFO] imported material Steel_stainless_brushed_dark_02_mtl
[2023-10-18 11:29:56,474][Apic-WS09][INFO] starting Render Vault...
[2023-10-18 11:29:56,581][Apic-WS09][INFO] loading settings from \\APICNAS\Produktion\Pipeline\Apic_Maya_Pipeline\Python\render_vault\settings\config-Apic-WS09.json
[2023-10-18 11:30:26,380][Apic-WS09][INFO] imported material Brass_01_mtl
[2023-10-18 11:30:26,478][Apic-WS09][INFO] imported material Logo_background_mtl
[2023-10-18 11:30:26,575][Apic-WS09][INFO] imported material Logo_mtl
[2023-10-18 11:30:26,679][Apic-WS09][INFO] imported material Metal_red_mtl
[2023-10-18 11:30:26,779][Apic-WS09][INFO] imported material Plastic_glossy_black_mtl
[2023-10-18 11:30:26,780][Apic-WS09][INFO] material Plastic_light_01_mtl already exists in scene, skipping import.
[2023-10-18 11:30:26,881][Apic-WS09][INFO] imported material Rubber_mtl
[2023-10-18 11:30:26,990][Apic-WS09][INFO] imported material Schrauben_Metal_mtl
[2023-10-18 11:30:27,103][Apic-WS09][INFO] imported material Steel_stainless_brushed_01_mtl
[2023-10-18 11:30:27,219][Apic-WS09][INFO] imported material Steel_stainless_brushed_dark_02_mtl
[2023-10-18 11:32:15,424][Apic-WS09][INFO] imported material Logo_background_mtl
[2023-10-18 11:32:51,061][Apic-WS09][INFO] imported model \\apicnas\Produktion\Projekte\_CLIENT_Lib\BOSCH\400_3D\420_assets_references_data\LightsetPool\LightsetPool\Lightsets\LS_s063.mb
[2023-10-18 11:33:00,735][Apic-WS09][INFO] imported model \\apicnas\Produktion\Projekte\_CLIENT_Lib\TEKON\3D_Pool\ModelPool\Models\backdrop.mb
[2023-10-18 11:34:40,369][Apic-WS09][INFO] archived TK_AKS_02_5_1 to \\apicnas\Produktion\Projekte\_CLIENT_Lib\TEKON\3D_Pool\ModelPool\Archive\TK_AKS_02_5_1\TK_AKS_02_5_1_002.mb
[2023-10-18 11:36:03,343][Apic-WS09][INFO] starting Render Vault...
[2023-10-18 11:36:03,464][Apic-WS09][INFO] loading settings from \\APICNAS\Produktion\Pipeline\Apic_Maya_Pipeline\Python\render_vault\settings\config-Apic-WS09.json
[2023-10-18 11:36:18,046][Apic-WS09][INFO] imported model \\apicnas\Produktion\Projekte\_CLIENT_Lib\TEKON\3D_Pool\ModelPool\Models\TK_AKS_02_5_1.mb
[2023-10-18 11:38:03,867][ApicWS10][INFO] updated settings manager values.
[2023-10-18 11:38:03,873][ApicWS10][INFO] saving settings to \\APICNAS\Produktion\Pipeline\Apic_Maya_Pipeline\Python\render_vault\settings\config-ApicWS10.json
[2023-10-18 11:38:07,833][ApicWS10][INFO] starting Render Vault...
[2023-10-18 11:38:07,935][ApicWS10][INFO] loading settings from \\APICNAS\Produktion\Pipeline\Apic_Maya_Pipeline\Python\render_vault\settings\config-ApicWS10.json
[2023-10-18 11:38:16,298][ApicWS10][INFO] imported material Abschatter_innen
[2023-10-18 11:43:45,693][ApicWS10][INFO] updated settings manager values.
[2023-10-18 11:43:45,699][ApicWS10][INFO] saving settings to \\APICNAS\Produktion\Pipeline\Apic_Maya_Pipeline\Python\render_vault\settings\config-ApicWS10.json
[2023-10-18 11:43:51,628][ApicWS10][INFO] starting Render Vault...
[2023-10-18 11:43:51,724][ApicWS10][INFO] loading settings from \\APICNAS\Produktion\Pipeline\Apic_Maya_Pipeline\Python\render_vault\settings\config-ApicWS10.json
[2023-10-18 11:43:57,164][ApicWS10][INFO] imported material Abschatter_innen
[2023-10-18 11:44:22,615][ApicWS10][INFO] imported material Abschatter_innen
[2023-10-18 11:45:19,129][ApicWS10][INFO] updated settings manager values.
[2023-10-18 11:45:19,136][ApicWS10][INFO] saving settings to \\APICNAS\Produktion\Pipeline\Apic_Maya_Pipeline\Python\render_vault\settings\config-ApicWS10.json
[2023-10-18 11:45:22,885][ApicWS10][INFO] starting Render Vault...
[2023-10-18 11:46:39,834][ApicWS10][INFO] starting Render Vault...
[2023-10-18 11:46:39,939][ApicWS10][INFO] loading settings from \\APICNAS\Produktion\Pipeline\Apic_Maya_Pipeline\Python\render_vault\settings\config-ApicWS10.json
[2023-10-18 11:46:43,726][ApicWS10][INFO] imported material Abschatter_innen
[2023-10-18 11:46:54,165][ApicWS10][INFO] imported material Abschatter_innen
[2023-10-18 11:47:38,025][ApicWS10][INFO] imported material Abschatter_innen
[2023-10-18 11:48:26,959][ApicWS10][INFO] updated settings manager values.
[2023-10-18 11:48:26,966][ApicWS10][INFO] saving settings to \\APICNAS\Produktion\Pipeline\Apic_Maya_Pipeline\Python\render_vault\settings\config-ApicWS10.json
[2023-10-18 11:48:29,706][ApicWS10][INFO] starting Render Vault...
[2023-10-18 11:48:29,804][ApicWS10][INFO] loading settings from \\APICNAS\Produktion\Pipeline\Apic_Maya_Pipeline\Python\render_vault\settings\config-ApicWS10.json
[2023-10-18 11:48:51,738][ApicWS10][INFO] imported material Abschatter_innen
[2023-10-18 11:50:34,521][ApicWS10][INFO] imported material Abschatter_innen
[2023-10-18 11:50:41,379][ApicWS10][INFO] updated settings manager values.
[2023-10-18 11:50:41,390][ApicWS10][INFO] saving settings to \\APICNAS\Produktion\Pipeline\Apic_Maya_Pipeline\Python\render_vault\settings\config-ApicWS10.json
[2023-10-18 11:51:13,811][ApicWS10][INFO] starting Render Vault...
[2023-10-18 11:51:13,906][ApicWS10][INFO] loading settings from \\APICNAS\Produktion\Pipeline\Apic_Maya_Pipeline\Python\render_vault\settings\config-ApicWS10.json
[2023-10-18 11:51:20,712][ApicWS10][INFO] imported material Abschatter_innen
[2023-10-18 11:51:35,530][ApicWS10][INFO] imported material Abschatter_innen
[2023-10-18 11:51:52,329][ApicWS10][INFO] imported material Abschatter_innen
[2023-10-18 11:53:40,234][ApicWS10][INFO] updated settings manager values.
[2023-10-18 11:53:40,239][ApicWS10][INFO] saving settings to \\APICNAS\Produktion\Pipeline\Apic_Maya_Pipeline\Python\render_vault\settings\config-ApicWS10.json
[2023-10-18 11:53:55,527][ApicWS10][INFO] starting Render Vault...
[2023-10-18 11:53:55,621][ApicWS10][INFO] loading settings from \\APICNAS\Produktion\Pipeline\Apic_Maya_Pipeline\Python\render_vault\settings\config-ApicWS10.json
[2023-10-18 11:54:05,431][ApicWS10][INFO] imported material Abschatter_innen
[2023-10-18 11:59:25,719][ApicWS10][INFO] updated settings manager values.
[2023-10-18 11:59:25,727][ApicWS10][INFO] saving settings to \\APICNAS\Produktion\Pipeline\Apic_Maya_Pipeline\Python\render_vault\settings\config-ApicWS10.json
[2023-10-18 11:59:53,983][ApicWS10][INFO] starting Render Vault...
[2023-10-18 11:59:54,084][ApicWS10][INFO] loading settings from \\APICNAS\Produktion\Pipeline\Apic_Maya_Pipeline\Python\render_vault\settings\config-ApicWS10.json
[2023-10-18 12:00:14,214][ApicWS10][INFO] imported material Blech_gelb_lackiert
[2023-10-18 12:00:17,225][ApicWS10][INFO] imported material Chrom
[2023-10-18 12:00:41,974][ApicWS10][INFO] imported material Abschatter_innen
[2023-10-18 12:00:42,006][ApicWS10][INFO] Abschatter_innen successfully replaced
[2023-10-18 12:00:42,010][ApicWS10][INFO] deleted Abschatter_innen_this_is_about_to_be_replaced
[2023-10-18 12:00:52,444][ApicWS10][INFO] imported material Chrom
[2023-10-18 12:00:52,460][ApicWS10][INFO] Chrom successfully replaced
[2023-10-18 12:00:52,465][ApicWS10][INFO] deleted Chrom_this_is_about_to_be_replaced
[2023-10-18 12:00:55,003][ApicWS10][INFO] imported material Blech_gelb_lackiert
[2023-10-18 12:00:55,019][ApicWS10][INFO] Blech_gelb_lackiert successfully replaced
[2023-10-18 12:00:55,024][ApicWS10][INFO] deleted Blech_gelb_lackiert_this_is_about_to_be_replaced
[2023-10-18 12:09:25,761][ApicWS10][INFO] updated settings manager values.
[2023-10-18 12:09:25,768][ApicWS10][INFO] saving settings to \\APICNAS\Produktion\Pipeline\Apic_Maya_Pipeline\Python\render_vault\settings\config-ApicWS10.json
[2023-10-18 12:09:28,779][ApicWS10][INFO] starting Render Vault...
[2023-10-18 12:09:28,879][ApicWS10][INFO] loading settings from \\APICNAS\Produktion\Pipeline\Apic_Maya_Pipeline\Python\render_vault\settings\config-ApicWS10.json
[2023-10-18 12:12:33,110][ApicWS10][INFO] updated settings manager values.
[2023-10-18 12:12:33,116][ApicWS10][INFO] saving settings to \\APICNAS\Produktion\Pipeline\Apic_Maya_Pipeline\Python\render_vault\settings\config-ApicWS10.json
[2023-10-18 12:12:35,910][ApicWS10][INFO] starting Render Vault...
[2023-10-18 12:12:36,007][ApicWS10][INFO] loading settings from \\APICNAS\Produktion\Pipeline\Apic_Maya_Pipeline\Python\render_vault\settings\config-ApicWS10.json
[2023-10-18 12:13:39,153][ApicWS10][INFO] updated settings manager values.
[2023-10-18 12:13:39,159][ApicWS10][INFO] saving settings to \\APICNAS\Produktion\Pipeline\Apic_Maya_Pipeline\Python\render_vault\settings\config-ApicWS10.json
[2023-10-18 12:13:41,566][ApicWS10][INFO] starting Render Vault...
[2023-10-18 12:13:41,660][ApicWS10][INFO] loading settings from \\APICNAS\Produktion\Pipeline\Apic_Maya_Pipeline\Python\render_vault\settings\config-ApicWS10.json
[2023-10-18 12:13:58,760][ApicWS10][INFO] updated settings manager values.
[2023-10-18 12:13:58,766][ApicWS10][INFO] saving settings to \\APICNAS\Produktion\Pipeline\Apic_Maya_Pipeline\Python\render_vault\settings\config-ApicWS10.json
[2023-10-18 12:18:00,041][Apic-WS09][INFO] starting Render Vault...
[2023-10-18 12:18:00,160][Apic-WS09][INFO] loading settings from \\APICNAS\Produktion\Pipeline\Apic_Maya_Pipeline\Python\render_vault\settings\config-Apic-WS09.json
[2023-10-18 12:19:21,199][Apic-WS09][INFO] saving settings to \\APICNAS\Produktion\Pipeline\Apic_Maya_Pipeline\Python\render_vault\settings\config-Apic-WS09.json
[2023-10-18 12:33:08,513][ApicWS10][INFO] loading settings from \\APICNAS\Produktion\Pipeline\Apic_Maya_Pipeline\Python\render_vault\settings\config-ApicWS10.json
[2023-10-18 12:33:32,643][ApicWS10][INFO] updated settings manager values.
[2023-10-18 12:33:32,648][ApicWS10][INFO] saving settings to \\APICNAS\Produktion\Pipeline\Apic_Maya_Pipeline\Python\render_vault\settings\config-ApicWS10.json
[2023-10-18 12:33:35,703][ApicWS10][INFO] starting Render Vault...
[2023-10-18 12:33:35,775][ApicWS10][INFO] loading settings from \\APICNAS\Produktion\Pipeline\Apic_Maya_Pipeline\Python\render_vault\settings\config-ApicWS10.json
[2023-10-18 12:33:44,288][ApicWS10][INFO] saving settings to \\APICNAS\Produktion\Pipeline\Apic_Maya_Pipeline\Python\render_vault\settings\config-ApicWS10.json
[2023-10-18 12:34:00,764][ApicWS10][INFO] starting Render Vault...
[2023-10-18 12:34:00,848][ApicWS10][INFO] loading settings from \\APICNAS\Produktion\Pipeline\Apic_Maya_Pipeline\Python\render_vault\settings\config-ApicWS10.json
[2023-10-18 12:34:06,609][ApicWS10][INFO] saving settings to \\APICNAS\Produktion\Pipeline\Apic_Maya_Pipeline\Python\render_vault\settings\config-ApicWS10.json
[2023-10-18 12:34:38,268][ApicWS10][INFO] starting Render Vault...
[2023-10-18 12:34:38,351][ApicWS10][INFO] loading settings from \\APICNAS\Produktion\Pipeline\Apic_Maya_Pipeline\Python\render_vault\settings\config-ApicWS10.json
[2023-10-18 12:34:43,849][ApicWS10][INFO] saving settings to \\APICNAS\Produktion\Pipeline\Apic_Maya_Pipeline\Python\render_vault\settings\config-ApicWS10.json
[2023-10-18 15:11:58,585][ApicWS10][INFO] starting Render Vault...
[2023-10-18 15:20:28,725][ApicWS10][INFO] starting Render Vault...
[2023-10-18 15:20:28,853][ApicWS10][INFO] loading settings from \\APICNAS\Produktion\Pipeline\Apic_Maya_Pipeline\Python\render_vault\settings\config-ApicWS10.json
[2023-10-18 15:22:03,304][ApicWS10][INFO] saving settings to \\APICNAS\Produktion\Pipeline\Apic_Maya_Pipeline\Python\render_vault\settings\config-ApicWS10.json
[2023-10-18 15:22:05,613][ApicWS10][INFO] starting Render Vault...
[2023-10-18 15:22:05,726][ApicWS10][INFO] loading settings from \\APICNAS\Produktion\Pipeline\Apic_Maya_Pipeline\Python\render_vault\settings\config-ApicWS10.json
[2023-10-18 15:23:33,908][ApicWS10][INFO] saving settings to \\APICNAS\Produktion\Pipeline\Apic_Maya_Pipeline\Python\render_vault\settings\config-ApicWS10.json
[2023-10-18 15:23:36,730][ApicWS10][INFO] starting Render Vault...
[2023-10-18 15:23:36,847][ApicWS10][INFO] loading settings from \\APICNAS\Produktion\Pipeline\Apic_Maya_Pipeline\Python\render_vault\settings\config-ApicWS10.json
[2023-10-18 15:24:36,896][ApicWS10][INFO] saving settings to \\APICNAS\Produktion\Pipeline\Apic_Maya_Pipeline\Python\render_vault\settings\config-ApicWS10.json
[2023-10-18 15:24:39,978][ApicWS10][INFO] starting Render Vault...
[2023-10-18 15:24:40,095][ApicWS10][INFO] loading settings from \\APICNAS\Produktion\Pipeline\Apic_Maya_Pipeline\Python\render_vault\settings\config-ApicWS10.json
[2023-10-18 15:25:36,520][ApicWS10][INFO] saving settings to \\APICNAS\Produktion\Pipeline\Apic_Maya_Pipeline\Python\render_vault\settings\config-ApicWS10.json
[2023-10-18 15:25:39,136][ApicWS10][INFO] starting Render Vault...
[2023-10-18 15:25:39,241][ApicWS10][INFO] loading settings from \\APICNAS\Produktion\Pipeline\Apic_Maya_Pipeline\Python\render_vault\settings\config-ApicWS10.json
[2023-10-18 15:25:43,376][ApicWS10][INFO] saving settings to \\APICNAS\Produktion\Pipeline\Apic_Maya_Pipeline\Python\render_vault\settings\config-ApicWS10.json
[2023-10-18 15:26:43,263][ApicWS10][INFO] starting Render Vault...
[2023-10-18 15:26:43,385][ApicWS10][INFO] loading settings from \\APICNAS\Produktion\Pipeline\Apic_Maya_Pipeline\Python\render_vault\settings\config-ApicWS10.json
[2023-10-18 15:26:46,740][ApicWS10][INFO] saving settings to \\APICNAS\Produktion\Pipeline\Apic_Maya_Pipeline\Python\render_vault\settings\config-ApicWS10.json
[2023-10-18 15:39:53,616][ApicWS10][INFO] starting Render Vault...
[2023-10-18 15:39:53,721][ApicWS10][INFO] loading settings from \\APICNAS\Produktion\Pipeline\Apic_Maya_Pipeline\Python\render_vault\settings\config-ApicWS10.json
[2023-10-18 15:40:47,716][ApicWS10][INFO] starting Render Vault...
[2023-10-18 15:40:47,799][ApicWS10][INFO] loading settings from \\APICNAS\Produktion\Pipeline\Apic_Maya_Pipeline\Python\render_vault\settings\config-ApicWS10.json
[2023-10-18 15:41:01,456][ApicWS10][INFO] saving settings to \\APICNAS\Produktion\Pipeline\Apic_Maya_Pipeline\Python\render_vault\settings\config-ApicWS10.json
[2023-10-18 15:41:13,779][ApicWS10][INFO] starting Render Vault...
[2023-10-18 15:41:13,872][ApicWS10][INFO] loading settings from \\APICNAS\Produktion\Pipeline\Apic_Maya_Pipeline\Python\render_vault\settings\config-ApicWS10.json
[2023-10-18 15:41:16,451][ApicWS10][INFO] saving settings to \\APICNAS\Produktion\Pipeline\Apic_Maya_Pipeline\Python\render_vault\settings\config-ApicWS10.json
[2023-10-18 15:45:48,396][ApicWS10][INFO] starting Render Vault...
[2023-10-18 15:45:48,492][ApicWS10][INFO] loading settings from \\APICNAS\Produktion\Pipeline\Apic_Maya_Pipeline\Python\render_vault\settings\config-ApicWS10.json
[2023-10-18 15:46:00,269][ApicWS10][INFO] saving settings to \\APICNAS\Produktion\Pipeline\Apic_Maya_Pipeline\Python\render_vault\settings\config-ApicWS10.json
[2023-10-18 15:46:05,040][ApicWS10][INFO] saving settings to \\APICNAS\Produktion\Pipeline\Apic_Maya_Pipeline\Python\render_vault\settings\config-ApicWS10.json
[2023-10-18 15:53:59,980][ApicWS10][INFO] starting Render Vault...
[2023-10-18 15:54:00,092][ApicWS10][INFO] loading settings from \\APICNAS\Produktion\Pipeline\Apic_Maya_Pipeline\Python\render_vault\settings\config-ApicWS10.json
[2023-10-18 15:55:17,479][ApicWS10][INFO] saving settings to \\APICNAS\Produktion\Pipeline\Apic_Maya_Pipeline\Python\render_vault\settings\config-ApicWS10.json
[2023-10-18 15:55:21,752][ApicWS10][INFO] starting Render Vault...
[2023-10-18 15:55:21,849][ApicWS10][INFO] loading settings from \\APICNAS\Produktion\Pipeline\Apic_Maya_Pipeline\Python\render_vault\settings\config-ApicWS10.json
[2023-10-18 15:55:24,610][ApicWS10][ERROR] setAttr: No object matches name: defaultRenderGlobals.defaultSurfaceShader
Traceback (most recent call last):
  File "\\APICNAS\Produktion\Pipeline\Apic_Maya_Pipeline\Python\render_vault\controller\maya_cmds.py", line 301, in set_attr_recursive
    cmds.setAttr(attr, value, type="string")
RuntimeError: setAttr: No object matches name: defaultRenderGlobals.defaultSurfaceShader

[2023-10-18 15:55:59,910][ApicWS10][INFO] saving settings to \\APICNAS\Produktion\Pipeline\Apic_Maya_Pipeline\Python\render_vault\settings\config-ApicWS10.json
[2023-10-18 16:08:21,579][ApicWS10][INFO] starting Render Vault...
[2023-10-18 16:08:21,672][ApicWS10][INFO] loading settings from \\APICNAS\Produktion\Pipeline\Apic_Maya_Pipeline\Python\render_vault\settings\config-ApicWS10.json
[2023-10-18 16:09:04,562][ApicWS10][INFO] saving settings to \\APICNAS\Produktion\Pipeline\Apic_Maya_Pipeline\Python\render_vault\settings\config-ApicWS10.json
[2023-10-18 16:09:58,730][ApicWS10][INFO] starting Render Vault...
[2023-10-18 16:09:58,832][ApicWS10][INFO] loading settings from \\APICNAS\Produktion\Pipeline\Apic_Maya_Pipeline\Python\render_vault\settings\config-ApicWS10.json
[2023-10-18 16:10:00,788][ApicWS10][INFO] imported HQ_GPU_1080x1920_16Bit_EXR render settings
[2023-10-18 16:12:01,575][ApicWS10][INFO] saving settings to \\APICNAS\Produktion\Pipeline\Apic_Maya_Pipeline\Python\render_vault\settings\config-ApicWS10.json
[2023-10-18 16:13:03,640][ApicWS10][INFO] starting Render Vault...
[2023-10-18 16:13:03,745][ApicWS10][INFO] loading settings from \\APICNAS\Produktion\Pipeline\Apic_Maya_Pipeline\Python\render_vault\settings\config-ApicWS10.json
[2023-10-18 16:20:02,533][ApicWS10][INFO] saving settings to \\APICNAS\Produktion\Pipeline\Apic_Maya_Pipeline\Python\render_vault\settings\config-ApicWS10.json
[2023-10-18 16:20:04,919][ApicWS10][INFO] starting Render Vault...
[2023-10-18 16:20:05,014][ApicWS10][INFO] loading settings from \\APICNAS\Produktion\Pipeline\Apic_Maya_Pipeline\Python\render_vault\settings\config-ApicWS10.json
[2023-10-18 16:20:15,302][ApicWS10][INFO] saving settings to \\APICNAS\Produktion\Pipeline\Apic_Maya_Pipeline\Python\render_vault\settings\config-ApicWS10.json
[2023-10-18 16:29:08,251][Apic-WS09][INFO] starting Render Vault...
[2023-10-18 16:29:08,382][Apic-WS09][INFO] loading settings from \\APICNAS\Produktion\Pipeline\Apic_Maya_Pipeline\Python\render_vault\settings\config-Apic-WS09.json
[2023-10-18 16:29:19,039][Apic-WS09][INFO] updated settings manager values.
[2023-10-18 16:29:19,044][Apic-WS09][INFO] saving settings to \\APICNAS\Produktion\Pipeline\Apic_Maya_Pipeline\Python\render_vault\settings\config-Apic-WS09.json
[2023-10-18 16:29:28,207][Apic-WS09][INFO] starting Render Vault...
[2023-10-18 16:29:28,307][Apic-WS09][INFO] loading settings from \\APICNAS\Produktion\Pipeline\Apic_Maya_Pipeline\Python\render_vault\settings\config-Apic-WS09.json
[2023-10-18 16:29:48,961][Apic-WS09][INFO] imported HQ_GPU_1080x1920_16Bit_EXR render settings
[2023-10-18 16:29:52,030][Apic-WS09][INFO] saving settings to \\APICNAS\Produktion\Pipeline\Apic_Maya_Pipeline\Python\render_vault\settings\config-Apic-WS09.json
[2023-10-18 17:05:35,711][ApicWS10][INFO] starting Render Vault...
[2023-10-18 17:05:35,808][ApicWS10][INFO] loading settings from \\APICNAS\Produktion\Pipeline\Apic_Maya_Pipeline\Python\render_vault\settings\config-ApicWS10.json
[2023-10-18 17:07:08,615][ApicWS10][INFO] Saved Screenshot in \\apicnas\Produktion\Projekte\_CLIENT_Lib\BOSCH\400_3D\420_assets_references_data\ModelPool\Thumbnails\Hexagon Gitter.jpg
[2023-10-18 17:07:49,818][ApicWS10][INFO] Saved Screenshot in \\apicnas\Produktion\Projekte\_CLIENT_Lib\BOSCH\400_3D\420_assets_references_data\ModelPool\Thumbnails\Hexagon Gitter.jpg
[2023-10-18 17:08:56,202][ApicWS10][INFO] loading settings from \\APICNAS\Produktion\Pipeline\Apic_Maya_Pipeline\Python\render_vault\settings\config-ApicWS10.json
[2023-10-18 17:09:02,380][ApicWS10][INFO] imported model \\apicnas\Produktion\Projekte\_CLIENT_Lib\BOSCH\400_3D\420_assets_references_data\ModelPool\Models\Hexagon Gitter.mb
[2023-10-18 17:22:46,355][Apic-WS09][INFO] starting Render Vault...
[2023-10-18 17:22:46,597][Apic-WS09][INFO] loading settings from \\APICNAS\Produktion\Pipeline\Apic_Maya_Pipeline\Python\render_vault\settings\config-Apic-WS09.json
[2023-10-18 17:22:53,579][Apic-WS09][INFO] starting Render Vault...
[2023-10-18 17:22:53,730][Apic-WS09][INFO] loading settings from \\APICNAS\Produktion\Pipeline\Apic_Maya_Pipeline\Python\render_vault\settings\config-Apic-WS09.json
[2023-10-18 17:22:56,315][Apic-WS09][INFO] updated settings manager values.
[2023-10-18 17:22:56,325][Apic-WS09][INFO] saving settings to \\APICNAS\Produktion\Pipeline\Apic_Maya_Pipeline\Python\render_vault\settings\config-Apic-WS09.json
[2023-10-18 17:23:04,638][Apic-WS09][INFO] imported HQ_GPU_1080x1920_16Bit_EXR render settings
[2023-10-18 17:23:07,865][Apic-WS09][INFO] saving settings to \\APICNAS\Produktion\Pipeline\Apic_Maya_Pipeline\Python\render_vault\settings\config-Apic-WS09.json
