[2023-10-20 12:28:28,105][ApicWS10][INFO] starting Render Vault...
[2023-10-20 12:28:28,322][ApicWS10][INFO] loading settings from \\APICNAS\Produktion\Pipeline\Apic_Maya_Pipeline\Python\render_vault\settings\config-ApicWS10.json
[2023-10-20 12:28:58,771][ApicWS10][INFO] Saved Screenshot in \\apicnas\Produktion\Projekte\_CLIENT_Lib\BOSCH\400_3D\420_assets_references_data\ModelPool\Thumbnails\test.jpg
[2023-10-20 12:29:31,576][ApicWS10][INFO] saving settings to \\APICNAS\Produktion\Pipeline\Apic_Maya_Pipeline\Python\render_vault\settings\config-ApicWS10.json
[2023-10-20 12:29:34,915][ApicWS10][INFO] starting Render Vault...
[2023-10-20 12:29:35,015][ApicWS10][INFO] loading settings from \\APICNAS\Produktion\Pipeline\Apic_Maya_Pipeline\Python\render_vault\settings\config-ApicWS10.json
[2023-10-20 12:30:54,058][ApicWS10][INFO] saving settings to \\APICNAS\Produktion\Pipeline\Apic_Maya_Pipeline\Python\render_vault\settings\config-ApicWS10.json
[2023-10-20 12:30:56,395][ApicWS10][INFO] starting Render Vault...
[2023-10-20 12:30:56,492][ApicWS10][INFO] loading settings from \\APICNAS\Produktion\Pipeline\Apic_Maya_Pipeline\Python\render_vault\settings\config-ApicWS10.json
[2023-10-20 12:32:33,858][ApicWS10][INFO] saving settings to \\APICNAS\Produktion\Pipeline\Apic_Maya_Pipeline\Python\render_vault\settings\config-ApicWS10.json
[2023-10-20 12:33:36,288][ApicWS10][INFO] starting Render Vault...
[2023-10-20 12:33:36,402][ApicWS10][INFO] loading settings from \\APICNAS\Produktion\Pipeline\Apic_Maya_Pipeline\Python\render_vault\settings\config-ApicWS10.json
[2023-10-20 12:34:49,059][ApicWS10][INFO] saving settings to \\APICNAS\Produktion\Pipeline\Apic_Maya_Pipeline\Python\render_vault\settings\config-ApicWS10.json
[2023-10-20 12:34:52,110][ApicWS10][INFO] starting Render Vault...
[2023-10-20 12:34:52,204][ApicWS10][INFO] loading settings from \\APICNAS\Produktion\Pipeline\Apic_Maya_Pipeline\Python\render_vault\settings\config-ApicWS10.json
[2023-10-20 12:36:27,944][ApicWS10][INFO] saving settings to \\APICNAS\Produktion\Pipeline\Apic_Maya_Pipeline\Python\render_vault\settings\config-ApicWS10.json
[2023-10-20 12:36:30,971][ApicWS10][INFO] starting Render Vault...
[2023-10-20 12:36:31,067][ApicWS10][INFO] loading settings from \\APICNAS\Produktion\Pipeline\Apic_Maya_Pipeline\Python\render_vault\settings\config-ApicWS10.json
[2023-10-20 12:37:00,028][ApicWS10][INFO] saving settings to \\APICNAS\Produktion\Pipeline\Apic_Maya_Pipeline\Python\render_vault\settings\config-ApicWS10.json
[2023-10-20 12:37:03,079][ApicWS10][INFO] starting Render Vault...
[2023-10-20 12:37:03,170][ApicWS10][INFO] loading settings from \\APICNAS\Produktion\Pipeline\Apic_Maya_Pipeline\Python\render_vault\settings\config-ApicWS10.json
[2023-10-20 12:37:31,174][ApicWS10][INFO] saving settings to \\APICNAS\Produktion\Pipeline\Apic_Maya_Pipeline\Python\render_vault\settings\config-ApicWS10.json
[2023-10-20 12:37:33,882][ApicWS10][INFO] starting Render Vault...
[2023-10-20 12:37:33,975][ApicWS10][INFO] loading settings from \\APICNAS\Produktion\Pipeline\Apic_Maya_Pipeline\Python\render_vault\settings\config-ApicWS10.json
[2023-10-20 12:37:37,991][ApicWS10][INFO] saving settings to \\APICNAS\Produktion\Pipeline\Apic_Maya_Pipeline\Python\render_vault\settings\config-ApicWS10.json
[2023-10-20 12:38:00,885][ApicWS10][INFO] starting Render Vault...
[2023-10-20 12:38:00,973][ApicWS10][INFO] loading settings from \\APICNAS\Produktion\Pipeline\Apic_Maya_Pipeline\Python\render_vault\settings\config-ApicWS10.json
[2023-10-20 12:38:38,525][ApicWS10][INFO] saving settings to \\APICNAS\Produktion\Pipeline\Apic_Maya_Pipeline\Python\render_vault\settings\config-ApicWS10.json
[2023-10-20 12:38:41,978][ApicWS10][INFO] starting Render Vault...
[2023-10-20 12:38:42,070][ApicWS10][INFO] loading settings from \\APICNAS\Produktion\Pipeline\Apic_Maya_Pipeline\Python\render_vault\settings\config-ApicWS10.json
[2023-10-20 12:39:28,631][ApicWS10][INFO] saving settings to \\APICNAS\Produktion\Pipeline\Apic_Maya_Pipeline\Python\render_vault\settings\config-ApicWS10.json
[2023-10-20 12:39:30,274][ApicWS10][INFO] starting Render Vault...
[2023-10-20 12:39:30,345][ApicWS10][INFO] loading settings from \\APICNAS\Produktion\Pipeline\Apic_Maya_Pipeline\Python\render_vault\settings\config-ApicWS10.json
[2023-10-20 12:39:42,640][ApicWS10][INFO] saving settings to \\APICNAS\Produktion\Pipeline\Apic_Maya_Pipeline\Python\render_vault\settings\config-ApicWS10.json
[2023-10-20 12:39:55,574][ApicWS10][INFO] starting Render Vault...
[2023-10-20 12:39:55,663][ApicWS10][INFO] loading settings from \\APICNAS\Produktion\Pipeline\Apic_Maya_Pipeline\Python\render_vault\settings\config-ApicWS10.json
[2023-10-20 12:41:18,772][ApicWS10][INFO] saving settings to \\APICNAS\Produktion\Pipeline\Apic_Maya_Pipeline\Python\render_vault\settings\config-ApicWS10.json
[2023-10-20 12:41:21,295][ApicWS10][INFO] starting Render Vault...
[2023-10-20 12:41:21,379][ApicWS10][INFO] loading settings from \\APICNAS\Produktion\Pipeline\Apic_Maya_Pipeline\Python\render_vault\settings\config-ApicWS10.json
[2023-10-20 12:41:51,668][ApicWS10][INFO] saving settings to \\APICNAS\Produktion\Pipeline\Apic_Maya_Pipeline\Python\render_vault\settings\config-ApicWS10.json
[2023-10-20 12:41:54,193][ApicWS10][INFO] starting Render Vault...
[2023-10-20 12:41:54,275][ApicWS10][INFO] loading settings from \\APICNAS\Produktion\Pipeline\Apic_Maya_Pipeline\Python\render_vault\settings\config-ApicWS10.json
[2023-10-20 12:44:22,283][ApicWS10][INFO] saving settings to \\APICNAS\Produktion\Pipeline\Apic_Maya_Pipeline\Python\render_vault\settings\config-ApicWS10.json
[2023-10-20 12:44:24,881][ApicWS10][INFO] starting Render Vault...
[2023-10-20 12:44:24,962][ApicWS10][INFO] loading settings from \\APICNAS\Produktion\Pipeline\Apic_Maya_Pipeline\Python\render_vault\settings\config-ApicWS10.json
[2023-10-20 12:45:20,570][ApicWS10][INFO] starting Render Vault...
[2023-10-20 12:45:20,783][ApicWS10][INFO] loading settings from \\APICNAS\Produktion\Pipeline\Apic_Maya_Pipeline\Python\render_vault\settings\config-ApicWS10.json
[2023-10-20 12:45:45,518][ApicWS10][INFO] saving settings to \\APICNAS\Produktion\Pipeline\Apic_Maya_Pipeline\Python\render_vault\settings\config-ApicWS10.json
[2023-10-20 12:46:21,784][ApicWS10][INFO] starting Render Vault...
[2023-10-20 12:46:21,891][ApicWS10][INFO] loading settings from \\APICNAS\Produktion\Pipeline\Apic_Maya_Pipeline\Python\render_vault\settings\config-ApicWS10.json
[2023-10-20 12:46:43,411][ApicWS10][INFO] saving settings to \\APICNAS\Produktion\Pipeline\Apic_Maya_Pipeline\Python\render_vault\settings\config-ApicWS10.json
[2023-10-20 13:52:09,697][ApicWS08][INFO] starting Render Vault...
[2023-10-20 13:52:09,871][ApicWS08][INFO] loading settings from \\APICNAS\Produktion\Pipeline\Apic_Maya_Pipeline\Python\render_vault\settings\config-ApicWS08.json
[2023-10-20 13:52:25,980][ApicWS08][INFO] referenced model \\apicnas\Produktion\Projekte\_CLIENT_Lib\BOSCH\400_3D\420_assets_references_data\LightsetPool\LightsetPool\Lightsets\LS_s063.mb
[2023-10-20 14:50:47,641][ApicWS08][INFO] saving settings to \\APICNAS\Produktion\Pipeline\Apic_Maya_Pipeline\Python\render_vault\settings\config-ApicWS08.json
[2023-10-20 15:09:15,646][ApicWS10][INFO] starting Render Vault...
[2023-10-20 15:09:15,761][ApicWS10][INFO] loading settings from \\APICNAS\Produktion\Pipeline\Apic_Maya_Pipeline\Python\render_vault\settings\config-ApicWS10.json
[2023-10-20 15:09:25,034][ApicWS10][INFO] imported model \\apicnas\Produktion\Projekte\_CLIENT_Lib\BOSCH\400_3D\420_assets_references_data\ModelPool\Models\SamplePart_Pipe.mb
[2023-10-20 15:25:16,836][ApicWS10][INFO] imported material layered_print_offwhite_mtl
[2023-10-20 15:49:53,363][ApicWS10][INFO] saving settings to \\APICNAS\Produktion\Pipeline\Apic_Maya_Pipeline\Python\render_vault\settings\config-ApicWS10.json
[2023-10-20 17:13:56,675][ApicWS08][INFO] starting Render Vault...
[2023-10-20 17:13:56,818][ApicWS08][INFO] loading settings from \\APICNAS\Produktion\Pipeline\Apic_Maya_Pipeline\Python\render_vault\settings\config-ApicWS08.json
[2023-10-20 17:14:03,362][ApicWS08][INFO] saving settings to \\APICNAS\Produktion\Pipeline\Apic_Maya_Pipeline\Python\render_vault\settings\config-ApicWS08.json
[2023-10-20 17:42:31,036][ApicWS08][INFO] loading settings from \\APICNAS\Produktion\Pipeline\Apic_Maya_Pipeline\Python\render_vault\settings\config-ApicWS08.json
[2023-10-20 17:44:50,981][ApicWS08][INFO] saving settings to \\APICNAS\Produktion\Pipeline\Apic_Maya_Pipeline\Python\render_vault\settings\config-ApicWS08.json
