[2023-08-07 09:40:07,230][Apic-WS09][INFO] starting Render Vault...
[2023-08-07 09:40:25,940][Apic-WS09][INFO] saving settings to \\APICNAS\Produktion\Pipeline\Apic_Maya_Pipeline\Python\render_vault\settings\config.json
[2023-08-07 09:41:34,119][Apic-WS09][INFO] created new model pool in C:/Users/TheApic/Desktop
[2023-08-07 09:42:20,274][Apic-WS09][INFO] Saved Scrrenshot in C:\Users\TheApic\Desktop\ModelPool\Thumbnails\Cylinder.png
[2023-08-07 09:42:47,137][Apic-WS09][INFO] Saved Scrrenshot in C:\Users\TheApic\Desktop\ModelPool\Thumbnails\Cylinder.png
[2023-08-07 09:42:57,522][Apic-WS09][INFO] Saved Scrrenshot in C:\Users\TheApic\Desktop\ModelPool\Thumbnails\Cylinder.png
[2023-08-07 09:43:33,305][Apic-WS09][INFO] Saved Scrrenshot in C:\Users\TheApic\Desktop\ModelPool\Thumbnails\Sphere.png
[2023-08-07 09:44:18,779][Apic-WS09][INFO] saving settings to \\APICNAS\Produktion\Pipeline\Apic_Maya_Pipeline\Python\render_vault\settings\config.json
[2023-08-07 09:50:42,156][ApicWS10][INFO] starting Render Vault...
[2023-08-07 09:51:23,214][ApicWS10][INFO] Saved Scrrenshot in C:\Users\TheApic\Desktop\ModelPool\Thumbnails\Cube.png
[2023-08-07 09:52:30,564][ApicWS10][INFO] saving settings to \\apicnas\Produktion\Pipeline\Apic_Maya_Pipeline\Python\render_vault\settings\config.json
[2023-08-07 09:54:58,371][ApicWS10][INFO] starting Render Vault...
[2023-08-07 09:58:24,633][ApicWS10][INFO] saving settings to \\apicnas\Produktion\Pipeline\Apic_Maya_Pipeline\Python\render_vault\settings\config.json
[2023-08-07 09:58:25,911][ApicWS10][INFO] starting Render Vault...
[2023-08-07 09:58:43,583][ApicWS10][INFO] saving settings to \\apicnas\Produktion\Pipeline\Apic_Maya_Pipeline\Python\render_vault\settings\config.json
[2023-08-07 09:58:58,377][ApicWS10][INFO] starting Render Vault...
[2023-08-07 09:59:05,014][ApicWS10][INFO] saving settings to \\apicnas\Produktion\Pipeline\Apic_Maya_Pipeline\Python\render_vault\settings\config.json
[2023-08-07 10:00:43,326][ApicWS10][INFO] starting Render Vault...
[2023-08-07 10:00:48,653][ApicWS10][INFO] saving settings to \\apicnas\Produktion\Pipeline\Apic_Maya_Pipeline\Python\render_vault\settings\config.json
[2023-08-07 10:02:05,786][ApicWS10][INFO] starting Render Vault...
[2023-08-07 10:02:15,458][ApicWS10][INFO] saving settings to \\apicnas\Produktion\Pipeline\Apic_Maya_Pipeline\Python\render_vault\settings\config.json
[2023-08-07 10:03:57,026][ApicWS10][INFO] starting Render Vault...
[2023-08-07 10:04:04,473][ApicWS10][INFO] saving settings to \\apicnas\Produktion\Pipeline\Apic_Maya_Pipeline\Python\render_vault\settings\config.json
[2023-08-07 10:04:26,650][ApicWS10][INFO] starting Render Vault...
[2023-08-07 10:06:49,679][ApicWS10][INFO] starting Render Vault...
[2023-08-07 10:06:53,894][ApicWS10][INFO] saving settings to \\apicnas\Produktion\Pipeline\Apic_Maya_Pipeline\Python\render_vault\settings\config.json
[2023-08-07 10:07:08,409][ApicWS10][INFO] starting Render Vault...
[2023-08-07 10:07:17,114][ApicWS10][INFO] saving settings to \\apicnas\Produktion\Pipeline\Apic_Maya_Pipeline\Python\render_vault\settings\config.json
[2023-08-07 10:07:26,858][ApicWS10][INFO] starting Render Vault...
[2023-08-07 10:07:30,286][ApicWS10][INFO] saving settings to \\apicnas\Produktion\Pipeline\Apic_Maya_Pipeline\Python\render_vault\settings\config.json
[2023-08-07 10:07:36,157][ApicWS10][INFO] starting Render Vault...
[2023-08-07 10:07:39,774][ApicWS10][INFO] saving settings to \\apicnas\Produktion\Pipeline\Apic_Maya_Pipeline\Python\render_vault\settings\config.json
[2023-08-07 10:08:58,529][ApicWS10][INFO] starting Render Vault...
[2023-08-07 10:09:05,641][ApicWS10][INFO] saving settings to \\apicnas\Produktion\Pipeline\Apic_Maya_Pipeline\Python\render_vault\settings\config.json
[2023-08-07 10:09:16,472][ApicWS10][INFO] starting Render Vault...
[2023-08-07 10:09:49,502][ApicWS10][INFO] saving settings to \\apicnas\Produktion\Pipeline\Apic_Maya_Pipeline\Python\render_vault\settings\config.json
[2023-08-07 10:09:50,874][ApicWS10][INFO] starting Render Vault...
[2023-08-07 10:09:57,285][ApicWS10][INFO] Saved Scrrenshot in C:\Users\TheApic\Desktop\ModelPool\Thumbnails\Cube.png
[2023-08-07 10:10:06,691][ApicWS10][INFO] saving settings to \\apicnas\Produktion\Pipeline\Apic_Maya_Pipeline\Python\render_vault\settings\config.json
[2023-08-07 10:11:38,307][ApicWS10][INFO] starting Render Vault...
[2023-08-07 10:12:36,753][ApicWS10][INFO] starting Render Vault...
[2023-08-07 10:13:48,662][ApicWS10][INFO] saving settings to \\apicnas\Produktion\Pipeline\Apic_Maya_Pipeline\Python\render_vault\settings\config.json
[2023-08-07 10:13:50,353][ApicWS10][INFO] starting Render Vault...
[2023-08-07 10:14:02,498][ApicWS10][INFO] saving settings to \\apicnas\Produktion\Pipeline\Apic_Maya_Pipeline\Python\render_vault\settings\config.json
[2023-08-07 10:14:03,745][ApicWS10][INFO] starting Render Vault...
[2023-08-07 10:14:08,226][ApicWS10][INFO] Saved Scrrenshot in C:\Users\TheApic\Desktop\ModelPool\Thumbnails\Cube.png
[2023-08-07 10:14:42,699][ApicWS10][INFO] saving settings to \\apicnas\Produktion\Pipeline\Apic_Maya_Pipeline\Python\render_vault\settings\config.json
[2023-08-07 10:14:44,296][ApicWS10][INFO] starting Render Vault...
[2023-08-07 10:14:55,860][ApicWS10][INFO] Saved Scrrenshot in C:\Users\TheApic\Desktop\ModelPool\Thumbnails\Cube.png
[2023-08-07 10:15:07,058][ApicWS10][INFO] saving settings to \\apicnas\Produktion\Pipeline\Apic_Maya_Pipeline\Python\render_vault\settings\config.json
[2023-08-07 10:20:35,953][ApicWS10][INFO] starting Render Vault...
[2023-08-07 10:21:01,667][ApicWS10][INFO] saving settings to \\apicnas\Produktion\Pipeline\Apic_Maya_Pipeline\Python\render_vault\settings\config.json
[2023-08-07 10:22:23,475][ApicWS10][INFO] starting Render Vault...
[2023-08-07 10:22:26,446][ApicWS10][INFO] saving settings to \\apicnas\Produktion\Pipeline\Apic_Maya_Pipeline\Python\render_vault\settings\config.json
[2023-08-07 10:22:48,766][ApicWS10][INFO] starting Render Vault...
[2023-08-07 10:23:02,665][ApicWS10][INFO] saving settings to \\apicnas\Produktion\Pipeline\Apic_Maya_Pipeline\Python\render_vault\settings\config.json
[2023-08-07 10:23:58,400][ApicWS10][INFO] starting Render Vault...
[2023-08-07 10:24:05,081][ApicWS10][INFO] saving settings to \\apicnas\Produktion\Pipeline\Apic_Maya_Pipeline\Python\render_vault\settings\config.json
[2023-08-07 10:26:00,681][ApicWS10][INFO] starting Render Vault...
[2023-08-07 10:26:23,823][ApicWS10][INFO] saving settings to \\apicnas\Produktion\Pipeline\Apic_Maya_Pipeline\Python\render_vault\settings\config.json
[2023-08-07 10:28:50,455][ApicWS10][INFO] starting Render Vault...
[2023-08-07 10:29:02,756][ApicWS10][INFO] saving settings to \\apicnas\Produktion\Pipeline\Apic_Maya_Pipeline\Python\render_vault\settings\config.json
[2023-08-07 10:29:24,192][ApicWS10][INFO] starting Render Vault...
[2023-08-07 10:30:47,117][ApicWS10][INFO] Saved Scrrenshot in C:\Users\TheApic\Desktop\ModelPool\Thumbnails\Cube.png
[2023-08-07 10:33:23,032][ApicWS10][INFO] saving settings to \\apicnas\Produktion\Pipeline\Apic_Maya_Pipeline\Python\render_vault\settings\config.json
[2023-08-07 10:33:24,292][ApicWS10][INFO] starting Render Vault...
[2023-08-07 10:35:12,718][ApicWS10][INFO] starting Render Vault...
[2023-08-07 10:36:06,107][ApicWS10][INFO] starting Render Vault...
[2023-08-07 10:36:13,394][ApicWS10][INFO] saving settings to \\apicnas\Produktion\Pipeline\Apic_Maya_Pipeline\Python\render_vault\settings\config.json
[2023-08-07 10:37:45,903][ApicWS10][INFO] starting Render Vault...
[2023-08-07 10:38:00,437][ApicWS10][INFO] saving settings to \\apicnas\Produktion\Pipeline\Apic_Maya_Pipeline\Python\render_vault\settings\config.json
[2023-08-07 10:39:18,866][ApicWS10][INFO] starting Render Vault...
[2023-08-07 10:39:27,518][ApicWS10][INFO] Saved Scrrenshot in C:\Users\TheApic\Desktop\ModelPool\Thumbnails\Cube.png
[2023-08-07 10:39:32,539][ApicWS10][INFO] Saved Scrrenshot in C:\Users\TheApic\Desktop\ModelPool\Thumbnails\Cube.png
[2023-08-07 10:39:34,738][ApicWS10][INFO] saving settings to \\apicnas\Produktion\Pipeline\Apic_Maya_Pipeline\Python\render_vault\settings\config.json
[2023-08-07 10:40:22,196][ApicWS10][INFO] starting Render Vault...
[2023-08-07 10:41:02,641][ApicWS10][INFO] saving settings to \\apicnas\Produktion\Pipeline\Apic_Maya_Pipeline\Python\render_vault\settings\config.json
[2023-08-07 10:42:02,936][ApicWS10][INFO] starting Render Vault...
[2023-08-07 10:42:05,350][ApicWS10][INFO] saving settings to \\apicnas\Produktion\Pipeline\Apic_Maya_Pipeline\Python\render_vault\settings\config.json
[2023-08-07 10:42:11,166][ApicWS10][INFO] starting Render Vault...
[2023-08-07 10:42:17,831][ApicWS10][INFO] saving settings to \\apicnas\Produktion\Pipeline\Apic_Maya_Pipeline\Python\render_vault\settings\config.json
[2023-08-07 10:42:26,419][ApicWS10][INFO] starting Render Vault...
[2023-08-07 10:42:35,054][ApicWS10][INFO] saving settings to \\apicnas\Produktion\Pipeline\Apic_Maya_Pipeline\Python\render_vault\settings\config.json
[2023-08-07 10:44:27,667][ApicWS10][INFO] starting Render Vault...
[2023-08-07 10:44:33,410][ApicWS10][INFO] saving settings to \\apicnas\Produktion\Pipeline\Apic_Maya_Pipeline\Python\render_vault\settings\config.json
[2023-08-07 10:45:08,398][ApicWS10][INFO] starting Render Vault...
[2023-08-07 10:45:14,963][ApicWS10][INFO] saving settings to \\apicnas\Produktion\Pipeline\Apic_Maya_Pipeline\Python\render_vault\settings\config.json
[2023-08-07 10:46:40,663][Apic-WS09][INFO] starting Render Vault...
[2023-08-07 10:47:28,898][Apic-WS09][INFO] created new model pool in C:/Users/TheApic/Desktop
[2023-08-07 10:48:10,761][Apic-WS09][INFO] Saved Scrrenshot in C:\Users\TheApic\Desktop\ModelPool\Thumbnails\Sphere.png
[2023-08-07 10:48:26,198][Apic-WS09][INFO] saving settings to \\APICNAS\Produktion\Pipeline\Apic_Maya_Pipeline\Python\render_vault\settings\config.json
[2023-08-07 10:50:35,565][ApicWS10][INFO] starting Render Vault...
[2023-08-07 10:51:19,178][ApicWS10][INFO] saving settings to \\apicnas\Produktion\Pipeline\Apic_Maya_Pipeline\Python\render_vault\settings\config.json
[2023-08-07 10:51:20,568][ApicWS10][INFO] starting Render Vault...
[2023-08-07 10:52:40,305][ApicWS10][INFO] saving settings to \\apicnas\Produktion\Pipeline\Apic_Maya_Pipeline\Python\render_vault\settings\config.json
[2023-08-07 10:52:53,655][ApicWS10][INFO] starting Render Vault...
[2023-08-07 10:53:06,749][ApicWS10][INFO] saving settings to \\apicnas\Produktion\Pipeline\Apic_Maya_Pipeline\Python\render_vault\settings\config.json
[2023-08-07 10:53:14,065][ApicWS10][INFO] starting Render Vault...
[2023-08-07 10:53:25,603][ApicWS10][INFO] saving settings to \\apicnas\Produktion\Pipeline\Apic_Maya_Pipeline\Python\render_vault\settings\config.json
[2023-08-07 10:53:31,938][ApicWS10][INFO] starting Render Vault...
[2023-08-07 10:53:37,222][ApicWS10][INFO] saving settings to \\apicnas\Produktion\Pipeline\Apic_Maya_Pipeline\Python\render_vault\settings\config.json
[2023-08-07 10:53:54,001][ApicWS10][INFO] starting Render Vault...
[2023-08-07 10:54:02,588][ApicWS10][INFO] saving settings to \\apicnas\Produktion\Pipeline\Apic_Maya_Pipeline\Python\render_vault\settings\config.json
[2023-08-07 10:54:10,685][ApicWS10][INFO] starting Render Vault...
[2023-08-07 10:54:34,208][ApicWS10][INFO] saving settings to \\apicnas\Produktion\Pipeline\Apic_Maya_Pipeline\Python\render_vault\settings\config.json
