[2023-08-08 09:36:27,971][ApicWS10][INFO] starting Render Vault...
[2023-08-08 09:39:21,227][ApicWS10][INFO] saving settings to \\apicnas\Produktion\Pipeline\Apic_Maya_Pipeline\Python\render_vault\settings\config.json
[2023-08-08 09:39:26,121][ApicWS10][INFO] starting Render Vault...
[2023-08-08 09:39:57,127][ApicWS10][INFO] saving settings to \\apicnas\Produktion\Pipeline\Apic_Maya_Pipeline\Python\render_vault\settings\config.json
[2023-08-08 09:39:58,345][ApicWS10][INFO] starting Render Vault...
[2023-08-08 09:40:24,333][ApicWS10][INFO] saving settings to \\apicnas\Produktion\Pipeline\Apic_Maya_Pipeline\Python\render_vault\settings\config.json
[2023-08-08 09:43:01,702][ApicWS10][INFO] starting Render Vault...
[2023-08-08 09:44:12,861][ApicWS10][INFO] starting Render Vault...
[2023-08-08 09:45:20,725][ApicWS10][INFO] saving settings to \\apicnas\Produktion\Pipeline\Apic_Maya_Pipeline\Python\render_vault\settings\config.json
[2023-08-08 09:45:21,826][ApicWS10][INFO] starting Render Vault...
[2023-08-08 09:46:03,576][ApicWS10][INFO] saving settings to \\apicnas\Produktion\Pipeline\Apic_Maya_Pipeline\Python\render_vault\settings\config.json
[2023-08-08 09:47:26,454][ApicWS10][INFO] starting Render Vault...
[2023-08-08 09:50:38,052][ApicWS10][INFO] saving settings to \\apicnas\Produktion\Pipeline\Apic_Maya_Pipeline\Python\render_vault\settings\config.json
[2023-08-08 09:51:41,565][ApicWS10][INFO] starting Render Vault...
[2023-08-08 09:51:56,237][ApicWS10][INFO] saving settings to \\apicnas\Produktion\Pipeline\Apic_Maya_Pipeline\Python\render_vault\settings\config.json
[2023-08-08 09:53:34,179][ApicWS10][INFO] starting Render Vault...
[2023-08-08 09:53:38,500][ApicWS10][INFO] initializing maya standalone...
[2023-08-08 09:53:49,052][ApicWS10][INFO] loading render scene: //APICNAS/Produktion/Ressources/Library/3D_Modelle/_ShaderBall_Maya/_DEV/MaterialDev_Ref_ACES.mb
[2023-08-08 09:53:52,382][ApicWS10][INFO] rendering lambert1
[2023-08-08 09:53:52,383][ApicWS10][INFO] rendering standardSurface1
[2023-08-08 09:53:52,383][ApicWS10][INFO] rendering particleCloud1
[2023-08-08 09:53:52,384][ApicWS10][INFO] rendering Backdrop_Mtl
[2023-08-08 09:53:52,384][ApicWS10][INFO] rendering ChartMtl
[2023-08-08 09:53:52,384][ApicWS10][INFO] rendering GreyMtl
[2023-08-08 09:53:52,384][ApicWS10][INFO] rendering White_Mtl
[2023-08-08 09:53:52,384][ApicWS10][INFO] rendering ChromeMtl
[2023-08-08 09:53:52,385][ApicWS10][INFO] rendering BaseText_01Mtl
[2023-08-08 09:53:52,385][ApicWS10][INFO] rendering MetalMtl
[2023-08-08 09:53:52,385][ApicWS10][INFO] rendering PistonWoodMtl
[2023-08-08 09:53:52,385][ApicWS10][INFO] rendering DarkMtl
[2023-08-08 09:53:52,385][ApicWS10][INFO] rendering Fabric_A03_Dark_Gray_20cm
[2023-08-08 09:53:52,386][ApicWS10][INFO] rendering VRayBlendMtl1
[2023-08-08 09:53:52,386][ApicWS10][INFO] rendering gold_text_mtl
[2023-08-08 09:53:52,386][ApicWS10][INFO] rendering VRayFlakes2Mtl1
[2023-08-08 09:53:52,386][ApicWS10][INFO] rendering VRayMtl12
[2023-08-08 09:53:52,387][ApicWS10][INFO] rendering VRayBlendMtl3
[2023-08-08 09:55:47,782][ApicWS10][INFO] initializing maya standalone...
[2023-08-08 09:55:58,676][ApicWS10][INFO] loading render scene: //APICNAS/Produktion/Ressources/Library/3D_Modelle/_ShaderBall_Maya/_DEV/MaterialDev_Ref_ACES.mb
[2023-08-08 10:17:48,022][ApicWS10][INFO] saving settings to \\apicnas\Produktion\Pipeline\Apic_Maya_Pipeline\Python\render_vault\settings\config.json
[2023-08-08 10:17:59,833][ApicWS10][INFO] starting Render Vault...
[2023-08-08 10:18:24,911][ApicWS10][INFO] saving settings to \\apicnas\Produktion\Pipeline\Apic_Maya_Pipeline\Python\render_vault\settings\config.json
[2023-08-08 10:18:28,352][ApicWS10][INFO] starting Render Vault...
[2023-08-08 10:18:32,655][ApicWS10][INFO] initializing maya standalone...
[2023-08-08 10:18:43,550][ApicWS10][INFO] loading render scene: //APICNAS/Produktion/Ressources/Library/3D_Modelle/_ShaderBall_Maya/_DEV/MaterialDev_Ref_ACES.mb
[2023-08-08 10:19:30,198][ApicWS10][INFO] saving settings to \\apicnas\Produktion\Pipeline\Apic_Maya_Pipeline\Python\render_vault\settings\config.json
[2023-08-08 10:26:44,294][ApicWS10][INFO] starting Render Vault...
[2023-08-08 10:26:48,173][ApicWS10][INFO] initializing maya standalone...
[2023-08-08 10:26:59,311][ApicWS10][INFO] loading render scene: //APICNAS/Produktion/Ressources/Library/3D_Modelle/_ShaderBall_Maya/_DEV/MaterialDev_Ref_ACES.mb
[2023-08-08 10:31:51,766][ApicWS10][INFO] initializing maya standalone...
[2023-08-08 10:32:02,329][ApicWS10][INFO] loading render scene: //APICNAS/Produktion/Ressources/Library/3D_Modelle/_ShaderBall_Maya/_DEV/MaterialDev_Ref_ACES.mb
[2023-08-08 10:34:35,904][ApicWS10][INFO] initializing maya standalone...
[2023-08-08 10:34:46,649][ApicWS10][INFO] loading render scene: //APICNAS/Produktion/Ressources/Library/3D_Modelle/_ShaderBall_Maya/_DEV/MaterialDev_Ref_ACES.mb
[2023-08-08 10:35:02,458][ApicWS10][INFO] uninitializing maya standalone...
[2023-08-08 10:35:42,760][ApicWS10][INFO] initializing maya standalone...
[2023-08-08 10:35:53,341][ApicWS10][INFO] loading render scene: //APICNAS/Produktion/Ressources/Library/3D_Modelle/_ShaderBall_Maya/_DEV/MaterialDev_Ref_ACES.mb
[2023-08-08 10:36:12,695][ApicWS10][INFO] uninitializing maya standalone...
[2023-08-08 10:36:52,068][ApicWS10][INFO] initializing maya standalone...
[2023-08-08 10:37:02,665][ApicWS10][INFO] loading render scene: //APICNAS/Produktion/Ressources/Library/3D_Modelle/_ShaderBall_Maya/_DEV/MaterialDev_Ref_ACES.mb
[2023-08-08 10:37:41,461][ApicWS10][INFO] uninitializing maya standalone...
[2023-08-08 10:37:52,775][ApicWS10][INFO] initializing maya standalone...
[2023-08-08 10:38:03,734][ApicWS10][INFO] loading render scene: //APICNAS/Produktion/Ressources/Library/3D_Modelle/_ShaderBall_Maya/_DEV/MaterialDev_Ref_ACES.mb
[2023-08-08 10:39:11,620][ApicWS10][INFO] uninitializing maya standalone...
[2023-08-08 10:40:55,333][ApicWS10][INFO] saving settings to \\apicnas\Produktion\Pipeline\Apic_Maya_Pipeline\Python\render_vault\settings\config.json
[2023-08-08 10:40:57,175][ApicWS10][INFO] starting Render Vault...
[2023-08-08 10:41:01,592][ApicWS10][INFO] initializing maya standalone...
[2023-08-08 10:41:12,300][ApicWS10][INFO] loading render scene: //APICNAS/Produktion/Ressources/Library/3D_Modelle/_ShaderBall_Maya/_DEV/MaterialDev_Ref_ACES.mb
[2023-08-08 10:41:18,204][ApicWS10][INFO] uninitializing maya standalone...
[2023-08-08 10:42:31,159][ApicWS10][INFO] initializing maya standalone...
[2023-08-08 10:42:42,003][ApicWS10][INFO] loading render scene: //APICNAS/Produktion/Ressources/Library/3D_Modelle/_ShaderBall_Maya/_DEV/MaterialDev_Ref_ACES.mb
[2023-08-08 10:42:46,650][ApicWS10][INFO] imported C:\Users\TheApic\Desktop\MaterialPool\Materials\Abschatter_innen.mb
[2023-08-08 10:42:46,671][ApicWS10][INFO] imported C:\Users\TheApic\Desktop\MaterialPool\Materials\akku_sticker_BlendMtl.mb
[2023-08-08 10:42:46,688][ApicWS10][INFO] imported C:\Users\TheApic\Desktop\MaterialPool\Materials\akku_sticker_mtl.mb
[2023-08-08 10:42:46,704][ApicWS10][INFO] imported C:\Users\TheApic\Desktop\MaterialPool\Materials\Aluminium_matt_mtl.mb
[2023-08-08 10:42:46,720][ApicWS10][INFO] imported C:\Users\TheApic\Desktop\MaterialPool\Materials\Blech_gelb_lackiert.mb
[2023-08-08 10:42:46,734][ApicWS10][INFO] imported C:\Users\TheApic\Desktop\MaterialPool\Materials\Chrom.mb
[2023-08-08 10:42:46,750][ApicWS10][INFO] imported C:\Users\TheApic\Desktop\MaterialPool\Materials\Glas.mb
[2023-08-08 10:42:46,765][ApicWS10][INFO] imported C:\Users\TheApic\Desktop\MaterialPool\Materials\Glas_blurry.mb
[2023-08-08 10:42:46,780][ApicWS10][INFO] imported C:\Users\TheApic\Desktop\MaterialPool\Materials\Gummi.mb
[2023-08-08 10:42:46,796][ApicWS10][INFO] imported C:\Users\TheApic\Desktop\MaterialPool\Materials\Kaercher_HERO_staubgrau_mtl.mb
[2023-08-08 10:42:46,814][ApicWS10][INFO] imported C:\Users\TheApic\Desktop\MaterialPool\Materials\Kaercher_Logo.mb
[2023-08-08 10:42:46,830][ApicWS10][INFO] imported C:\Users\TheApic\Desktop\MaterialPool\Materials\Kaercher_Plastik_basaltgrau_mtl.mb
[2023-08-08 10:42:46,847][ApicWS10][INFO] imported C:\Users\TheApic\Desktop\MaterialPool\Materials\Kaercher_Plastik_basaltgrau_Muster_mtl.mb
[2023-08-08 10:42:46,864][ApicWS10][INFO] imported C:\Users\TheApic\Desktop\MaterialPool\Materials\Kaercher_Plastik_gelb.mb
[2023-08-08 10:42:46,884][ApicWS10][INFO] imported C:\Users\TheApic\Desktop\MaterialPool\Materials\Kaercher_Plastik_gelb_Muster_mtl.mb
[2023-08-08 10:42:46,900][ApicWS10][INFO] imported C:\Users\TheApic\Desktop\MaterialPool\Materials\Kaercher_Plastik_staubgrau_hart_mtl.mb
[2023-08-08 10:42:46,915][ApicWS10][INFO] imported C:\Users\TheApic\Desktop\MaterialPool\Materials\Kaercher_Plastik_staubgrau_mtl.mb
[2023-08-08 10:42:46,931][ApicWS10][INFO] imported C:\Users\TheApic\Desktop\MaterialPool\Materials\Kaercher_Plastik_staubgrau_mtl1.mb
[2023-08-08 10:42:46,949][ApicWS10][INFO] imported C:\Users\TheApic\Desktop\MaterialPool\Materials\Kaercher_Plastik_staubgrau_Muster_mtl.mb
[2023-08-08 10:42:46,965][ApicWS10][INFO] imported C:\Users\TheApic\Desktop\MaterialPool\Materials\Kaercher_Plastik_verkehrsschwarz_mtl.mb
[2023-08-08 10:42:46,983][ApicWS10][INFO] imported C:\Users\TheApic\Desktop\MaterialPool\Materials\Kaercher_Plastik_verkehrsschwarz_Muster_mtl.mb
[2023-08-08 10:42:47,111][ApicWS10][INFO] imported C:\Users\TheApic\Desktop\MaterialPool\Materials\Metall_brushed_steel_mtl.mb
[2023-08-08 10:42:47,128][ApicWS10][INFO] imported C:\Users\TheApic\Desktop\MaterialPool\Materials\Metall_dunkel_Shdr.mb
[2023-08-08 10:42:47,149][ApicWS10][INFO] imported C:\Users\TheApic\Desktop\MaterialPool\Materials\Metall_grau_lackiert.mb
[2023-08-08 10:42:47,165][ApicWS10][INFO] imported C:\Users\TheApic\Desktop\MaterialPool\Materials\Metall_schwarz.mb
[2023-08-08 10:42:47,182][ApicWS10][INFO] imported C:\Users\TheApic\Desktop\MaterialPool\Materials\Metall_Shdr.mb
[2023-08-08 10:42:47,478][ApicWS10][INFO] imported C:\Users\TheApic\Desktop\MaterialPool\Materials\Metall_Staubgrau_mtl.mb
[2023-08-08 10:42:47,495][ApicWS10][INFO] imported C:\Users\TheApic\Desktop\MaterialPool\Materials\Metal_clean_Shdr.mb
[2023-08-08 10:42:47,678][ApicWS10][INFO] imported C:\Users\TheApic\Desktop\MaterialPool\Materials\metal_matte_5_mtl.mb
[2023-08-08 10:42:47,695][ApicWS10][INFO] imported C:\Users\TheApic\Desktop\MaterialPool\Materials\metal_matte_7_mtl.mb
[2023-08-08 10:42:47,711][ApicWS10][INFO] imported C:\Users\TheApic\Desktop\MaterialPool\Materials\Plastik_grau_glatt.mb
[2023-08-08 10:42:47,726][ApicWS10][INFO] imported C:\Users\TheApic\Desktop\MaterialPool\Materials\Plastik_schwarz.mb
[2023-08-08 10:42:47,742][ApicWS10][INFO] imported C:\Users\TheApic\Desktop\MaterialPool\Materials\Plastik_schwarz_glossy.mb
[2023-08-08 10:42:47,757][ApicWS10][INFO] imported C:\Users\TheApic\Desktop\MaterialPool\Materials\Plastik_schwarz_matt.mb
[2023-08-08 10:42:47,804][ApicWS10][INFO] imported C:\Users\TheApic\Desktop\MaterialPool\Materials\Plastik_schwarz_vrscan_mtl.mb
[2023-08-08 10:42:47,820][ApicWS10][INFO] imported C:\Users\TheApic\Desktop\MaterialPool\Materials\Plastik_weis.mb
[2023-08-08 10:42:47,835][ApicWS10][INFO] imported C:\Users\TheApic\Desktop\MaterialPool\Materials\Primer.mb
[2023-08-08 10:42:47,850][ApicWS10][INFO] imported C:\Users\TheApic\Desktop\MaterialPool\Materials\Primer_schwarz.mb
[2023-08-08 10:42:47,867][ApicWS10][INFO] imported C:\Users\TheApic\Desktop\MaterialPool\Materials\Reifen_dunkel_mtl.mb
[2023-08-08 10:42:47,884][ApicWS10][INFO] imported C:\Users\TheApic\Desktop\MaterialPool\Materials\Reifen_hellgrau.mb
[2023-08-08 10:42:47,900][ApicWS10][INFO] imported C:\Users\TheApic\Desktop\MaterialPool\Materials\Schrauben_Metal_Shdr.mb
[2023-08-08 10:42:47,916][ApicWS10][INFO] imported C:\Users\TheApic\Desktop\MaterialPool\Materials\Schrauben_schwarz_Shdr.mb
[2023-08-08 10:42:47,931][ApicWS10][INFO] imported C:\Users\TheApic\Desktop\MaterialPool\Materials\Screen.mb
[2023-08-08 10:42:47,946][ApicWS10][INFO] imported C:\Users\TheApic\Desktop\MaterialPool\Materials\Signet_schwarz.mb
[2023-08-08 10:42:47,966][ApicWS10][INFO] imported C:\Users\TheApic\Desktop\MaterialPool\Materials\Signet_Silber.mb
[2023-08-08 10:42:47,967][ApicWS10][INFO] rendering Abschatter_innen
[2023-08-08 10:42:47,968][ApicWS10][INFO] rendering Primer_schwarz
[2023-08-08 10:42:47,968][ApicWS10][INFO] rendering akku_sticker_mtl
[2023-08-08 10:42:47,968][ApicWS10][INFO] rendering akku_sticker_BlendMtl
[2023-08-08 10:42:47,968][ApicWS10][INFO] rendering akku_sticker_mtl_akku_sticker_mtl
[2023-08-08 10:42:47,968][ApicWS10][INFO] rendering Aluminium_matt_mtl
[2023-08-08 10:42:47,969][ApicWS10][INFO] rendering Blech_gelb_lackiert
[2023-08-08 10:42:47,969][ApicWS10][INFO] rendering Chrom
[2023-08-08 10:42:47,969][ApicWS10][INFO] rendering Glas
[2023-08-08 10:42:47,969][ApicWS10][INFO] rendering Glas_blurry
[2023-08-08 10:42:47,969][ApicWS10][INFO] rendering Gummi
[2023-08-08 10:42:47,969][ApicWS10][INFO] rendering Kaercher_HERO_staubgrau_mtl
[2023-08-08 10:42:47,970][ApicWS10][INFO] rendering Kaercher_Logo
[2023-08-08 10:42:47,970][ApicWS10][INFO] rendering Kaercher_Plastik_basaltgrau_mtl
[2023-08-08 10:42:47,970][ApicWS10][INFO] rendering Kaercher_Plastik_basaltgrau_Muster_mtl
[2023-08-08 10:42:47,970][ApicWS10][INFO] rendering Kaercher_Plastik_gelb
[2023-08-08 10:42:47,970][ApicWS10][INFO] rendering Kaercher_Plastik_gelb_Muster_mtl
[2023-08-08 10:42:47,971][ApicWS10][INFO] rendering Kaercher_Plastik_staubgrau_hart_mtl
[2023-08-08 10:42:47,971][ApicWS10][INFO] rendering Kaercher_Plastik_staubgrau_mtl
[2023-08-08 10:42:47,971][ApicWS10][INFO] rendering Kaercher_Plastik_staubgrau_mtl1
[2023-08-08 10:42:47,971][ApicWS10][INFO] rendering Kaercher_Plastik_staubgrau_Muster_mtl
[2023-08-08 10:42:47,971][ApicWS10][INFO] rendering Kaercher_Plastik_verkehrsschwarz_mtl
[2023-08-08 10:42:47,971][ApicWS10][INFO] rendering Kaercher_Plastik_verkehrsschwarz_Muster_mtl
[2023-08-08 10:42:47,972][ApicWS10][INFO] rendering Metall_brushed_steel_mtl
[2023-08-08 10:42:47,972][ApicWS10][INFO] rendering Metall_dunkel_Shdr
[2023-08-08 10:42:47,972][ApicWS10][INFO] rendering Metall_grau_lackiert
[2023-08-08 10:42:47,972][ApicWS10][INFO] rendering Metall_schwarz
[2023-08-08 10:42:47,972][ApicWS10][INFO] rendering Metall_Shdr
[2023-08-08 10:42:47,973][ApicWS10][INFO] rendering Metall_Staubgrau_mtl
[2023-08-08 10:42:47,973][ApicWS10][INFO] rendering Metal_clean_Shdr
[2023-08-08 10:42:47,973][ApicWS10][INFO] rendering metal_matte_5_mtl
[2023-08-08 10:42:47,973][ApicWS10][INFO] rendering metal_matte_7_mtl
[2023-08-08 10:42:47,973][ApicWS10][INFO] rendering Plastik_grau_glatt
[2023-08-08 10:42:47,974][ApicWS10][INFO] rendering Plastik_schwarz
[2023-08-08 10:42:47,974][ApicWS10][INFO] rendering Plastik_schwarz_glossy
[2023-08-08 10:42:47,974][ApicWS10][INFO] rendering Plastik_schwarz_matt
[2023-08-08 10:42:47,974][ApicWS10][INFO] rendering Plastik_schwarz_vrscan_mtl
[2023-08-08 10:42:47,974][ApicWS10][INFO] rendering Plastik_weis
[2023-08-08 10:42:47,974][ApicWS10][INFO] rendering Primer
[2023-08-08 10:42:47,975][ApicWS10][INFO] rendering Primer_schwarz_Primer_schwarz
[2023-08-08 10:42:47,975][ApicWS10][INFO] rendering Reifen_dunkel_mtl
[2023-08-08 10:42:47,975][ApicWS10][INFO] rendering Reifen_hellgrau
[2023-08-08 10:42:47,975][ApicWS10][INFO] rendering Schrauben_Metal_Shdr
[2023-08-08 10:42:47,975][ApicWS10][INFO] rendering Schrauben_schwarz_Shdr
[2023-08-08 10:42:47,975][ApicWS10][INFO] rendering Screen
[2023-08-08 10:42:47,976][ApicWS10][INFO] rendering Signet_schwarz
[2023-08-08 10:42:47,976][ApicWS10][INFO] rendering Signet_Silber
[2023-08-08 10:43:30,508][ApicWS10][INFO] uninitializing maya standalone...
[2023-08-08 11:07:49,171][ApicWS10][INFO] saving settings to \\apicnas\Produktion\Pipeline\Apic_Maya_Pipeline\Python\render_vault\settings\config.json
[2023-08-08 11:29:36,566][ApicWS10][INFO] starting Render Vault...
[2023-08-08 11:32:42,291][ApicWS10][INFO] saving settings to \\apicnas\Produktion\Pipeline\Apic_Maya_Pipeline\Python\render_vault\settings\config.json
[2023-08-08 11:32:43,991][ApicWS10][INFO] starting Render Vault...
[2023-08-08 11:32:49,867][ApicWS10][INFO] saving settings to \\apicnas\Produktion\Pipeline\Apic_Maya_Pipeline\Python\render_vault\settings\config.json
[2023-08-08 11:33:06,976][ApicWS10][INFO] starting Render Vault...
[2023-08-08 11:34:16,617][ApicWS10][INFO] saving settings to \\apicnas\Produktion\Pipeline\Apic_Maya_Pipeline\Python\render_vault\settings\config.json
[2023-08-08 11:34:19,747][ApicWS10][INFO] starting Render Vault...
[2023-08-08 11:35:04,382][ApicWS10][INFO] saving settings to \\apicnas\Produktion\Pipeline\Apic_Maya_Pipeline\Python\render_vault\settings\config.json
[2023-08-08 11:35:14,997][ApicWS10][INFO] starting Render Vault...
[2023-08-08 11:35:45,441][ApicWS10][INFO] saving settings to \\apicnas\Produktion\Pipeline\Apic_Maya_Pipeline\Python\render_vault\settings\config.json
[2023-08-08 11:35:46,632][ApicWS10][INFO] starting Render Vault...
[2023-08-08 11:35:50,202][ApicWS10][INFO] saving settings to \\apicnas\Produktion\Pipeline\Apic_Maya_Pipeline\Python\render_vault\settings\config.json
[2023-08-08 11:59:51,619][ApicWS10][INFO] starting Render Vault...
[2023-08-08 12:02:10,968][ApicWS10][INFO] saving settings to \\apicnas\Produktion\Pipeline\Apic_Maya_Pipeline\Python\render_vault\settings\config.json
[2023-08-08 12:02:12,685][ApicWS10][INFO] starting Render Vault...
[2023-08-08 12:03:25,544][ApicWS10][INFO] saving settings to \\apicnas\Produktion\Pipeline\Apic_Maya_Pipeline\Python\render_vault\settings\config.json
[2023-08-08 12:04:11,663][ApicWS10][INFO] starting Render Vault...
[2023-08-08 12:05:25,108][ApicWS10][INFO] saving settings to \\apicnas\Produktion\Pipeline\Apic_Maya_Pipeline\Python\render_vault\settings\config.json
[2023-08-08 12:05:44,131][ApicWS10][INFO] starting Render Vault...
[2023-08-08 12:06:51,840][ApicWS10][INFO] starting Render Vault...
[2023-08-08 12:07:13,506][ApicWS10][INFO] saving settings to \\apicnas\Produktion\Pipeline\Apic_Maya_Pipeline\Python\render_vault\settings\config.json
[2023-08-08 14:44:56,309][ApicWS10][INFO] starting Render Vault...
[2023-08-08 14:46:56,800][ApicWS10][INFO] Saved Scrrenshot in C:\Users\TheApic\Desktop\ModelPool\Thumbnails\Motor.png
[2023-08-08 14:47:26,034][ApicWS10][INFO] saving settings to \\apicnas\Produktion\Pipeline\Apic_Maya_Pipeline\Python\render_vault\settings\config.json
[2023-08-08 14:47:27,862][ApicWS10][INFO] starting Render Vault...
[2023-08-08 14:48:46,285][ApicWS10][INFO] saving settings to \\apicnas\Produktion\Pipeline\Apic_Maya_Pipeline\Python\render_vault\settings\config.json
[2023-08-08 14:49:25,962][ApicWS10][INFO] starting Render Vault...
[2023-08-08 14:49:34,066][ApicWS10][INFO] saving settings to \\apicnas\Produktion\Pipeline\Apic_Maya_Pipeline\Python\render_vault\settings\config.json
[2023-08-08 14:57:05,284][ApicWS10][INFO] starting Render Vault...
[2023-08-08 14:57:13,830][ApicWS10][INFO] saving settings to \\apicnas\Produktion\Pipeline\Apic_Maya_Pipeline\Python\render_vault\settings\config.json
[2023-08-08 14:57:38,848][ApicWS10][INFO] starting Render Vault...
[2023-08-08 14:58:01,611][ApicWS10][INFO] saving settings to \\apicnas\Produktion\Pipeline\Apic_Maya_Pipeline\Python\render_vault\settings\config.json
[2023-08-08 14:58:02,977][ApicWS10][INFO] starting Render Vault...
[2023-08-08 14:59:50,041][ApicWS10][INFO] Saved Scrrenshot in C:\Users\TheApic\Desktop\ModelPool\Thumbnails\Motorhülle.png
[2023-08-08 15:00:25,662][ApicWS10][INFO] saving settings to \\apicnas\Produktion\Pipeline\Apic_Maya_Pipeline\Python\render_vault\settings\config.json
[2023-08-08 15:00:55,081][ApicWS10][INFO] starting Render Vault...
[2023-08-08 15:02:19,651][ApicWS10][INFO] starting Render Vault...
[2023-08-08 15:02:33,440][ApicWS10][INFO] saving settings to \\apicnas\Produktion\Pipeline\Apic_Maya_Pipeline\Python\render_vault\settings\config.json
[2023-08-08 15:02:40,509][ApicWS10][INFO] starting Render Vault...
[2023-08-08 15:06:02,441][ApicWS10][INFO] saving settings to \\apicnas\Produktion\Pipeline\Apic_Maya_Pipeline\Python\render_vault\settings\config.json
[2023-08-08 15:07:20,918][ApicWS10][INFO] starting Render Vault...
[2023-08-08 15:07:39,003][ApicWS10][INFO] saving settings to \\apicnas\Produktion\Pipeline\Apic_Maya_Pipeline\Python\render_vault\settings\config.json
[2023-08-08 15:09:53,469][ApicWS10][INFO] starting Render Vault...
[2023-08-08 15:10:49,796][ApicWS10][INFO] starting Render Vault...
[2023-08-08 15:11:06,758][ApicWS10][INFO] saving settings to \\apicnas\Produktion\Pipeline\Apic_Maya_Pipeline\Python\render_vault\settings\config.json
[2023-08-08 15:12:05,036][ApicWS10][INFO] starting Render Vault...
[2023-08-08 15:12:12,284][ApicWS10][INFO] saving settings to \\apicnas\Produktion\Pipeline\Apic_Maya_Pipeline\Python\render_vault\settings\config.json
[2023-08-08 15:12:17,878][ApicWS10][INFO] saving settings to \\apicnas\Produktion\Pipeline\Apic_Maya_Pipeline\Python\render_vault\settings\config.json
[2023-08-08 15:13:22,756][ApicWS10][INFO] saving settings to \\apicnas\Produktion\Pipeline\Apic_Maya_Pipeline\Python\render_vault\settings\config.json
[2023-08-08 15:16:40,793][ApicWS10][INFO] starting Render Vault...
[2023-08-08 15:59:25,877][ApicWS10][INFO] starting Render Vault...
[2023-08-08 16:06:41,168][ApicWS10][INFO] imported material C:\Users\TheApic\Desktop\MaterialPool\Materials\akku_sticker_mtl.mb
[2023-08-08 16:09:13,062][ApicWS10][INFO] saving settings to \\apicnas\Produktion\Pipeline\Apic_Maya_Pipeline\Python\render_vault\settings\config.json
[2023-08-08 16:09:23,651][ApicWS10][INFO] starting Render Vault...
[2023-08-08 16:09:32,709][ApicWS10][INFO] imported model C:\Users\TheApic\Desktop\ModelPool\Models\Motor.mb
[2023-08-08 16:10:37,550][ApicWS10][INFO] starting Render Vault...
[2023-08-08 16:10:52,624][ApicWS10][INFO] imported model C:\Users\TheApic\Desktop\ModelPool\Models\Motor.mb
[2023-08-08 16:11:46,095][ApicWS10][INFO] imported model C:\Users\TheApic\Desktop\ModelPool\Models\Motorhülle.mb
[2023-08-08 16:11:59,657][ApicWS10][INFO] imported model C:\Users\TheApic\Desktop\ModelPool\Models\Cube.ma
[2023-08-08 16:12:06,023][ApicWS10][INFO] imported model C:\Users\TheApic\Desktop\ModelPool\Models\Motorhülle.mb
[2023-08-08 16:17:09,303][ApicWS10][INFO] saving settings to \\apicnas\Produktion\Pipeline\Apic_Maya_Pipeline\Python\render_vault\settings\config.json
[2023-08-08 16:17:15,828][ApicWS10][INFO] starting Render Vault...
[2023-08-08 16:17:38,461][ApicWS10][INFO] saving settings to \\apicnas\Produktion\Pipeline\Apic_Maya_Pipeline\Python\render_vault\settings\config.json
[2023-08-08 16:23:54,544][ApicWS10][INFO] starting Render Vault...
[2023-08-08 16:23:56,036][ApicWS10][INFO] saving settings to \\apicnas\Produktion\Pipeline\Apic_Maya_Pipeline\Python\render_vault\settings\config.json
[2023-08-08 16:24:04,524][ApicWS10][INFO] starting Render Vault...
[2023-08-08 16:24:05,795][ApicWS10][INFO] saving settings to \\apicnas\Produktion\Pipeline\Apic_Maya_Pipeline\Python\render_vault\settings\config.json
[2023-08-08 16:24:17,736][ApicWS10][INFO] starting Render Vault...
[2023-08-08 16:24:19,695][ApicWS10][INFO] saving settings to \\apicnas\Produktion\Pipeline\Apic_Maya_Pipeline\Python\render_vault\settings\config.json
[2023-08-08 16:24:32,914][ApicWS10][INFO] starting Render Vault...
[2023-08-08 16:24:36,252][ApicWS10][INFO] saving settings to \\apicnas\Produktion\Pipeline\Apic_Maya_Pipeline\Python\render_vault\settings\config.json
[2023-08-08 16:24:47,537][ApicWS10][INFO] starting Render Vault...
[2023-08-08 16:24:49,887][ApicWS10][INFO] saving settings to \\apicnas\Produktion\Pipeline\Apic_Maya_Pipeline\Python\render_vault\settings\config.json
[2023-08-08 16:25:05,370][ApicWS10][INFO] starting Render Vault...
[2023-08-08 16:25:13,705][ApicWS10][INFO] saving settings to \\apicnas\Produktion\Pipeline\Apic_Maya_Pipeline\Python\render_vault\settings\config.json
[2023-08-08 16:25:33,781][ApicWS10][INFO] starting Render Vault...
[2023-08-08 16:25:39,707][ApicWS10][INFO] saving settings to \\apicnas\Produktion\Pipeline\Apic_Maya_Pipeline\Python\render_vault\settings\config.json
[2023-08-08 16:28:49,977][ApicWS10][INFO] starting Render Vault...
[2023-08-08 16:28:52,860][ApicWS10][INFO] saving settings to \\apicnas\Produktion\Pipeline\Apic_Maya_Pipeline\Python\render_vault\settings\config.json
[2023-08-08 16:28:58,394][ApicWS10][INFO] starting Render Vault...
[2023-08-08 16:29:00,215][ApicWS10][INFO] saving settings to \\apicnas\Produktion\Pipeline\Apic_Maya_Pipeline\Python\render_vault\settings\config.json
[2023-08-08 16:34:35,434][ApicWS10][INFO] starting Render Vault...
[2023-08-08 16:35:10,958][ApicWS10][INFO] saving settings to \\apicnas\Produktion\Pipeline\Apic_Maya_Pipeline\Python\render_vault\settings\config.json
[2023-08-08 16:35:36,657][ApicWS10][INFO] starting Render Vault...
[2023-08-08 16:35:39,645][ApicWS10][INFO] saving settings to \\apicnas\Produktion\Pipeline\Apic_Maya_Pipeline\Python\render_vault\settings\config.json
[2023-08-08 16:35:45,853][ApicWS10][INFO] starting Render Vault...
[2023-08-08 16:36:00,301][ApicWS10][INFO] saving settings to \\apicnas\Produktion\Pipeline\Apic_Maya_Pipeline\Python\render_vault\settings\config.json
[2023-08-08 17:16:28,327][ApicWS10][INFO] starting Render Vault...
[2023-08-08 17:21:11,155][ApicWS10][INFO] Saved Scrrenshot in C:\Users\TheApic\Desktop\ModelPool\Thumbnails\Cube.png
[2023-08-08 17:21:25,911][ApicWS10][INFO] Saved Scrrenshot in C:\Users\TheApic\Desktop\ModelPool\Thumbnails\Cube.png
[2023-08-08 17:22:10,451][ApicWS10][INFO] Saved Scrrenshot in C:\Users\TheApic\Desktop\ModelPool\Thumbnails\Was des.png
[2023-08-08 17:22:22,412][ApicWS10][INFO] imported model C:\Users\TheApic\Desktop\ModelPool\Models\Was des.mb
[2023-08-08 17:22:26,201][ApicWS10][INFO] referenced model C:\Users\TheApic\Desktop\ModelPool\Models\Was des.mb
[2023-08-08 17:22:37,351][ApicWS10][INFO] deleted C:\Users\TheApic\Desktop\ModelPool\Thumbnails\Was des.png
[2023-08-08 17:22:37,355][ApicWS10][INFO] deleted C:\Users\TheApic\Desktop\ModelPool\Models\Was des.mb
[2023-08-08 17:23:06,055][ApicWS10][INFO] initializing maya standalone...
[2023-08-08 17:23:17,460][ApicWS10][INFO] loading render scene: //APICNAS/Produktion/Ressources/Library/3D_Modelle/_ShaderBall_Maya/_DEV/MaterialDev_Ref_ACES.mb
[2023-08-08 17:23:20,189][ApicWS10][INFO] imported C:\Users\TheApic\Desktop\MaterialPool\Materials\Abschatter_innen.mb
[2023-08-08 17:23:20,210][ApicWS10][INFO] imported C:\Users\TheApic\Desktop\MaterialPool\Materials\akku_sticker_BlendMtl.mb
[2023-08-08 17:23:20,223][ApicWS10][INFO] imported C:\Users\TheApic\Desktop\MaterialPool\Materials\akku_sticker_mtl.mb
[2023-08-08 17:23:20,240][ApicWS10][INFO] imported C:\Users\TheApic\Desktop\MaterialPool\Materials\Aluminium_matt_mtl.mb
[2023-08-08 17:23:20,258][ApicWS10][INFO] imported C:\Users\TheApic\Desktop\MaterialPool\Materials\Blech_gelb_lackiert.mb
[2023-08-08 17:23:20,276][ApicWS10][INFO] imported C:\Users\TheApic\Desktop\MaterialPool\Materials\Chrom.mb
[2023-08-08 17:23:20,292][ApicWS10][INFO] imported C:\Users\TheApic\Desktop\MaterialPool\Materials\Glas.mb
[2023-08-08 17:23:20,308][ApicWS10][INFO] imported C:\Users\TheApic\Desktop\MaterialPool\Materials\Glas_blurry.mb
[2023-08-08 17:23:20,324][ApicWS10][INFO] imported C:\Users\TheApic\Desktop\MaterialPool\Materials\Gummi.mb
[2023-08-08 17:23:20,340][ApicWS10][INFO] imported C:\Users\TheApic\Desktop\MaterialPool\Materials\Kaercher_HERO_staubgrau_mtl.mb
[2023-08-08 17:23:20,358][ApicWS10][INFO] imported C:\Users\TheApic\Desktop\MaterialPool\Materials\Kaercher_Logo.mb
[2023-08-08 17:23:20,374][ApicWS10][INFO] imported C:\Users\TheApic\Desktop\MaterialPool\Materials\Kaercher_Plastik_basaltgrau_mtl.mb
[2023-08-08 17:23:20,393][ApicWS10][INFO] imported C:\Users\TheApic\Desktop\MaterialPool\Materials\Kaercher_Plastik_basaltgrau_Muster_mtl.mb
[2023-08-08 17:23:20,410][ApicWS10][INFO] imported C:\Users\TheApic\Desktop\MaterialPool\Materials\Kaercher_Plastik_gelb.mb
[2023-08-08 17:23:20,428][ApicWS10][INFO] imported C:\Users\TheApic\Desktop\MaterialPool\Materials\Kaercher_Plastik_gelb_Muster_mtl.mb
[2023-08-08 17:23:20,444][ApicWS10][INFO] imported C:\Users\TheApic\Desktop\MaterialPool\Materials\Kaercher_Plastik_staubgrau_hart_mtl.mb
[2023-08-08 17:23:20,460][ApicWS10][INFO] imported C:\Users\TheApic\Desktop\MaterialPool\Materials\Kaercher_Plastik_staubgrau_mtl.mb
[2023-08-08 17:23:20,475][ApicWS10][INFO] imported C:\Users\TheApic\Desktop\MaterialPool\Materials\Kaercher_Plastik_staubgrau_mtl1.mb
[2023-08-08 17:23:20,493][ApicWS10][INFO] imported C:\Users\TheApic\Desktop\MaterialPool\Materials\Kaercher_Plastik_staubgrau_Muster_mtl.mb
[2023-08-08 17:23:20,510][ApicWS10][INFO] imported C:\Users\TheApic\Desktop\MaterialPool\Materials\Kaercher_Plastik_verkehrsschwarz_mtl.mb
[2023-08-08 17:23:20,529][ApicWS10][INFO] imported C:\Users\TheApic\Desktop\MaterialPool\Materials\Kaercher_Plastik_verkehrsschwarz_Muster_mtl.mb
[2023-08-08 17:23:20,549][ApicWS10][INFO] imported C:\Users\TheApic\Desktop\MaterialPool\Materials\Metall_brushed_steel_mtl.mb
[2023-08-08 17:23:20,566][ApicWS10][INFO] imported C:\Users\TheApic\Desktop\MaterialPool\Materials\Metall_dunkel_Shdr.mb
[2023-08-08 17:23:20,588][ApicWS10][INFO] imported C:\Users\TheApic\Desktop\MaterialPool\Materials\Metall_grau_lackiert.mb
[2023-08-08 17:23:20,604][ApicWS10][INFO] imported C:\Users\TheApic\Desktop\MaterialPool\Materials\Metall_schwarz.mb
[2023-08-08 17:23:20,625][ApicWS10][INFO] imported C:\Users\TheApic\Desktop\MaterialPool\Materials\Metall_Shdr.mb
[2023-08-08 17:23:20,648][ApicWS10][INFO] imported C:\Users\TheApic\Desktop\MaterialPool\Materials\Metall_Staubgrau_mtl.mb
[2023-08-08 17:23:20,665][ApicWS10][INFO] imported C:\Users\TheApic\Desktop\MaterialPool\Materials\Metal_clean_Shdr.mb
[2023-08-08 17:23:20,684][ApicWS10][INFO] imported C:\Users\TheApic\Desktop\MaterialPool\Materials\metal_matte_5_mtl.mb
[2023-08-08 17:23:20,702][ApicWS10][INFO] imported C:\Users\TheApic\Desktop\MaterialPool\Materials\metal_matte_7_mtl.mb
[2023-08-08 17:23:20,718][ApicWS10][INFO] imported C:\Users\TheApic\Desktop\MaterialPool\Materials\Plastik_grau_glatt.mb
[2023-08-08 17:23:20,735][ApicWS10][INFO] imported C:\Users\TheApic\Desktop\MaterialPool\Materials\Plastik_schwarz.mb
[2023-08-08 17:23:20,754][ApicWS10][INFO] imported C:\Users\TheApic\Desktop\MaterialPool\Materials\Plastik_schwarz_glossy.mb
[2023-08-08 17:23:20,770][ApicWS10][INFO] imported C:\Users\TheApic\Desktop\MaterialPool\Materials\Plastik_schwarz_matt.mb
[2023-08-08 17:23:20,788][ApicWS10][INFO] imported C:\Users\TheApic\Desktop\MaterialPool\Materials\Plastik_schwarz_vrscan_mtl.mb
[2023-08-08 17:23:20,804][ApicWS10][INFO] imported C:\Users\TheApic\Desktop\MaterialPool\Materials\Plastik_weis.mb
[2023-08-08 17:23:20,819][ApicWS10][INFO] imported C:\Users\TheApic\Desktop\MaterialPool\Materials\Primer.mb
[2023-08-08 17:23:20,834][ApicWS10][INFO] imported C:\Users\TheApic\Desktop\MaterialPool\Materials\Primer_schwarz.mb
[2023-08-08 17:23:20,850][ApicWS10][INFO] imported C:\Users\TheApic\Desktop\MaterialPool\Materials\Reifen_dunkel_mtl.mb
[2023-08-08 17:23:20,865][ApicWS10][INFO] imported C:\Users\TheApic\Desktop\MaterialPool\Materials\Reifen_hellgrau.mb
[2023-08-08 17:23:20,886][ApicWS10][INFO] imported C:\Users\TheApic\Desktop\MaterialPool\Materials\Schrauben_Metal_Shdr.mb
[2023-08-08 17:23:20,903][ApicWS10][INFO] imported C:\Users\TheApic\Desktop\MaterialPool\Materials\Schrauben_schwarz_Shdr.mb
[2023-08-08 17:23:20,919][ApicWS10][INFO] imported C:\Users\TheApic\Desktop\MaterialPool\Materials\Screen.mb
[2023-08-08 17:23:20,935][ApicWS10][INFO] imported C:\Users\TheApic\Desktop\MaterialPool\Materials\Signet_schwarz.mb
[2023-08-08 17:23:20,955][ApicWS10][INFO] imported C:\Users\TheApic\Desktop\MaterialPool\Materials\Signet_Silber.mb
[2023-08-08 17:23:20,956][ApicWS10][INFO] rendering Abschatter_innen
[2023-08-08 17:23:20,956][ApicWS10][INFO] rendering Primer_schwarz
[2023-08-08 17:23:20,956][ApicWS10][INFO] rendering akku_sticker_mtl
[2023-08-08 17:23:20,956][ApicWS10][INFO] rendering akku_sticker_BlendMtl
[2023-08-08 17:23:20,957][ApicWS10][INFO] rendering akku_sticker_mtl_akku_sticker_mtl
[2023-08-08 17:23:20,957][ApicWS10][INFO] rendering Aluminium_matt_mtl
[2023-08-08 17:23:20,957][ApicWS10][INFO] rendering Blech_gelb_lackiert
[2023-08-08 17:23:20,957][ApicWS10][INFO] rendering Chrom
[2023-08-08 17:23:20,957][ApicWS10][INFO] rendering Glas
[2023-08-08 17:23:20,958][ApicWS10][INFO] rendering Glas_blurry
[2023-08-08 17:23:20,958][ApicWS10][INFO] rendering Gummi
[2023-08-08 17:23:20,958][ApicWS10][INFO] rendering Kaercher_HERO_staubgrau_mtl
[2023-08-08 17:23:20,958][ApicWS10][INFO] rendering Kaercher_Logo
[2023-08-08 17:23:20,959][ApicWS10][INFO] rendering Kaercher_Plastik_basaltgrau_mtl
[2023-08-08 17:23:20,959][ApicWS10][INFO] rendering Kaercher_Plastik_basaltgrau_Muster_mtl
[2023-08-08 17:23:20,959][ApicWS10][INFO] rendering Kaercher_Plastik_gelb
[2023-08-08 17:23:20,959][ApicWS10][INFO] rendering Kaercher_Plastik_gelb_Muster_mtl
[2023-08-08 17:23:20,959][ApicWS10][INFO] rendering Kaercher_Plastik_staubgrau_hart_mtl
[2023-08-08 17:23:20,960][ApicWS10][INFO] rendering Kaercher_Plastik_staubgrau_mtl
[2023-08-08 17:23:20,960][ApicWS10][INFO] rendering Kaercher_Plastik_staubgrau_mtl1
[2023-08-08 17:23:20,960][ApicWS10][INFO] rendering Kaercher_Plastik_staubgrau_Muster_mtl
[2023-08-08 17:23:20,961][ApicWS10][INFO] rendering Kaercher_Plastik_verkehrsschwarz_mtl
[2023-08-08 17:23:20,961][ApicWS10][INFO] rendering Kaercher_Plastik_verkehrsschwarz_Muster_mtl
[2023-08-08 17:23:20,961][ApicWS10][INFO] rendering Metall_brushed_steel_mtl
[2023-08-08 17:23:20,961][ApicWS10][INFO] rendering Metall_dunkel_Shdr
[2023-08-08 17:23:20,961][ApicWS10][INFO] rendering Metall_grau_lackiert
[2023-08-08 17:23:20,962][ApicWS10][INFO] rendering Metall_schwarz
[2023-08-08 17:23:20,962][ApicWS10][INFO] rendering Metall_Shdr
[2023-08-08 17:23:20,962][ApicWS10][INFO] rendering Metall_Staubgrau_mtl
[2023-08-08 17:23:20,962][ApicWS10][INFO] rendering Metal_clean_Shdr
[2023-08-08 17:23:20,962][ApicWS10][INFO] rendering metal_matte_5_mtl
[2023-08-08 17:23:20,963][ApicWS10][INFO] rendering metal_matte_7_mtl
[2023-08-08 17:23:20,963][ApicWS10][INFO] rendering Plastik_grau_glatt
[2023-08-08 17:23:20,963][ApicWS10][INFO] rendering Plastik_schwarz
[2023-08-08 17:23:20,963][ApicWS10][INFO] rendering Plastik_schwarz_glossy
[2023-08-08 17:23:20,963][ApicWS10][INFO] rendering Plastik_schwarz_matt
[2023-08-08 17:23:20,964][ApicWS10][INFO] rendering Plastik_schwarz_vrscan_mtl
[2023-08-08 17:23:20,964][ApicWS10][INFO] rendering Plastik_weis
[2023-08-08 17:23:20,964][ApicWS10][INFO] rendering Primer
[2023-08-08 17:23:20,964][ApicWS10][INFO] rendering Primer_schwarz_Primer_schwarz
[2023-08-08 17:23:20,964][ApicWS10][INFO] rendering Reifen_dunkel_mtl
[2023-08-08 17:23:20,965][ApicWS10][INFO] rendering Reifen_hellgrau
[2023-08-08 17:23:20,965][ApicWS10][INFO] rendering Schrauben_Metal_Shdr
[2023-08-08 17:23:20,965][ApicWS10][INFO] rendering Schrauben_schwarz_Shdr
[2023-08-08 17:23:20,965][ApicWS10][INFO] rendering Screen
[2023-08-08 17:23:20,965][ApicWS10][INFO] rendering Signet_schwarz
[2023-08-08 17:23:20,966][ApicWS10][INFO] rendering Signet_Silber
