[2023-09-25 09:59:41,629][ApicWS10][INFO] starting Render Vault...
[2023-09-25 09:59:41,668][ApicWS10][ERROR] settings path \\apicnas\Produktion\Pipeline\Apic_Maya_Pipeline\Python\render_vault\settings\config-ApicWS10.json does not exist
[2023-09-25 09:59:43,819][ApicWS10][INFO] updated settings manager values.
[2023-09-25 09:59:43,822][ApicWS10][INFO] saving settings to \\apicnas\Produktion\Pipeline\Apic_Maya_Pipeline\Python\render_vault\settings\config-ApicWS10.json
[2023-09-25 10:10:14,240][ApicWS10][INFO] starting Render Vault...
[2023-09-25 10:10:14,284][ApicWS10][INFO] loading settings from \\apicnas\Produktion\Pipeline\Apic_Maya_Pipeline\Python\render_vault\settings\config.json
[2023-09-25 10:13:57,966][ApicWS10][INFO] updated settings manager values.
[2023-09-25 10:13:57,975][ApicWS10][INFO] saving settings to \\apicnas\Produktion\Pipeline\Apic_Maya_Pipeline\Python\render_vault\settings\config.json
[2023-09-25 12:02:02,144][ApicWS08][INFO] starting Render Vault...
[2023-09-25 12:02:02,199][ApicWS08][INFO] loading settings from \\APICNAS\Produktion\Pipeline\Apic_Maya_Pipeline\Python\render_vault\settings\config.json
[2023-09-25 12:03:45,033][ApicWS08][INFO] referenced material \\apicnas\Produktion\Projekte\_CLIENT_Lib\ARNO\3D\440_shader\MaterialPool\Materials\einsatz_gold_mtl.mb
[2023-09-25 12:03:45,826][ApicWS08][INFO] updated settings manager values.
[2023-09-25 12:03:45,828][ApicWS08][INFO] saving settings to \\APICNAS\Produktion\Pipeline\Apic_Maya_Pipeline\Python\render_vault\settings\config.json
[2023-09-25 12:26:03,590][ApicWS10][INFO] starting Render Vault...
[2023-09-25 12:26:03,652][ApicWS10][INFO] loading settings from \\apicnas\Produktion\Pipeline\Apic_Maya_Pipeline\Python\render_vault\settings\config.json
[2023-09-25 12:37:08,088][ApicWS10][INFO] updated settings manager values.
[2023-09-25 12:37:08,091][ApicWS10][INFO] saving settings to \\apicnas\Produktion\Pipeline\Apic_Maya_Pipeline\Python\render_vault\settings\config.json
[2023-09-25 12:38:02,093][ApicWS10][INFO] starting Render Vault...
[2023-09-25 12:38:02,138][ApicWS10][INFO] loading settings from \\apicnas\Produktion\Pipeline\Apic_Maya_Pipeline\Python\render_vault\settings\config.json
[2023-09-25 12:38:40,123][ApicWS10][INFO] updated settings manager values.
[2023-09-25 12:38:40,126][ApicWS10][INFO] saving settings to \\apicnas\Produktion\Pipeline\Apic_Maya_Pipeline\Python\render_vault\settings\config.json
[2023-09-25 12:38:44,353][ApicWS10][INFO] starting Render Vault...
[2023-09-25 12:38:44,396][ApicWS10][INFO] loading settings from \\apicnas\Produktion\Pipeline\Apic_Maya_Pipeline\Python\render_vault\settings\config.json
[2023-09-25 13:13:32,455][ApicWS10][INFO] updated settings manager values.
[2023-09-25 13:13:32,462][ApicWS10][INFO] saving settings to \\apicnas\Produktion\Pipeline\Apic_Maya_Pipeline\Python\render_vault\settings\config.json
[2023-09-25 13:13:34,282][ApicWS10][INFO] starting Render Vault...
[2023-09-25 13:13:34,323][ApicWS10][INFO] loading settings from \\apicnas\Produktion\Pipeline\Apic_Maya_Pipeline\Python\render_vault\settings\config.json
[2023-09-25 13:13:58,364][ApicWS10][INFO] updated settings manager values.
[2023-09-25 13:13:58,371][ApicWS10][INFO] saving settings to \\apicnas\Produktion\Pipeline\Apic_Maya_Pipeline\Python\render_vault\settings\config.json
[2023-09-25 13:14:00,641][ApicWS10][INFO] starting Render Vault...
[2023-09-25 13:14:00,679][ApicWS10][INFO] loading settings from \\apicnas\Produktion\Pipeline\Apic_Maya_Pipeline\Python\render_vault\settings\config.json
[2023-09-25 13:14:50,820][ApicWS10][INFO] starting Render Vault...
[2023-09-25 13:14:50,865][ApicWS10][INFO] loading settings from \\apicnas\Produktion\Pipeline\Apic_Maya_Pipeline\Python\render_vault\settings\config.json
[2023-09-25 13:16:26,399][ApicWS10][INFO] updated settings manager values.
[2023-09-25 13:16:26,403][ApicWS10][INFO] saving settings to \\apicnas\Produktion\Pipeline\Apic_Maya_Pipeline\Python\render_vault\settings\config.json
[2023-09-25 13:16:30,060][ApicWS10][INFO] starting Render Vault...
[2023-09-25 13:16:30,100][ApicWS10][INFO] loading settings from \\apicnas\Produktion\Pipeline\Apic_Maya_Pipeline\Python\render_vault\settings\config.json
[2023-09-25 13:17:19,884][ApicWS10][INFO] updated settings manager values.
[2023-09-25 13:17:19,887][ApicWS10][INFO] saving settings to \\apicnas\Produktion\Pipeline\Apic_Maya_Pipeline\Python\render_vault\settings\config.json
[2023-09-25 13:47:38,413][ApicWS10][INFO] imported model \\apicnas\Produktion\Projekte\_CLIENT_Lib\BOSCH\400_3D\420_assets_references_data\ModelPool\Models\smooth_grains.mb
[2023-09-25 14:56:08,103][ApicWS10][INFO] updated settings manager values.
[2023-09-25 14:56:08,106][ApicWS10][INFO] saving settings to \\apicnas\Produktion\Pipeline\Apic_Maya_Pipeline\Python\render_vault\settings\config.json
[2023-09-25 17:32:12,503][ApicWS08][INFO] starting Render Vault...
[2023-09-25 17:32:12,578][ApicWS08][INFO] loading settings from \\APICNAS\Produktion\Pipeline\Apic_Maya_Pipeline\Python\render_vault\settings\config.json
[2023-09-25 17:32:21,779][ApicWS08][INFO] imported model \\apicnas\Produktion\Projekte\_CLIENT_Lib\BOSCH\400_3D\420_assets_references_data\ModelPool\Models\SamplePart_Pipe.mb
[2023-09-25 17:32:23,082][ApicWS08][INFO] updated settings manager values.
[2023-09-25 17:32:23,085][ApicWS08][INFO] saving settings to \\APICNAS\Produktion\Pipeline\Apic_Maya_Pipeline\Python\render_vault\settings\config.json
[2023-09-25 17:35:25,494][ApicWS08][INFO] imported material layered_print_offwhite_mtl
[2023-09-25 17:35:26,903][ApicWS08][INFO] updated settings manager values.
[2023-09-25 17:35:26,905][ApicWS08][INFO] saving settings to \\APICNAS\Produktion\Pipeline\Apic_Maya_Pipeline\Python\render_vault\settings\config.json
[2023-09-25 18:06:03,274][ApicWS08][INFO] starting Render Vault...
[2023-09-25 18:06:03,333][ApicWS08][INFO] loading settings from \\APICNAS\Produktion\Pipeline\Apic_Maya_Pipeline\Python\render_vault\settings\config.json
[2023-09-25 18:06:37,866][ApicWS08][INFO] imported model \\apicnas\Produktion\Projekte\_CLIENT_Lib\BOSCH\400_3D\420_assets_references_data\ModelPool\Models\SamplePart_08.mb
