[2023-08-09 12:10:08,758][ApicWS10][INFO] starting Render Vault...
[2023-08-09 12:10:51,209][ApicWS10][INFO] saving settings to \\apicnas\Produktion\Pipeline\Apic_Maya_Pipeline\Python\render_vault\settings\config.json
[2023-08-09 12:11:10,621][ApicWS10][ERROR] path: C:/Users/TheApic/Desktop/Test\MaterialPool already exists
[2023-08-09 12:11:10,625][ApicWS10][ERROR] path: C:/Users/TheApic/Desktop/Test\MaterialPool\Materials already exists
[2023-08-09 12:11:10,627][ApicWS10][ERROR] path: C:/Users/TheApic/Desktop/Test\MaterialPool\Textures already exists
[2023-08-09 12:11:10,628][ApicWS10][ERROR] path: C:/Users/TheApic/Desktop/Test\MaterialPool\Thumbnails already exists
[2023-08-09 12:11:10,629][ApicWS10][INFO] created new material pool in C:/Users/TheApic/Desktop/Test
[2023-08-09 12:14:24,769][ApicWS10][INFO] saving settings to \\apicnas\Produktion\Pipeline\Apic_Maya_Pipeline\Python\render_vault\settings\config.json
[2023-08-09 12:14:27,165][ApicWS10][INFO] starting Render Vault...
[2023-08-09 12:16:01,369][ApicWS10][INFO] initializing maya standalone...
[2023-08-09 12:16:12,588][ApicWS10][INFO] loading render scene: W:/Ressources/Library/3D_Modelle/_ShaderBall_Maya/_DEV/MaterialDev_REF_ACES.mb
[2023-08-09 12:16:16,166][ApicWS10][INFO] imported C:\Users\TheApic\Desktop\MaterialPool\Materials\Abschatter_innen.mb
[2023-08-09 12:16:16,189][ApicWS10][INFO] imported C:\Users\TheApic\Desktop\MaterialPool\Materials\akku_sticker_BlendMtl.mb
[2023-08-09 12:16:16,208][ApicWS10][INFO] imported C:\Users\TheApic\Desktop\MaterialPool\Materials\akku_sticker_mtl.mb
[2023-08-09 12:16:16,226][ApicWS10][INFO] imported C:\Users\TheApic\Desktop\MaterialPool\Materials\Aluminium_matt_mtl.mb
[2023-08-09 12:16:16,244][ApicWS10][INFO] imported C:\Users\TheApic\Desktop\MaterialPool\Materials\Blech_gelb_lackiert.mb
[2023-08-09 12:16:16,261][ApicWS10][INFO] imported C:\Users\TheApic\Desktop\MaterialPool\Materials\Chrom.mb
[2023-08-09 12:16:16,278][ApicWS10][INFO] imported C:\Users\TheApic\Desktop\MaterialPool\Materials\Glas.mb
[2023-08-09 12:16:16,295][ApicWS10][INFO] imported C:\Users\TheApic\Desktop\MaterialPool\Materials\Glas_blurry.mb
[2023-08-09 12:16:16,312][ApicWS10][INFO] imported C:\Users\TheApic\Desktop\MaterialPool\Materials\Gummi.mb
[2023-08-09 12:16:16,331][ApicWS10][INFO] imported C:\Users\TheApic\Desktop\MaterialPool\Materials\Kaercher_HERO_staubgrau_mtl.mb
[2023-08-09 12:16:16,350][ApicWS10][INFO] imported C:\Users\TheApic\Desktop\MaterialPool\Materials\Kaercher_Logo.mb
[2023-08-09 12:16:16,367][ApicWS10][INFO] imported C:\Users\TheApic\Desktop\MaterialPool\Materials\Kaercher_Plastik_basaltgrau_mtl.mb
[2023-08-09 12:16:16,387][ApicWS10][INFO] imported C:\Users\TheApic\Desktop\MaterialPool\Materials\Kaercher_Plastik_basaltgrau_Muster_mtl.mb
[2023-08-09 12:16:16,406][ApicWS10][INFO] imported C:\Users\TheApic\Desktop\MaterialPool\Materials\Kaercher_Plastik_gelb.mb
[2023-08-09 12:16:16,426][ApicWS10][INFO] imported C:\Users\TheApic\Desktop\MaterialPool\Materials\Kaercher_Plastik_gelb_Muster_mtl.mb
[2023-08-09 12:16:16,443][ApicWS10][INFO] imported C:\Users\TheApic\Desktop\MaterialPool\Materials\Kaercher_Plastik_staubgrau_hart_mtl.mb
[2023-08-09 12:16:16,461][ApicWS10][INFO] imported C:\Users\TheApic\Desktop\MaterialPool\Materials\Kaercher_Plastik_staubgrau_mtl.mb
[2023-08-09 12:16:16,480][ApicWS10][INFO] imported C:\Users\TheApic\Desktop\MaterialPool\Materials\Kaercher_Plastik_staubgrau_mtl1.mb
[2023-08-09 12:16:16,500][ApicWS10][INFO] imported C:\Users\TheApic\Desktop\MaterialPool\Materials\Kaercher_Plastik_staubgrau_Muster_mtl.mb
[2023-08-09 12:16:16,519][ApicWS10][INFO] imported C:\Users\TheApic\Desktop\MaterialPool\Materials\Kaercher_Plastik_verkehrsschwarz_mtl.mb
[2023-08-09 12:16:16,538][ApicWS10][INFO] imported C:\Users\TheApic\Desktop\MaterialPool\Materials\Kaercher_Plastik_verkehrsschwarz_Muster_mtl.mb
[2023-08-09 12:16:16,559][ApicWS10][INFO] imported C:\Users\TheApic\Desktop\MaterialPool\Materials\Metall_brushed_steel_mtl.mb
[2023-08-09 12:16:16,577][ApicWS10][INFO] imported C:\Users\TheApic\Desktop\MaterialPool\Materials\Metall_dunkel_Shdr.mb
[2023-08-09 12:16:16,599][ApicWS10][INFO] imported C:\Users\TheApic\Desktop\MaterialPool\Materials\Metall_grau_lackiert.mb
[2023-08-09 12:16:16,616][ApicWS10][INFO] imported C:\Users\TheApic\Desktop\MaterialPool\Materials\Metall_schwarz.mb
[2023-08-09 12:16:16,633][ApicWS10][INFO] imported C:\Users\TheApic\Desktop\MaterialPool\Materials\Metall_Shdr.mb
[2023-08-09 12:16:16,655][ApicWS10][INFO] imported C:\Users\TheApic\Desktop\MaterialPool\Materials\Metall_Staubgrau_mtl.mb
[2023-08-09 12:16:16,672][ApicWS10][INFO] imported C:\Users\TheApic\Desktop\MaterialPool\Materials\Metal_clean_Shdr.mb
[2023-08-09 12:16:16,691][ApicWS10][INFO] imported C:\Users\TheApic\Desktop\MaterialPool\Materials\metal_matte_5_mtl.mb
[2023-08-09 12:16:16,709][ApicWS10][INFO] imported C:\Users\TheApic\Desktop\MaterialPool\Materials\metal_matte_7_mtl.mb
[2023-08-09 12:16:16,724][ApicWS10][INFO] imported C:\Users\TheApic\Desktop\MaterialPool\Materials\Plastik_grau_glatt.mb
[2023-08-09 12:16:16,741][ApicWS10][INFO] imported C:\Users\TheApic\Desktop\MaterialPool\Materials\Plastik_schwarz.mb
[2023-08-09 12:16:16,758][ApicWS10][INFO] imported C:\Users\TheApic\Desktop\MaterialPool\Materials\Plastik_schwarz_glossy.mb
[2023-08-09 12:16:16,774][ApicWS10][INFO] imported C:\Users\TheApic\Desktop\MaterialPool\Materials\Plastik_schwarz_matt.mb
[2023-08-09 12:16:16,791][ApicWS10][INFO] imported C:\Users\TheApic\Desktop\MaterialPool\Materials\Plastik_schwarz_vrscan_mtl.mb
[2023-08-09 12:16:16,808][ApicWS10][INFO] imported C:\Users\TheApic\Desktop\MaterialPool\Materials\Plastik_weis.mb
[2023-08-09 12:16:16,825][ApicWS10][INFO] imported C:\Users\TheApic\Desktop\MaterialPool\Materials\Primer.mb
[2023-08-09 12:16:16,842][ApicWS10][INFO] imported C:\Users\TheApic\Desktop\MaterialPool\Materials\Primer_schwarz.mb
[2023-08-09 12:16:16,858][ApicWS10][INFO] imported C:\Users\TheApic\Desktop\MaterialPool\Materials\Reifen_dunkel_mtl.mb
[2023-08-09 12:16:16,876][ApicWS10][INFO] imported C:\Users\TheApic\Desktop\MaterialPool\Materials\Reifen_hellgrau.mb
[2023-08-09 12:16:16,894][ApicWS10][INFO] imported C:\Users\TheApic\Desktop\MaterialPool\Materials\Schrauben_Metal_Shdr.mb
[2023-08-09 12:16:16,911][ApicWS10][INFO] imported C:\Users\TheApic\Desktop\MaterialPool\Materials\Schrauben_schwarz_Shdr.mb
[2023-08-09 12:16:16,929][ApicWS10][INFO] imported C:\Users\TheApic\Desktop\MaterialPool\Materials\Screen.mb
[2023-08-09 12:16:16,946][ApicWS10][INFO] imported C:\Users\TheApic\Desktop\MaterialPool\Materials\Signet_schwarz.mb
[2023-08-09 12:16:16,967][ApicWS10][INFO] imported C:\Users\TheApic\Desktop\MaterialPool\Materials\Signet_Silber.mb
[2023-08-09 12:16:16,968][ApicWS10][INFO] set v-ray as active renderer
[2023-08-09 12:16:16,969][ApicWS10][ERROR] setAttr: 'vraySettings.imageFormatStr' is not a simple numeric attribute.  Its values must be set with a -type flag.
Traceback (most recent call last):
  File "\\APICNAS\Produktion\Pipeline\Apic_Maya_Pipeline\Python\render_vault\controller\render_manager.py", line 80, in <module>
    RenderManager.run()
  File "\\APICNAS\Produktion\Pipeline\Apic_Maya_Pipeline\Python\render_vault\controller\render_manager.py", line 26, in run
    cls.renderer.render(cls.import_renderable_materials())
  File "\\APICNAS\Produktion\Pipeline\Apic_Maya_Pipeline\Python\render_vault\controller\renderer.py", line 185, in render
    self.set_render_settings()
  File "\\APICNAS\Produktion\Pipeline\Apic_Maya_Pipeline\Python\render_vault\controller\renderer.py", line 122, in set_render_settings
    cmds.setAttr("vraySettings.imageFormatStr", "png")
RuntimeError: setAttr: 'vraySettings.imageFormatStr' is not a simple numeric attribute.  Its values must be set with a -type flag.

[2023-08-09 12:17:32,693][ApicWS10][INFO] initializing maya standalone...
[2023-08-09 12:17:43,908][ApicWS10][INFO] loading render scene: W:/Ressources/Library/3D_Modelle/_ShaderBall_Maya/_DEV/MaterialDev_REF_ACES.mb
[2023-08-09 12:17:46,645][ApicWS10][INFO] imported C:\Users\TheApic\Desktop\Test\MaterialPool\Materials\Abschatter_innen.mb
[2023-08-09 12:17:46,666][ApicWS10][INFO] imported C:\Users\TheApic\Desktop\Test\MaterialPool\Materials\akku_sticker_BlendMtl.mb
[2023-08-09 12:17:46,679][ApicWS10][INFO] imported C:\Users\TheApic\Desktop\Test\MaterialPool\Materials\akku_sticker_mtl.mb
[2023-08-09 12:17:46,692][ApicWS10][INFO] imported C:\Users\TheApic\Desktop\Test\MaterialPool\Materials\Aluminium_matt_mtl.mb
[2023-08-09 12:17:46,693][ApicWS10][INFO] set v-ray as active renderer
[2023-08-09 12:17:46,694][ApicWS10][INFO] set v-ray render settings
[2023-08-09 12:17:46,694][ApicWS10][INFO] set image output path: C:\Users\TheApic\Desktop\Test\MaterialPool\Thumbnails\Abschatter_innen.png
[2023-08-09 12:17:46,696][ApicWS10][INFO] assigned Abschatter_innen to ShaderBall
[2023-08-09 12:17:46,701][ApicWS10][ERROR] Maya command error
Traceback (most recent call last):
  File "\\APICNAS\Produktion\Pipeline\Apic_Maya_Pipeline\Python\render_vault\controller\render_manager.py", line 80, in <module>
    RenderManager.run()
  File "\\APICNAS\Produktion\Pipeline\Apic_Maya_Pipeline\Python\render_vault\controller\render_manager.py", line 26, in run
    cls.renderer.render(cls.import_renderable_materials())
  File "\\APICNAS\Produktion\Pipeline\Apic_Maya_Pipeline\Python\render_vault\controller\renderer.py", line 190, in render
    cmds.vrend(camera=self.render_cam)
  File "<string>", line 2, in vrend
RuntimeError: Maya command error
[2023-08-09 12:22:07,063][ApicWS10][INFO] starting Render Vault...
[2023-08-09 12:22:14,523][ApicWS10][INFO] initializing maya standalone...
[2023-08-09 12:22:25,533][ApicWS10][INFO] loading render scene: W:/Ressources/Library/3D_Modelle/_ShaderBall_Maya/_DEV/MaterialDev_REF_ACES.mb
[2023-08-09 12:22:28,443][ApicWS10][INFO] imported C:\Users\TheApic\Desktop\Test\MaterialPool\Materials\Abschatter_innen.mb
[2023-08-09 12:22:28,460][ApicWS10][INFO] imported C:\Users\TheApic\Desktop\Test\MaterialPool\Materials\akku_sticker_BlendMtl.mb
[2023-08-09 12:22:28,472][ApicWS10][INFO] imported C:\Users\TheApic\Desktop\Test\MaterialPool\Materials\akku_sticker_mtl.mb
[2023-08-09 12:22:28,485][ApicWS10][INFO] imported C:\Users\TheApic\Desktop\Test\MaterialPool\Materials\Aluminium_matt_mtl.mb
[2023-08-09 12:22:28,485][ApicWS10][INFO] set v-ray as active renderer
[2023-08-09 12:22:28,487][ApicWS10][INFO] set v-ray render settings
[2023-08-09 12:22:28,487][ApicWS10][INFO] set image output path: C:\Users\TheApic\Desktop\Test\MaterialPool\Thumbnails\Abschatter_innen.png
[2023-08-09 12:22:28,488][ApicWS10][INFO] assigned Abschatter_innen to ShaderBall
[2023-08-09 12:22:28,493][ApicWS10][ERROR] Maya command error
Traceback (most recent call last):
  File "\\APICNAS\Produktion\Pipeline\Apic_Maya_Pipeline\Python\render_vault\controller\render_manager.py", line 80, in <module>
    RenderManager.run()
  File "\\APICNAS\Produktion\Pipeline\Apic_Maya_Pipeline\Python\render_vault\controller\render_manager.py", line 26, in run
    cls.renderer.render(cls.import_renderable_materials())
  File "\\APICNAS\Produktion\Pipeline\Apic_Maya_Pipeline\Python\render_vault\controller\renderer.py", line 189, in render
    cmds.vrend(camera=self.render_cam)
  File "<string>", line 2, in vrend
RuntimeError: Maya command error
[2023-08-09 12:25:16,521][ApicWS10][INFO] initializing maya standalone...
[2023-08-09 12:25:27,726][ApicWS10][INFO] loading render scene: W:/Ressources/Library/3D_Modelle/_ShaderBall_Maya/_DEV/MaterialDev_REF_ACES.mb
[2023-08-09 12:25:30,437][ApicWS10][INFO] imported C:\Users\TheApic\Desktop\Test\MaterialPool\Materials\Abschatter_innen.mb
[2023-08-09 12:25:30,455][ApicWS10][INFO] imported C:\Users\TheApic\Desktop\Test\MaterialPool\Materials\akku_sticker_BlendMtl.mb
[2023-08-09 12:25:30,474][ApicWS10][INFO] imported C:\Users\TheApic\Desktop\Test\MaterialPool\Materials\akku_sticker_mtl.mb
[2023-08-09 12:25:30,487][ApicWS10][INFO] imported C:\Users\TheApic\Desktop\Test\MaterialPool\Materials\Aluminium_matt_mtl.mb
[2023-08-09 12:25:30,488][ApicWS10][INFO] set v-ray as active renderer
[2023-08-09 12:25:30,489][ApicWS10][INFO] set v-ray render settings
[2023-08-09 12:25:30,489][ApicWS10][INFO] set image output path: C:\Users\TheApic\Desktop\Test\MaterialPool\Thumbnails\Abschatter_innen.png
[2023-08-09 12:25:30,490][ApicWS10][INFO] assigned Abschatter_innen to ShaderBall
[2023-08-09 12:25:30,496][ApicWS10][ERROR] Maya command error
Traceback (most recent call last):
  File "\\APICNAS\Produktion\Pipeline\Apic_Maya_Pipeline\Python\render_vault\controller\render_manager.py", line 80, in <module>
    RenderManager.run()
  File "\\APICNAS\Produktion\Pipeline\Apic_Maya_Pipeline\Python\render_vault\controller\render_manager.py", line 26, in run
    cls.renderer.render(cls.import_renderable_materials())
  File "\\APICNAS\Produktion\Pipeline\Apic_Maya_Pipeline\Python\render_vault\controller\renderer.py", line 189, in render
    cmds.vrend(camera="Camera_01")
  File "<string>", line 2, in vrend
RuntimeError: Maya command error
[2023-08-09 12:30:49,382][ApicWS10][INFO] initializing maya standalone...
[2023-08-09 12:31:00,331][ApicWS10][INFO] loading render scene: W:/Ressources/Library/3D_Modelle/_ShaderBall_Maya/_DEV/MaterialDev_REF_ACES.mb
[2023-08-09 12:31:03,007][ApicWS10][INFO] imported C:\Users\TheApic\Desktop\Test\MaterialPool\Materials\Abschatter_innen.mb
[2023-08-09 12:31:03,023][ApicWS10][INFO] imported C:\Users\TheApic\Desktop\Test\MaterialPool\Materials\akku_sticker_BlendMtl.mb
[2023-08-09 12:31:03,036][ApicWS10][INFO] imported C:\Users\TheApic\Desktop\Test\MaterialPool\Materials\akku_sticker_mtl.mb
[2023-08-09 12:31:03,048][ApicWS10][INFO] imported C:\Users\TheApic\Desktop\Test\MaterialPool\Materials\Aluminium_matt_mtl.mb
[2023-08-09 12:31:03,049][ApicWS10][INFO] set v-ray as active renderer
[2023-08-09 12:31:03,049][ApicWS10][INFO] set v-ray render settings
[2023-08-09 12:31:03,050][ApicWS10][INFO] set image output path: C:\Users\TheApic\Desktop\Test\MaterialPool\Thumbnails\Abschatter_innen.png
[2023-08-09 12:31:03,051][ApicWS10][INFO] assigned Abschatter_innen to ShaderBall
[2023-08-09 12:31:03,057][ApicWS10][ERROR] Error occurred during execution of MEL script
Traceback (most recent call last):
  File "\\APICNAS\Produktion\Pipeline\Apic_Maya_Pipeline\Python\render_vault\controller\render_manager.py", line 80, in <module>
    RenderManager.run()
  File "\\APICNAS\Produktion\Pipeline\Apic_Maya_Pipeline\Python\render_vault\controller\render_manager.py", line 26, in run
    cls.renderer.render(cls.import_renderable_materials())
  File "\\APICNAS\Produktion\Pipeline\Apic_Maya_Pipeline\Python\render_vault\controller\renderer.py", line 190, in render
    mel.eval(
RuntimeError: Error occurred during execution of MEL script
[2023-08-09 12:31:59,850][ApicWS10][INFO] initializing maya standalone...
[2023-08-09 12:32:10,802][ApicWS10][INFO] loading render scene: W:/Ressources/Library/3D_Modelle/_ShaderBall_Maya/_DEV/MaterialDev_REF_ACES.mb
[2023-08-09 12:32:13,443][ApicWS10][INFO] imported C:\Users\TheApic\Desktop\Test\MaterialPool\Materials\Abschatter_innen.mb
[2023-08-09 12:32:13,461][ApicWS10][INFO] imported C:\Users\TheApic\Desktop\Test\MaterialPool\Materials\akku_sticker_BlendMtl.mb
[2023-08-09 12:32:13,473][ApicWS10][INFO] imported C:\Users\TheApic\Desktop\Test\MaterialPool\Materials\akku_sticker_mtl.mb
[2023-08-09 12:32:13,486][ApicWS10][INFO] imported C:\Users\TheApic\Desktop\Test\MaterialPool\Materials\Aluminium_matt_mtl.mb
[2023-08-09 12:32:13,486][ApicWS10][INFO] set v-ray as active renderer
[2023-08-09 12:32:13,488][ApicWS10][INFO] set v-ray render settings
[2023-08-09 12:32:13,488][ApicWS10][INFO] set image output path: C:\Users\TheApic\Desktop\Test\MaterialPool\Thumbnails\Abschatter_innen.png
[2023-08-09 12:32:13,489][ApicWS10][INFO] assigned Abschatter_innen to ShaderBall
[2023-08-09 12:32:13,494][ApicWS10][ERROR] Error occurred during execution of MEL script
Traceback (most recent call last):
  File "\\APICNAS\Produktion\Pipeline\Apic_Maya_Pipeline\Python\render_vault\controller\render_manager.py", line 80, in <module>
    RenderManager.run()
  File "\\APICNAS\Produktion\Pipeline\Apic_Maya_Pipeline\Python\render_vault\controller\render_manager.py", line 26, in run
    cls.renderer.render(cls.import_renderable_materials())
  File "\\APICNAS\Produktion\Pipeline\Apic_Maya_Pipeline\Python\render_vault\controller\renderer.py", line 190, in render
    mel.eval("vrend -camera " + "persp" + ";")
RuntimeError: Error occurred during execution of MEL script
[2023-08-09 12:36:12,333][ApicWS10][INFO] initializing maya standalone...
[2023-08-09 12:36:23,267][ApicWS10][INFO] loading render scene: W:/Ressources/Library/3D_Modelle/_ShaderBall_Maya/_DEV/MaterialDev_REF_ACES.mb
[2023-08-09 12:36:25,932][ApicWS10][INFO] imported C:\Users\TheApic\Desktop\Test\MaterialPool\Materials\Abschatter_innen.mb
[2023-08-09 12:36:25,950][ApicWS10][INFO] imported C:\Users\TheApic\Desktop\Test\MaterialPool\Materials\akku_sticker_BlendMtl.mb
[2023-08-09 12:36:25,963][ApicWS10][INFO] imported C:\Users\TheApic\Desktop\Test\MaterialPool\Materials\akku_sticker_mtl.mb
[2023-08-09 12:36:25,976][ApicWS10][INFO] imported C:\Users\TheApic\Desktop\Test\MaterialPool\Materials\Aluminium_matt_mtl.mb
[2023-08-09 12:36:25,976][ApicWS10][INFO] set v-ray as active renderer
[2023-08-09 12:36:25,977][ApicWS10][INFO] set v-ray render settings
[2023-08-09 12:36:25,977][ApicWS10][INFO] set image output path: C:\Users\TheApic\Desktop\Test\MaterialPool\Thumbnails
[2023-08-09 12:36:25,979][ApicWS10][INFO] assigned Abschatter_innen to ShaderBall
[2023-08-09 12:36:25,984][ApicWS10][ERROR] Error occurred during execution of MEL script
line 1: Invalid object or value: masterLayer
Traceback (most recent call last):
  File "\\APICNAS\Produktion\Pipeline\Apic_Maya_Pipeline\Python\render_vault\controller\render_manager.py", line 80, in <module>
    RenderManager.run()
  File "\\APICNAS\Produktion\Pipeline\Apic_Maya_Pipeline\Python\render_vault\controller\render_manager.py", line 26, in run
    cls.renderer.render(cls.import_renderable_materials())
  File "\\APICNAS\Produktion\Pipeline\Apic_Maya_Pipeline\Python\render_vault\controller\renderer.py", line 185, in render
    mel.eval("vrend -camera Camera_01 masterLayer")
RuntimeError: Error occurred during execution of MEL script
line 1: Invalid object or value: masterLayer
[2023-08-09 12:38:13,124][ApicWS10][INFO] initializing maya standalone...
[2023-08-09 12:38:24,015][ApicWS10][INFO] loading render scene: W:/Ressources/Library/3D_Modelle/_ShaderBall_Maya/_DEV/MaterialDev_REF_ACES.mb
[2023-08-09 12:38:26,661][ApicWS10][INFO] imported C:\Users\TheApic\Desktop\Test\MaterialPool\Materials\Abschatter_innen.mb
[2023-08-09 12:38:26,677][ApicWS10][INFO] imported C:\Users\TheApic\Desktop\Test\MaterialPool\Materials\akku_sticker_BlendMtl.mb
[2023-08-09 12:38:26,691][ApicWS10][INFO] imported C:\Users\TheApic\Desktop\Test\MaterialPool\Materials\akku_sticker_mtl.mb
[2023-08-09 12:38:26,703][ApicWS10][INFO] imported C:\Users\TheApic\Desktop\Test\MaterialPool\Materials\Aluminium_matt_mtl.mb
[2023-08-09 12:38:26,704][ApicWS10][INFO] set v-ray as active renderer
[2023-08-09 12:38:26,705][ApicWS10][INFO] set v-ray render settings
[2023-08-09 12:38:26,705][ApicWS10][INFO] set image output path: C:\Users\TheApic\Desktop\Test\MaterialPool\Thumbnails
[2023-08-09 12:38:26,706][ApicWS10][INFO] assigned Abschatter_innen to ShaderBall
[2023-08-09 12:38:26,711][ApicWS10][ERROR] Maya command error
Traceback (most recent call last):
  File "\\APICNAS\Produktion\Pipeline\Apic_Maya_Pipeline\Python\render_vault\controller\render_manager.py", line 80, in <module>
    RenderManager.run()
  File "\\APICNAS\Produktion\Pipeline\Apic_Maya_Pipeline\Python\render_vault\controller\render_manager.py", line 26, in run
    cls.renderer.render(cls.import_renderable_materials())
  File "\\APICNAS\Produktion\Pipeline\Apic_Maya_Pipeline\Python\render_vault\controller\renderer.py", line 183, in render
    cmds.vrend(camera=self.render_cam)
  File "<string>", line 2, in vrend
RuntimeError: Maya command error
[2023-08-09 12:38:43,422][ApicWS10][INFO] initializing maya standalone...
[2023-08-09 12:38:54,303][ApicWS10][INFO] loading render scene: W:/Ressources/Library/3D_Modelle/_ShaderBall_Maya/_DEV/MaterialDev_REF_ACES.mb
[2023-08-09 12:38:56,957][ApicWS10][INFO] imported C:\Users\TheApic\Desktop\Test\MaterialPool\Materials\Abschatter_innen.mb
[2023-08-09 12:38:56,973][ApicWS10][INFO] imported C:\Users\TheApic\Desktop\Test\MaterialPool\Materials\akku_sticker_BlendMtl.mb
[2023-08-09 12:38:56,985][ApicWS10][INFO] imported C:\Users\TheApic\Desktop\Test\MaterialPool\Materials\akku_sticker_mtl.mb
[2023-08-09 12:38:56,997][ApicWS10][INFO] imported C:\Users\TheApic\Desktop\Test\MaterialPool\Materials\Aluminium_matt_mtl.mb
[2023-08-09 12:38:56,997][ApicWS10][INFO] set v-ray as active renderer
[2023-08-09 12:38:56,998][ApicWS10][INFO] set v-ray render settings
[2023-08-09 12:38:56,998][ApicWS10][INFO] set image output path: C:\Users\TheApic\Desktop\Test\MaterialPool\Thumbnails
[2023-08-09 12:38:57,000][ApicWS10][INFO] assigned Abschatter_innen to ShaderBall
[2023-08-09 12:38:57,000][ApicWS10][ERROR] name 'pm' is not defined
Traceback (most recent call last):
  File "\\APICNAS\Produktion\Pipeline\Apic_Maya_Pipeline\Python\render_vault\controller\render_manager.py", line 80, in <module>
    RenderManager.run()
  File "\\APICNAS\Produktion\Pipeline\Apic_Maya_Pipeline\Python\render_vault\controller\render_manager.py", line 26, in run
    cls.renderer.render(cls.import_renderable_materials())
  File "\\APICNAS\Produktion\Pipeline\Apic_Maya_Pipeline\Python\render_vault\controller\renderer.py", line 183, in render
    pm.vrend(camera=self.render_cam)
NameError: name 'pm' is not defined
[2023-08-09 12:39:35,808][ApicWS10][INFO] initializing maya standalone...
[2023-08-09 12:39:46,692][ApicWS10][INFO] loading render scene: W:/Ressources/Library/3D_Modelle/_ShaderBall_Maya/_DEV/MaterialDev_REF_ACES.mb
[2023-08-09 12:39:49,360][ApicWS10][INFO] imported C:\Users\TheApic\Desktop\Test\MaterialPool\Materials\Abschatter_innen.mb
[2023-08-09 12:39:49,378][ApicWS10][INFO] imported C:\Users\TheApic\Desktop\Test\MaterialPool\Materials\akku_sticker_BlendMtl.mb
[2023-08-09 12:39:49,390][ApicWS10][INFO] imported C:\Users\TheApic\Desktop\Test\MaterialPool\Materials\akku_sticker_mtl.mb
[2023-08-09 12:39:49,401][ApicWS10][INFO] imported C:\Users\TheApic\Desktop\Test\MaterialPool\Materials\Aluminium_matt_mtl.mb
[2023-08-09 12:39:49,401][ApicWS10][INFO] set v-ray as active renderer
[2023-08-09 12:39:49,402][ApicWS10][INFO] set v-ray render settings
[2023-08-09 12:39:49,403][ApicWS10][INFO] set image output path: C:\Users\TheApic\Desktop\Test\MaterialPool\Thumbnails
[2023-08-09 12:39:49,404][ApicWS10][INFO] assigned Abschatter_innen to ShaderBall
[2023-08-09 12:39:49,409][ApicWS10][ERROR] Maya command error
Traceback (most recent call last):
  File "\\APICNAS\Produktion\Pipeline\Apic_Maya_Pipeline\Python\render_vault\controller\render_manager.py", line 80, in <module>
    RenderManager.run()
  File "\\APICNAS\Produktion\Pipeline\Apic_Maya_Pipeline\Python\render_vault\controller\render_manager.py", line 26, in run
    cls.renderer.render(cls.import_renderable_materials())
  File "\\APICNAS\Produktion\Pipeline\Apic_Maya_Pipeline\Python\render_vault\controller\renderer.py", line 184, in render
    pymel.core.vrend(camera=self.render_cam)
  File "C:\Users\TheApic\AppData\Roaming\Python\Python310\site-packages\pymel\internal\pmcmds.py", line 217, in vrend_wrapped
    res = new_cmd(*new_args, **new_kwargs)
  File "<string>", line 2, in vrend
RuntimeError: Maya command error
[2023-08-09 12:41:28,831][ApicWS10][INFO] initializing maya standalone...
[2023-08-09 12:41:39,750][ApicWS10][INFO] loading render scene: W:/Ressources/Library/3D_Modelle/_ShaderBall_Maya/_DEV/MaterialDev_REF_ACES.mb
[2023-08-09 12:41:42,397][ApicWS10][INFO] imported C:\Users\TheApic\Desktop\Test\MaterialPool\Materials\Abschatter_innen.mb
[2023-08-09 12:41:42,415][ApicWS10][INFO] imported C:\Users\TheApic\Desktop\Test\MaterialPool\Materials\akku_sticker_BlendMtl.mb
[2023-08-09 12:41:42,428][ApicWS10][INFO] imported C:\Users\TheApic\Desktop\Test\MaterialPool\Materials\akku_sticker_mtl.mb
[2023-08-09 12:41:42,440][ApicWS10][INFO] imported C:\Users\TheApic\Desktop\Test\MaterialPool\Materials\Aluminium_matt_mtl.mb
[2023-08-09 12:41:42,440][ApicWS10][INFO] set v-ray as active renderer
[2023-08-09 12:41:42,441][ApicWS10][INFO] set v-ray render settings
[2023-08-09 12:41:42,441][ApicWS10][INFO] set image output path: C:\Users\TheApic\Desktop\Test\MaterialPool\Thumbnails
[2023-08-09 12:41:42,442][ApicWS10][INFO] assigned Abschatter_innen to ShaderBall
[2023-08-09 12:41:42,447][ApicWS10][ERROR] Maya command error
Traceback (most recent call last):
  File "\\APICNAS\Produktion\Pipeline\Apic_Maya_Pipeline\Python\render_vault\controller\render_manager.py", line 80, in <module>
    RenderManager.run()
  File "\\APICNAS\Produktion\Pipeline\Apic_Maya_Pipeline\Python\render_vault\controller\render_manager.py", line 26, in run
    cls.renderer.render(cls.import_renderable_materials())
  File "\\APICNAS\Produktion\Pipeline\Apic_Maya_Pipeline\Python\render_vault\controller\renderer.py", line 183, in render
    cmds.vrend(camera=self.render_cam)
  File "<string>", line 2, in vrend
RuntimeError: Maya command error
[2023-08-09 13:07:13,711][ApicWS10][INFO] initializing maya standalone...
[2023-08-09 13:07:24,833][ApicWS10][INFO] loading render scene: W:/Ressources/Library/3D_Modelle/_ShaderBall_Maya/_DEV/MaterialDev_REF_ACES.mb
[2023-08-09 13:07:27,518][ApicWS10][INFO] imported C:\Users\TheApic\Desktop\Test\MaterialPool\Materials\Abschatter_innen.mb
[2023-08-09 13:07:27,536][ApicWS10][INFO] imported C:\Users\TheApic\Desktop\Test\MaterialPool\Materials\akku_sticker_BlendMtl.mb
[2023-08-09 13:07:27,548][ApicWS10][INFO] imported C:\Users\TheApic\Desktop\Test\MaterialPool\Materials\akku_sticker_mtl.mb
[2023-08-09 13:07:27,560][ApicWS10][INFO] imported C:\Users\TheApic\Desktop\Test\MaterialPool\Materials\Aluminium_matt_mtl.mb
[2023-08-09 13:07:27,561][ApicWS10][INFO] set v-ray as active renderer
[2023-08-09 13:07:27,561][ApicWS10][INFO] set v-ray render settings
[2023-08-09 13:07:27,562][ApicWS10][INFO] set image output path: C:\Users\TheApic\Desktop\Test\MaterialPool\Thumbnails
[2023-08-09 13:07:27,563][ApicWS10][INFO] assigned Abschatter_innen to ShaderBall
[2023-08-09 13:07:27,567][ApicWS10][ERROR] Maya command error
Traceback (most recent call last):
  File "\\APICNAS\Produktion\Pipeline\Apic_Maya_Pipeline\Python\render_vault\controller\render_manager.py", line 80, in <module>
    RenderManager.run()
  File "\\APICNAS\Produktion\Pipeline\Apic_Maya_Pipeline\Python\render_vault\controller\render_manager.py", line 26, in run
    cls.renderer.render(cls.import_renderable_materials())
  File "\\APICNAS\Produktion\Pipeline\Apic_Maya_Pipeline\Python\render_vault\controller\renderer.py", line 183, in render
    cmds.vrend()
  File "<string>", line 2, in vrend
RuntimeError: Maya command error
[2023-08-09 13:09:26,726][ApicWS10][INFO] saving settings to \\apicnas\Produktion\Pipeline\Apic_Maya_Pipeline\Python\render_vault\settings\config.json
[2023-08-09 13:09:36,668][ApicWS10][INFO] starting Render Vault...
[2023-08-09 13:09:55,538][ApicWS10][INFO] initializing maya standalone...
[2023-08-09 13:10:06,635][ApicWS10][INFO] loading render scene: W:\Ressources\Library\3D_Modelle\_ShaderBall_Maya\_DEV\MaterialDev_REF_ACES.mb
[2023-08-09 13:10:09,414][ApicWS10][INFO] imported C:\Users\TheApic\Desktop\Test\MaterialPool\Materials\Abschatter_innen.mb
[2023-08-09 13:10:09,432][ApicWS10][INFO] imported C:\Users\TheApic\Desktop\Test\MaterialPool\Materials\akku_sticker_BlendMtl.mb
[2023-08-09 13:10:09,446][ApicWS10][INFO] imported C:\Users\TheApic\Desktop\Test\MaterialPool\Materials\akku_sticker_mtl.mb
[2023-08-09 13:10:09,458][ApicWS10][INFO] imported C:\Users\TheApic\Desktop\Test\MaterialPool\Materials\Aluminium_matt_mtl.mb
[2023-08-09 13:10:09,459][ApicWS10][INFO] set v-ray as active renderer
[2023-08-09 13:10:09,460][ApicWS10][INFO] set v-ray render settings
[2023-08-09 13:10:09,461][ApicWS10][INFO] set image output path: C:\Users\TheApic\Desktop\Test\MaterialPool\Thumbnails
[2023-08-09 13:10:09,462][ApicWS10][INFO] assigned Abschatter_innen to ShaderBall
[2023-08-09 13:10:09,467][ApicWS10][ERROR] Maya command error
Traceback (most recent call last):
  File "\\APICNAS\Produktion\Pipeline\Apic_Maya_Pipeline\Python\render_vault\controller\render_manager.py", line 80, in <module>
    RenderManager.run()
  File "\\APICNAS\Produktion\Pipeline\Apic_Maya_Pipeline\Python\render_vault\controller\render_manager.py", line 26, in run
    cls.renderer.render(cls.import_renderable_materials())
  File "\\APICNAS\Produktion\Pipeline\Apic_Maya_Pipeline\Python\render_vault\controller\renderer.py", line 183, in render
    cmds.vrend(camera=self.render_cam)
  File "<string>", line 2, in vrend
RuntimeError: Maya command error
[2023-08-09 13:12:16,368][ApicWS10][INFO] initializing maya standalone...
[2023-08-09 13:12:29,807][ApicWS10][INFO] loaded render scene: W:\Ressources\Library\3D_Modelle\_ShaderBall_Maya\_DEV\MaterialDev_REF_ACES.mb
[2023-08-09 13:12:30,186][ApicWS10][INFO] imported C:\Users\TheApic\Desktop\Test\MaterialPool\Materials\Abschatter_innen.mb
[2023-08-09 13:12:30,203][ApicWS10][INFO] imported C:\Users\TheApic\Desktop\Test\MaterialPool\Materials\akku_sticker_BlendMtl.mb
[2023-08-09 13:12:30,215][ApicWS10][INFO] imported C:\Users\TheApic\Desktop\Test\MaterialPool\Materials\akku_sticker_mtl.mb
[2023-08-09 13:12:30,228][ApicWS10][INFO] imported C:\Users\TheApic\Desktop\Test\MaterialPool\Materials\Aluminium_matt_mtl.mb
[2023-08-09 13:12:30,228][ApicWS10][INFO] set v-ray as active renderer
[2023-08-09 13:12:30,229][ApicWS10][INFO] set v-ray render settings
[2023-08-09 13:12:30,229][ApicWS10][INFO] set image output path: C:\Users\TheApic\Desktop\Test\MaterialPool\Thumbnails
[2023-08-09 13:12:30,230][ApicWS10][INFO] assigned Abschatter_innen to ShaderBall
[2023-08-09 13:12:30,235][ApicWS10][ERROR] Maya command error
Traceback (most recent call last):
  File "\\APICNAS\Produktion\Pipeline\Apic_Maya_Pipeline\Python\render_vault\controller\render_manager.py", line 80, in <module>
    RenderManager.run()
  File "\\APICNAS\Produktion\Pipeline\Apic_Maya_Pipeline\Python\render_vault\controller\render_manager.py", line 26, in run
    cls.renderer.render(cls.import_renderable_materials())
  File "\\APICNAS\Produktion\Pipeline\Apic_Maya_Pipeline\Python\render_vault\controller\renderer.py", line 183, in render
    cmds.vrend(camera=self.render_cam)
  File "<string>", line 2, in vrend
RuntimeError: Maya command error
[2023-08-09 13:20:00,449][ApicWS10][INFO] initializing maya standalone...
[2023-08-09 13:20:13,561][ApicWS10][INFO] loaded render scene: W:\Ressources\Library\3D_Modelle\_ShaderBall_Maya\_DEV\MaterialDev_REF_ACES.mb
[2023-08-09 13:20:13,562][ApicWS10][INFO] ['BackdropShape', 'BaseShape', 'Bolts_2Shape', 'CamerasShape', 'Connecting_Piece_2Shape', 'LightingShape', 'Lower_VentsShape', 'Metal_Piece_2Shape', 'Piston_01Shape', 'Piston_02Shape', 'Piston_Pieces_2Shape', 'Piston_Rings_2Shape', 'Retopo_ShaderBallShape', 'ShaderBallShape', 'StudioLightingShape', 'Upper_DetailsShape', 'Upper_VentsShape', 'black_reflections_fillShape', 'displayPoints1', 'polySurfaceShape1', 'polySurfaceShape2', 'polySurfaceShape3', 'polySurfaceShape4', 'polySurfaceShape5', 'polySurfaceShape6', 'polySurfaceShape7', 'polySurfaceShape8', 'polySurfaceShape9']
[2023-08-09 13:20:13,931][ApicWS10][INFO] imported C:\Users\TheApic\Desktop\Test\MaterialPool\Materials\Abschatter_innen.mb
[2023-08-09 13:20:13,948][ApicWS10][INFO] imported C:\Users\TheApic\Desktop\Test\MaterialPool\Materials\akku_sticker_BlendMtl.mb
[2023-08-09 13:20:13,960][ApicWS10][INFO] imported C:\Users\TheApic\Desktop\Test\MaterialPool\Materials\akku_sticker_mtl.mb
[2023-08-09 13:20:13,972][ApicWS10][INFO] imported C:\Users\TheApic\Desktop\Test\MaterialPool\Materials\Aluminium_matt_mtl.mb
[2023-08-09 13:20:13,972][ApicWS10][INFO] set v-ray as active renderer
[2023-08-09 13:20:13,973][ApicWS10][INFO] set v-ray render settings
[2023-08-09 13:20:13,973][ApicWS10][INFO] set image output path: C:\Users\TheApic\Desktop\Test\MaterialPool\Thumbnails
[2023-08-09 13:20:13,974][ApicWS10][INFO] assigned Abschatter_innen to ShaderBall
[2023-08-09 13:20:13,978][ApicWS10][ERROR] Maya command error
Traceback (most recent call last):
  File "\\APICNAS\Produktion\Pipeline\Apic_Maya_Pipeline\Python\render_vault\controller\render_manager.py", line 82, in <module>
    RenderManager.run()
  File "\\APICNAS\Produktion\Pipeline\Apic_Maya_Pipeline\Python\render_vault\controller\render_manager.py", line 26, in run
    cls.renderer.render(cls.import_renderable_materials())
  File "\\APICNAS\Produktion\Pipeline\Apic_Maya_Pipeline\Python\render_vault\controller\renderer.py", line 183, in render
    cmds.vrend(camera=self.render_cam)
  File "<string>", line 2, in vrend
RuntimeError: Maya command error
[2023-08-09 13:20:45,865][ApicWS10][INFO] saving settings to \\apicnas\Produktion\Pipeline\Apic_Maya_Pipeline\Python\render_vault\settings\config.json
[2023-08-09 13:20:48,175][ApicWS10][INFO] starting Render Vault...
[2023-08-09 13:20:55,519][ApicWS10][INFO] initializing maya standalone...
[2023-08-09 13:21:08,588][ApicWS10][INFO] loaded render scene: W:\Ressources\Library\3D_Modelle\_ShaderBall_Maya\_DEV\MaterialDev_REF_ACES.mb
[2023-08-09 13:21:08,589][ApicWS10][INFO] ['BackdropShape', 'BaseShape', 'Bolts_2Shape', 'CamerasShape', 'Connecting_Piece_2Shape', 'LightingShape', 'Lower_VentsShape', 'Metal_Piece_2Shape', 'Piston_01Shape', 'Piston_02Shape', 'Piston_Pieces_2Shape', 'Piston_Rings_2Shape', 'Retopo_ShaderBallShape', 'ShaderBallShape', 'StudioLightingShape', 'Upper_DetailsShape', 'Upper_VentsShape', 'black_reflections_fillShape', 'displayPoints1', 'polySurfaceShape1', 'polySurfaceShape2', 'polySurfaceShape3', 'polySurfaceShape4', 'polySurfaceShape5', 'polySurfaceShape6', 'polySurfaceShape7', 'polySurfaceShape8', 'polySurfaceShape9']
[2023-08-09 13:21:08,958][ApicWS10][INFO] imported C:\Users\TheApic\Desktop\Test\MaterialPool\Materials\Abschatter_innen.mb
[2023-08-09 13:21:08,976][ApicWS10][INFO] imported C:\Users\TheApic\Desktop\Test\MaterialPool\Materials\akku_sticker_BlendMtl.mb
[2023-08-09 13:21:08,988][ApicWS10][INFO] imported C:\Users\TheApic\Desktop\Test\MaterialPool\Materials\akku_sticker_mtl.mb
[2023-08-09 13:21:08,999][ApicWS10][INFO] imported C:\Users\TheApic\Desktop\Test\MaterialPool\Materials\Aluminium_matt_mtl.mb
[2023-08-09 13:21:09,000][ApicWS10][INFO] set v-ray as active renderer
[2023-08-09 13:21:09,001][ApicWS10][INFO] set v-ray render settings
[2023-08-09 13:21:09,001][ApicWS10][INFO] set image output path: C:\Users\TheApic\Desktop\Test\MaterialPool\Thumbnails
[2023-08-09 13:21:09,002][ApicWS10][INFO] assigned Abschatter_innen to ShaderBall
[2023-08-09 13:21:09,007][ApicWS10][ERROR] Maya command error
Traceback (most recent call last):
  File "\\APICNAS\Produktion\Pipeline\Apic_Maya_Pipeline\Python\render_vault\controller\render_manager.py", line 82, in <module>
    RenderManager.run()
  File "\\APICNAS\Produktion\Pipeline\Apic_Maya_Pipeline\Python\render_vault\controller\render_manager.py", line 26, in run
    cls.renderer.render(cls.import_renderable_materials())
  File "\\APICNAS\Produktion\Pipeline\Apic_Maya_Pipeline\Python\render_vault\controller\renderer.py", line 183, in render
    cmds.vrend(camera=self.render_cam)
  File "<string>", line 2, in vrend
RuntimeError: Maya command error
[2023-08-09 13:25:57,067][ApicWS10][INFO] saving settings to \\apicnas\Produktion\Pipeline\Apic_Maya_Pipeline\Python\render_vault\settings\config.json
[2023-08-09 13:33:18,454][ApicWS10][INFO] starting Render Vault...
[2023-08-09 13:33:48,316][ApicWS10][INFO] initializing maya standalone...
[2023-08-09 13:34:01,636][ApicWS10][INFO] loaded render scene: W:\Ressources\Library\3D_Modelle\_ShaderBall_Maya\_DEV\MaterialDev_REF_ACES.mb
[2023-08-09 13:34:01,637][ApicWS10][INFO] ['BackdropShape', 'BaseShape', 'Bolts_2Shape', 'CamerasShape', 'Connecting_Piece_2Shape', 'LightingShape', 'Lower_VentsShape', 'Metal_Piece_2Shape', 'Piston_01Shape', 'Piston_02Shape', 'Piston_Pieces_2Shape', 'Piston_Rings_2Shape', 'Retopo_ShaderBallShape', 'ShaderBallShape', 'StudioLightingShape', 'Upper_DetailsShape', 'Upper_VentsShape', 'black_reflections_fillShape', 'displayPoints1', 'polySurfaceShape1', 'polySurfaceShape2', 'polySurfaceShape3', 'polySurfaceShape4', 'polySurfaceShape5', 'polySurfaceShape6', 'polySurfaceShape7', 'polySurfaceShape8', 'polySurfaceShape9']
[2023-08-09 13:34:02,011][ApicWS10][INFO] imported C:\Users\TheApic\Desktop\Test\MaterialPool\Materials\Abschatter_innen.mb
[2023-08-09 13:34:02,029][ApicWS10][INFO] imported C:\Users\TheApic\Desktop\Test\MaterialPool\Materials\akku_sticker_BlendMtl.mb
[2023-08-09 13:34:02,044][ApicWS10][INFO] imported C:\Users\TheApic\Desktop\Test\MaterialPool\Materials\akku_sticker_mtl.mb
[2023-08-09 13:34:02,059][ApicWS10][INFO] imported C:\Users\TheApic\Desktop\Test\MaterialPool\Materials\Aluminium_matt_mtl.mb
[2023-08-09 13:34:02,060][ApicWS10][INFO] set v-ray as active renderer
[2023-08-09 13:34:02,061][ApicWS10][INFO] set v-ray render settings
[2023-08-09 13:34:02,061][ApicWS10][INFO] set image output path: C:\Users\TheApic\Desktop\Test\MaterialPool\Thumbnails
[2023-08-09 13:34:02,063][ApicWS10][INFO] assigned Abschatter_innen to ShaderBall
[2023-08-09 13:34:02,067][ApicWS10][ERROR] Maya command error
Traceback (most recent call last):
  File "\\APICNAS\Produktion\Pipeline\Apic_Maya_Pipeline\Python\render_vault\controller\render_manager.py", line 82, in <module>
    RenderManager.run()
  File "\\APICNAS\Produktion\Pipeline\Apic_Maya_Pipeline\Python\render_vault\controller\render_manager.py", line 26, in run
    cls.renderer.render(cls.import_renderable_materials())
  File "\\APICNAS\Produktion\Pipeline\Apic_Maya_Pipeline\Python\render_vault\controller\renderer.py", line 183, in render
    cmds.vrend(camera=self.render_cam)
  File "<string>", line 2, in vrend
RuntimeError: Maya command error
[2023-08-09 13:37:34,629][ApicWS10][INFO] initializing maya standalone...
[2023-08-09 13:37:47,922][ApicWS10][INFO] loaded render scene: W:\Ressources\Library\3D_Modelle\_ShaderBall_Maya\_DEV\MaterialDev_REF_ACES.mb
[2023-08-09 13:37:47,922][ApicWS10][INFO] ['BackdropShape', 'BaseShape', 'Bolts_2Shape', 'CamerasShape', 'Connecting_Piece_2Shape', 'LightingShape', 'Lower_VentsShape', 'Metal_Piece_2Shape', 'Piston_01Shape', 'Piston_02Shape', 'Piston_Pieces_2Shape', 'Piston_Rings_2Shape', 'Retopo_ShaderBallShape', 'ShaderBallShape', 'StudioLightingShape', 'Upper_DetailsShape', 'Upper_VentsShape', 'black_reflections_fillShape', 'displayPoints1', 'polySurfaceShape1', 'polySurfaceShape2', 'polySurfaceShape3', 'polySurfaceShape4', 'polySurfaceShape5', 'polySurfaceShape6', 'polySurfaceShape7', 'polySurfaceShape8', 'polySurfaceShape9']
[2023-08-09 13:37:48,302][ApicWS10][INFO] imported C:\Users\TheApic\Desktop\Test\MaterialPool\Materials\Abschatter_innen.mb
[2023-08-09 13:37:48,320][ApicWS10][INFO] imported C:\Users\TheApic\Desktop\Test\MaterialPool\Materials\akku_sticker_BlendMtl.mb
[2023-08-09 13:37:48,333][ApicWS10][INFO] imported C:\Users\TheApic\Desktop\Test\MaterialPool\Materials\akku_sticker_mtl.mb
[2023-08-09 13:37:48,344][ApicWS10][INFO] imported C:\Users\TheApic\Desktop\Test\MaterialPool\Materials\Aluminium_matt_mtl.mb
[2023-08-09 13:37:48,345][ApicWS10][INFO] set v-ray as active renderer
[2023-08-09 13:37:48,346][ApicWS10][INFO] set v-ray render settings
[2023-08-09 13:37:48,346][ApicWS10][INFO] set image output path: C:\Users\TheApic\Desktop\Test\MaterialPool\Thumbnails
[2023-08-09 13:37:48,347][ApicWS10][INFO] assigned Abschatter_innen to ShaderBall
[2023-08-09 13:37:48,352][ApicWS10][ERROR] V-Ray : Cannot find camera 'Camera_01Shape'!
V-Ray : Cannot find camera 'Camera_01Shape'!
V-Ray : Cannot find camera 'Camera_01Shape'!
Traceback (most recent call last):
  File "\\APICNAS\Produktion\Pipeline\Apic_Maya_Pipeline\Python\render_vault\controller\render_manager.py", line 82, in <module>
    RenderManager.run()
  File "\\APICNAS\Produktion\Pipeline\Apic_Maya_Pipeline\Python\render_vault\controller\render_manager.py", line 26, in run
    cls.renderer.render(cls.import_renderable_materials())
  File "\\APICNAS\Produktion\Pipeline\Apic_Maya_Pipeline\Python\render_vault\controller\renderer.py", line 183, in render
    cmds.vrend(camera="Camera_01Shape")
  File "<string>", line 2, in vrend
RuntimeError: V-Ray : Cannot find camera 'Camera_01Shape'!
V-Ray : Cannot find camera 'Camera_01Shape'!
V-Ray : Cannot find camera 'Camera_01Shape'!

[2023-08-09 13:38:57,760][ApicWS10][INFO] initializing maya standalone...
[2023-08-09 13:39:11,032][ApicWS10][INFO] loaded render scene: W:\Ressources\Library\3D_Modelle\_ShaderBall_Maya\_DEV\MaterialDev_REF_ACES.mb
[2023-08-09 13:39:11,033][ApicWS10][INFO] ['Camera_0Shape1', 'frontShape', 'perspShape', 'sideShape', 'topShape']
[2023-08-09 13:39:11,404][ApicWS10][INFO] imported C:\Users\TheApic\Desktop\Test\MaterialPool\Materials\Abschatter_innen.mb
[2023-08-09 13:39:11,421][ApicWS10][INFO] imported C:\Users\TheApic\Desktop\Test\MaterialPool\Materials\akku_sticker_BlendMtl.mb
[2023-08-09 13:39:11,434][ApicWS10][INFO] imported C:\Users\TheApic\Desktop\Test\MaterialPool\Materials\akku_sticker_mtl.mb
[2023-08-09 13:39:11,445][ApicWS10][INFO] imported C:\Users\TheApic\Desktop\Test\MaterialPool\Materials\Aluminium_matt_mtl.mb
[2023-08-09 13:39:11,446][ApicWS10][INFO] set v-ray as active renderer
[2023-08-09 13:39:11,447][ApicWS10][INFO] set v-ray render settings
[2023-08-09 13:39:11,447][ApicWS10][INFO] set image output path: C:\Users\TheApic\Desktop\Test\MaterialPool\Thumbnails
[2023-08-09 13:39:11,448][ApicWS10][INFO] assigned Abschatter_innen to ShaderBall
[2023-08-09 13:39:11,453][ApicWS10][ERROR] V-Ray : Cannot find camera 'Camera_01Shape'!
V-Ray : Cannot find camera 'Camera_01Shape'!
V-Ray : Cannot find camera 'Camera_01Shape'!
Traceback (most recent call last):
  File "\\APICNAS\Produktion\Pipeline\Apic_Maya_Pipeline\Python\render_vault\controller\render_manager.py", line 82, in <module>
    RenderManager.run()
  File "\\APICNAS\Produktion\Pipeline\Apic_Maya_Pipeline\Python\render_vault\controller\render_manager.py", line 26, in run
    cls.renderer.render(cls.import_renderable_materials())
  File "\\APICNAS\Produktion\Pipeline\Apic_Maya_Pipeline\Python\render_vault\controller\renderer.py", line 183, in render
    cmds.vrend(camera="Camera_01Shape")
  File "<string>", line 2, in vrend
RuntimeError: V-Ray : Cannot find camera 'Camera_01Shape'!
V-Ray : Cannot find camera 'Camera_01Shape'!
V-Ray : Cannot find camera 'Camera_01Shape'!

[2023-08-09 13:39:45,936][ApicWS10][INFO] initializing maya standalone...
[2023-08-09 13:39:59,345][ApicWS10][INFO] loaded render scene: W:\Ressources\Library\3D_Modelle\_ShaderBall_Maya\_DEV\MaterialDev_REF_ACES.mb
[2023-08-09 13:39:59,346][ApicWS10][INFO] ['Camera_0Shape1', 'frontShape', 'perspShape', 'sideShape', 'topShape']
[2023-08-09 13:39:59,719][ApicWS10][INFO] imported C:\Users\TheApic\Desktop\Test\MaterialPool\Materials\Abschatter_innen.mb
[2023-08-09 13:39:59,735][ApicWS10][INFO] imported C:\Users\TheApic\Desktop\Test\MaterialPool\Materials\akku_sticker_BlendMtl.mb
[2023-08-09 13:39:59,746][ApicWS10][INFO] imported C:\Users\TheApic\Desktop\Test\MaterialPool\Materials\akku_sticker_mtl.mb
[2023-08-09 13:39:59,757][ApicWS10][INFO] imported C:\Users\TheApic\Desktop\Test\MaterialPool\Materials\Aluminium_matt_mtl.mb
[2023-08-09 13:39:59,757][ApicWS10][INFO] set v-ray as active renderer
[2023-08-09 13:39:59,758][ApicWS10][INFO] set v-ray render settings
[2023-08-09 13:39:59,758][ApicWS10][INFO] set image output path: C:\Users\TheApic\Desktop\Test\MaterialPool\Thumbnails
[2023-08-09 13:39:59,760][ApicWS10][INFO] assigned Abschatter_innen to ShaderBall
[2023-08-09 13:39:59,764][ApicWS10][ERROR] Maya command error
Traceback (most recent call last):
  File "\\APICNAS\Produktion\Pipeline\Apic_Maya_Pipeline\Python\render_vault\controller\render_manager.py", line 82, in <module>
    RenderManager.run()
  File "\\APICNAS\Produktion\Pipeline\Apic_Maya_Pipeline\Python\render_vault\controller\render_manager.py", line 26, in run
    cls.renderer.render(cls.import_renderable_materials())
  File "\\APICNAS\Produktion\Pipeline\Apic_Maya_Pipeline\Python\render_vault\controller\renderer.py", line 183, in render
    cmds.vrend(camera="Camera_0Shape1")
  File "<string>", line 2, in vrend
RuntimeError: Maya command error
[2023-08-09 13:41:19,517][ApicWS10][INFO] initializing maya standalone...
[2023-08-09 13:41:32,691][ApicWS10][INFO] loaded render scene: W:\Ressources\Library\3D_Modelle\_ShaderBall_Maya\_DEV\MaterialDev_REF_ACES.mb
[2023-08-09 13:41:32,692][ApicWS10][INFO] ['Camera_0Shape1', 'frontShape', 'perspShape', 'sideShape', 'topShape']
[2023-08-09 13:41:33,074][ApicWS10][INFO] imported C:\Users\TheApic\Desktop\Test\MaterialPool\Materials\Abschatter_innen.mb
[2023-08-09 13:41:33,091][ApicWS10][INFO] imported C:\Users\TheApic\Desktop\Test\MaterialPool\Materials\akku_sticker_BlendMtl.mb
[2023-08-09 13:41:33,103][ApicWS10][INFO] imported C:\Users\TheApic\Desktop\Test\MaterialPool\Materials\akku_sticker_mtl.mb
[2023-08-09 13:41:33,114][ApicWS10][INFO] imported C:\Users\TheApic\Desktop\Test\MaterialPool\Materials\Aluminium_matt_mtl.mb
[2023-08-09 13:41:33,115][ApicWS10][INFO] set v-ray as active renderer
[2023-08-09 13:41:33,116][ApicWS10][INFO] set v-ray render settings
[2023-08-09 13:41:33,116][ApicWS10][INFO] set image output path: C:\Users\TheApic\Desktop\Test\MaterialPool\Thumbnails
[2023-08-09 13:41:33,118][ApicWS10][INFO] assigned Abschatter_innen to ShaderBall
[2023-08-09 13:41:41,424][ApicWS10][INFO] finished rendering Abschatter_innen
[2023-08-09 13:41:41,425][ApicWS10][INFO] set image output path: C:\Users\TheApic\Desktop\Test\MaterialPool\Thumbnails
[2023-08-09 13:41:41,427][ApicWS10][INFO] assigned Primer_schwarz to ShaderBall
[2023-08-09 13:41:47,262][ApicWS10][INFO] finished rendering Primer_schwarz
[2023-08-09 13:41:47,263][ApicWS10][INFO] set image output path: C:\Users\TheApic\Desktop\Test\MaterialPool\Thumbnails
[2023-08-09 13:41:47,265][ApicWS10][INFO] assigned akku_sticker_mtl to ShaderBall
[2023-08-09 13:41:55,846][ApicWS10][INFO] finished rendering akku_sticker_mtl
[2023-08-09 13:41:55,847][ApicWS10][INFO] set image output path: C:\Users\TheApic\Desktop\Test\MaterialPool\Thumbnails
[2023-08-09 13:41:55,848][ApicWS10][INFO] assigned akku_sticker_BlendMtl to ShaderBall
[2023-08-09 13:42:04,598][ApicWS10][INFO] finished rendering akku_sticker_BlendMtl
[2023-08-09 13:42:04,599][ApicWS10][INFO] set image output path: C:\Users\TheApic\Desktop\Test\MaterialPool\Thumbnails
[2023-08-09 13:42:04,600][ApicWS10][INFO] assigned akku_sticker_mtl1 to ShaderBall
[2023-08-09 13:42:13,097][ApicWS10][INFO] finished rendering akku_sticker_mtl1
[2023-08-09 13:42:13,097][ApicWS10][INFO] set image output path: C:\Users\TheApic\Desktop\Test\MaterialPool\Thumbnails
[2023-08-09 13:42:13,099][ApicWS10][INFO] assigned Aluminium_matt_mtl to ShaderBall
[2023-08-09 13:42:20,270][ApicWS10][INFO] finished rendering Aluminium_matt_mtl
[2023-08-09 13:44:28,869][ApicWS10][INFO] uninitializing maya standalone...
[2023-08-09 13:51:46,471][ApicWS10][INFO] initializing maya standalone...
[2023-08-09 13:51:59,776][ApicWS10][INFO] loaded render scene: W:\Ressources\Library\3D_Modelle\_ShaderBall_Maya\_DEV\MaterialDev_REF_ACES.mb
[2023-08-09 13:51:59,777][ApicWS10][INFO] ['Camera_0Shape1', 'frontShape', 'perspShape', 'sideShape', 'topShape']
[2023-08-09 13:52:00,156][ApicWS10][INFO] imported C:\Users\TheApic\Desktop\Test\MaterialPool\Materials\Abschatter_innen.mb
[2023-08-09 13:52:00,173][ApicWS10][INFO] imported C:\Users\TheApic\Desktop\Test\MaterialPool\Materials\akku_sticker_BlendMtl.mb
[2023-08-09 13:52:00,184][ApicWS10][INFO] imported C:\Users\TheApic\Desktop\Test\MaterialPool\Materials\akku_sticker_mtl.mb
[2023-08-09 13:52:00,195][ApicWS10][INFO] imported C:\Users\TheApic\Desktop\Test\MaterialPool\Materials\Aluminium_matt_mtl.mb
[2023-08-09 13:52:00,196][ApicWS10][INFO] set v-ray as active renderer
[2023-08-09 13:52:00,196][ApicWS10][INFO] set v-ray render settings
[2023-08-09 13:52:00,197][ApicWS10][INFO] set image output path: C:\Users\TheApic\Desktop\Test\MaterialPool\Thumbnails
[2023-08-09 13:52:00,198][ApicWS10][INFO] assigned Abschatter_innen to ShaderBall
[2023-08-09 13:52:08,645][ApicWS10][INFO] finished rendering Abschatter_innen
[2023-08-09 13:52:08,646][ApicWS10][INFO] set image output path: C:\Users\TheApic\Desktop\Test\MaterialPool\Thumbnails
[2023-08-09 13:52:08,647][ApicWS10][INFO] assigned Primer_schwarz to ShaderBall
[2023-08-09 13:52:14,524][ApicWS10][INFO] finished rendering Primer_schwarz
[2023-08-09 13:52:14,525][ApicWS10][INFO] set image output path: C:\Users\TheApic\Desktop\Test\MaterialPool\Thumbnails
[2023-08-09 13:52:14,526][ApicWS10][INFO] assigned akku_sticker_mtl to ShaderBall
[2023-08-09 13:52:22,950][ApicWS10][INFO] finished rendering akku_sticker_mtl
[2023-08-09 13:52:22,952][ApicWS10][INFO] set image output path: C:\Users\TheApic\Desktop\Test\MaterialPool\Thumbnails
[2023-08-09 13:52:22,953][ApicWS10][INFO] assigned akku_sticker_BlendMtl to ShaderBall
[2023-08-09 13:52:31,643][ApicWS10][INFO] finished rendering akku_sticker_BlendMtl
[2023-08-09 13:52:31,644][ApicWS10][INFO] set image output path: C:\Users\TheApic\Desktop\Test\MaterialPool\Thumbnails
[2023-08-09 13:52:31,645][ApicWS10][INFO] assigned akku_sticker_mtl1 to ShaderBall
[2023-08-09 13:52:40,218][ApicWS10][INFO] finished rendering akku_sticker_mtl1
[2023-08-09 13:52:40,219][ApicWS10][INFO] set image output path: C:\Users\TheApic\Desktop\Test\MaterialPool\Thumbnails
[2023-08-09 13:52:40,220][ApicWS10][INFO] assigned Aluminium_matt_mtl to ShaderBall
[2023-08-09 13:52:47,292][ApicWS10][INFO] finished rendering Aluminium_matt_mtl
[2023-08-09 13:52:56,053][ApicWS10][INFO] uninitializing maya standalone...
[2023-08-09 13:54:56,165][ApicWS10][INFO] imported material Abschatter_innen
[2023-08-09 13:54:59,228][ApicWS10][INFO] imported material Primer_schwarz
[2023-08-09 13:55:00,201][ApicWS10][INFO] material akku_sticker_mtl already exists in scene, skipping reference.
[2023-08-09 13:55:01,144][ApicWS10][INFO] imported material Aluminium_matt_mtl
[2023-08-09 14:03:22,442][ApicWS10][INFO] saving settings to \\apicnas\Produktion\Pipeline\Apic_Maya_Pipeline\Python\render_vault\settings\config.json
[2023-08-09 14:17:13,786][ApicWS10][INFO] starting Render Vault...
[2023-08-09 14:17:34,961][ApicWS10][INFO] initializing maya standalone...
[2023-08-09 14:17:54,206][ApicWS10][INFO] saving settings to \\apicnas\Produktion\Pipeline\Apic_Maya_Pipeline\Python\render_vault\settings\config.json
[2023-08-09 14:17:56,267][ApicWS10][INFO] starting Render Vault...
[2023-08-09 14:18:14,509][ApicWS10][INFO] initializing maya standalone...
[2023-08-09 14:18:27,651][ApicWS10][INFO] loaded render scene: W:\Ressources\Library\3D_Modelle\_ShaderBall_Maya\_DEV\MaterialDev_REF_ACES.mb
[2023-08-09 14:18:27,651][ApicWS10][INFO] ['Camera_0Shape1', 'frontShape', 'perspShape', 'sideShape', 'topShape']
[2023-08-09 14:18:27,652][ApicWS10][ERROR] type object 'RenderManager' has no attribute 'import_renderable_materials'
Traceback (most recent call last):
  File "\\APICNAS\Produktion\Pipeline\Apic_Maya_Pipeline\Python\render_vault\controller\render_manager.py", line 89, in <module>
    RenderManager.run()
  File "\\APICNAS\Produktion\Pipeline\Apic_Maya_Pipeline\Python\render_vault\controller\render_manager.py", line 26, in run
    cls.renderer.render(cls.import_renderable_materials())
AttributeError: type object 'RenderManager' has no attribute 'import_renderable_materials'
[2023-08-09 14:19:52,888][ApicWS10][INFO] saving settings to \\apicnas\Produktion\Pipeline\Apic_Maya_Pipeline\Python\render_vault\settings\config.json
[2023-08-09 14:19:55,236][ApicWS10][INFO] starting Render Vault...
[2023-08-09 14:20:02,196][ApicWS10][INFO] initializing maya standalone...
[2023-08-09 14:20:15,292][ApicWS10][INFO] loaded render scene: W:\Ressources\Library\3D_Modelle\_ShaderBall_Maya\_DEV\MaterialDev_REF_ACES.mb
[2023-08-09 14:20:15,293][ApicWS10][INFO] ['Camera_0Shape1', 'frontShape', 'perspShape', 'sideShape', 'topShape']
[2023-08-09 14:20:15,668][ApicWS10][INFO] imported C:\Users\TheApic\Desktop\Test\MaterialPool\Materials\akku_sticker_BlendMtl.mb
[2023-08-09 14:20:15,668][ApicWS10][INFO] set v-ray as active renderer
[2023-08-09 14:20:15,670][ApicWS10][INFO] set v-ray render settings
[2023-08-09 14:20:15,671][ApicWS10][INFO] set image output path: C:\Users\TheApic\Desktop\Test\MaterialPool\Materials\akku_sticker_BlendMtl.mb\MaterialPool\Thumbnails
[2023-08-09 14:20:15,676][ApicWS10][INFO] assigned Primer_schwarz to ShaderBall
[2023-08-09 14:20:15,689][ApicWS10][ERROR] Maya command error
Traceback (most recent call last):
  File "\\APICNAS\Produktion\Pipeline\Apic_Maya_Pipeline\Python\render_vault\controller\render_manager.py", line 89, in <module>
    RenderManager.run()
  File "\\APICNAS\Produktion\Pipeline\Apic_Maya_Pipeline\Python\render_vault\controller\render_manager.py", line 26, in run
    cls.renderer.render(cls.get_renderable_materials())
  File "\\APICNAS\Produktion\Pipeline\Apic_Maya_Pipeline\Python\render_vault\controller\renderer.py", line 183, in render
    cmds.vrend(camera="Camera_01")
  File "<string>", line 2, in vrend
RuntimeError: Maya command error
[2023-08-09 14:24:31,838][ApicWS10][INFO] initializing maya standalone...
[2023-08-09 14:24:45,328][ApicWS10][INFO] loaded render scene: W:\Ressources\Library\3D_Modelle\_ShaderBall_Maya\_DEV\MaterialDev_REF_ACES.mb
[2023-08-09 14:24:45,329][ApicWS10][INFO] ['Camera_0Shape1', 'frontShape', 'perspShape', 'sideShape', 'topShape']
[2023-08-09 14:24:45,708][ApicWS10][INFO] imported C:\Users\TheApic\Desktop\Test\MaterialPool\Materials\akku_sticker_BlendMtl.mb
[2023-08-09 14:24:45,709][ApicWS10][INFO] set v-ray as active renderer
[2023-08-09 14:24:45,710][ApicWS10][INFO] set v-ray render settings
[2023-08-09 14:24:45,711][ApicWS10][INFO] set image output path: C:\Users\TheApic\Desktop\Test\MaterialPool\Thumbnails
[2023-08-09 14:24:45,712][ApicWS10][INFO] assigned Primer_schwarz to ShaderBall
[2023-08-09 14:24:54,249][ApicWS10][INFO] finished rendering Primer_schwarz
[2023-08-09 14:24:54,250][ApicWS10][INFO] set image output path: C:\Users\TheApic\Desktop\Test\MaterialPool\Thumbnails
[2023-08-09 14:24:54,252][ApicWS10][INFO] assigned akku_sticker_mtl to ShaderBall
[2023-08-09 14:25:02,652][ApicWS10][INFO] finished rendering akku_sticker_mtl
[2023-08-09 14:25:02,653][ApicWS10][INFO] set image output path: C:\Users\TheApic\Desktop\Test\MaterialPool\Thumbnails
[2023-08-09 14:25:02,655][ApicWS10][INFO] assigned akku_sticker_BlendMtl to ShaderBall
[2023-08-09 14:25:11,293][ApicWS10][INFO] finished rendering akku_sticker_BlendMtl
[2023-08-09 14:25:11,294][ApicWS10][INFO] uninitializing maya standalone...
[2023-08-09 14:27:50,892][ApicWS10][INFO] initializing maya standalone...
[2023-08-09 14:28:04,220][ApicWS10][INFO] loaded render scene: W:\Ressources\Library\3D_Modelle\_ShaderBall_Maya\_DEV\MaterialDev_REF_ACES.mb
[2023-08-09 14:28:04,601][ApicWS10][INFO] imported C:\Users\TheApic\Desktop\Test\MaterialPool\Materials\Aluminium_matt_mtl.mb
[2023-08-09 14:28:04,601][ApicWS10][INFO] set v-ray as active renderer
[2023-08-09 14:28:04,602][ApicWS10][INFO] set v-ray render settings
[2023-08-09 14:28:04,603][ApicWS10][INFO] set image output path: C:\Users\TheApic\Desktop\Test\MaterialPool\Thumbnails
[2023-08-09 14:28:04,604][ApicWS10][INFO] assigned Aluminium_matt_mtl to ShaderBall
[2023-08-09 14:28:14,406][ApicWS10][INFO] finished rendering Aluminium_matt_mtl
[2023-08-09 14:28:14,407][ApicWS10][INFO] uninitializing maya standalone...
[2023-08-09 14:31:16,301][ApicWS10][INFO] saving settings to \\apicnas\Produktion\Pipeline\Apic_Maya_Pipeline\Python\render_vault\settings\config.json
