[2023-09-19 14:27:53,050][ApicWS08][INFO] starting Render Vault...
[2023-09-19 14:27:53,142][ApicWS08][INFO] loading settings from \\APICNAS\Produktion\Pipeline\Apic_Maya_Pipeline\Python\render_vault\settings\config.json
[2023-09-19 14:29:38,749][ApicWS08][INFO] imported model \\apicnas\Produktion\Projekte\_CLIENT_Lib\BOSCH\400_3D\420_assets_references_data\ModelPool\Models\SampleParts_Back_Up_Bauteil.mb
[2023-09-19 15:08:39,242][ApicWS08][INFO] starting Render Vault...
[2023-09-19 15:08:39,296][ApicWS08][INFO] loading settings from \\APICNAS\Produktion\Pipeline\Apic_Maya_Pipeline\Python\render_vault\settings\config.json
[2023-09-19 15:08:42,385][ApicWS08][INFO] imported model \\apicnas\Produktion\Projekte\_CLIENT_Lib\BOSCH\400_3D\420_assets_references_data\ModelPool\Models\SampleParts_Back_Up_Bauteil.mb
[2023-09-19 15:08:43,087][ApicWS08][INFO] updated settings manager values.
[2023-09-19 15:08:43,090][ApicWS08][INFO] saving settings to \\APICNAS\Produktion\Pipeline\Apic_Maya_Pipeline\Python\render_vault\settings\config.json
[2023-09-19 16:38:13,057][ApicWS08][INFO] updated settings manager values.
[2023-09-19 16:38:13,060][ApicWS08][INFO] saving settings to \\APICNAS\Produktion\Pipeline\Apic_Maya_Pipeline\Python\render_vault\settings\config.json
[2023-09-19 16:38:24,258][ApicWS08][INFO] starting Render Vault...
[2023-09-19 16:38:24,312][ApicWS08][INFO] loading settings from \\APICNAS\Produktion\Pipeline\Apic_Maya_Pipeline\Python\render_vault\settings\config.json
[2023-09-19 16:39:10,209][ApicWS08][INFO] Saved Scrrenshot in \\apicnas\Produktion\Projekte\_CLIENT_Lib\BOSCH\400_3D\420_assets_references_data\ModelPool\Thumbnails\SamplePart_Robotarm.png
[2023-09-19 16:39:27,196][ApicWS08][INFO] imported model \\apicnas\Produktion\Projekte\_CLIENT_Lib\BOSCH\400_3D\420_assets_references_data\ModelPool\Models\SamplePart_Robotarm.mb
[2023-09-19 16:55:34,628][ApicWS08][INFO] updated settings manager values.
[2023-09-19 16:55:34,630][ApicWS08][INFO] saving settings to \\APICNAS\Produktion\Pipeline\Apic_Maya_Pipeline\Python\render_vault\settings\config.json
[2023-09-19 17:30:28,354][ApicWS08][INFO] imported model \\apicnas\Produktion\Projekte\_CLIENT_Lib\BOSCH\400_3D\420_assets_references_data\ModelPool\Models\SamplePart_Robotarm.mb
[2023-09-19 17:34:48,895][ApicWS08][INFO] updated settings manager values.
[2023-09-19 17:34:48,897][ApicWS08][INFO] saving settings to \\APICNAS\Produktion\Pipeline\Apic_Maya_Pipeline\Python\render_vault\settings\config.json
[2023-09-19 17:47:15,889][ApicWS06][INFO] starting Render Vault...
[2023-09-19 17:47:15,931][ApicWS06][INFO] loading settings from \\APICNAS\Produktion\Pipeline\Apic_Maya_Pipeline\Python\render_vault\settings\config.json
[2023-09-19 17:49:07,881][ApicWS06][INFO] exported layered_print_offwhite_mtl to //apicnas/Produktion/Projekte/_CLIENT_Lib/BOSCH/400_3D/440_shader\MaterialPool\Materials
[2023-09-19 17:49:10,589][ApicWS06][INFO] initializing maya standalone...
[2023-09-19 17:49:31,773][ApicWS06][INFO] loaded scene: \\apicnas\Produktion\Projekte\_CLIENT_Lib\BOSCH\400_3D\440_shader\MaterialPool\Materials\layered_print_offwhite_mtl.mb
[2023-09-19 17:49:31,774][ApicWS06][INFO] uninitializing maya standalone...
[2023-09-19 17:50:04,766][ApicWS06][INFO] initializing maya standalone...
[2023-09-19 17:50:27,053][ApicWS06][INFO] loaded render scene: \\APICNAS\Produktion\Ressources\Library\3D_Modelle\_ShaderBall_Maya\_DEV\MaterialDev_REF_ACES.mb
[2023-09-19 17:50:27,129][ApicWS06][INFO] imported \\apicnas\Produktion\Projekte\_CLIENT_Lib\BOSCH\400_3D\440_shader\MaterialPool\Materials\layered_print_offwhite_mtl.mb
[2023-09-19 17:50:27,130][ApicWS06][INFO] set v-ray as active renderer
[2023-09-19 17:50:27,131][ApicWS06][INFO] set v-ray render settings
[2023-09-19 17:50:27,131][ApicWS06][INFO] set image output path: \\apicnas\Produktion\Projekte\_CLIENT_Lib\BOSCH\400_3D\440_shader\MaterialPool\Thumbnails
[2023-09-19 17:50:27,133][ApicWS06][INFO] assigned layered_print_offwhite_mtl to ShaderBall
[2023-09-19 17:50:48,980][ApicWS06][INFO] finished rendering layered_print_offwhite_mtl
[2023-09-19 17:50:48,980][ApicWS06][INFO] uninitializing maya standalone...
[2023-09-19 17:56:00,608][ApicWS06][INFO] initializing maya standalone...
[2023-09-19 17:56:23,157][ApicWS06][INFO] loaded render scene: \\APICNAS\Produktion\Ressources\Library\3D_Modelle\_ShaderBall_Maya\_DEV\MaterialDev_REF_ACES.mb
[2023-09-19 17:56:23,237][ApicWS06][INFO] imported \\apicnas\Produktion\Projekte\_CLIENT_Lib\BOSCH\400_3D\440_shader\MaterialPool\Materials\layered_print_offwhite_mtl.mb
[2023-09-19 17:56:23,237][ApicWS06][INFO] set v-ray as active renderer
[2023-09-19 17:56:23,238][ApicWS06][INFO] set v-ray render settings
[2023-09-19 17:56:23,239][ApicWS06][INFO] set image output path: \\apicnas\Produktion\Projekte\_CLIENT_Lib\BOSCH\400_3D\440_shader\MaterialPool\Thumbnails
