[2023-09-26 11:21:55,264][ApicWS10][INFO] starting Render Vault...
[2023-09-26 11:21:55,349][ApicWS10][INFO] loading settings from \\apicnas\Produktion\Pipeline\Apic_Maya_Pipeline\Python\render_vault\settings\config.json
[2023-09-26 11:22:12,065][ApicWS10][INFO] updated settings manager values.
[2023-09-26 11:22:12,067][ApicWS10][INFO] saving settings to \\apicnas\Produktion\Pipeline\Apic_Maya_Pipeline\Python\render_vault\settings\config.json
[2023-09-26 11:22:18,417][ApicWS10][INFO] starting Render Vault...
[2023-09-26 11:22:18,493][ApicWS10][INFO] loading settings from \\apicnas\Produktion\Pipeline\Apic_Maya_Pipeline\Python\render_vault\settings\config.json
[2023-09-26 11:28:38,342][ApicWS10][INFO] updated settings manager values.
[2023-09-26 11:28:38,348][ApicWS10][INFO] saving settings to \\apicnas\Produktion\Pipeline\Apic_Maya_Pipeline\Python\render_vault\settings\config.json
[2023-09-26 11:28:41,115][ApicWS10][INFO] starting Render Vault...
[2023-09-26 11:28:41,187][ApicWS10][INFO] loading settings from \\apicnas\Produktion\Pipeline\Apic_Maya_Pipeline\Python\render_vault\settings\config.json
[2023-09-26 11:30:48,450][ApicWS10][INFO] updated settings manager values.
[2023-09-26 11:30:48,457][ApicWS10][INFO] saving settings to \\apicnas\Produktion\Pipeline\Apic_Maya_Pipeline\Python\render_vault\settings\config.json
[2023-09-26 11:30:50,722][ApicWS08][INFO] starting Render Vault...
[2023-09-26 11:30:50,796][ApicWS08][INFO] loading settings from \\APICNAS\Produktion\Pipeline\Apic_Maya_Pipeline\Python\render_vault\settings\config.json
[2023-09-26 11:31:08,609][ApicWS10][INFO] starting Render Vault...
[2023-09-26 11:31:08,684][ApicWS10][INFO] loading settings from \\apicnas\Produktion\Pipeline\Apic_Maya_Pipeline\Python\render_vault\settings\config.json
[2023-09-26 11:31:25,492][ApicWS08][INFO] updated settings manager values.
[2023-09-26 11:31:25,495][ApicWS08][INFO] saving settings to \\APICNAS\Produktion\Pipeline\Apic_Maya_Pipeline\Python\render_vault\settings\config.json
[2023-09-26 11:33:02,281][ApicWS10][INFO] updated settings manager values.
[2023-09-26 11:33:02,289][ApicWS10][INFO] saving settings to \\apicnas\Produktion\Pipeline\Apic_Maya_Pipeline\Python\render_vault\settings\config.json
[2023-09-26 11:33:46,857][ApicWS10][INFO] starting Render Vault...
[2023-09-26 11:33:46,911][ApicWS10][INFO] loading settings from \\apicnas\Produktion\Pipeline\Apic_Maya_Pipeline\Python\render_vault\settings\config.json
[2023-09-26 13:34:22,748][ApicWS08][INFO] starting Render Vault...
[2023-09-26 13:34:22,802][ApicWS08][INFO] loading settings from \\APICNAS\Produktion\Pipeline\Apic_Maya_Pipeline\Python\render_vault\settings\config.json
[2023-09-26 13:35:13,320][ApicWS08][INFO] Saved Scrrenshot in \\apicnas\Produktion\Projekte\_CLIENT_Lib\BOSCH\400_3D\420_assets_references_data\ModelPool\Thumbnails\Wireframe_Pipe.png
[2023-09-26 13:36:14,391][ApicWS08][INFO] updated settings manager values.
[2023-09-26 13:36:14,394][ApicWS08][INFO] saving settings to \\APICNAS\Produktion\Pipeline\Apic_Maya_Pipeline\Python\render_vault\settings\config.json
[2023-09-26 13:36:18,856][ApicWS08][INFO] imported model \\apicnas\Produktion\Projekte\_CLIENT_Lib\BOSCH\400_3D\420_assets_references_data\ModelPool\Models\Wireframe_Pipe.mb
[2023-09-26 13:37:50,926][ApicWS08][INFO] deleted \\APICNAS\Produktion\Projekte\_CLIENT_Lib\BOSCH\400_3D\420_assets_references_data\ModelPool\Thumbnails\Wireframe_Pipe.png
[2023-09-26 13:37:50,928][ApicWS08][INFO] deleted \\apicnas\Produktion\Projekte\_CLIENT_Lib\BOSCH\400_3D\420_assets_references_data\ModelPool\Models\Wireframe_Pipe.mb
[2023-09-26 13:38:03,962][ApicWS08][INFO] Saved Scrrenshot in \\apicnas\Produktion\Projekte\_CLIENT_Lib\BOSCH\400_3D\420_assets_references_data\ModelPool\Thumbnails\Wireframe_Pipe_2.png
[2023-09-26 13:39:41,866][ApicWS08][INFO] starting Render Vault...
[2023-09-26 13:39:41,919][ApicWS08][INFO] loading settings from \\APICNAS\Produktion\Pipeline\Apic_Maya_Pipeline\Python\render_vault\settings\config.json
[2023-09-26 13:39:46,940][ApicWS08][INFO] imported model \\apicnas\Produktion\Projekte\_CLIENT_Lib\BOSCH\400_3D\420_assets_references_data\ModelPool\Models\Wireframe_Pipe_2.mb
[2023-09-26 13:41:48,704][ApicWS08][INFO] updated settings manager values.
[2023-09-26 13:41:48,707][ApicWS08][INFO] saving settings to \\APICNAS\Produktion\Pipeline\Apic_Maya_Pipeline\Python\render_vault\settings\config.json
[2023-09-26 14:56:31,507][ApicWS10][INFO] updated settings manager values.
[2023-09-26 14:56:31,509][ApicWS10][INFO] saving settings to \\apicnas\Produktion\Pipeline\Apic_Maya_Pipeline\Python\render_vault\settings\config.json
[2023-09-26 15:20:24,670][ApicWS10][INFO] starting Render Vault...
[2023-09-26 15:20:24,734][ApicWS10][INFO] loading settings from \\apicnas\Produktion\Pipeline\Apic_Maya_Pipeline\Python\render_vault\settings\config.json
[2023-09-26 15:39:58,855][ApicWS10][INFO] updated settings manager values.
[2023-09-26 15:39:58,857][ApicWS10][INFO] saving settings to \\apicnas\Produktion\Pipeline\Apic_Maya_Pipeline\Python\render_vault\settings\config.json
[2023-09-26 15:39:58,868][ApicWS10][INFO] loading settings from \\apicnas\Produktion\Pipeline\Apic_Maya_Pipeline\Python\render_vault\settings\config.json
[2023-09-26 15:40:12,006][ApicWS10][INFO] updated settings manager values.
[2023-09-26 15:40:12,009][ApicWS10][INFO] saving settings to \\apicnas\Produktion\Pipeline\Apic_Maya_Pipeline\Python\render_vault\settings\config.json
[2023-09-26 15:40:12,019][ApicWS10][INFO] loading settings from \\apicnas\Produktion\Pipeline\Apic_Maya_Pipeline\Python\render_vault\settings\config.json
[2023-09-26 15:40:43,604][ApicWS10][INFO] updated settings manager values.
[2023-09-26 15:40:43,606][ApicWS10][INFO] saving settings to \\apicnas\Produktion\Pipeline\Apic_Maya_Pipeline\Python\render_vault\settings\config.json
[2023-09-26 15:40:43,616][ApicWS10][INFO] loading settings from \\apicnas\Produktion\Pipeline\Apic_Maya_Pipeline\Python\render_vault\settings\config.json
[2023-09-26 15:41:13,589][ApicWS10][INFO] updated settings manager values.
[2023-09-26 15:41:13,591][ApicWS10][INFO] saving settings to \\apicnas\Produktion\Pipeline\Apic_Maya_Pipeline\Python\render_vault\settings\config.json
[2023-09-26 15:41:13,602][ApicWS10][INFO] loading settings from \\apicnas\Produktion\Pipeline\Apic_Maya_Pipeline\Python\render_vault\settings\config.json
[2023-09-26 16:38:09,715][ApicWS10][INFO] updated settings manager values.
[2023-09-26 16:38:09,718][ApicWS10][INFO] saving settings to \\apicnas\Produktion\Pipeline\Apic_Maya_Pipeline\Python\render_vault\settings\config.json
[2023-09-26 16:38:09,727][ApicWS10][INFO] loading settings from \\apicnas\Produktion\Pipeline\Apic_Maya_Pipeline\Python\render_vault\settings\config.json
[2023-09-26 16:38:39,228][ApicWS10][INFO] initializing maya standalone...
[2023-09-26 16:39:11,045][ApicWS10][INFO] loaded render scene: \\APICNAS\Produktion\Ressources\Library\3D_Modelle\_ShaderBall_Maya\_DEV\MaterialDev_REF_ACES.mb
[2023-09-26 16:39:12,475][ApicWS10][INFO] imported \\apicnas\Produktion\Projekte\_CLIENT_Lib\RECARO\400_3D\440_shader\MaterialPool\Materials\armlehne_vrscan_mtl.mb
[2023-09-26 16:39:12,533][ApicWS10][INFO] imported \\apicnas\Produktion\Projekte\_CLIENT_Lib\RECARO\400_3D\440_shader\MaterialPool\Materials\camira_urban_shader_REF_camira_urban_subway_YN009_SCAN_mtl.mb
[2023-09-26 16:39:12,580][ApicWS10][INFO] imported \\apicnas\Produktion\Projekte\_CLIENT_Lib\RECARO\400_3D\440_shader\MaterialPool\Materials\Clay_A01_50cm.mb
[2023-09-26 16:39:12,614][ApicWS10][INFO] imported \\apicnas\Produktion\Projekte\_CLIENT_Lib\RECARO\400_3D\440_shader\MaterialPool\Materials\Fabric_A03_Dark_Gray_20cm.mb
[2023-09-26 16:39:12,661][ApicWS10][INFO] imported \\apicnas\Produktion\Projekte\_CLIENT_Lib\RECARO\400_3D\440_shader\MaterialPool\Materials\gabriel_step_schwarz_60999_shader_REF_step_schwarz_60999_SCAN_mtl.mb
[2023-09-26 16:39:12,704][ApicWS10][INFO] imported \\apicnas\Produktion\Projekte\_CLIENT_Lib\RECARO\400_3D\440_shader\MaterialPool\Materials\glossy_black_plastic_mtl.mb
[2023-09-26 16:39:12,755][ApicWS10][INFO] imported \\apicnas\Produktion\Projekte\_CLIENT_Lib\RECARO\400_3D\440_shader\MaterialPool\Materials\Mesh_Fabric_C01_30cm.mb
[2023-09-26 16:39:12,801][ApicWS10][INFO] imported \\apicnas\Produktion\Projekte\_CLIENT_Lib\RECARO\400_3D\440_shader\MaterialPool\Materials\metal_black_mtl.mb
[2023-09-26 16:39:12,875][ApicWS10][INFO] imported \\apicnas\Produktion\Projekte\_CLIENT_Lib\RECARO\400_3D\440_shader\MaterialPool\Materials\metal_mtl.mb
[2023-09-26 16:39:12,939][ApicWS10][INFO] imported \\apicnas\Produktion\Projekte\_CLIENT_Lib\RECARO\400_3D\440_shader\MaterialPool\Materials\plastic_white_mtl.mb
[2023-09-26 16:39:12,987][ApicWS10][INFO] imported \\apicnas\Produktion\Projekte\_CLIENT_Lib\RECARO\400_3D\440_shader\MaterialPool\Materials\plastik_grau_mtl.mb
[2023-09-26 16:39:13,030][ApicWS10][INFO] imported \\apicnas\Produktion\Projekte\_CLIENT_Lib\RECARO\400_3D\440_shader\MaterialPool\Materials\plastik_schwarz_rauh_vrscan_mtl.mb
[2023-09-26 16:39:13,061][ApicWS10][INFO] imported \\apicnas\Produktion\Projekte\_CLIENT_Lib\RECARO\400_3D\440_shader\MaterialPool\Materials\silver_stitches_logo.mb
[2023-09-26 16:39:13,106][ApicWS10][INFO] imported \\apicnas\Produktion\Projekte\_CLIENT_Lib\RECARO\400_3D\440_shader\MaterialPool\Materials\stitches_mtl.mb
[2023-09-26 16:39:13,141][ApicWS10][INFO] imported \\apicnas\Produktion\Projekte\_CLIENT_Lib\RECARO\400_3D\440_shader\MaterialPool\Materials\white_hair_logo_mtl.mb
[2023-09-26 16:39:13,142][ApicWS10][INFO] set v-ray as active renderer
[2023-09-26 16:39:13,143][ApicWS10][INFO] set v-ray render settings
[2023-09-26 16:39:13,143][ApicWS10][INFO] set image output path: \\apicnas\Produktion\Projekte\_CLIENT_Lib\RECARO\400_3D\440_shader\MaterialPool\Thumbnails
[2023-09-26 16:39:13,145][ApicWS10][INFO] assigned armlehne_vrscan_mtl to ShaderBall
[2023-09-26 16:39:26,107][ApicWS10][INFO] finished rendering armlehne_vrscan_mtl
[2023-09-26 16:39:26,108][ApicWS10][INFO] set image output path: \\apicnas\Produktion\Projekte\_CLIENT_Lib\RECARO\400_3D\440_shader\MaterialPool\Thumbnails
[2023-09-26 16:39:26,109][ApicWS10][INFO] assigned camira_urban_shader_REF:camira_urban_subway_YN009_SCAN_mtl to ShaderBall
[2023-09-26 16:40:23,595][ApicWS10][INFO] initializing maya standalone...
[2023-09-26 16:40:41,007][ApicWS10][INFO] loaded render scene: \\APICNAS\Produktion\Ressources\Library\3D_Modelle\_ShaderBall_Maya\_DEV\MaterialDev_REF_ACES.mb
[2023-09-26 16:40:41,373][ApicWS10][INFO] imported \\apicnas\Produktion\Projekte\_CLIENT_Lib\RECARO\400_3D\440_shader\MaterialPool\Materials\plastik_grau_mtl.mb
[2023-09-26 16:40:41,373][ApicWS10][INFO] set v-ray as active renderer
[2023-09-26 16:40:41,374][ApicWS10][INFO] set v-ray render settings
[2023-09-26 16:40:41,375][ApicWS10][INFO] set image output path: \\apicnas\Produktion\Projekte\_CLIENT_Lib\RECARO\400_3D\440_shader\MaterialPool\Thumbnails
[2023-09-26 16:40:41,376][ApicWS10][INFO] assigned plastik_grau_mtl to ShaderBall
[2023-09-26 16:40:49,571][ApicWS10][INFO] finished rendering plastik_grau_mtl
[2023-09-26 16:40:49,572][ApicWS10][INFO] uninitializing maya standalone...
[2023-09-26 16:41:58,678][ApicWS10][INFO] initializing maya standalone...
[2023-09-26 16:42:16,471][ApicWS10][INFO] loaded render scene: \\APICNAS\Produktion\Ressources\Library\3D_Modelle\_ShaderBall_Maya\_DEV\MaterialDev_REF_ACES.mb
[2023-09-26 16:42:16,609][ApicWS10][INFO] imported \\apicnas\Produktion\Projekte\_CLIENT_Lib\BOSCH\400_3D\440_shader\MaterialPool\Materials\layered_print_offwhite_mtl.mb
[2023-09-26 16:42:16,610][ApicWS10][INFO] set v-ray as active renderer
[2023-09-26 16:42:16,611][ApicWS10][INFO] set v-ray render settings
[2023-09-26 16:42:16,612][ApicWS10][INFO] set image output path: \\apicnas\Produktion\Projekte\_CLIENT_Lib\BOSCH\400_3D\440_shader\MaterialPool\Thumbnails
[2023-09-26 16:42:37,649][ApicWS10][INFO] initializing maya standalone...
[2023-09-26 16:42:55,057][ApicWS10][INFO] loaded render scene: \\APICNAS\Produktion\Ressources\Library\3D_Modelle\_ShaderBall_Maya\_DEV\MaterialDev_REF_ACES.mb
[2023-09-26 16:42:55,198][ApicWS10][INFO] imported \\apicnas\Produktion\Projekte\_CLIENT_Lib\BOSCH\400_3D\440_shader\MaterialPool\Materials\layered_print_offwhite_mtl.mb
[2023-09-26 16:42:55,199][ApicWS10][INFO] set v-ray as active renderer
[2023-09-26 16:42:55,199][ApicWS10][INFO] set v-ray render settings
[2023-09-26 16:42:55,200][ApicWS10][INFO] set image output path: \\apicnas\Produktion\Projekte\_CLIENT_Lib\BOSCH\400_3D\440_shader\MaterialPool\Thumbnails
[2023-09-26 16:43:50,354][ApicWS10][INFO] initializing maya standalone...
[2023-09-26 16:44:07,779][ApicWS10][INFO] loaded render scene: \\APICNAS\Produktion\Ressources\Library\3D_Modelle\_ShaderBall_Maya\_DEV\MaterialDev_REF_ACES.mb
[2023-09-26 16:44:07,915][ApicWS10][INFO] imported \\apicnas\Produktion\Projekte\_CLIENT_Lib\BOSCH\400_3D\440_shader\MaterialPool\Materials\layered_print_offwhite_mtl.mb
[2023-09-26 16:44:07,916][ApicWS10][INFO] set v-ray as active renderer
[2023-09-26 16:44:07,917][ApicWS10][INFO] set v-ray render settings
[2023-09-26 16:44:07,918][ApicWS10][INFO] set image output path: \\apicnas\Produktion\Projekte\_CLIENT_Lib\BOSCH\400_3D\440_shader\MaterialPool\Thumbnails
[2023-09-26 16:53:35,028][ApicWS10][INFO] updated settings manager values.
[2023-09-26 16:53:35,031][ApicWS10][INFO] saving settings to \\apicnas\Produktion\Pipeline\Apic_Maya_Pipeline\Python\render_vault\settings\config.json
[2023-09-26 16:53:39,858][ApicWS10][INFO] starting Render Vault...
[2023-09-26 16:53:39,932][ApicWS10][INFO] loading settings from \\apicnas\Produktion\Pipeline\Apic_Maya_Pipeline\Python\render_vault\settings\config.json
[2023-09-26 16:53:54,664][ApicWS10][INFO] initializing maya standalone...
[2023-09-26 16:54:16,768][ApicWS10][INFO] loaded render scene: \\APICNAS\Produktion\Ressources\Library\3D_Modelle\_ShaderBall_Maya\_DEV\MaterialDev_REF_ACES.mb
[2023-09-26 16:54:16,924][ApicWS10][INFO] imported \\apicnas\Produktion\Projekte\_CLIENT_Lib\BOSCH\400_3D\440_shader\MaterialPool\Materials\layered_print_offwhite_mtl.mb
[2023-09-26 16:54:16,925][ApicWS10][INFO] set v-ray as active renderer
[2023-09-26 16:54:16,926][ApicWS10][INFO] set v-ray render settings
[2023-09-26 16:54:16,927][ApicWS10][INFO] set image output path: \\apicnas\Produktion\Projekte\_CLIENT_Lib\BOSCH\400_3D\440_shader\MaterialPool\Thumbnails
[2023-09-26 16:54:31,322][ApicWS10][INFO] updated settings manager values.
[2023-09-26 16:54:31,331][ApicWS10][INFO] saving settings to \\apicnas\Produktion\Pipeline\Apic_Maya_Pipeline\Python\render_vault\settings\config.json
[2023-09-26 16:55:27,605][ApicWS10][INFO] starting Render Vault...
[2023-09-26 16:55:27,664][ApicWS10][INFO] loading settings from \\apicnas\Produktion\Pipeline\Apic_Maya_Pipeline\Python\render_vault\settings\config.json
[2023-09-26 16:55:35,963][ApicWS10][INFO] initializing maya standalone...
[2023-09-26 16:55:58,502][ApicWS10][INFO] loaded render scene: \\APICNAS\Produktion\Ressources\Library\3D_Modelle\_ShaderBall_Maya\_DEV\MaterialDev_REF_ACES.mb
[2023-09-26 16:55:58,656][ApicWS10][INFO] imported \\apicnas\Produktion\Projekte\_CLIENT_Lib\BOSCH\400_3D\440_shader\MaterialPool\Materials\layered_print_offwhite_mtl.mb
[2023-09-26 16:55:58,657][ApicWS10][INFO] set v-ray as active renderer
[2023-09-26 16:55:58,658][ApicWS10][INFO] set v-ray render settings
[2023-09-26 16:55:58,659][ApicWS10][INFO] set image output path: \\apicnas\Produktion\Projekte\_CLIENT_Lib\BOSCH\400_3D\440_shader\MaterialPool\Thumbnails
[2023-09-26 16:58:19,083][ApicWS10][INFO] initializing maya standalone...
[2023-09-26 16:58:41,127][ApicWS10][INFO] loaded render scene: \\APICNAS\Produktion\Ressources\Library\3D_Modelle\_ShaderBall_Maya\_DEV\MaterialDev_REF_ACES.mb
[2023-09-26 16:58:41,296][ApicWS10][INFO] imported \\apicnas\Produktion\Projekte\_CLIENT_Lib\BOSCH\400_3D\440_shader\MaterialPool\Materials\layered_print_offwhite_mtl.mb
[2023-09-26 16:58:41,296][ApicWS10][INFO] set v-ray as active renderer
[2023-09-26 16:58:41,297][ApicWS10][INFO] set v-ray render settings
[2023-09-26 16:58:41,298][ApicWS10][INFO] set image output path: \\apicnas\Produktion\Projekte\_CLIENT_Lib\BOSCH\400_3D\440_shader\MaterialPool\Thumbnails
[2023-09-26 16:58:41,299][ApicWS10][INFO] assigned layered_print_offwhite_mtl to ShaderBall
[2023-09-26 16:59:12,636][ApicWS10][INFO] finished rendering layered_print_offwhite_mtl
[2023-09-26 16:59:12,637][ApicWS10][INFO] uninitializing maya standalone...
[2023-09-26 17:00:42,173][ApicWS10][INFO] deleted \\apicnas\Produktion\Projekte\_CLIENT_Lib\RECARO\400_3D\440_shader\MaterialPool\Materials\camira_urban_shader_REF_camira_urban_subway_YN009_SCAN_mtl.mb
[2023-09-26 17:01:33,605][ApicWS10][INFO] updated settings manager values.
[2023-09-26 17:01:33,608][ApicWS10][INFO] saving settings to \\apicnas\Produktion\Pipeline\Apic_Maya_Pipeline\Python\render_vault\settings\config.json
[2023-09-26 17:01:33,618][ApicWS10][INFO] loading settings from \\apicnas\Produktion\Pipeline\Apic_Maya_Pipeline\Python\render_vault\settings\config.json
[2023-09-26 17:01:56,645][ApicWS10][INFO] deleted \\apicnas\Produktion\Projekte\_CLIENT_Lib\RECARO\400_3D\440_shader\MaterialPool\Materials\gabriel_step_schwarz_60999_shader_REF_step_schwarz_60999_SCAN_mtl.mb
[2023-09-26 17:02:05,599][ApicWS10][INFO] initializing maya standalone...
[2023-09-26 17:02:28,236][ApicWS10][INFO] loaded render scene: \\APICNAS\Produktion\Ressources\Library\3D_Modelle\_ShaderBall_Maya\_DEV\MaterialDev_REF_ACES.mb
[2023-09-26 17:02:28,671][ApicWS10][INFO] imported \\apicnas\Produktion\Projekte\_CLIENT_Lib\RECARO\400_3D\440_shader\MaterialPool\Materials\armlehne_vrscan_mtl.mb
[2023-09-26 17:02:28,725][ApicWS10][INFO] imported \\apicnas\Produktion\Projekte\_CLIENT_Lib\RECARO\400_3D\440_shader\MaterialPool\Materials\camira_urban_subway_YN009_SCAN_mtl.mb
[2023-09-26 17:02:28,768][ApicWS10][INFO] imported \\apicnas\Produktion\Projekte\_CLIENT_Lib\RECARO\400_3D\440_shader\MaterialPool\Materials\Clay_A01_50cm.mb
[2023-09-26 17:02:28,810][ApicWS10][INFO] imported \\apicnas\Produktion\Projekte\_CLIENT_Lib\RECARO\400_3D\440_shader\MaterialPool\Materials\Fabric_A03_Dark_Gray_20cm.mb
[2023-09-26 17:02:28,860][ApicWS10][INFO] imported \\apicnas\Produktion\Projekte\_CLIENT_Lib\RECARO\400_3D\440_shader\MaterialPool\Materials\gabriel_step_schwarz_60999_SCAN_mtl.mb
[2023-09-26 17:02:28,902][ApicWS10][INFO] imported \\apicnas\Produktion\Projekte\_CLIENT_Lib\RECARO\400_3D\440_shader\MaterialPool\Materials\glossy_black_plastic_mtl.mb
[2023-09-26 17:02:28,950][ApicWS10][INFO] imported \\apicnas\Produktion\Projekte\_CLIENT_Lib\RECARO\400_3D\440_shader\MaterialPool\Materials\Mesh_Fabric_C01_30cm.mb
[2023-09-26 17:02:28,995][ApicWS10][INFO] imported \\apicnas\Produktion\Projekte\_CLIENT_Lib\RECARO\400_3D\440_shader\MaterialPool\Materials\metal_black_mtl.mb
[2023-09-26 17:02:29,044][ApicWS10][INFO] imported \\apicnas\Produktion\Projekte\_CLIENT_Lib\RECARO\400_3D\440_shader\MaterialPool\Materials\metal_mtl.mb
[2023-09-26 17:02:29,091][ApicWS10][INFO] imported \\apicnas\Produktion\Projekte\_CLIENT_Lib\RECARO\400_3D\440_shader\MaterialPool\Materials\plastic_white_mtl.mb
[2023-09-26 17:02:29,138][ApicWS10][INFO] imported \\apicnas\Produktion\Projekte\_CLIENT_Lib\RECARO\400_3D\440_shader\MaterialPool\Materials\plastik_grau_mtl.mb
[2023-09-26 17:02:29,181][ApicWS10][INFO] imported \\apicnas\Produktion\Projekte\_CLIENT_Lib\RECARO\400_3D\440_shader\MaterialPool\Materials\plastik_schwarz_rauh_vrscan_mtl.mb
[2023-09-26 17:02:29,225][ApicWS10][INFO] imported \\apicnas\Produktion\Projekte\_CLIENT_Lib\RECARO\400_3D\440_shader\MaterialPool\Materials\silver_stitches_logo.mb
[2023-09-26 17:02:29,271][ApicWS10][INFO] imported \\apicnas\Produktion\Projekte\_CLIENT_Lib\RECARO\400_3D\440_shader\MaterialPool\Materials\stitches_mtl.mb
[2023-09-26 17:02:29,318][ApicWS10][INFO] imported \\apicnas\Produktion\Projekte\_CLIENT_Lib\RECARO\400_3D\440_shader\MaterialPool\Materials\white_hair_logo_mtl.mb
[2023-09-26 17:02:29,319][ApicWS10][INFO] set v-ray as active renderer
[2023-09-26 17:02:29,322][ApicWS10][INFO] set v-ray render settings
[2023-09-26 17:02:29,323][ApicWS10][INFO] set image output path: \\apicnas\Produktion\Projekte\_CLIENT_Lib\RECARO\400_3D\440_shader\MaterialPool\Thumbnails
[2023-09-26 17:02:29,325][ApicWS10][INFO] assigned armlehne_vrscan_mtl to ShaderBall
[2023-09-26 17:02:41,457][ApicWS10][INFO] finished rendering armlehne_vrscan_mtl
[2023-09-26 17:02:41,459][ApicWS10][INFO] set image output path: \\apicnas\Produktion\Projekte\_CLIENT_Lib\RECARO\400_3D\440_shader\MaterialPool\Thumbnails
[2023-09-26 17:02:41,461][ApicWS10][INFO] assigned camira_urban_subway_YN009_SCAN_mtl to ShaderBall
[2023-09-26 17:02:49,131][ApicWS10][INFO] finished rendering camira_urban_subway_YN009_SCAN_mtl
[2023-09-26 17:02:49,137][ApicWS10][INFO] set image output path: \\apicnas\Produktion\Projekte\_CLIENT_Lib\RECARO\400_3D\440_shader\MaterialPool\Thumbnails
[2023-09-26 17:02:49,139][ApicWS10][INFO] assigned Clay_A01_50cm to ShaderBall
[2023-09-26 17:02:56,147][ApicWS10][INFO] finished rendering Clay_A01_50cm
[2023-09-26 17:02:56,153][ApicWS10][INFO] set image output path: \\apicnas\Produktion\Projekte\_CLIENT_Lib\RECARO\400_3D\440_shader\MaterialPool\Thumbnails
[2023-09-26 17:02:56,155][ApicWS10][INFO] assigned Fabric_A03_Dark_Gray_20cm to ShaderBall
[2023-09-26 17:03:02,640][ApicWS10][INFO] finished rendering Fabric_A03_Dark_Gray_20cm
[2023-09-26 17:03:02,641][ApicWS10][INFO] set image output path: \\apicnas\Produktion\Projekte\_CLIENT_Lib\RECARO\400_3D\440_shader\MaterialPool\Thumbnails
[2023-09-26 17:03:02,644][ApicWS10][INFO] assigned step_schwarz_60999_SCAN_mtl to ShaderBall
[2023-09-26 17:03:10,010][ApicWS10][INFO] finished rendering step_schwarz_60999_SCAN_mtl
[2023-09-26 17:03:10,011][ApicWS10][INFO] set image output path: \\apicnas\Produktion\Projekte\_CLIENT_Lib\RECARO\400_3D\440_shader\MaterialPool\Thumbnails
[2023-09-26 17:03:10,013][ApicWS10][INFO] assigned glossy_black_plastic_mtl to ShaderBall
[2023-09-26 17:03:15,398][ApicWS10][INFO] finished rendering glossy_black_plastic_mtl
[2023-09-26 17:03:15,399][ApicWS10][INFO] set image output path: \\apicnas\Produktion\Projekte\_CLIENT_Lib\RECARO\400_3D\440_shader\MaterialPool\Thumbnails
[2023-09-26 17:03:15,401][ApicWS10][INFO] assigned Mesh_Fabric_C01_30cm to ShaderBall
[2023-09-26 17:03:22,593][ApicWS10][INFO] finished rendering Mesh_Fabric_C01_30cm
[2023-09-26 17:03:22,594][ApicWS10][INFO] set image output path: \\apicnas\Produktion\Projekte\_CLIENT_Lib\RECARO\400_3D\440_shader\MaterialPool\Thumbnails
[2023-09-26 17:03:22,596][ApicWS10][INFO] assigned metal_black_mtl to ShaderBall
[2023-09-26 17:03:27,739][ApicWS10][INFO] finished rendering metal_black_mtl
[2023-09-26 17:03:27,740][ApicWS10][INFO] set image output path: \\apicnas\Produktion\Projekte\_CLIENT_Lib\RECARO\400_3D\440_shader\MaterialPool\Thumbnails
[2023-09-26 17:03:27,742][ApicWS10][INFO] assigned metal_mtl1 to ShaderBall
[2023-09-26 17:03:37,075][ApicWS10][INFO] finished rendering metal_mtl1
[2023-09-26 17:03:37,076][ApicWS10][INFO] set image output path: \\apicnas\Produktion\Projekte\_CLIENT_Lib\RECARO\400_3D\440_shader\MaterialPool\Thumbnails
[2023-09-26 17:03:37,078][ApicWS10][INFO] assigned plastic_white_mtl to ShaderBall
[2023-09-26 17:04:18,647][ApicWS10][INFO] finished rendering plastic_white_mtl
[2023-09-26 17:04:18,648][ApicWS10][INFO] set image output path: \\apicnas\Produktion\Projekte\_CLIENT_Lib\RECARO\400_3D\440_shader\MaterialPool\Thumbnails
[2023-09-26 17:04:18,650][ApicWS10][INFO] assigned plastik_grau_mtl to ShaderBall
[2023-09-26 17:04:24,372][ApicWS10][INFO] finished rendering plastik_grau_mtl
[2023-09-26 17:04:24,373][ApicWS10][INFO] set image output path: \\apicnas\Produktion\Projekte\_CLIENT_Lib\RECARO\400_3D\440_shader\MaterialPool\Thumbnails
[2023-09-26 17:04:24,375][ApicWS10][INFO] assigned plastik_schwarz_rauh_vrscan_mtl to ShaderBall
[2023-09-26 17:04:34,501][ApicWS10][INFO] finished rendering plastik_schwarz_rauh_vrscan_mtl
[2023-09-26 17:04:34,502][ApicWS10][INFO] set image output path: \\apicnas\Produktion\Projekte\_CLIENT_Lib\RECARO\400_3D\440_shader\MaterialPool\Thumbnails
[2023-09-26 17:04:34,504][ApicWS10][INFO] assigned silver_stitches_logo to ShaderBall
[2023-09-26 17:04:43,962][ApicWS10][INFO] finished rendering silver_stitches_logo
[2023-09-26 17:04:43,963][ApicWS10][INFO] set image output path: \\apicnas\Produktion\Projekte\_CLIENT_Lib\RECARO\400_3D\440_shader\MaterialPool\Thumbnails
[2023-09-26 17:04:43,965][ApicWS10][INFO] assigned stitches_mtl to ShaderBall
[2023-09-26 17:04:51,301][ApicWS10][INFO] finished rendering stitches_mtl
[2023-09-26 17:04:51,302][ApicWS10][INFO] set image output path: \\apicnas\Produktion\Projekte\_CLIENT_Lib\RECARO\400_3D\440_shader\MaterialPool\Thumbnails
[2023-09-26 17:04:51,303][ApicWS10][INFO] assigned white_hair_logo_mtl to ShaderBall
[2023-09-26 17:05:10,012][ApicWS10][INFO] finished rendering white_hair_logo_mtl
[2023-09-26 17:05:10,013][ApicWS10][INFO] uninitializing maya standalone...
[2023-09-26 17:06:34,711][ApicWS10][INFO] initializing maya standalone...
[2023-09-26 17:06:56,778][ApicWS10][INFO] loaded render scene: \\APICNAS\Produktion\Ressources\Library\3D_Modelle\_ShaderBall_Maya\_DEV\MaterialDev_REF_ACES.mb
[2023-09-26 17:06:56,916][ApicWS10][INFO] imported \\apicnas\Produktion\Projekte\_CLIENT_Lib\RECARO\400_3D\440_shader\MaterialPool\Materials\gabriel_step_schwarz_60999_SCAN_mtl.mb
[2023-09-26 17:06:56,916][ApicWS10][INFO] set v-ray as active renderer
[2023-09-26 17:06:56,917][ApicWS10][INFO] set v-ray render settings
[2023-09-26 17:06:56,918][ApicWS10][INFO] set image output path: \\apicnas\Produktion\Projekte\_CLIENT_Lib\RECARO\400_3D\440_shader\MaterialPool\Thumbnails
[2023-09-26 17:06:56,919][ApicWS10][INFO] assigned step_schwarz_60999_SCAN_mtl to ShaderBall
[2023-09-26 17:07:07,104][ApicWS10][INFO] finished rendering step_schwarz_60999_SCAN_mtl
[2023-09-26 17:07:07,104][ApicWS10][INFO] uninitializing maya standalone...
[2023-09-26 17:11:45,375][ApicWS10][INFO] updated settings manager values.
[2023-09-26 17:11:45,378][ApicWS10][INFO] saving settings to \\apicnas\Produktion\Pipeline\Apic_Maya_Pipeline\Python\render_vault\settings\config.json
[2023-09-26 17:11:45,388][ApicWS10][INFO] loading settings from \\apicnas\Produktion\Pipeline\Apic_Maya_Pipeline\Python\render_vault\settings\config.json
[2023-09-26 17:11:50,243][ApicWS10][INFO] updated settings manager values.
[2023-09-26 17:11:50,247][ApicWS10][INFO] saving settings to \\apicnas\Produktion\Pipeline\Apic_Maya_Pipeline\Python\render_vault\settings\config.json
[2023-09-26 17:11:50,256][ApicWS10][INFO] loading settings from \\apicnas\Produktion\Pipeline\Apic_Maya_Pipeline\Python\render_vault\settings\config.json
[2023-09-26 17:11:56,417][ApicWS10][INFO] updated settings manager values.
[2023-09-26 17:11:56,420][ApicWS10][INFO] saving settings to \\apicnas\Produktion\Pipeline\Apic_Maya_Pipeline\Python\render_vault\settings\config.json
[2023-09-26 17:11:56,430][ApicWS10][INFO] loading settings from \\apicnas\Produktion\Pipeline\Apic_Maya_Pipeline\Python\render_vault\settings\config.json
[2023-09-26 17:12:01,971][ApicWS10][INFO] updated settings manager values.
[2023-09-26 17:12:01,974][ApicWS10][INFO] saving settings to \\apicnas\Produktion\Pipeline\Apic_Maya_Pipeline\Python\render_vault\settings\config.json
[2023-09-26 17:12:01,984][ApicWS10][INFO] loading settings from \\apicnas\Produktion\Pipeline\Apic_Maya_Pipeline\Python\render_vault\settings\config.json
[2023-09-26 17:12:16,410][ApicWS10][INFO] updated settings manager values.
[2023-09-26 17:12:16,413][ApicWS10][INFO] saving settings to \\apicnas\Produktion\Pipeline\Apic_Maya_Pipeline\Python\render_vault\settings\config.json
[2023-09-26 17:12:16,423][ApicWS10][INFO] loading settings from \\apicnas\Produktion\Pipeline\Apic_Maya_Pipeline\Python\render_vault\settings\config.json
[2023-09-26 17:12:23,454][ApicWS10][INFO] updated settings manager values.
[2023-09-26 17:12:23,458][ApicWS10][INFO] saving settings to \\apicnas\Produktion\Pipeline\Apic_Maya_Pipeline\Python\render_vault\settings\config.json
[2023-09-26 17:12:23,469][ApicWS10][INFO] loading settings from \\apicnas\Produktion\Pipeline\Apic_Maya_Pipeline\Python\render_vault\settings\config.json
[2023-09-26 17:16:19,934][ApicWS10][INFO] updated settings manager values.
[2023-09-26 17:16:19,936][ApicWS10][INFO] saving settings to \\apicnas\Produktion\Pipeline\Apic_Maya_Pipeline\Python\render_vault\settings\config.json
[2023-09-26 17:16:23,580][ApicWS10][INFO] starting Render Vault...
[2023-09-26 17:16:23,620][ApicWS10][INFO] loading settings from \\apicnas\Produktion\Pipeline\Apic_Maya_Pipeline\Python\render_vault\settings\config.json
[2023-09-26 17:16:26,547][ApicWS10][INFO] updated settings manager values.
[2023-09-26 17:16:26,555][ApicWS10][INFO] saving settings to \\apicnas\Produktion\Pipeline\Apic_Maya_Pipeline\Python\render_vault\settings\config.json
[2023-09-26 17:16:26,564][ApicWS10][INFO] loading settings from \\apicnas\Produktion\Pipeline\Apic_Maya_Pipeline\Python\render_vault\settings\config.json
[2023-09-26 17:16:28,078][ApicWS10][INFO] updated settings manager values.
[2023-09-26 17:16:28,085][ApicWS10][INFO] saving settings to \\apicnas\Produktion\Pipeline\Apic_Maya_Pipeline\Python\render_vault\settings\config.json
[2023-09-26 17:16:28,095][ApicWS10][INFO] loading settings from \\apicnas\Produktion\Pipeline\Apic_Maya_Pipeline\Python\render_vault\settings\config.json
[2023-09-26 17:16:33,572][ApicWS10][INFO] updated settings manager values.
[2023-09-26 17:16:33,580][ApicWS10][INFO] saving settings to \\apicnas\Produktion\Pipeline\Apic_Maya_Pipeline\Python\render_vault\settings\config.json
[2023-09-26 17:16:40,843][ApicWS10][INFO] updated settings manager values.
[2023-09-26 17:16:40,849][ApicWS10][INFO] saving settings to \\apicnas\Produktion\Pipeline\Apic_Maya_Pipeline\Python\render_vault\settings\config.json
[2023-09-26 17:16:40,853][ApicWS10][INFO] loading settings from \\apicnas\Produktion\Pipeline\Apic_Maya_Pipeline\Python\render_vault\settings\config.json
[2023-09-26 17:16:42,100][ApicWS10][INFO] updated settings manager values.
[2023-09-26 17:16:42,106][ApicWS10][INFO] saving settings to \\apicnas\Produktion\Pipeline\Apic_Maya_Pipeline\Python\render_vault\settings\config.json
[2023-09-26 17:16:42,110][ApicWS10][INFO] loading settings from \\apicnas\Produktion\Pipeline\Apic_Maya_Pipeline\Python\render_vault\settings\config.json
[2023-09-26 17:16:42,354][ApicWS10][INFO] updated settings manager values.
[2023-09-26 17:16:42,356][ApicWS10][INFO] saving settings to \\apicnas\Produktion\Pipeline\Apic_Maya_Pipeline\Python\render_vault\settings\config.json
[2023-09-26 17:16:42,364][ApicWS10][INFO] loading settings from \\apicnas\Produktion\Pipeline\Apic_Maya_Pipeline\Python\render_vault\settings\config.json
[2023-09-26 17:16:42,543][ApicWS10][INFO] updated settings manager values.
[2023-09-26 17:16:42,546][ApicWS10][INFO] saving settings to \\apicnas\Produktion\Pipeline\Apic_Maya_Pipeline\Python\render_vault\settings\config.json
[2023-09-26 17:16:42,550][ApicWS10][INFO] loading settings from \\apicnas\Produktion\Pipeline\Apic_Maya_Pipeline\Python\render_vault\settings\config.json
[2023-09-26 17:16:42,719][ApicWS10][INFO] updated settings manager values.
[2023-09-26 17:16:42,728][ApicWS10][INFO] saving settings to \\apicnas\Produktion\Pipeline\Apic_Maya_Pipeline\Python\render_vault\settings\config.json
[2023-09-26 17:16:42,731][ApicWS10][INFO] loading settings from \\apicnas\Produktion\Pipeline\Apic_Maya_Pipeline\Python\render_vault\settings\config.json
[2023-09-26 17:16:43,035][ApicWS10][INFO] updated settings manager values.
[2023-09-26 17:16:43,043][ApicWS10][INFO] saving settings to \\apicnas\Produktion\Pipeline\Apic_Maya_Pipeline\Python\render_vault\settings\config.json
[2023-09-26 17:16:43,047][ApicWS10][INFO] loading settings from \\apicnas\Produktion\Pipeline\Apic_Maya_Pipeline\Python\render_vault\settings\config.json
[2023-09-26 17:16:43,208][ApicWS10][INFO] updated settings manager values.
[2023-09-26 17:16:43,212][ApicWS10][INFO] saving settings to \\apicnas\Produktion\Pipeline\Apic_Maya_Pipeline\Python\render_vault\settings\config.json
[2023-09-26 17:16:43,215][ApicWS10][INFO] loading settings from \\apicnas\Produktion\Pipeline\Apic_Maya_Pipeline\Python\render_vault\settings\config.json
[2023-09-26 17:16:43,632][ApicWS10][INFO] updated settings manager values.
[2023-09-26 17:16:43,639][ApicWS10][INFO] saving settings to \\apicnas\Produktion\Pipeline\Apic_Maya_Pipeline\Python\render_vault\settings\config.json
[2023-09-26 17:16:43,643][ApicWS10][INFO] loading settings from \\apicnas\Produktion\Pipeline\Apic_Maya_Pipeline\Python\render_vault\settings\config.json
[2023-09-26 17:16:44,004][ApicWS10][INFO] updated settings manager values.
[2023-09-26 17:16:44,010][ApicWS10][INFO] saving settings to \\apicnas\Produktion\Pipeline\Apic_Maya_Pipeline\Python\render_vault\settings\config.json
[2023-09-26 17:16:44,014][ApicWS10][INFO] loading settings from \\apicnas\Produktion\Pipeline\Apic_Maya_Pipeline\Python\render_vault\settings\config.json
[2023-09-26 17:16:44,356][ApicWS10][INFO] updated settings manager values.
[2023-09-26 17:16:44,362][ApicWS10][INFO] saving settings to \\apicnas\Produktion\Pipeline\Apic_Maya_Pipeline\Python\render_vault\settings\config.json
[2023-09-26 17:16:44,367][ApicWS10][INFO] loading settings from \\apicnas\Produktion\Pipeline\Apic_Maya_Pipeline\Python\render_vault\settings\config.json
[2023-09-26 17:16:44,721][ApicWS10][INFO] updated settings manager values.
[2023-09-26 17:16:44,728][ApicWS10][INFO] saving settings to \\apicnas\Produktion\Pipeline\Apic_Maya_Pipeline\Python\render_vault\settings\config.json
[2023-09-26 17:16:44,732][ApicWS10][INFO] loading settings from \\apicnas\Produktion\Pipeline\Apic_Maya_Pipeline\Python\render_vault\settings\config.json
[2023-09-26 17:16:52,681][ApicWS10][INFO] updated settings manager values.
[2023-09-26 17:16:52,689][ApicWS10][INFO] saving settings to \\apicnas\Produktion\Pipeline\Apic_Maya_Pipeline\Python\render_vault\settings\config.json
[2023-09-26 17:16:52,700][ApicWS10][INFO] loading settings from \\apicnas\Produktion\Pipeline\Apic_Maya_Pipeline\Python\render_vault\settings\config.json
[2023-09-26 17:16:54,858][ApicWS10][INFO] updated settings manager values.
[2023-09-26 17:16:54,866][ApicWS10][INFO] saving settings to \\apicnas\Produktion\Pipeline\Apic_Maya_Pipeline\Python\render_vault\settings\config.json
[2023-09-26 17:16:54,875][ApicWS10][INFO] loading settings from \\apicnas\Produktion\Pipeline\Apic_Maya_Pipeline\Python\render_vault\settings\config.json
[2023-09-26 17:16:55,845][ApicWS10][INFO] updated settings manager values.
[2023-09-26 17:16:55,853][ApicWS10][INFO] saving settings to \\apicnas\Produktion\Pipeline\Apic_Maya_Pipeline\Python\render_vault\settings\config.json
[2023-09-26 17:16:55,863][ApicWS10][INFO] loading settings from \\apicnas\Produktion\Pipeline\Apic_Maya_Pipeline\Python\render_vault\settings\config.json
[2023-09-26 17:16:56,537][ApicWS10][INFO] updated settings manager values.
[2023-09-26 17:16:56,545][ApicWS10][INFO] saving settings to \\apicnas\Produktion\Pipeline\Apic_Maya_Pipeline\Python\render_vault\settings\config.json
[2023-09-26 17:16:56,554][ApicWS10][INFO] loading settings from \\apicnas\Produktion\Pipeline\Apic_Maya_Pipeline\Python\render_vault\settings\config.json
[2023-09-26 17:16:57,139][ApicWS10][INFO] updated settings manager values.
[2023-09-26 17:16:57,147][ApicWS10][INFO] saving settings to \\apicnas\Produktion\Pipeline\Apic_Maya_Pipeline\Python\render_vault\settings\config.json
[2023-09-26 17:16:57,157][ApicWS10][INFO] loading settings from \\apicnas\Produktion\Pipeline\Apic_Maya_Pipeline\Python\render_vault\settings\config.json
[2023-09-26 17:16:57,792][ApicWS10][INFO] updated settings manager values.
[2023-09-26 17:16:57,800][ApicWS10][INFO] saving settings to \\apicnas\Produktion\Pipeline\Apic_Maya_Pipeline\Python\render_vault\settings\config.json
[2023-09-26 17:16:57,810][ApicWS10][INFO] loading settings from \\apicnas\Produktion\Pipeline\Apic_Maya_Pipeline\Python\render_vault\settings\config.json
[2023-09-26 17:16:59,241][ApicWS10][INFO] updated settings manager values.
[2023-09-26 17:16:59,249][ApicWS10][INFO] saving settings to \\apicnas\Produktion\Pipeline\Apic_Maya_Pipeline\Python\render_vault\settings\config.json
[2023-09-26 17:16:59,258][ApicWS10][INFO] loading settings from \\apicnas\Produktion\Pipeline\Apic_Maya_Pipeline\Python\render_vault\settings\config.json
[2023-09-26 17:18:55,208][ApicWS10][INFO] updated settings manager values.
[2023-09-26 17:18:55,217][ApicWS10][INFO] saving settings to \\apicnas\Produktion\Pipeline\Apic_Maya_Pipeline\Python\render_vault\settings\config.json
[2023-09-26 17:18:57,121][ApicWS10][INFO] starting Render Vault...
[2023-09-26 17:18:57,162][ApicWS10][INFO] loading settings from \\apicnas\Produktion\Pipeline\Apic_Maya_Pipeline\Python\render_vault\settings\config.json
[2023-09-26 17:18:59,324][ApicWS10][INFO] updated settings manager values.
[2023-09-26 17:18:59,332][ApicWS10][INFO] saving settings to \\apicnas\Produktion\Pipeline\Apic_Maya_Pipeline\Python\render_vault\settings\config.json
[2023-09-26 17:18:59,336][ApicWS10][INFO] loading settings from \\apicnas\Produktion\Pipeline\Apic_Maya_Pipeline\Python\render_vault\settings\config.json
[2023-09-26 17:19:00,198][ApicWS10][INFO] updated settings manager values.
[2023-09-26 17:19:00,205][ApicWS10][INFO] saving settings to \\apicnas\Produktion\Pipeline\Apic_Maya_Pipeline\Python\render_vault\settings\config.json
[2023-09-26 17:19:00,209][ApicWS10][INFO] loading settings from \\apicnas\Produktion\Pipeline\Apic_Maya_Pipeline\Python\render_vault\settings\config.json
[2023-09-26 17:19:06,981][ApicWS10][INFO] updated settings manager values.
[2023-09-26 17:19:06,989][ApicWS10][INFO] saving settings to \\apicnas\Produktion\Pipeline\Apic_Maya_Pipeline\Python\render_vault\settings\config.json
[2023-09-26 17:19:06,998][ApicWS10][INFO] loading settings from \\apicnas\Produktion\Pipeline\Apic_Maya_Pipeline\Python\render_vault\settings\config.json
[2023-09-26 17:19:07,703][ApicWS10][INFO] updated settings manager values.
[2023-09-26 17:19:07,710][ApicWS10][INFO] saving settings to \\apicnas\Produktion\Pipeline\Apic_Maya_Pipeline\Python\render_vault\settings\config.json
[2023-09-26 17:19:07,713][ApicWS10][INFO] loading settings from \\apicnas\Produktion\Pipeline\Apic_Maya_Pipeline\Python\render_vault\settings\config.json
[2023-09-26 17:19:07,916][ApicWS10][INFO] updated settings manager values.
[2023-09-26 17:19:07,920][ApicWS10][INFO] saving settings to \\apicnas\Produktion\Pipeline\Apic_Maya_Pipeline\Python\render_vault\settings\config.json
[2023-09-26 17:19:07,923][ApicWS10][INFO] loading settings from \\apicnas\Produktion\Pipeline\Apic_Maya_Pipeline\Python\render_vault\settings\config.json
[2023-09-26 17:19:08,944][ApicWS10][INFO] updated settings manager values.
[2023-09-26 17:19:08,951][ApicWS10][INFO] saving settings to \\apicnas\Produktion\Pipeline\Apic_Maya_Pipeline\Python\render_vault\settings\config.json
[2023-09-26 17:19:08,954][ApicWS10][INFO] loading settings from \\apicnas\Produktion\Pipeline\Apic_Maya_Pipeline\Python\render_vault\settings\config.json
[2023-09-26 17:19:09,953][ApicWS08][INFO] starting Render Vault...
[2023-09-26 17:19:10,057][ApicWS08][INFO] loading settings from \\APICNAS\Produktion\Pipeline\Apic_Maya_Pipeline\Python\render_vault\settings\config.json
[2023-09-26 17:19:09,537][ApicWS10][INFO] updated settings manager values.
[2023-09-26 17:19:09,545][ApicWS10][INFO] saving settings to \\apicnas\Produktion\Pipeline\Apic_Maya_Pipeline\Python\render_vault\settings\config.json
[2023-09-26 17:19:09,548][ApicWS10][INFO] loading settings from \\apicnas\Produktion\Pipeline\Apic_Maya_Pipeline\Python\render_vault\settings\config.json
[2023-09-26 17:19:10,206][ApicWS10][INFO] updated settings manager values.
[2023-09-26 17:19:10,214][ApicWS10][INFO] saving settings to \\apicnas\Produktion\Pipeline\Apic_Maya_Pipeline\Python\render_vault\settings\config.json
[2023-09-26 17:19:10,218][ApicWS10][INFO] loading settings from \\apicnas\Produktion\Pipeline\Apic_Maya_Pipeline\Python\render_vault\settings\config.json
[2023-09-26 17:19:11,008][ApicWS10][INFO] updated settings manager values.
[2023-09-26 17:19:11,015][ApicWS10][INFO] saving settings to \\apicnas\Produktion\Pipeline\Apic_Maya_Pipeline\Python\render_vault\settings\config.json
[2023-09-26 17:19:11,018][ApicWS10][INFO] loading settings from \\apicnas\Produktion\Pipeline\Apic_Maya_Pipeline\Python\render_vault\settings\config.json
[2023-09-26 17:19:11,795][ApicWS10][INFO] updated settings manager values.
[2023-09-26 17:19:11,803][ApicWS10][INFO] saving settings to \\apicnas\Produktion\Pipeline\Apic_Maya_Pipeline\Python\render_vault\settings\config.json
[2023-09-26 17:19:11,807][ApicWS10][INFO] loading settings from \\apicnas\Produktion\Pipeline\Apic_Maya_Pipeline\Python\render_vault\settings\config.json
[2023-09-26 17:19:12,198][ApicWS10][INFO] updated settings manager values.
[2023-09-26 17:19:12,206][ApicWS10][INFO] saving settings to \\apicnas\Produktion\Pipeline\Apic_Maya_Pipeline\Python\render_vault\settings\config.json
[2023-09-26 17:19:12,210][ApicWS10][INFO] loading settings from \\apicnas\Produktion\Pipeline\Apic_Maya_Pipeline\Python\render_vault\settings\config.json
[2023-09-26 17:19:57,775][ApicWS08][INFO] updated settings manager values.
[2023-09-26 17:19:57,778][ApicWS08][INFO] saving settings to \\APICNAS\Produktion\Pipeline\Apic_Maya_Pipeline\Python\render_vault\settings\config.json
[2023-09-26 17:21:05,312][ApicWS10][INFO] updated settings manager values.
[2023-09-26 17:21:05,321][ApicWS10][INFO] saving settings to \\apicnas\Produktion\Pipeline\Apic_Maya_Pipeline\Python\render_vault\settings\config.json
[2023-09-26 17:21:27,551][ApicWS10][INFO] starting Render Vault...
[2023-09-26 17:22:22,429][ApicWS10][INFO] starting Render Vault...
[2023-09-26 17:22:22,483][ApicWS10][INFO] loading settings from \\apicnas\Produktion\Pipeline\Apic_Maya_Pipeline\Python\render_vault\settings\config.json
[2023-09-26 17:22:25,129][ApicWS10][INFO] updated settings manager values.
[2023-09-26 17:22:25,138][ApicWS10][INFO] saving settings to \\apicnas\Produktion\Pipeline\Apic_Maya_Pipeline\Python\render_vault\settings\config.json
[2023-09-26 17:22:25,141][ApicWS10][INFO] loading settings from \\apicnas\Produktion\Pipeline\Apic_Maya_Pipeline\Python\render_vault\settings\config.json
[2023-09-26 17:22:25,768][ApicWS10][INFO] updated settings manager values.
[2023-09-26 17:22:25,776][ApicWS10][INFO] saving settings to \\apicnas\Produktion\Pipeline\Apic_Maya_Pipeline\Python\render_vault\settings\config.json
[2023-09-26 17:22:25,779][ApicWS10][INFO] loading settings from \\apicnas\Produktion\Pipeline\Apic_Maya_Pipeline\Python\render_vault\settings\config.json
[2023-09-26 17:22:26,492][ApicWS10][INFO] updated settings manager values.
[2023-09-26 17:22:26,500][ApicWS10][INFO] saving settings to \\apicnas\Produktion\Pipeline\Apic_Maya_Pipeline\Python\render_vault\settings\config.json
[2023-09-26 17:22:26,503][ApicWS10][INFO] loading settings from \\apicnas\Produktion\Pipeline\Apic_Maya_Pipeline\Python\render_vault\settings\config.json
[2023-09-26 17:22:38,752][ApicWS10][INFO] updated settings manager values.
[2023-09-26 17:22:38,759][ApicWS10][INFO] saving settings to \\apicnas\Produktion\Pipeline\Apic_Maya_Pipeline\Python\render_vault\settings\config.json
[2023-09-26 17:22:38,769][ApicWS10][INFO] loading settings from \\apicnas\Produktion\Pipeline\Apic_Maya_Pipeline\Python\render_vault\settings\config.json
[2023-09-26 17:22:40,516][ApicWS10][INFO] updated settings manager values.
[2023-09-26 17:22:40,524][ApicWS10][INFO] saving settings to \\apicnas\Produktion\Pipeline\Apic_Maya_Pipeline\Python\render_vault\settings\config.json
[2023-09-26 17:22:42,433][ApicWS10][INFO] starting Render Vault...
[2023-09-26 17:22:42,466][ApicWS10][INFO] loading settings from \\apicnas\Produktion\Pipeline\Apic_Maya_Pipeline\Python\render_vault\settings\config.json
[2023-09-26 17:22:47,615][ApicWS10][INFO] updated settings manager values.
[2023-09-26 17:22:47,623][ApicWS10][INFO] saving settings to \\apicnas\Produktion\Pipeline\Apic_Maya_Pipeline\Python\render_vault\settings\config.json
[2023-09-26 17:41:31,037][ApicWS08][INFO] starting Render Vault...
[2023-09-26 17:41:31,121][ApicWS08][INFO] loading settings from \\APICNAS\Produktion\Pipeline\Apic_Maya_Pipeline\Python\render_vault\settings\config.json
[2023-09-26 17:42:29,214][ApicWS08][INFO] exported Hexagon_mtl to //apicnas/Produktion/Projekte/_CLIENT_Lib/BOSCH/400_3D/440_shader\MaterialPool\Materials
[2023-09-26 17:42:39,993][ApicWS08][INFO] initializing maya standalone...
[2023-09-26 17:42:57,935][ApicWS08][INFO] loaded render scene: \\APICNAS\Produktion\Ressources\Library\3D_Modelle\_ShaderBall_Maya\_DEV\MaterialDev_REF_ACES.mb
[2023-09-26 17:43:04,637][ApicWS08][INFO] imported \\apicnas\Produktion\Projekte\_CLIENT_Lib\BOSCH\400_3D\440_shader\MaterialPool\Materials\Hexagon_mtl.mb
[2023-09-26 17:43:04,639][ApicWS08][INFO] set v-ray as active renderer
[2023-09-26 17:43:04,640][ApicWS08][INFO] set v-ray render settings
[2023-09-26 17:43:04,642][ApicWS08][INFO] set image output path: \\apicnas\Produktion\Projekte\_CLIENT_Lib\BOSCH\400_3D\440_shader\MaterialPool\Thumbnails
[2023-09-26 17:43:04,644][ApicWS08][INFO] assigned Hexagon_mtl to ShaderBall
[2023-09-26 17:43:18,439][ApicWS08][INFO] finished rendering Hexagon_mtl
[2023-09-26 17:43:18,441][ApicWS08][INFO] uninitializing maya standalone...
[2023-09-26 17:43:47,288][ApicWS08][INFO] imported material Hexagon_mtl
[2023-09-26 18:21:29,772][ApicWS06][INFO] starting Render Vault...
[2023-09-26 18:21:29,818][ApicWS06][INFO] loading settings from \\APICNAS\Produktion\Pipeline\Apic_Maya_Pipeline\Python\render_vault\settings\config.json
