[2023-08-21 16:46:36,777][ApicWS10][INFO] starting Render Vault...
[2023-08-21 16:46:55,474][ApicWS10][WARNING] can't create folder, path: C:/Users/TheApic/Desktop\MaterialPool already exists
[2023-08-21 16:46:55,483][ApicWS10][WARNING] can't create folder, path: C:/Users/TheApic/Desktop\MaterialPool\Materials already exists
[2023-08-21 16:46:55,485][ApicWS10][WARNING] can't create folder, path: C:/Users/TheApic/Desktop\MaterialPool\Textures already exists
[2023-08-21 16:46:55,486][ApicWS10][WARNING] can't create folder, path: C:/Users/TheApic/Desktop\MaterialPool\Thumbnails already exists
[2023-08-21 16:46:55,488][ApicWS10][INFO] created new material pool in C:/Users/TheApic/Desktop
[2023-08-21 16:47:07,042][ApicWS10][WARNING] can't create folder, path: C:/Users/TheApic/Desktop/Test\MaterialPool already exists
[2023-08-21 16:47:07,048][ApicWS10][WARNING] can't create folder, path: C:/Users/TheApic/Desktop/Test\MaterialPool\Materials already exists
[2023-08-21 16:47:07,049][ApicWS10][WARNING] can't create folder, path: C:/Users/TheApic/Desktop/Test\MaterialPool\Textures already exists
[2023-08-21 16:47:07,050][ApicWS10][WARNING] can't create folder, path: C:/Users/TheApic/Desktop/Test\MaterialPool\Thumbnails already exists
[2023-08-21 16:47:07,051][ApicWS10][INFO] created new material pool in C:/Users/TheApic/Desktop/Test
[2023-08-21 16:47:20,830][ApicWS10][WARNING] can't create folder, path: C:/Users/TheApic/Desktop\ModelPool already exists
[2023-08-21 16:47:20,836][ApicWS10][WARNING] can't create folder, path: C:/Users/TheApic/Desktop\ModelPool\Models already exists
[2023-08-21 16:47:20,838][ApicWS10][WARNING] can't create folder, path: C:/Users/TheApic/Desktop\ModelPool\Textures already exists
[2023-08-21 16:47:20,840][ApicWS10][WARNING] can't create folder, path: C:/Users/TheApic/Desktop\ModelPool\Thumbnails already exists
[2023-08-21 16:47:20,841][ApicWS10][INFO] created new model pool in C:/Users/TheApic/Desktop
[2023-08-21 16:47:32,141][ApicWS10][WARNING] can't create folder, path: C:/Users/TheApic/Desktop\HDRIPool already exists
[2023-08-21 16:47:32,147][ApicWS10][WARNING] can't create folder, path: C:/Users/TheApic/Desktop\HDRIPool\HDRIs already exists
[2023-08-21 16:47:32,148][ApicWS10][WARNING] can't create folder, path: C:/Users/TheApic/Desktop\HDRIPool\Thumbnails already exists
[2023-08-21 16:47:32,150][ApicWS10][INFO] created new hdri pool in C:/Users/TheApic/Desktop
[2023-08-21 16:48:55,481][ApicWS10][INFO] saving settings to \\apicnas\Produktion\Pipeline\Apic_Maya_Pipeline\Python\render_vault\settings\config.json
[2023-08-21 16:48:58,082][ApicWS10][INFO] starting Render Vault...
[2023-08-21 16:49:18,959][ApicWS10][INFO] saving settings to \\apicnas\Produktion\Pipeline\Apic_Maya_Pipeline\Python\render_vault\settings\config.json
[2023-08-21 16:49:30,389][ApicWS10][INFO] saving settings to \\apicnas\Produktion\Pipeline\Apic_Maya_Pipeline\Python\render_vault\settings\config.json
[2023-08-21 16:51:41,972][ApicWS10][INFO] starting Render Vault...
[2023-08-21 16:54:31,434][ApicWS10][INFO] starting Render Vault...
[2023-08-21 17:08:37,911][ApicWS10][INFO] saving settings to \\apicnas\Produktion\Pipeline\Apic_Maya_Pipeline\Python\render_vault\settings\config.json
[2023-08-21 17:08:40,622][ApicWS10][INFO] starting Render Vault...
[2023-08-21 17:08:52,398][ApicWS10][INFO] saving settings to \\apicnas\Produktion\Pipeline\Apic_Maya_Pipeline\Python\render_vault\settings\config.json
[2023-08-21 17:09:01,801][ApicWS10][INFO] saving settings to \\apicnas\Produktion\Pipeline\Apic_Maya_Pipeline\Python\render_vault\settings\config.json
[2023-08-21 17:10:50,249][ApicWS10][INFO] starting Render Vault...
[2023-08-21 17:12:07,675][ApicWS10][INFO] starting Render Vault...
[2023-08-21 17:12:47,857][ApicWS10][INFO] starting Render Vault...
[2023-08-21 17:13:03,599][ApicWS10][INFO] starting Render Vault...
[2023-08-21 17:13:47,161][ApicWS10][INFO] starting Render Vault...
[2023-08-21 17:41:24,276][ApicWS10][INFO] starting Render Vault...
[2023-08-21 17:41:48,521][ApicWS10][INFO] starting Render Vault...
[2023-08-21 17:43:14,493][ApicWS10][INFO] starting Render Vault...
[2023-08-21 17:43:14,544][ApicWS10][INFO] loading settings from \\apicnas\Produktion\Pipeline\Apic_Maya_Pipeline\Python\render_vault\settings\config.json
[2023-08-21 17:43:23,156][ApicWS10][INFO] updated settings manager values.
[2023-08-21 17:43:23,167][ApicWS10][INFO] saving settings to \\apicnas\Produktion\Pipeline\Apic_Maya_Pipeline\Python\render_vault\settings\config.json
[2023-08-21 17:43:23,176][ApicWS10][INFO] loading settings from \\apicnas\Produktion\Pipeline\Apic_Maya_Pipeline\Python\render_vault\settings\config.json
[2023-08-21 17:44:19,887][ApicWS10][INFO] updated settings manager values.
[2023-08-21 17:44:19,898][ApicWS10][INFO] saving settings to \\apicnas\Produktion\Pipeline\Apic_Maya_Pipeline\Python\render_vault\settings\config.json
[2023-08-21 17:44:22,114][ApicWS10][INFO] starting Render Vault...
[2023-08-21 17:44:22,165][ApicWS10][INFO] loading settings from \\apicnas\Produktion\Pipeline\Apic_Maya_Pipeline\Python\render_vault\settings\config.json
[2023-08-21 17:44:26,165][ApicWS10][INFO] updated settings manager values.
[2023-08-21 17:44:26,173][ApicWS10][INFO] saving settings to \\apicnas\Produktion\Pipeline\Apic_Maya_Pipeline\Python\render_vault\settings\config.json
