[2023-08-15 10:54:04,137][ApicWS10][INFO] starting Render Vault...
[2023-08-15 10:54:13,702][ApicWS10][INFO] deleted C:\Users\TheApic\Desktop\MaterialPool\Materials\ulu.mb
[2023-08-15 10:54:20,722][ApicWS10][INFO] initializing maya standalone...
[2023-08-15 10:54:44,721][ApicWS10][INFO] loaded render scene: W:\Ressources\Library\3D_Modelle\_ShaderBall_Maya\_DEV\MaterialDev_REF_ACES.mb
[2023-08-15 10:54:44,752][ApicWS10][INFO] imported C:\Users\TheApic\Desktop\MaterialPool\Materials\test.mb
[2023-08-15 10:54:44,753][ApicWS10][INFO] set v-ray as active renderer
[2023-08-15 10:54:44,754][ApicWS10][INFO] set v-ray render settings
[2023-08-15 10:54:44,755][ApicWS10][INFO] set image output path: C:\Users\TheApic\Desktop\MaterialPool\Thumbnails
[2023-08-15 10:54:44,758][ApicWS10][INFO] assigned test to ShaderBall
[2023-08-15 10:55:06,776][ApicWS10][INFO] finished rendering test
[2023-08-15 10:55:06,777][ApicWS10][INFO] uninitializing maya standalone...
[2023-08-15 10:56:21,121][ApicWS10][INFO] saving settings to \\apicnas\Produktion\Pipeline\Apic_Maya_Pipeline\Python\render_vault\settings\config.json
[2023-08-15 10:57:03,583][ApicWS10][INFO] starting Render Vault...
[2023-08-15 10:57:18,119][ApicWS10][INFO] saving settings to \\apicnas\Produktion\Pipeline\Apic_Maya_Pipeline\Python\render_vault\settings\config.json
[2023-08-15 10:57:30,935][ApicWS10][INFO] starting Render Vault...
[2023-08-15 10:57:36,419][ApicWS10][INFO] saving settings to \\apicnas\Produktion\Pipeline\Apic_Maya_Pipeline\Python\render_vault\settings\config.json
[2023-08-15 10:57:49,467][ApicWS10][INFO] starting Render Vault...
[2023-08-15 10:59:45,968][ApicWS10][INFO] saving settings to \\apicnas\Produktion\Pipeline\Apic_Maya_Pipeline\Python\render_vault\settings\config.json
[2023-08-15 10:59:47,958][ApicWS10][INFO] starting Render Vault...
[2023-08-15 10:59:58,369][ApicWS10][INFO] saving settings to \\apicnas\Produktion\Pipeline\Apic_Maya_Pipeline\Python\render_vault\settings\config.json
[2023-08-15 11:02:02,415][ApicWS10][INFO] starting Render Vault...
[2023-08-15 11:02:20,599][ApicWS10][INFO] saving settings to \\apicnas\Produktion\Pipeline\Apic_Maya_Pipeline\Python\render_vault\settings\config.json
[2023-08-15 11:02:23,089][ApicWS10][INFO] starting Render Vault...
[2023-08-15 11:03:49,023][ApicWS10][INFO] saving settings to \\apicnas\Produktion\Pipeline\Apic_Maya_Pipeline\Python\render_vault\settings\config.json
[2023-08-15 11:37:22,175][ApicWS10][INFO] starting Render Vault...
[2023-08-15 11:38:44,759][ApicWS10][INFO] initializing maya standalone...
[2023-08-15 11:38:58,684][ApicWS10][INFO] loaded render scene: W:\Ressources\Library\3D_Modelle\_ShaderBall_Maya\_DEV\MaterialDev_REF_ACES.mb
[2023-08-15 11:38:58,699][ApicWS10][INFO] imported C:\Users\TheApic\Desktop\MaterialPool\Materials\test.mb
[2023-08-15 11:38:58,699][ApicWS10][INFO] set v-ray as active renderer
[2023-08-15 11:38:58,700][ApicWS10][INFO] set v-ray render settings
[2023-08-15 11:38:58,701][ApicWS10][INFO] set image output path: C:\Users\TheApic\Desktop\MaterialPool\Thumbnails
[2023-08-15 11:38:58,702][ApicWS10][INFO] assigned test to ShaderBall
[2023-08-15 11:39:07,185][ApicWS10][INFO] finished rendering test
[2023-08-15 11:39:07,186][ApicWS10][INFO] uninitializing maya standalone...
[2023-08-15 11:39:29,045][ApicWS10][INFO] saving settings to \\apicnas\Produktion\Pipeline\Apic_Maya_Pipeline\Python\render_vault\settings\config.json
[2023-08-15 17:26:54,001][ApicWS10][INFO] starting Render Vault...
[2023-08-15 17:27:28,611][ApicWS10][INFO] Saved Scrrenshot in C:\Users\TheApic\Desktop\ModelPool\Thumbnails\Gehäuse_low_res.png
[2023-08-15 18:29:39,361][ApicWS10][INFO] saving settings to \\apicnas\Produktion\Pipeline\Apic_Maya_Pipeline\Python\render_vault\settings\config.json
